Log file open, 06/17/17 16:54:40
LogInit:Display: Running engine for game: SteamProject
LogPlatformFile: Not using cached read wrapper
LogInit:Display: RandInit(2000388232) SRandInit(2000388232).
LogTaskGraph: Started task graph with 5 named threads and 8 total threads with 1 sets of task threads.
LogStats: Stats thread started at 0.088163
LogInit: Using libcurl 7.47.1
LogInit:  - built for x86_64-pc-win32
LogInit:  - supports SSL with OpenSSL/1.0.2g
LogInit:  - supports HTTP deflate (compression) using libz 1.2.8
LogInit:  - other features:
LogInit:      CURL_VERSION_SSL
LogInit:      CURL_VERSION_LIBZ
LogInit:      CURL_VERSION_IPV6
LogInit:      CURL_VERSION_ASYNCHDNS
LogInit:      CURL_VERSION_LARGEFILE
LogInit:      CURL_VERSION_IDN
LogInit:  CurlRequestOptions (configurable via config and command line):
LogInit:  - bVerifyPeer = false  - Libcurl will NOT verify peer certificate
LogInit:  - bUseHttpProxy = false  - Libcurl will NOT use HTTP proxy
LogInit:  - bDontReuseConnections = false  - Libcurl will reuse connections
LogInit:  - CertBundlePath = nullptr  - Libcurl will use whatever was configured at build time.
LogModuleManager:Warning: No filename provided for module OnlineSubsystemSteam
LogModuleManager:Warning: ModuleManager: Unable to load module 'OnlineSubsystemSteam' because the file 'C:/Program Files/Epic Games/UE_4.15/Engine/Binaries/Win64/' was not found.
LogInit: WinSock: version 1.1 (2.2), MaxSocks=32767, MaxUdp=65467
LogInit: Build: ++UE4+Release-4.15-CL-3450819
LogInit: Engine Version: 4.15.3-3450819+++UE4+Release-4.15
LogInit: Compatible Engine Version: 4.15.0-3299760+++UE4+Release-4.15
LogInit: Net CL: 3299760
LogDevObjectVersion: Number of dev versions registered: 14
LogDevObjectVersion:   Dev-Blueprints (B0D832E4-1F89-4F0D-ACCF-7EB736FD4AA2): 8
LogDevObjectVersion:   Dev-Build (E1C64328-A22C-4D53-A36C-8E866417BD8C): 0
LogDevObjectVersion:   Dev-Core (375EC13C-06E4-48FB-B500-84F0262A717E): 2
LogDevObjectVersion:   Dev-Editor (E4B068ED-F494-42E9-A231-DA0B2E46BB41): 14
LogDevObjectVersion:   Dev-Framework (CFFC743F-43B0-4480-9391-14DF171D2073): 22
LogDevObjectVersion:   Dev-Mobile (B02B49B5-BB20-44E9-A304-32B752E40360): 0
LogDevObjectVersion:   Dev-Networking (A4E4105C-59A1-49B5-A7C5-40C4547EDFEE): 0
LogDevObjectVersion:   Dev-Online (39C831C9-5AE6-47DC-9A44-9C173E1C8E7C): 0
LogDevObjectVersion:   Dev-Physics (78F01B33-EBEA-4F98-B9B4-84EACCB95AA2): 0
LogDevObjectVersion:   Dev-Platform (6631380F-2D4D-43E0-8009-CF276956A95A): 0
LogDevObjectVersion:   Dev-Rendering (12F88B9F-8875-4AFC-A67C-D90C383ABD29): 12
LogDevObjectVersion:   Dev-Sequencer (7B5AE74C-D270-4C10-A958-57980B212A5A): 3
LogDevObjectVersion:   Dev-VR (D7296918-1DD6-4BDD-9DE2-64A83CC13884): 0
LogDevObjectVersion:   Dev-LoadTimes (C2A15278-BFE7-4AFE-6C17-90FF531DF755): 1
LogInit: Compiled (64-bit): May 21 2017 11:02:34
LogInit: Compiled with Visual C++: 19.00.23026.00
LogInit: Build Configuration: Development
LogInit: Branch Name: ++UE4+Release-4.15
LogInit: Command line: 
LogInit: Base directory: C:/Program Files/Epic Games/UE_4.15/Engine/Binaries/Win64/
LogInit: Installed Engine Build: 1
LogInit: Presizing for max 8388607 objects, including 0 objects not considered by GC, pre-allocating 0 bytes for permanent pool.
LogInit: Object subsystem initialized
[2017.06.17-21.54.41:317][  0]LogInit: Selected Device Profile: [Windows]
[2017.06.17-21.54.41:317][  0]LogInit: Applying CVar settings loaded from the selected device profile: [Windows]
[2017.06.17-21.54.41:333][  0]LogInit: Computer: LAPTOP-RAOCS8F3
[2017.06.17-21.54.41:333][  0]LogInit: User: koru
[2017.06.17-21.54.41:333][  0]LogInit: CPU Page size=65536, Cores=4
[2017.06.17-21.54.41:333][  0]LogInit: High frequency timer resolution =2.531254 MHz
[2017.06.17-21.54.41:334][  0]LogMemory: Memory total: Physical=15.8GB (16GB approx)
[2017.06.17-21.54.41:334][  0]LogMemory: Platform Memory Stats for Windows
[2017.06.17-21.54.41:334][  0]LogMemory: Process Physical Memory: 264.86 MB used, 264.86 MB peak
[2017.06.17-21.54.41:334][  0]LogMemory: Process Virtual Memory: 262.94 MB used, 262.94 MB peak
[2017.06.17-21.54.41:334][  0]LogMemory: Physical Memory: 4574.62 MB used,  11637.16 MB free, 16211.78 MB total
[2017.06.17-21.54.41:334][  0]LogMemory: Virtual Memory: 647.25 MB used,  11637.16 MB free, 134217728.00 MB total
[2017.06.17-21.54.41:419][  0]LogTextLocalizationManager: No specific translations for ('es-PE') exist, so ('es') translations will be used.
[2017.06.17-21.54.43:583][  0]LogD3D11RHI: D3D11 adapters:
[2017.06.17-21.54.44:456][  0]LogD3D11RHI:    0. 'NVIDIA GeForce GTX 960M' (Feature Level 11_0)
[2017.06.17-21.54.44:456][  0]LogD3D11RHI:       4064/0/8105 MB DedicatedVideo/DedicatedSystem/SharedSystem, Outputs:1, VendorId:0x10de
[2017.06.17-21.54.44:465][  0]LogD3D11RHI:    1. 'Intel(R) HD Graphics 530' (Feature Level 11_0)
[2017.06.17-21.54.44:465][  0]LogD3D11RHI:       128/0/8105 MB DedicatedVideo/DedicatedSystem/SharedSystem, Outputs:0, VendorId:0x8086
[2017.06.17-21.54.44:466][  0]LogD3D11RHI:    2. 'Microsoft Basic Render Driver' (Feature Level 11_0)
[2017.06.17-21.54.44:466][  0]LogD3D11RHI:       0/0/8105 MB DedicatedVideo/DedicatedSystem/SharedSystem, Outputs:0, VendorId:0x1414
[2017.06.17-21.54.44:466][  0]LogD3D11RHI: Chosen D3D11 Adapter: 0
[2017.06.17-21.54.44:470][  0]LogD3D11RHI: Creating new Direct3DDevice
[2017.06.17-21.54.44:471][  0]LogD3D11RHI:     GPU DeviceId: 0x139b (for the marketing name, search the web for "GPU Device Id")
[2017.06.17-21.54.44:471][  0]LogWindows: EnumDisplayDevices:
[2017.06.17-21.54.44:471][  0]LogWindows:    0. 'Intel(R) HD Graphics 530' (P:1 D:1)
[2017.06.17-21.54.44:471][  0]LogWindows:    1. 'Intel(R) HD Graphics 530' (P:0 D:0)
[2017.06.17-21.54.44:471][  0]LogWindows:    2. 'Intel(R) HD Graphics 530' (P:0 D:0)
[2017.06.17-21.54.44:471][  0]LogWindows: DebugString: PrimaryIsNotTheChoosenAdapter PrimaryIsNotTheChoosenAdapter PrimaryIsNotTheChoosenAdapter FoundDriverCount:0 
[2017.06.17-21.54.44:471][  0]LogD3D11RHI:     Adapter Name: NVIDIA GeForce GTX 960M
[2017.06.17-21.54.44:471][  0]LogD3D11RHI:   Driver Version: Unknown (internal:Unknown, unified:Unknown)
[2017.06.17-21.54.44:471][  0]LogD3D11RHI:      Driver Date: Unknown
[2017.06.17-21.54.44:471][  0]LogRHI: Texture pool is 1361 MB (70% of 1945 MB)
[2017.06.17-21.54.45:035][  0]LogD3D11RHI: Async texture creation enabled
[2017.06.17-21.54.45:089][  0]LogD3D11RHI: GPU Timing Frequency: 1000.000000 (Debug: 2 1)
[2017.06.17-21.54.45:090][  0]LogShaderCompilers: Guid format shader working directory is -21 characters bigger than the processId version (../../../../../../Users/koru/Desktop/IHC/HCIProyecto/SteamProject/Intermediate/Shaders/WorkingDirectory/11476/).
[2017.06.17-21.54.45:090][  0]LogShaderCompilers: Cleaned the shader compiler working directory 'C:/Users/koru/AppData/Local/Temp/UnrealShaderWorkingDir/CAE6134746CD6429C3CCE5A1A6B27880/'.
[2017.06.17-21.54.45:090][  0]LogShaderCompilers:Display: Using Local Shader Compiler.
[2017.06.17-21.54.46:187][  0]LogTemp:Display: Loaded TP AllDesktopTargetPlatform
[2017.06.17-21.54.46:253][  0]LogTemp:Display: Loaded TP MacClientTargetPlatform
[2017.06.17-21.54.46:317][  0]LogTemp:Display: Loaded TP MacNoEditorTargetPlatform
[2017.06.17-21.54.46:376][  0]LogTemp:Display: Loaded TP MacServerTargetPlatform
[2017.06.17-21.54.46:435][  0]LogTemp:Display: Loaded TP MacTargetPlatform
[2017.06.17-21.54.46:490][  0]LogTemp:Display: Loaded TP WindowsClientTargetPlatform
[2017.06.17-21.54.46:550][  0]LogTemp:Display: Loaded TP WindowsNoEditorTargetPlatform
[2017.06.17-21.54.46:614][  0]LogTemp:Display: Loaded TP WindowsServerTargetPlatform
[2017.06.17-21.54.46:659][  0]LogTemp:Display: Loaded TP WindowsTargetPlatform
[2017.06.17-21.54.46:715][  0]LogTemp:Display: Loaded TP AndroidTargetPlatform
[2017.06.17-21.54.46:768][  0]LogTemp:Display: Loaded TP Android_ASTCTargetPlatform
[2017.06.17-21.54.46:823][  0]LogTemp:Display: Loaded TP Android_ATCTargetPlatform
[2017.06.17-21.54.46:886][  0]LogTemp:Display: Loaded TP Android_DXTTargetPlatform
[2017.06.17-21.54.46:947][  0]LogTemp:Display: Loaded TP Android_ETC1TargetPlatform
[2017.06.17-21.54.47:003][  0]LogTemp:Display: Loaded TP Android_ETC2TargetPlatform
[2017.06.17-21.54.47:124][  0]LogTemp:Display: Loaded TP Android_MultiTargetPlatform
[2017.06.17-21.54.47:124][  0]LogTemp:Display: Loaded TP Android_PVRTCTargetPlatform
[2017.06.17-21.54.47:166][  0]LogTemp:Display: Loaded TP HTML5TargetPlatform
[2017.06.17-21.54.47:270][  0]LogTemp:Display: Loaded TP IOSTargetPlatform
[2017.06.17-21.54.47:305][  0]LogTemp:Display: Loaded TP TVOSTargetPlatform
[2017.06.17-21.54.47:358][  0]LogTemp:Display: Loaded TP LinuxClientTargetPlatform
[2017.06.17-21.54.47:420][  0]LogTemp:Display: Loaded TP LinuxNoEditorTargetPlatform
[2017.06.17-21.54.47:474][  0]LogTemp:Display: Loaded TP LinuxServerTargetPlatform
[2017.06.17-21.54.47:533][  0]LogTemp:Display: Loaded TP LinuxTargetPlatform
[2017.06.17-21.54.47:533][  0]LogTargetPlatformManager:Display: Building Assets For Windows
[2017.06.17-21.54.47:977][  0]LogDerivedDataCache:Display: Max Cache Size: 512 MB
[2017.06.17-21.54.48:026][  0]LogDerivedDataCache: Loaded boot cache 0.05s 50MB C:/Users/koru/AppData/Local/UnrealEngine/4.15/DerivedDataCache/Boot.ddc.
[2017.06.17-21.54.48:026][  0]LogDerivedDataCache:Display: Loaded Boot cache: C:/Users/koru/AppData/Local/UnrealEngine/4.15/DerivedDataCache/Boot.ddc
[2017.06.17-21.54.48:026][  0]LogDerivedDataCache: FDerivedDataBackendGraph:  Pak pak cache file ../../../../../../Users/koru/Desktop/IHC/HCIProyecto/SteamProject/DerivedDataCache/DDC.ddp not found, will not use a pak cache.
[2017.06.17-21.54.48:026][  0]LogDerivedDataCache: Unable to find inner node Pak for hierarchical cache Hierarchy.
[2017.06.17-21.54.48:026][  0]LogDerivedDataCache: FDerivedDataBackendGraph:  CompressedPak pak cache file ../../../../../../Users/koru/Desktop/IHC/HCIProyecto/SteamProject/DerivedDataCache/Compressed.ddp not found, will not use a pak cache.
[2017.06.17-21.54.48:026][  0]LogDerivedDataCache: Unable to find inner node CompressedPak for hierarchical cache Hierarchy.
[2017.06.17-21.54.48:044][  0]LogDerivedDataCache:Display: Pak cache opened for reading ../../../Engine/DerivedDataCache/Compressed.ddp.
[2017.06.17-21.54.48:056][  0]LogDerivedDataCache: Using Local data cache path C:/Users/koru/AppData/Local/UnrealEngine/Common/DerivedDataCache: Writable
[2017.06.17-21.54.48:066][  0]LogSlate: Using Freetype 2.6.0
[2017.06.17-21.54.48:066][  0]LogSlate: SlateFontCache - WITH_FREETYPE: 1, WITH_HARFBUZZ: 1
[2017.06.17-21.54.48:066][  0]LogSlate: SlateFontCache - WITH_FREETYPE: 1, WITH_HARFBUZZ: 1
[2017.06.17-21.54.48:359][  0]LogInit: Selected Device Profile: [Windows]
[2017.06.17-21.54.48:362][  0]LogContentStreaming: Texture pool size is 0.00 MB
[2017.06.17-21.54.48:579][  0]LogMeshUtilities: Using QuadricMeshReduction for automatic static mesh reduction
[2017.06.17-21.54.48:626][  0]LogSimplygon: Simplygon DLL not present - disabling.
[2017.06.17-21.54.48:680][  0]LogMeshUtilities: Using SimplygonSwarm for distributed automatic mesh merging
[2017.06.17-21.54.48:680][  0]LogMeshUtilities: No automatic skeletal mesh reduction module available
[2017.06.17-21.54.48:680][  0]LogMeshUtilities: No automatic mesh merging module available
[2017.06.17-21.54.49:257][  0]LogNetVersion: GetLocalNetworkVersion: CL: 3299760, ProjectName: steamproject, ProjectVersion: , EngineNetworkVersion: 2, GameNetworkVersion: 0, NetworkChecksum: 3119142434
[2017.06.17-21.54.49:306][  0]LogAssetRegistry: FAssetRegistry took 0.0224 seconds to start up
[2017.06.17-21.54.49:368][  0]LogPackageLocalizationCache: Processed 3 localized package path(s) for 2 prioritized culture(s) in 0.036702 seconds
[2017.06.17-21.54.49:374][  0]LogUObjectArray: 32493 objects as part of root set at end of initial load.
[2017.06.17-21.54.49:374][  0]LogUObjectAllocator: 7077024 out of 0 bytes used by permanent object pool.
[2017.06.17-21.54.49:374][  0]LogUObjectArray: CloseDisregardForGC: 0/0 objects in disregard for GC pool
[2017.06.17-21.54.51:879][  0]LogTcpMessaging: Initializing TcpMessaging bridge
[2017.06.17-21.54.51:922][  0]LogUdpMessaging: Initializing bridge on interface 0.0.0.0:0 to multicast group 230.0.0.1:6666.
[2017.06.17-21.54.52:408][  0]LogMaterial: Uniform references updated for custom material expression Custom.
[2017.06.17-21.54.52:811][  0]SourceControl: Información El control de código fuente está desactivado
[2017.06.17-21.54.52:885][  0]SourceControl: Información El control de código fuente está desactivado
[2017.06.17-21.54.52:931][  0]SourceControl: Información El control de código fuente está desactivado
[2017.06.17-21.54.52:976][  0]SourceControl: Información El control de código fuente está desactivado
[2017.06.17-21.54.54:202][  0]LogEngine: Initializing Engine...
[2017.06.17-21.54.54:203][  0]LogHMD: Failed to initialize OpenVR with code 110
[2017.06.17-21.54.54:329][  0]LogStats: UGameplayTagsManager::ConstructGameplayTagTree: Construct from data asset -  0.000 s
[2017.06.17-21.54.54:329][  0]LogStats: UGameplayTagsManager::ConstructGameplayTagTree: GameplayTagTreeChangedEvent.Broadcast -  0.000 s
[2017.06.17-21.54.54:448][  0]LogAIModule: Creating AISystem for world Untitled
[2017.06.17-21.54.54:456][  0]LogInit: XAudio2 using 'Speakers (Realtek High Definition Audio)' : 2 channels at 48 kHz using 32 bits per sample (channel mask 0x3)
[2017.06.17-21.54.54:487][  0]LogInit: FAudioDevice initialized.
[2017.06.17-21.54.54:511][  0]LogDerivedDataCache: Saved boot cache 0.02s 50MB C:/Users/koru/AppData/Local/UnrealEngine/4.15/DerivedDataCache/Boot.ddc.
[2017.06.17-21.54.54:520][  0]LogInit: Texture streaming: Enabled
[2017.06.17-21.54.54:619][  0]LogEngineSessionManager: EngineSessionManager initialized
[2017.06.17-21.54.54:619][  0]LogEngineSessionManager: EngineSessionManager sent abnormal shutdown report. Type=Crashed, SessionId={8D00C45B-4E8D-CE81-AF1E-F3B609D97666}
[2017.06.17-21.54.54:709][  0]LogInit: Transaction tracking system initialized
[2017.06.17-21.54.55:066][  0]BlueprintLog: New page: Cargar el editor
[2017.06.17-21.54.55:984][  0]LocalizationService: Información Localization service is disabled
[2017.06.17-21.54.56:689][  0]LogConsoleResponse:Display: 
[2017.06.17-21.54.56:819][  0]LogCook:Display: Max memory allowance for cook 16384mb min free memory 0mb
[2017.06.17-21.54.56:819][  0]LogCook:Display: Mobile HDR setting 1
[2017.06.17-21.54.57:865][  0]LogFileCache: Scanning file cache for directory 'C:/Users/koru/Desktop/IHC/HCIProyecto/SteamProject/Content/' took 0.02s
[2017.06.17-21.54.57:911][  0]SourceControl: Información El control de código fuente está desactivado
[2017.06.17-21.54.57:912][  0]Cmd: MAP LOAD FILE="../../../../../../Users/koru/Desktop/IHC/HCIProyecto/SteamProject/Content/Maps/MainMenu.umap" TEMPLATE=0 SHOWPROGRESS=1 FEATURELEVEL=3
[2017.06.17-21.54.57:912][  0]LightingResults: New page: Diseñar la iluminación
[2017.06.17-21.54.57:954][  0]MapCheck: New page: Revisión del mapa
[2017.06.17-21.54.57:954][  0]LightingResults: New page: Diseñar la iluminación
[2017.06.17-21.54.58:689][  0]LogAIModule: Creating AISystem for world MainMenu
[2017.06.17-21.54.58:708][  0]LogEditorServer: Finished looking for orphan Actors (0.000 secs)
[2017.06.17-21.54.58:709][  0]Cmd: MAP CHECKDEP NOCLEARLOG
[2017.06.17-21.54.58:749][  0]MapCheck: Información Map check complete: 0 Error(s), 0 Warning(s), took 40.884ms to complete.
[2017.06.17-21.54.58:750][  0]LogFileHelpers: Loading map 'MainMenu' took 0.838
[2017.06.17-21.54.58:814][  0]LogWindowsTextInputMethodSystem:Display: IME system now deactivated.
[2017.06.17-21.54.58:814][  0]LogWindowsTextInputMethodSystem:Display: IME system now deactivated.
[2017.06.17-21.54.58:973][  0]LogCollectionManager: Loaded 0 collections in 0.001403 seconds
[2017.06.17-21.54.59:054][  0]LogFileCache: Scanning file cache for directory 'C:/Users/koru/Desktop/IHC/HCIProyecto/SteamProject/Saved/Collections/' took 0.01s
[2017.06.17-21.54.59:054][  0]LogFileCache: Scanning file cache for directory 'C:/Users/koru/Desktop/IHC/HCIProyecto/SteamProject/Content/Developers/koru/Collections/' took 0.01s
[2017.06.17-21.54.59:054][  0]LogFileCache: Scanning file cache for directory 'C:/Users/koru/Desktop/IHC/HCIProyecto/SteamProject/Content/Collections/' took 0.01s
[2017.06.17-21.54.59:054][  0]LogCollectionManager: Rebuilt the GUID cache for 0 collections in 0.000002 seconds
[2017.06.17-21.54.59:064][  0]LogContentBrowser: Native class hierarchy populated in 0.0102 seconds. Added 2245 classes and 453 folders.
[2017.06.17-21.54.59:133][  0]LogContentBrowser: Native class hierarchy updated for 'WidgetCarousel' in 0.0007 seconds. Added 0 classes and 0 folders.
[2017.06.17-21.54.59:424][  0]LogContentBrowser: Native class hierarchy updated for 'AddContentDialog' in 0.0005 seconds. Added 0 classes and 0 folders.
[2017.06.17-21.54.59:471][  0]LogContentBrowser: Native class hierarchy updated for 'SceneOutliner' in 0.0005 seconds. Added 1 classes and 2 folders.
[2017.06.17-21.54.59:521][  0]LogCrashTracker: Crashtracker disabled due to settings.
[2017.06.17-21.54.59:531][  0]LogUObjectGlobals:Warning: Error al encontrar el objeto 'Class Ninguno.'
[2017.06.17-21.54.59:598][  0]LogContentBrowser: Native class hierarchy updated for 'HierarchicalLODOutliner' in 0.0005 seconds. Added 1 classes and 2 folders.
[2017.06.17-21.54.59:599][  0]LogLoad: (Engine Initialization) Total time: 20.43 seconds
[2017.06.17-21.54.59:599][  0]LogLoad: (Engine Initialization) Total Blueprint compile time: 0.40 seconds
[2017.06.17-21.54.59:599][  0]LogExternalProfiler: Found external profiler: VSPerf
[2017.06.17-21.54.59:599][  0]LogExternalProfiler: Using external profiler: VSPerf
[2017.06.17-21.54.59:610][  0]LogOcInput: OculusInput pre-init called
[2017.06.17-21.54.59:643][  0]LogContentStreaming: Texture pool size now 1000 MB
[2017.06.17-21.54.59:644][  0]LogSlate: Took 0.000301 seconds to synchronously load lazily loaded font '../../../Engine/Content/Slate/Fonts/Roboto-Regular.ttf' (155K)
[2017.06.17-21.54.59:648][  0]LogSlate: Took 0.000231 seconds to synchronously load lazily loaded font '../../../Engine/Content/Slate/Fonts/Roboto-Bold.ttf' (160K)
[2017.06.17-21.54.59:658][  0]LogSlate: Took 0.004017 seconds to synchronously load lazily loaded font '../../../Engine/Content/Editor/Slate/Fonts/FontAwesome.ttf' (139K)
[2017.06.17-21.54.59:780][  0]LogSlate: Took 0.003317 seconds to synchronously load lazily loaded font '../../../Engine/Content/Slate/Fonts/Roboto-Light.ttf' (159K)
[2017.06.17-21.54.59:831][  0]LogRenderer: Reallocating scene render targets to support 964x324 NumSamples 1 (Frame:2).
[2017.06.17-21.54.59:892][  1]LogFileCache: Retrieving MD5 hashes for directory 'C:/Users/koru/Desktop/IHC/HCIProyecto/SteamProject/Content/' took 0.27s
[2017.06.17-21.54.59:912][  1]LogAssetRegistry: Asset discovery search completed in 10.6283 seconds
[2017.06.17-21.54.59:912][  1]LogCollectionManager: Rebuilt the object cache for 0 collections in 0.000006 seconds (found 0 objects)
[2017.06.17-21.54.59:912][  1]LogCollectionManager: Fixed up redirectors for 0 collections in 0.000019 seconds (updated 0 objects)
[2017.06.17-21.55.00:632][ 73]LogSlate: Took 0.000284 seconds to synchronously load lazily loaded font '../../../Engine/Content/Slate/Fonts/Roboto-Light.ttf' (159K)
[2017.06.17-21.55.03:805][412]LogSlate: Took 0.000136 seconds to synchronously load lazily loaded font '../../../Engine/Content/Slate/Fonts/Roboto-Light.ttf' (159K)
[2017.06.17-21.55.04:361][412]LogContentBrowser: Native class hierarchy updated for 'BlueprintGraph' in 0.0010 seconds. Added 112 classes and 0 folders.
[2017.06.17-21.55.05:933][412]LogSlate: Took 0.003308 seconds to synchronously load lazily loaded font '../../../Engine/Content/Editor/Slate/Fonts/Roboto-BoldCondensed.ttf' (158K)
[2017.06.17-21.55.41:412][543]LogEditorTransaction: Undo Mover Widget
[2017.06.17-21.56.45:861][881]LogSlate: Took 0.003537 seconds to synchronously load lazily loaded font '../../../Engine/Content/Slate/Fonts/DroidSansFallback.ttf' (3848K)
[2017.06.17-21.56.47:492][986]LogEditorTransaction: Undo Mover Widget
[2017.06.17-21.56.51:084][191]LogEditorTransaction: Undo Mover Widget
[2017.06.17-22.01.44:344][780]Cmd: OBJ SAVEPACKAGE PACKAGE="/Game/UI/MainMenu/ProfesorMenu" FILE="../../../../../../Users/koru/Desktop/IHC/HCIProyecto/SteamProject/Content/UI/MainMenu/ProfesorMenu.uasset" SILENT=true
[2017.06.17-22.01.44:481][780]LogSavePackage: Save=116.00ms
[2017.06.17-22.01.44:481][780]LogSavePackage: Moving '../../../../../../Users/koru/Desktop/IHC/HCIProyecto/SteamProject/Saved/ProfesorMenu3D08CA104012BC84A96F3099503679D0.tmp' to '../../../../../../Users/koru/Desktop/IHC/HCIProyecto/SteamProject/Content/UI/MainMenu/ProfesorMenu.uasset'
[2017.06.17-22.01.44:488][780]LogSavePackage:Display: Finished SavePackage ../../../../../../Users/koru/Desktop/IHC/HCIProyecto/SteamProject/Content/UI/MainMenu/ProfesorMenu.uasset
[2017.06.17-22.01.47:379][913]BlueprintLog: New page: Compilar ProfesorMenu
[2017.06.17-22.01.52:834][180]LogTemp: Repeting last play command: Standalone Game
[2017.06.17-22.01.54:544][180]LogSavePackage: Save=23.77ms
[2017.06.17-22.01.54:544][180]LogSavePackage: Moving '../../../../../../Users/koru/Desktop/IHC/HCIProyecto/SteamProject/Saved/EscenariosProfesorMenu8CC3D867407BF227354AEFA0802DA852.tmp' to '../../../../../../Users/koru/Desktop/IHC/HCIProyecto/SteamProject/Content/UI/MainMenu/EscenariosProfesorMenu.uasset'
[2017.06.17-22.01.54:548][180]LogSavePackage:Display: Finished SavePackage ../../../../../../Users/koru/Desktop/IHC/HCIProyecto/SteamProject/Content/UI/MainMenu/EscenariosProfesorMenu.uasset
[2017.06.17-22.01.54:709][180]LogSavePackage: Save=103.68ms
[2017.06.17-22.01.54:709][180]LogSavePackage: Moving '../../../../../../Users/koru/Desktop/IHC/HCIProyecto/SteamProject/Saved/UEDPCMainMenuEEFE26214F328D8D5E4B3CAC2EFA525B.tmp' to '../../../../../../Users/koru/Desktop/IHC/HCIProyecto/SteamProject/Saved/Autosaves/Game/Maps/UEDPCMainMenu.umap'
[2017.06.17-22.01.54:711][180]LogSavePackage:Display: Finished SavePackage ../../../../../../Users/koru/Desktop/IHC/HCIProyecto/SteamProject/Saved/Autosaves/Game/Maps/UEDPCMainMenu.umap
[2017.06.17-22.01.54:727][180]LogEditorTransaction: Undo Spawn Play From Here Start
[2017.06.17-22.03.05:704][566]LogSlate: Took 0.000244 seconds to synchronously load lazily loaded font '../../../Engine/Content/Editor/Slate/Fonts/Roboto-Italic.ttf' (157K)
[2017.06.17-22.07.50:134][963]LogEditorTransaction: Undo Eliminar Widget
[2017.06.17-22.09.06:524][780]BlueprintLog: New page: Compilar EscenariosProfesorMenu
[2017.06.17-22.09.07:274][822]LogSavePackage: Save=28.47ms
[2017.06.17-22.09.07:274][822]LogSavePackage: Moving '../../../../../../Users/koru/Desktop/IHC/HCIProyecto/SteamProject/Saved/EscenariosProfesorMenu2499212A413ABD25B80E7B8780C1C8A6.tmp' to '../../../../../../Users/koru/Desktop/IHC/HCIProyecto/SteamProject/Content/UI/MainMenu/EscenariosProfesorMenu.uasset'
[2017.06.17-22.09.07:278][822]LogSavePackage:Display: Finished SavePackage ../../../../../../Users/koru/Desktop/IHC/HCIProyecto/SteamProject/Content/UI/MainMenu/EscenariosProfesorMenu.uasset
[2017.06.17-22.09.14:081][385]Cmd: MAP LOAD FILE="../../../../../../Users/koru/Desktop/IHC/HCIProyecto/SteamProject/Content/Maps/MainMenu.umap" TEMPLATE=0 SHOWPROGRESS=1 FEATURELEVEL=3
[2017.06.17-22.09.14:081][385]LightingResults: New page: Diseñar la iluminación
[2017.06.17-22.09.14:084][385]LoadErrors: New page: Cargando mapa: MainMenu.umap
[2017.06.17-22.09.14:084][385]MapCheck: New page: Revisión del mapa
[2017.06.17-22.09.14:084][385]LightingResults: New page: Diseñar la iluminación
[2017.06.17-22.09.14:124][385]LogAIModule: Creating AISystem for world MainMenu
[2017.06.17-22.09.14:127][385]LogEditorServer: Finished looking for orphan Actors (0.000 secs)
[2017.06.17-22.09.14:167][385]Cmd: MAP CHECKDEP NOCLEARLOG
[2017.06.17-22.09.14:212][385]MapCheck: Información Map check complete: 0 Error(s), 0 Warning(s), took 44.617ms to complete.
[2017.06.17-22.09.14:213][385]LogFileHelpers: Loading map 'MainMenu' took 0.133
[2017.06.17-22.09.15:210][464]LogTemp: Repeting last play command: Standalone Game
[2017.06.17-22.09.15:464][464]LogSavePackage: Save=104.86ms
[2017.06.17-22.09.15:464][464]LogSavePackage: Moving '../../../../../../Users/koru/Desktop/IHC/HCIProyecto/SteamProject/Saved/UEDPCMainMenu27CBF8F3496FB506C58D518E5B92727C.tmp' to '../../../../../../Users/koru/Desktop/IHC/HCIProyecto/SteamProject/Saved/Autosaves/Game/Maps/UEDPCMainMenu.umap'
[2017.06.17-22.09.15:466][464]LogSavePackage:Display: Finished SavePackage ../../../../../../Users/koru/Desktop/IHC/HCIProyecto/SteamProject/Saved/Autosaves/Game/Maps/UEDPCMainMenu.umap
[2017.06.17-22.09.15:472][464]LogEditorTransaction: Undo Spawn Play From Here Start
[2017.06.17-22.14.11:895][440]LogEditorTransaction: Undo Mover Widget
[2017.06.17-22.14.22:268][885]LogSavePackage: Save=80.14ms
[2017.06.17-22.14.22:268][885]LogSavePackage: Moving '../../../../../../Users/koru/Desktop/IHC/HCIProyecto/SteamProject/Saved/EscenariosProfesorMenu7702FDE5425A60808CD5E987ED0770B3.tmp' to '../../../../../../Users/koru/Desktop/IHC/HCIProyecto/SteamProject/Content/UI/MainMenu/EscenariosProfesorMenu.uasset'
[2017.06.17-22.14.22:272][885]LogSavePackage:Display: Finished SavePackage ../../../../../../Users/koru/Desktop/IHC/HCIProyecto/SteamProject/Content/UI/MainMenu/EscenariosProfesorMenu.uasset
[2017.06.17-22.14.23:418][942]BlueprintLog: New page: Compilar EscenariosProfesorMenu
[2017.06.17-22.14.26:464][ 37]LogTemp: Repeting last play command: Standalone Game
[2017.06.17-22.14.26:710][ 37]LogSavePackage: Save=101.55ms
[2017.06.17-22.14.26:710][ 37]LogSavePackage: Moving '../../../../../../Users/koru/Desktop/IHC/HCIProyecto/SteamProject/Saved/UEDPCMainMenu3EA000234AFB4D817C34559DBF3D70E5.tmp' to '../../../../../../Users/koru/Desktop/IHC/HCIProyecto/SteamProject/Saved/Autosaves/Game/Maps/UEDPCMainMenu.umap'
[2017.06.17-22.14.26:712][ 37]LogSavePackage:Display: Finished SavePackage ../../../../../../Users/koru/Desktop/IHC/HCIProyecto/SteamProject/Saved/Autosaves/Game/Maps/UEDPCMainMenu.umap
[2017.06.17-22.14.26:718][ 37]LogEditorTransaction: Undo Spawn Play From Here Start
[2017.06.17-22.17.45:913][762]LogTemp: Repeting last play command: Standalone Game
[2017.06.17-22.17.46:176][762]LogSavePackage: Save=104.98ms
[2017.06.17-22.17.46:176][762]LogSavePackage: Moving '../../../../../../Users/koru/Desktop/IHC/HCIProyecto/SteamProject/Saved/UEDPCMainMenuF97D257A41369454603D4596553D3764.tmp' to '../../../../../../Users/koru/Desktop/IHC/HCIProyecto/SteamProject/Saved/Autosaves/Game/Maps/UEDPCMainMenu.umap'
[2017.06.17-22.17.46:178][762]LogSavePackage:Display: Finished SavePackage ../../../../../../Users/koru/Desktop/IHC/HCIProyecto/SteamProject/Saved/Autosaves/Game/Maps/UEDPCMainMenu.umap
[2017.06.17-22.17.46:186][762]LogEditorTransaction: Undo Spawn Play From Here Start
[2017.06.17-22.44.06:827][433]LogWindowsTextInputMethodSystem:Display: IME system now deactivated.
[2017.06.17-22.44.06:827][433]LogWindowsTextInputMethodSystem:Display: IME system now deactivated.
[2017.06.17-22.44.07:050][434]Cmd: QUIT_EDITOR
[2017.06.17-22.44.07:122][434]LogExit: Preparing to exit.
[2017.06.17-22.44.07:861][434]LogDirectoryWatcher: A directory notification for 'C:/Users/koru/Desktop/IHC/HCIProyecto/SteamProject/Content/' was aborted.
[2017.06.17-22.44.07:905][434]LogExit: Editor shut down
[2017.06.17-22.44.07:905][434]LogExit: Transaction tracking system shut down
[2017.06.17-22.44.08:039][434]LogObj: Freed 0b from 0 cluster array pools.
[2017.06.17-22.44.08:040][434]LogExit: Object subsystem successfully closed.
[2017.06.17-22.44.08:057][434]LogD3D11RHI: Shutdown
[2017.06.17-22.44.08:057][434]LogD3D11RHI: CleanupD3DDevice
[2017.06.17-22.44.08:206][434]LogD3D11RHI: ~FD3D11DynamicRHI
[2017.06.17-22.44.08:229][434]LogModuleManager: Shutting down and abandoning module SequencerWidgets (505)
[2017.06.17-22.44.08:229][434]LogModuleManager: Shutting down and abandoning module BlueprintGraph (503)
[2017.06.17-22.44.08:229][434]LogModuleManager: Shutting down and abandoning module BlueprintProfiler (501)
[2017.06.17-22.44.08:230][434]LogModuleManager: Shutting down and abandoning module HierarchicalLODOutliner (499)
[2017.06.17-22.44.08:230][434]LogModuleManager: Shutting down and abandoning module CrashTracker (497)
[2017.06.17-22.44.08:230][434]LogModuleManager: Shutting down and abandoning module SceneOutliner (495)
[2017.06.17-22.44.08:230][434]LogModuleManager: Shutting down and abandoning module AddContentDialog (493)
[2017.06.17-22.44.08:230][434]LogDirectoryWatcher: A directory notification for 'C:/Program Files/Epic Games/UE_4.15/FeaturePacks/' was aborted.
[2017.06.17-22.44.08:231][434]LogModuleManager: Shutting down and abandoning module WidgetCarousel (492)
[2017.06.17-22.44.08:231][434]LogModuleManager: Shutting down and abandoning module EditorWidgets (489)
[2017.06.17-22.44.08:231][434]LogModuleManager: Shutting down and abandoning module CollectionManager (487)
[2017.06.17-22.44.08:231][434]LogDirectoryWatcher: A directory notification for 'C:/Users/koru/Desktop/IHC/HCIProyecto/SteamProject/Content/Collections/' was aborted.
[2017.06.17-22.44.08:231][434]LogDirectoryWatcher: A directory notification for 'C:/Users/koru/Desktop/IHC/HCIProyecto/SteamProject/Content/Developers/koru/Collections/' was aborted.
[2017.06.17-22.44.08:232][434]LogDirectoryWatcher: A directory notification for 'C:/Users/koru/Desktop/IHC/HCIProyecto/SteamProject/Saved/Collections/' was aborted.
[2017.06.17-22.44.08:232][434]LogModuleManager: Shutting down and abandoning module StatsViewer (485)
[2017.06.17-22.44.08:232][434]LogModuleManager: Shutting down and abandoning module FoliageEdit (483)
[2017.06.17-22.44.08:232][434]LogModuleManager: Shutting down and abandoning module LandscapeEditor (481)
[2017.06.17-22.44.08:232][434]LogModuleManager: Shutting down and abandoning module SceneDepthPickerMode (479)
[2017.06.17-22.44.08:232][434]LogModuleManager: Shutting down and abandoning module ActorPickerMode (477)
[2017.06.17-22.44.08:232][434]LogModuleManager: Shutting down and abandoning module GeometryMode (475)
[2017.06.17-22.44.08:232][434]LogModuleManager: Shutting down and abandoning module TextureAlignMode (473)
[2017.06.17-22.44.08:232][434]LogModuleManager: Shutting down and abandoning module BspMode (471)
[2017.06.17-22.44.08:232][434]LogModuleManager: Shutting down and abandoning module HardwareSurvey (469)
[2017.06.17-22.44.08:232][434]LogModuleManager: Shutting down and abandoning module SequenceRecorderSections (467)
[2017.06.17-22.44.08:232][434]LogModuleManager: Shutting down and abandoning module AutomationWorker (465)
[2017.06.17-22.44.08:232][434]LogModuleManager: Shutting down and abandoning module MatineeToLevelSequence (463)
[2017.06.17-22.44.08:232][434]LogModuleManager: Shutting down and abandoning module LevelSequenceEditor (461)
[2017.06.17-22.44.08:233][434]LogModuleManager: Shutting down and abandoning module PlacementMode (460)
[2017.06.17-22.44.08:233][434]LogModuleManager: Shutting down and abandoning module WmfMediaFactory (457)
[2017.06.17-22.44.08:233][434]LogModuleManager: Shutting down and abandoning module WmfMediaEditor (455)
[2017.06.17-22.44.08:233][434]LogModuleManager: Shutting down and abandoning module MfMediaFactory (453)
[2017.06.17-22.44.08:233][434]LogModuleManager: Shutting down and abandoning module MfMediaEditor (451)
[2017.06.17-22.44.08:233][434]LogModuleManager: Shutting down and abandoning module AvfMediaFactory (449)
[2017.06.17-22.44.08:233][434]LogModuleManager: Shutting down and abandoning module AvfMediaEditor (447)
[2017.06.17-22.44.08:233][434]LogModuleManager: Shutting down and abandoning module AndroidMediaFactory (445)
[2017.06.17-22.44.08:233][434]LogModuleManager: Shutting down and abandoning module Media (444)
[2017.06.17-22.44.08:233][434]LogModuleManager: Shutting down and abandoning module AndroidMediaEditor (441)
[2017.06.17-22.44.08:233][434]LogModuleManager: Shutting down and abandoning module CharacterAI (439)
[2017.06.17-22.44.08:233][434]LogModuleManager: Shutting down and abandoning module AudioCapture (437)
[2017.06.17-22.44.08:233][434]LogModuleManager: Shutting down and abandoning module SequenceRecorder (436)
[2017.06.17-22.44.08:233][434]LogModuleManager: Shutting down and abandoning module SmartSnapping (433)
[2017.06.17-22.44.08:233][434]LogModuleManager: Shutting down and abandoning module SessionServices (431)
[2017.06.17-22.44.08:233][434]LogModuleManager: Shutting down and abandoning module ViewportSnapping (429)
[2017.06.17-22.44.08:233][434]LogModuleManager: Shutting down and abandoning module ViewportInteraction (427)
[2017.06.17-22.44.08:233][434]LogModuleManager: Shutting down and abandoning module LogVisualizer (425)
[2017.06.17-22.44.08:234][434]LogModuleManager: Shutting down and abandoning module IntroTutorials (423)
[2017.06.17-22.44.08:234][434]LogModuleManager: Shutting down and abandoning module GameProjectGeneration (422)
[2017.06.17-22.44.08:235][434]LogModuleManager: Shutting down and abandoning module EditorLiveStreaming (419)
[2017.06.17-22.44.08:235][434]LogModuleManager: Shutting down and abandoning module IOSPlatformEditor (417)
[2017.06.17-22.44.08:235][434]LogModuleManager: Shutting down and abandoning module HTML5PlatformEditor (415)
[2017.06.17-22.44.08:235][434]LogModuleManager: Shutting down and abandoning module AndroidPlatformEditor (413)
[2017.06.17-22.44.08:235][434]LogModuleManager: Shutting down and abandoning module AndroidDeviceDetection (412)
[2017.06.17-22.44.09:171][434]LogModuleManager: Shutting down and abandoning module IOSRuntimeSettings (409)
[2017.06.17-22.44.09:171][434]LogModuleManager: Shutting down and abandoning module AndroidRuntimeSettings (407)
[2017.06.17-22.44.09:171][434]LogModuleManager: Shutting down and abandoning module InputBindingEditor (405)
[2017.06.17-22.44.09:171][434]LogModuleManager: Shutting down and abandoning module NiagaraEditor (403)
[2017.06.17-22.44.09:174][434]LogModuleManager: Shutting down and abandoning module MergeActors (401)
[2017.06.17-22.44.09:175][434]LogModuleManager: Shutting down and abandoning module SizeMap (399)
[2017.06.17-22.44.09:175][434]LogModuleManager: Shutting down and abandoning module TreeMap (397)
[2017.06.17-22.44.09:175][434]LogModuleManager: Shutting down and abandoning module ReferenceViewer (395)
[2017.06.17-22.44.09:175][434]LogModuleManager: Shutting down and abandoning module LocalizationDashboard (393)
[2017.06.17-22.44.09:175][434]LogModuleManager: Shutting down and abandoning module LocalizationService (392)
[2017.06.17-22.44.09:175][434]LogModuleManager: Shutting down and abandoning module HardwareTargeting (389)
[2017.06.17-22.44.09:175][434]LogModuleManager: Shutting down and abandoning module DeviceProfileEditor (387)
[2017.06.17-22.44.09:176][434]LogModuleManager: Shutting down and abandoning module UndoHistory (385)
[2017.06.17-22.44.09:176][434]LogModuleManager: Shutting down and abandoning module UserFeedback (383)
[2017.06.17-22.44.09:176][434]LogModuleManager: Shutting down and abandoning module XmlParser (381)
[2017.06.17-22.44.09:176][434]LogModuleManager: Shutting down and abandoning module Blutility (379)
[2017.06.17-22.44.09:176][434]LogModuleManager: Shutting down and abandoning module ProjectSettingsViewer (377)
[2017.06.17-22.44.09:176][434]LogModuleManager: Shutting down and abandoning module ProjectTargetPlatformEditor (376)
[2017.06.17-22.44.09:176][434]LogModuleManager: Shutting down and abandoning module EditorSettingsViewer (373)
[2017.06.17-22.44.09:176][434]LogModuleManager: Shutting down and abandoning module SettingsEditor (371)
[2017.06.17-22.44.09:176][434]LogModuleManager: Shutting down and abandoning module ProjectLauncher (369)
[2017.06.17-22.44.09:176][434]LogModuleManager: Shutting down and abandoning module SessionFrontend (367)
[2017.06.17-22.44.09:177][434]LogModuleManager: Shutting down and abandoning module ProfilerClient (365)
[2017.06.17-22.44.09:177][434]LogModuleManager: Shutting down and abandoning module DeviceManager (363)
[2017.06.17-22.44.09:178][434]LogModuleManager: Shutting down and abandoning module TargetDeviceServices (362)
[2017.06.17-22.44.09:220][434]LogModuleManager: Shutting down and abandoning module AutomationController (359)
[2017.06.17-22.44.09:220][434]LogModuleManager: Shutting down and abandoning module AutomationWindow (357)
[2017.06.17-22.44.09:221][434]LogModuleManager: Shutting down and abandoning module Layers (355)
[2017.06.17-22.44.09:223][434]LogModuleManager: Shutting down and abandoning module ComponentVisualizers (353)
[2017.06.17-22.44.09:223][434]LogModuleManager: Shutting down and abandoning module DetailCustomizations (351)
[2017.06.17-22.44.09:223][434]LogModuleManager: Shutting down and abandoning module PackagesDialog (349)
[2017.06.17-22.44.09:223][434]LogModuleManager: Shutting down and abandoning module Persona (347)
[2017.06.17-22.44.09:223][434]LogModuleManager: Shutting down and abandoning module AnimGraph (346)
[2017.06.17-22.44.09:223][434]LogModuleManager: Shutting down and abandoning module Kismet (343)
[2017.06.17-22.44.09:229][434]LogModuleManager: Shutting down and abandoning module GraphEditor (341)
[2017.06.17-22.44.09:229][434]LogModuleManager: Shutting down and abandoning module ClassViewer (339)
[2017.06.17-22.44.09:229][434]LogModuleManager: Shutting down and abandoning module Toolbox (337)
[2017.06.17-22.44.09:229][434]LogModuleManager: Shutting down and abandoning module ModuleUI (335)
[2017.06.17-22.44.09:230][434]LogModuleManager: Shutting down and abandoning module MovieSceneTools (333)
[2017.06.17-22.44.09:230][434]LogModuleManager: Shutting down and abandoning module OutputLog (331)
[2017.06.17-22.44.09:230][434]LogModuleManager: Shutting down and abandoning module GammaUI (329)
[2017.06.17-22.44.09:230][434]LogModuleManager: Shutting down and abandoning module Documentation (327)
[2017.06.17-22.44.09:230][434]LogModuleManager: Shutting down and abandoning module Niagara (325)
[2017.06.17-22.44.09:230][434]LogModuleManager: Shutting down and abandoning module StreamingPauseRendering (323)
[2017.06.17-22.44.09:230][434]LogModuleManager: Shutting down and abandoning module AnalyticsET (321)
[2017.06.17-22.44.09:230][434]LogModuleManager: Shutting down and abandoning module PortalServices (319)
[2017.06.17-22.44.09:230][434]LogModuleManager: Shutting down and abandoning module PortalRpc (317)
[2017.06.17-22.44.09:230][434]LogModuleManager: Shutting down and abandoning module MessagingRpc (315)
[2017.06.17-22.44.09:230][434]LogModuleManager: Shutting down and abandoning module AIModule (313)
[2017.06.17-22.44.09:230][434]LogModuleManager: Shutting down and abandoning module GameplayDebugger (312)
[2017.06.17-22.44.09:230][434]LogModuleManager: Shutting down and abandoning module AITestSuite (310)
[2017.06.17-22.44.09:230][434]LogModuleManager: Shutting down and abandoning module ProfilerService (307)
[2017.06.17-22.44.09:329][434]LogModuleManager: Shutting down and abandoning module TaskGraph (305)
[2017.06.17-22.44.09:329][434]LogModuleManager: Shutting down and abandoning module SteamVRController (303)
[2017.06.17-22.44.09:329][434]LogModuleManager: Shutting down and abandoning module SteamVR (301)
[2017.06.17-22.44.09:329][434]LogModuleManager: Shutting down and abandoning module ProceduralMeshComponentEditor (299)
[2017.06.17-22.44.09:329][434]LogModuleManager: Shutting down and abandoning module ProceduralMeshComponent (297)
[2017.06.17-22.44.09:329][434]LogModuleManager: Shutting down and abandoning module OculusLibrary (295)
[2017.06.17-22.44.09:329][434]LogModuleManager: Shutting down and abandoning module OculusInput (293)
[2017.06.17-22.44.09:329][434]LogModuleManager: Shutting down and abandoning module MobilePatchingUtils (291)
[2017.06.17-22.44.09:329][434]LogModuleManager: Shutting down and abandoning module CustomMeshComponent (289)
[2017.06.17-22.44.09:329][434]LogModuleManager: Shutting down and abandoning module CableComponent (287)
[2017.06.17-22.44.09:329][434]LogModuleManager: Shutting down and abandoning module ArchVisCharacter (285)
[2017.06.17-22.44.09:329][434]LogModuleManager: Shutting down and abandoning module MediaPlayerEditor (283)
[2017.06.17-22.44.09:330][434]LogModuleManager: Shutting down and abandoning module HTML5Networking (281)
[2017.06.17-22.44.09:330][434]LogModuleManager: Shutting down and abandoning module AlembicImporter (279)
[2017.06.17-22.44.09:330][434]LogModuleManager: Shutting down and abandoning module AlembicLibrary (278)
[2017.06.17-22.44.09:330][434]LogModuleManager: Shutting down and abandoning module GeometryCache (277)
[2017.06.17-22.44.09:330][434]LogModuleManager: Shutting down and abandoning module GeometryCacheEd (276)
[2017.06.17-22.44.09:330][434]LogModuleManager: Shutting down and abandoning module SuperSearchEditor (271)
[2017.06.17-22.44.09:330][434]LogModuleManager: Shutting down and abandoning module SuperSearch (270)
[2017.06.17-22.44.09:330][434]LogModuleManager: Shutting down and abandoning module SpeedTreeImporter (267)
[2017.06.17-22.44.09:330][434]LogModuleManager: Shutting down and abandoning module PluginBrowser (265)
[2017.06.17-22.44.09:330][434]LogModuleManager: Shutting down and abandoning module MobileLauncherProfileWizard (263)
[2017.06.17-22.44.09:331][434]LogModuleManager: Shutting down and abandoning module EpicSurvey (261)
[2017.06.17-22.44.09:331][434]LogModuleManager: Shutting down and abandoning module VisualStudioSourceCodeAccess (259)
[2017.06.17-22.44.09:331][434]LogModuleManager: Shutting down and abandoning module DesktopPlatform (258)
[2017.06.17-22.44.09:331][434]LogModuleManager: Shutting down and abandoning module UObjectPlugin (255)
[2017.06.17-22.44.09:331][434]LogModuleManager: Shutting down and abandoning module SubversionSourceControl (253)
[2017.06.17-22.44.09:331][434]LogModuleManager: Shutting down and abandoning module PerforceSourceControl (251)
[2017.06.17-22.44.09:331][434]LogModuleManager: Shutting down and abandoning module GitSourceControl (249)
[2017.06.17-22.44.09:331][434]LogModuleManager: Shutting down and abandoning module SourceControl (248)
[2017.06.17-22.44.09:331][434]LogModuleManager: Shutting down and abandoning module LightPropagationVolumeEditor (245)
[2017.06.17-22.44.09:331][434]LogModuleManager: Shutting down and abandoning module PaperTiledImporter (243)
[2017.06.17-22.44.09:331][434]LogModuleManager: Shutting down and abandoning module PaperSpriteSheetImporter (241)
[2017.06.17-22.44.09:331][434]LogModuleManager: Shutting down and abandoning module Paper2DEditor (239)
[2017.06.17-22.44.09:331][434]LogModuleManager: Shutting down and abandoning module MeshPaint (238)
[2017.06.17-22.44.09:331][434]LogModuleManager: Shutting down and abandoning module LevelEditor (236)
[2017.06.17-22.44.09:332][434]LogModuleManager: Shutting down and abandoning module PixelInspectorModule (235)
[2017.06.17-22.44.09:332][434]LogModuleManager: Shutting down and abandoning module MainFrame (233)
[2017.06.17-22.44.09:332][434]LogModuleManager: Shutting down and abandoning module HotReload (232)
[2017.06.17-22.44.09:332][434]LogModuleManager: Shutting down and abandoning module ContentBrowser (228)
[2017.06.17-22.44.09:333][434]LogModuleManager: Shutting down and abandoning module PhysXVehiclesEditor (225)
[2017.06.17-22.44.09:333][434]LogModuleManager: Shutting down and abandoning module PhysXVehicles (223)
[2017.06.17-22.44.09:333][434]LogModuleManager: Shutting down and abandoning module LocationServicesBPLibrary (221)
[2017.06.17-22.44.09:333][434]LogModuleManager: Shutting down and abandoning module UdpMessaging (219)
[2017.06.17-22.44.09:434][434]LogModuleManager: Shutting down and abandoning module TcpMessaging (217)
[2017.06.17-22.44.09:534][434]LogModuleManager: Shutting down and abandoning module GameplayTagsEditor (215)
[2017.06.17-22.44.09:534][434]LogModuleManager: Shutting down and abandoning module FacialAnimationEditor (213)
[2017.06.17-22.44.09:535][434]LogModuleManager: Shutting down and abandoning module FacialAnimation (211)
[2017.06.17-22.44.09:535][434]LogModuleManager: Shutting down and abandoning module LightPropagationVolumeRuntime (209)
[2017.06.17-22.44.09:535][434]LogModuleManager: Shutting down and abandoning module Paper2D (207)
[2017.06.17-22.44.09:535][434]LogModuleManager: Shutting down and abandoning module WindowsMoviePlayer (205)
[2017.06.17-22.44.09:535][434]LogModuleManager: Shutting down and abandoning module WmfMedia (203)
[2017.06.17-22.44.09:535][434]LogModuleManager: Shutting down and abandoning module MfMedia (201)
[2017.06.17-22.44.09:535][434]LogModuleManager: Shutting down and abandoning module MediaAssets (199)
[2017.06.17-22.44.09:535][434]LogModuleManager: Shutting down and abandoning module GameLiveStreaming (197)
[2017.06.17-22.44.09:535][434]LogModuleManager: Shutting down and abandoning module VREditor (195)
[2017.06.17-22.44.09:535][434]LogModuleManager: Shutting down and abandoning module GameplayTasksEditor (193)
[2017.06.17-22.44.09:535][434]LogModuleManager: Shutting down and abandoning module BehaviorTreeEditor (191)
[2017.06.17-22.44.09:535][434]LogModuleManager: Shutting down and abandoning module FunctionalTesting (189)
[2017.06.17-22.44.09:535][434]LogModuleManager: Shutting down and abandoning module CollisionAnalyzer (187)
[2017.06.17-22.44.09:536][434]LogModuleManager: Shutting down and abandoning module UMG (185)
[2017.06.17-22.44.09:536][434]LogModuleManager: Shutting down and abandoning module UMGEditor (184)
[2017.06.17-22.44.09:536][434]LogModuleManager: Shutting down and abandoning module Sequencer (183)
[2017.06.17-22.44.09:536][434]LogModuleManager: Shutting down and abandoning module AssetTools (181)
[2017.06.17-22.44.09:536][434]LogModuleManager: Shutting down and abandoning module MessageLog (180)
[2017.06.17-22.44.09:536][434]LogModuleManager: Shutting down and abandoning module WorkspaceMenuStructure (179)
[2017.06.17-22.44.09:536][434]LogModuleManager: Shutting down and abandoning module SlateReflector (173)
[2017.06.17-22.44.09:536][434]LogModuleManager: Shutting down and abandoning module Slate (171)
[2017.06.17-22.44.09:536][434]LogModuleManager: Shutting down and abandoning module EditorStyle (169)
[2017.06.17-22.44.09:538][434]LogModuleManager: Shutting down and abandoning module SourceCodeAccess (167)
[2017.06.17-22.44.09:538][434]LogModuleManager: Shutting down and abandoning module HeadMountedDisplay (165)
[2017.06.17-22.44.09:538][434]LogModuleManager: Shutting down and abandoning module XAudio2 (163)
[2017.06.17-22.44.09:538][434]LogModuleManager: Shutting down and abandoning module Networking (161)
[2017.06.17-22.44.09:538][434]LogModuleManager: Shutting down and abandoning module Core (159)
[2017.06.17-22.44.09:538][434]LogModuleManager: Shutting down and abandoning module AssetRegistry (157)
[2017.06.17-22.44.09:632][434]LogDirectoryWatcher: A directory notification for '../../../Engine/Content/' was aborted.
[2017.06.17-22.44.09:632][434]LogDirectoryWatcher: A directory notification for '../../../../../../Users/koru/Desktop/IHC/HCIProyecto/SteamProject/Content/' was aborted.
[2017.06.17-22.44.09:632][434]LogDirectoryWatcher: A directory notification for '../../../Engine/Plugins/2D/Paper2D/Content/' was aborted.
[2017.06.17-22.44.09:633][434]LogModuleManager: Shutting down and abandoning module DirectoryWatcher (156)
[2017.06.17-22.44.09:633][434]LogModuleManager: Shutting down and abandoning module KismetCompiler (153)
[2017.06.17-22.44.09:633][434]LogModuleManager: Shutting down and abandoning module PhysXFormats (151)
[2017.06.17-22.44.09:633][434]LogModuleManager: Shutting down and abandoning module MeshUtilities (149)
[2017.06.17-22.44.09:633][434]LogModuleManager: Shutting down and abandoning module SimplygonSwarm (148)
[2017.06.17-22.44.09:633][434]LogModuleManager: Shutting down and abandoning module SimplygonMeshReduction (146)
[2017.06.17-22.44.09:633][434]LogModuleManager: Shutting down and abandoning module QuadricMeshReduction (144)
[2017.06.17-22.44.09:633][434]LogModuleManager: Shutting down and abandoning module PropertyEditor (142)
[2017.06.17-22.44.09:633][434]LogModuleManager: Shutting down and abandoning module DerivedDataCache (139)
[2017.06.17-22.44.09:708][434]LogDerivedDataCache: Shutdown
[2017.06.17-22.44.09:708][434]LogModuleManager: Shutting down and abandoning module TargetPlatform (137)
[2017.06.17-22.44.09:708][434]LogModuleManager: Shutting down and abandoning module VulkanShaderFormat (136)
[2017.06.17-22.44.09:708][434]LogModuleManager: Shutting down and abandoning module ShaderFormatOpenGL (134)
[2017.06.17-22.44.09:708][434]LogModuleManager: Shutting down and abandoning module ShaderFormatD3D (132)
[2017.06.17-22.44.09:708][434]LogModuleManager: Shutting down and abandoning module MetalShaderFormat (130)
[2017.06.17-22.44.09:708][434]LogModuleManager: Shutting down and abandoning module TextureFormatUncompressed (128)
[2017.06.17-22.44.09:708][434]LogModuleManager: Shutting down and abandoning module TextureFormatPVR (126)
[2017.06.17-22.44.09:708][434]LogModuleManager: Shutting down and abandoning module TextureFormatDXT (124)
[2017.06.17-22.44.09:708][434]LogModuleManager: Shutting down and abandoning module TextureFormatIntelISPCTexComp (122)
[2017.06.17-22.44.09:708][434]LogModuleManager: Shutting down and abandoning module TextureFormatASTC (120)
[2017.06.17-22.44.09:708][434]LogModuleManager: Shutting down and abandoning module ImageWrapper (119)
[2017.06.17-22.44.09:708][434]LogModuleManager: Shutting down and abandoning module TextureFormatAndroid (116)
[2017.06.17-22.44.09:708][434]LogModuleManager: Shutting down and abandoning module AudioFormatOpus (114)
[2017.06.17-22.44.09:708][434]LogModuleManager: Shutting down and abandoning module AudioFormatOgg (112)
[2017.06.17-22.44.09:708][434]LogModuleManager: Shutting down and abandoning module AudioFormatADPCM (110)
[2017.06.17-22.44.09:708][434]LogModuleManager: Shutting down and abandoning module LinuxTargetPlatform (108)
[2017.06.17-22.44.09:708][434]LogModuleManager: Shutting down and abandoning module LinuxServerTargetPlatform (106)
[2017.06.17-22.44.09:708][434]LogModuleManager: Shutting down and abandoning module LinuxNoEditorTargetPlatform (104)
[2017.06.17-22.44.09:708][434]LogModuleManager: Shutting down and abandoning module LinuxClientTargetPlatform (102)
[2017.06.17-22.44.09:708][434]LogModuleManager: Shutting down and abandoning module TVOSTargetPlatform (100)
[2017.06.17-22.44.09:708][434]LogModuleManager: Shutting down and abandoning module Messaging (98)
[2017.06.17-22.44.09:708][434]LogModuleManager: Shutting down and abandoning module IOSTargetPlatform (96)
[2017.06.17-22.44.09:708][434]LogModuleManager: Shutting down and abandoning module HTML5TargetPlatform (94)
[2017.06.17-22.44.09:708][434]LogModuleManager: Shutting down and abandoning module Android_PVRTCTargetPlatform (92)
[2017.06.17-22.44.09:708][434]LogModuleManager: Shutting down and abandoning module Android_MultiTargetPlatform (90)
[2017.06.17-22.44.09:708][434]LogModuleManager: Shutting down and abandoning module Android_ETC2TargetPlatform (88)
[2017.06.17-22.44.09:708][434]LogModuleManager: Shutting down and abandoning module Android_ETC1TargetPlatform (86)
[2017.06.17-22.44.09:708][434]LogModuleManager: Shutting down and abandoning module Android_DXTTargetPlatform (84)
[2017.06.17-22.44.09:708][434]LogModuleManager: Shutting down and abandoning module Android_ATCTargetPlatform (82)
[2017.06.17-22.44.09:708][434]LogModuleManager: Shutting down and abandoning module Android_ASTCTargetPlatform (80)
[2017.06.17-22.44.09:708][434]LogModuleManager: Shutting down and abandoning module AndroidTargetPlatform (78)
[2017.06.17-22.44.09:708][434]LogModuleManager: Shutting down and abandoning module WindowsTargetPlatform (76)
[2017.06.17-22.44.09:708][434]LogModuleManager: Shutting down and abandoning module WindowsServerTargetPlatform (74)
[2017.06.17-22.44.09:708][434]LogModuleManager: Shutting down and abandoning module WindowsNoEditorTargetPlatform (72)
[2017.06.17-22.44.09:708][434]LogModuleManager: Shutting down and abandoning module WindowsClientTargetPlatform (70)
[2017.06.17-22.44.09:708][434]LogModuleManager: Shutting down and abandoning module MacTargetPlatform (68)
[2017.06.17-22.44.09:708][434]LogModuleManager: Shutting down and abandoning module MacServerTargetPlatform (66)
[2017.06.17-22.44.09:708][434]LogModuleManager: Shutting down and abandoning module MacNoEditorTargetPlatform (64)
[2017.06.17-22.44.09:708][434]LogModuleManager: Shutting down and abandoning module MacClientTargetPlatform (62)
[2017.06.17-22.44.09:708][434]LogModuleManager: Shutting down and abandoning module AllDesktopTargetPlatform (60)
[2017.06.17-22.44.09:708][434]LogModuleManager: Shutting down and abandoning module InputCore (57)
[2017.06.17-22.44.09:708][434]LogModuleManager: Shutting down and abandoning module Settings (55)
[2017.06.17-22.44.09:708][434]LogModuleManager: Shutting down and abandoning module OculusRift (53)
[2017.06.17-22.44.09:708][434]LogModuleManager: Shutting down and abandoning module GearVR (51)
[2017.06.17-22.44.09:708][434]LogModuleManager: Shutting down and abandoning module ExampleDeviceProfileSelector (49)
[2017.06.17-22.44.09:708][434]LogModuleManager: Shutting down and abandoning module OnlineBlueprintSupport (47)
[2017.06.17-22.44.09:708][434]LogModuleManager: Shutting down and abandoning module OnlineSubsystem (43)
[2017.06.17-22.44.09:708][434]LogOnline:Display: OSS: FOnlineSubsystemNull::Shutdown()
[2017.06.17-22.44.09:709][434]LogOnline:Display: Unloading online subsystem: NULL
[2017.06.17-22.44.09:709][434]LogModuleManager: Shutting down and abandoning module XMPP (37)
[2017.06.17-22.44.09:709][434]LogModuleManager: Shutting down and abandoning module HTTP (35)
[2017.06.17-22.44.09:709][434]LogHttp:Display: Http module shutting down, but needs to wait on 1 outstanding Http requests:
[2017.06.17-22.44.09:709][434]LogHttp:Display: 	verb=[POST] url=[https://datarouter.ol.epicgames.com/datarouter/api/v1/public/data?SessionID=%7B68C4A4E4-48B1-E9F5-5143-BDB814CD8FC8%7D&AppID=UEEditor.Rocket.Release&AppVersion=4.15.3-3450819%2B%2B%2BUE4%2BRelease-4.15&UserID=16f6e73c436c59fc7725ca9bff7d7971%7C0f9bbdcf7d164a46a40827d3961d084f%7C3e63d1e9-4d67-46eb-9e0a-723ccb1fcc3c&AppEnvironment=datacollector-binary&UploadType=eteventstream] status=Processing
[2017.06.17-22.44.09:724][434]LogModuleManager: Shutting down and abandoning module SSL (34)
[2017.06.17-22.44.09:725][434]LogModuleManager: Shutting down and abandoning module AudioEditor (30)
[2017.06.17-22.44.09:725][434]LogModuleManager: Shutting down and abandoning module TextureCompressor (28)
[2017.06.17-22.44.09:725][434]LogModuleManager: Shutting down and abandoning module ShaderCore (26)
[2017.06.17-22.44.09:725][434]LogModuleManager: Shutting down and abandoning module Landscape (24)
[2017.06.17-22.44.09:725][434]LogModuleManager: Shutting down and abandoning module SlateRHIRenderer (22)
[2017.06.17-22.44.09:728][434]LogModuleManager: Shutting down and abandoning module OpenGLDrv (20)
[2017.06.17-22.44.09:729][434]LogModuleManager: Shutting down and abandoning module D3D11RHI (18)
[2017.06.17-22.44.09:729][434]LogModuleManager: Shutting down and abandoning module AnimGraphRuntime (16)
[2017.06.17-22.44.09:729][434]LogModuleManager: Shutting down and abandoning module Renderer (14)
[2017.06.17-22.44.09:729][434]LogModuleManager: Shutting down and abandoning module Engine (12)
[2017.06.17-22.44.09:729][434]LogModuleManager: Shutting down and abandoning module CoreUObject (10)
[2017.06.17-22.44.09:729][434]LogModuleManager: Shutting down and abandoning module NetworkFile (8)
[2017.06.17-22.44.09:729][434]LogModuleManager: Shutting down and abandoning module StreamingFile (6)
[2017.06.17-22.44.09:729][434]LogModuleManager: Shutting down and abandoning module SandboxFile (4)
[2017.06.17-22.44.09:729][434]LogModuleManager: Shutting down and abandoning module PakFile (2)
[2017.06.17-22.44.09:731][434]LogExit: Exiting.
[2017.06.17-22.44.09:752][434]Log file closed, 06/17/17 17:44:09
