Log file open, 06/15/17 11:05:46
LogInit:Display: Running engine for game: SteamProject
LogPlatformFile: Not using cached read wrapper
LogInit:Display: RandInit(295136727) SRandInit(295136727).
LogTaskGraph: Started task graph with 5 named threads and 8 total threads with 1 sets of task threads.
LogStats: Stats thread started at 0.081998
LogInit: Using libcurl 7.47.1
LogInit:  - built for x86_64-pc-win32
LogInit:  - supports SSL with OpenSSL/1.0.2g
LogInit:  - supports HTTP deflate (compression) using libz 1.2.8
LogInit:  - other features:
LogInit:      CURL_VERSION_SSL
LogInit:      CURL_VERSION_LIBZ
LogInit:      CURL_VERSION_IPV6
LogInit:      CURL_VERSION_ASYNCHDNS
LogInit:      CURL_VERSION_LARGEFILE
LogInit:      CURL_VERSION_IDN
LogInit:  CurlRequestOptions (configurable via config and command line):
LogInit:  - bVerifyPeer = false  - Libcurl will NOT verify peer certificate
LogInit:  - bUseHttpProxy = false  - Libcurl will NOT use HTTP proxy
LogInit:  - bDontReuseConnections = false  - Libcurl will reuse connections
LogInit:  - CertBundlePath = nullptr  - Libcurl will use whatever was configured at build time.
LogModuleManager:Warning: No filename provided for module OnlineSubsystemSteam
LogModuleManager:Warning: ModuleManager: Unable to load module 'OnlineSubsystemSteam' because the file 'C:/Program Files/Epic Games/UE_4.15/Engine/Binaries/Win64/' was not found.
LogInit: WinSock: version 1.1 (2.2), MaxSocks=32767, MaxUdp=65467
LogInit: Build: ++UE4+Release-4.15-CL-3450819
LogInit: Engine Version: 4.15.3-3450819+++UE4+Release-4.15
LogInit: Compatible Engine Version: 4.15.0-3299760+++UE4+Release-4.15
LogInit: Net CL: 3299760
LogDevObjectVersion: Number of dev versions registered: 14
LogDevObjectVersion:   Dev-Blueprints (B0D832E4-1F89-4F0D-ACCF-7EB736FD4AA2): 8
LogDevObjectVersion:   Dev-Build (E1C64328-A22C-4D53-A36C-8E866417BD8C): 0
LogDevObjectVersion:   Dev-Core (375EC13C-06E4-48FB-B500-84F0262A717E): 2
LogDevObjectVersion:   Dev-Editor (E4B068ED-F494-42E9-A231-DA0B2E46BB41): 14
LogDevObjectVersion:   Dev-Framework (CFFC743F-43B0-4480-9391-14DF171D2073): 22
LogDevObjectVersion:   Dev-Mobile (B02B49B5-BB20-44E9-A304-32B752E40360): 0
LogDevObjectVersion:   Dev-Networking (A4E4105C-59A1-49B5-A7C5-40C4547EDFEE): 0
LogDevObjectVersion:   Dev-Online (39C831C9-5AE6-47DC-9A44-9C173E1C8E7C): 0
LogDevObjectVersion:   Dev-Physics (78F01B33-EBEA-4F98-B9B4-84EACCB95AA2): 0
LogDevObjectVersion:   Dev-Platform (6631380F-2D4D-43E0-8009-CF276956A95A): 0
LogDevObjectVersion:   Dev-Rendering (12F88B9F-8875-4AFC-A67C-D90C383ABD29): 12
LogDevObjectVersion:   Dev-Sequencer (7B5AE74C-D270-4C10-A958-57980B212A5A): 3
LogDevObjectVersion:   Dev-VR (D7296918-1DD6-4BDD-9DE2-64A83CC13884): 0
LogDevObjectVersion:   Dev-LoadTimes (C2A15278-BFE7-4AFE-6C17-90FF531DF755): 1
LogInit: Compiled (64-bit): May 21 2017 11:02:34
LogInit: Compiled with Visual C++: 19.00.23026.00
LogInit: Build Configuration: Development
LogInit: Branch Name: ++UE4+Release-4.15
LogInit: Command line:  
LogInit: Base directory: C:/Program Files/Epic Games/UE_4.15/Engine/Binaries/Win64/
LogInit: Installed Engine Build: 1
LogInit: Presizing for max 8388607 objects, including 0 objects not considered by GC, pre-allocating 0 bytes for permanent pool.
LogInit: Object subsystem initialized
[2017.06.15-16.05.47:929][  0]LogInit: Selected Device Profile: [Windows]
[2017.06.15-16.05.47:929][  0]LogInit: Applying CVar settings loaded from the selected device profile: [Windows]
[2017.06.15-16.05.47:947][  0]LogInit: Computer: LAPTOP-RAOCS8F3
[2017.06.15-16.05.47:947][  0]LogInit: User: koru
[2017.06.15-16.05.47:947][  0]LogInit: CPU Page size=65536, Cores=4
[2017.06.15-16.05.47:947][  0]LogInit: High frequency timer resolution =2.531246 MHz
[2017.06.15-16.05.47:947][  0]LogMemory: Memory total: Physical=15.8GB (16GB approx)
[2017.06.15-16.05.47:947][  0]LogMemory: Platform Memory Stats for Windows
[2017.06.15-16.05.47:947][  0]LogMemory: Process Physical Memory: 265.13 MB used, 265.13 MB peak
[2017.06.15-16.05.47:947][  0]LogMemory: Process Virtual Memory: 262.77 MB used, 262.77 MB peak
[2017.06.15-16.05.47:947][  0]LogMemory: Physical Memory: 5182.44 MB used,  11029.34 MB free, 16211.78 MB total
[2017.06.15-16.05.47:947][  0]LogMemory: Virtual Memory: 647.25 MB used,  11029.34 MB free, 134217728.00 MB total
[2017.06.15-16.05.48:046][  0]LogTextLocalizationManager: No specific translations for ('es-PE') exist, so ('es') translations will be used.
[2017.06.15-16.05.48:496][  0]LogD3D11RHI: D3D11 adapters:
[2017.06.15-16.05.49:230][  0]LogD3D11RHI:    0. 'NVIDIA GeForce GTX 960M' (Feature Level 11_0)
[2017.06.15-16.05.49:230][  0]LogD3D11RHI:       4064/0/8105 MB DedicatedVideo/DedicatedSystem/SharedSystem, Outputs:1, VendorId:0x10de
[2017.06.15-16.05.49:239][  0]LogD3D11RHI:    1. 'Intel(R) HD Graphics 530' (Feature Level 11_0)
[2017.06.15-16.05.49:239][  0]LogD3D11RHI:       128/0/8105 MB DedicatedVideo/DedicatedSystem/SharedSystem, Outputs:0, VendorId:0x8086
[2017.06.15-16.05.49:241][  0]LogD3D11RHI:    2. 'Microsoft Basic Render Driver' (Feature Level 11_0)
[2017.06.15-16.05.49:241][  0]LogD3D11RHI:       0/0/8105 MB DedicatedVideo/DedicatedSystem/SharedSystem, Outputs:0, VendorId:0x1414
[2017.06.15-16.05.49:241][  0]LogD3D11RHI: Chosen D3D11 Adapter: 0
[2017.06.15-16.05.49:246][  0]LogD3D11RHI: Creating new Direct3DDevice
[2017.06.15-16.05.49:246][  0]LogD3D11RHI:     GPU DeviceId: 0x139b (for the marketing name, search the web for "GPU Device Id")
[2017.06.15-16.05.49:246][  0]LogWindows: EnumDisplayDevices:
[2017.06.15-16.05.49:246][  0]LogWindows:    0. 'Intel(R) HD Graphics 530' (P:1 D:1)
[2017.06.15-16.05.49:246][  0]LogWindows:    1. 'Intel(R) HD Graphics 530' (P:0 D:0)
[2017.06.15-16.05.49:247][  0]LogWindows:    2. 'Intel(R) HD Graphics 530' (P:0 D:0)
[2017.06.15-16.05.49:247][  0]LogWindows: DebugString: PrimaryIsNotTheChoosenAdapter PrimaryIsNotTheChoosenAdapter PrimaryIsNotTheChoosenAdapter FoundDriverCount:0 
[2017.06.15-16.05.49:247][  0]LogD3D11RHI:     Adapter Name: NVIDIA GeForce GTX 960M
[2017.06.15-16.05.49:247][  0]LogD3D11RHI:   Driver Version: Unknown (internal:Unknown, unified:Unknown)
[2017.06.15-16.05.49:247][  0]LogD3D11RHI:      Driver Date: Unknown
[2017.06.15-16.05.49:247][  0]LogRHI: Texture pool is 1361 MB (70% of 1945 MB)
[2017.06.15-16.05.50:010][  0]LogD3D11RHI: Async texture creation enabled
[2017.06.15-16.05.50:077][  0]LogD3D11RHI: GPU Timing Frequency: 1000.000000 (Debug: 2 1)
[2017.06.15-16.05.50:078][  0]LogShaderCompilers: Guid format shader working directory is -20 characters bigger than the processId version (../../../../../../Users/koru/Desktop/IHC/HCIProyecto/SteamProject/Intermediate/Shaders/WorkingDirectory/7500/).
[2017.06.15-16.05.50:078][  0]LogShaderCompilers: Cleaned the shader compiler working directory 'C:/Users/koru/AppData/Local/Temp/UnrealShaderWorkingDir/778899594A69A1EBA7041F83CC671AA3/'.
[2017.06.15-16.05.50:078][  0]LogShaderCompilers:Display: Using Local Shader Compiler.
[2017.06.15-16.05.51:355][  0]LogTemp:Display: Loaded TP AllDesktopTargetPlatform
[2017.06.15-16.05.51:421][  0]LogTemp:Display: Loaded TP MacClientTargetPlatform
[2017.06.15-16.05.51:482][  0]LogTemp:Display: Loaded TP MacNoEditorTargetPlatform
[2017.06.15-16.05.51:549][  0]LogTemp:Display: Loaded TP MacServerTargetPlatform
[2017.06.15-16.05.51:635][  0]LogTemp:Display: Loaded TP MacTargetPlatform
[2017.06.15-16.05.51:699][  0]LogTemp:Display: Loaded TP WindowsClientTargetPlatform
[2017.06.15-16.05.51:764][  0]LogTemp:Display: Loaded TP WindowsNoEditorTargetPlatform
[2017.06.15-16.05.51:829][  0]LogTemp:Display: Loaded TP WindowsServerTargetPlatform
[2017.06.15-16.05.51:879][  0]LogTemp:Display: Loaded TP WindowsTargetPlatform
[2017.06.15-16.05.51:948][  0]LogTemp:Display: Loaded TP AndroidTargetPlatform
[2017.06.15-16.05.52:014][  0]LogTemp:Display: Loaded TP Android_ASTCTargetPlatform
[2017.06.15-16.05.52:075][  0]LogTemp:Display: Loaded TP Android_ATCTargetPlatform
[2017.06.15-16.05.52:142][  0]LogTemp:Display: Loaded TP Android_DXTTargetPlatform
[2017.06.15-16.05.52:216][  0]LogTemp:Display: Loaded TP Android_ETC1TargetPlatform
[2017.06.15-16.05.52:288][  0]LogTemp:Display: Loaded TP Android_ETC2TargetPlatform
[2017.06.15-16.05.52:424][  0]LogTemp:Display: Loaded TP Android_MultiTargetPlatform
[2017.06.15-16.05.52:424][  0]LogTemp:Display: Loaded TP Android_PVRTCTargetPlatform
[2017.06.15-16.05.52:478][  0]LogTemp:Display: Loaded TP HTML5TargetPlatform
[2017.06.15-16.05.52:603][  0]LogTemp:Display: Loaded TP IOSTargetPlatform
[2017.06.15-16.05.52:644][  0]LogTemp:Display: Loaded TP TVOSTargetPlatform
[2017.06.15-16.05.52:705][  0]LogTemp:Display: Loaded TP LinuxClientTargetPlatform
[2017.06.15-16.05.52:763][  0]LogTemp:Display: Loaded TP LinuxNoEditorTargetPlatform
[2017.06.15-16.05.52:823][  0]LogTemp:Display: Loaded TP LinuxServerTargetPlatform
[2017.06.15-16.05.52:897][  0]LogTemp:Display: Loaded TP LinuxTargetPlatform
[2017.06.15-16.05.52:897][  0]LogTargetPlatformManager:Display: Building Assets For Windows
[2017.06.15-16.05.53:485][  0]LogDerivedDataCache:Display: Max Cache Size: 512 MB
[2017.06.15-16.05.53:549][  0]LogDerivedDataCache: Loaded boot cache 0.06s 50MB C:/Users/koru/AppData/Local/UnrealEngine/4.15/DerivedDataCache/Boot.ddc.
[2017.06.15-16.05.53:549][  0]LogDerivedDataCache:Display: Loaded Boot cache: C:/Users/koru/AppData/Local/UnrealEngine/4.15/DerivedDataCache/Boot.ddc
[2017.06.15-16.05.53:549][  0]LogDerivedDataCache: FDerivedDataBackendGraph:  Pak pak cache file ../../../../../../Users/koru/Desktop/IHC/HCIProyecto/SteamProject/DerivedDataCache/DDC.ddp not found, will not use a pak cache.
[2017.06.15-16.05.53:549][  0]LogDerivedDataCache: Unable to find inner node Pak for hierarchical cache Hierarchy.
[2017.06.15-16.05.53:549][  0]LogDerivedDataCache: FDerivedDataBackendGraph:  CompressedPak pak cache file ../../../../../../Users/koru/Desktop/IHC/HCIProyecto/SteamProject/DerivedDataCache/Compressed.ddp not found, will not use a pak cache.
[2017.06.15-16.05.53:549][  0]LogDerivedDataCache: Unable to find inner node CompressedPak for hierarchical cache Hierarchy.
[2017.06.15-16.05.53:570][  0]LogDerivedDataCache:Display: Pak cache opened for reading ../../../Engine/DerivedDataCache/Compressed.ddp.
[2017.06.15-16.05.53:581][  0]LogDerivedDataCache: Using Local data cache path C:/Users/koru/AppData/Local/UnrealEngine/Common/DerivedDataCache: Writable
[2017.06.15-16.05.53:593][  0]LogSlate: Using Freetype 2.6.0
[2017.06.15-16.05.53:594][  0]LogSlate: SlateFontCache - WITH_FREETYPE: 1, WITH_HARFBUZZ: 1
[2017.06.15-16.05.53:594][  0]LogSlate: SlateFontCache - WITH_FREETYPE: 1, WITH_HARFBUZZ: 1
[2017.06.15-16.05.53:924][  0]LogInit: Selected Device Profile: [Windows]
[2017.06.15-16.05.53:927][  0]LogContentStreaming: Texture pool size is 0.00 MB
[2017.06.15-16.05.54:168][  0]LogMeshUtilities: Using QuadricMeshReduction for automatic static mesh reduction
[2017.06.15-16.05.54:219][  0]LogSimplygon: Simplygon DLL not present - disabling.
[2017.06.15-16.05.54:273][  0]LogMeshUtilities: Using SimplygonSwarm for distributed automatic mesh merging
[2017.06.15-16.05.54:273][  0]LogMeshUtilities: No automatic skeletal mesh reduction module available
[2017.06.15-16.05.54:273][  0]LogMeshUtilities: No automatic mesh merging module available
[2017.06.15-16.05.54:908][  0]LogNetVersion: GetLocalNetworkVersion: CL: 3299760, ProjectName: steamproject, ProjectVersion: , EngineNetworkVersion: 2, GameNetworkVersion: 0, NetworkChecksum: 3119142434
[2017.06.15-16.05.54:957][  0]LogAssetRegistry: FAssetRegistry took 0.0217 seconds to start up
[2017.06.15-16.05.55:024][  0]LogPackageLocalizationCache: Processed 3 localized package path(s) for 2 prioritized culture(s) in 0.035796 seconds
[2017.06.15-16.05.55:032][  0]LogUObjectArray: 32493 objects as part of root set at end of initial load.
[2017.06.15-16.05.55:032][  0]LogUObjectAllocator: 7077032 out of 0 bytes used by permanent object pool.
[2017.06.15-16.05.55:032][  0]LogUObjectArray: CloseDisregardForGC: 0/0 objects in disregard for GC pool
[2017.06.15-16.05.57:144][  0]LogTcpMessaging: Initializing TcpMessaging bridge
[2017.06.15-16.05.57:189][  0]LogUdpMessaging: Initializing bridge on interface 0.0.0.0:0 to multicast group 230.0.0.1:6666.
[2017.06.15-16.05.57:661][  0]LogMaterial: Uniform references updated for custom material expression Custom.
[2017.06.15-16.05.58:148][  0]SourceControl: Información El control de código fuente está desactivado
[2017.06.15-16.05.58:183][  0]SourceControl: Información El control de código fuente está desactivado
[2017.06.15-16.05.58:237][  0]SourceControl: Información El control de código fuente está desactivado
[2017.06.15-16.05.58:289][  0]SourceControl: Información El control de código fuente está desactivado
[2017.06.15-16.05.59:578][  0]LogEngine: Initializing Engine...
[2017.06.15-16.05.59:579][  0]LogHMD: Failed to initialize OpenVR with code 110
[2017.06.15-16.05.59:697][  0]LogStats: UGameplayTagsManager::ConstructGameplayTagTree: Construct from data asset -  0.000 s
[2017.06.15-16.05.59:697][  0]LogStats: UGameplayTagsManager::ConstructGameplayTagTree: GameplayTagTreeChangedEvent.Broadcast -  0.000 s
[2017.06.15-16.05.59:856][  0]LogAIModule: Creating AISystem for world Untitled
[2017.06.15-16.05.59:865][  0]LogInit: XAudio2 using 'Speakers (Realtek High Definition Audio)' : 2 channels at 48 kHz using 32 bits per sample (channel mask 0x3)
[2017.06.15-16.05.59:876][  0]LogInit: FAudioDevice initialized.
[2017.06.15-16.05.59:904][  0]LogDerivedDataCache: Saved boot cache 0.03s 50MB C:/Users/koru/AppData/Local/UnrealEngine/4.15/DerivedDataCache/Boot.ddc.
[2017.06.15-16.05.59:914][  0]LogInit: Texture streaming: Enabled
[2017.06.15-16.06.00:012][  0]LogEngineSessionManager: EngineSessionManager initialized
[2017.06.15-16.06.00:113][  0]LogInit: Transaction tracking system initialized
[2017.06.15-16.06.00:585][  0]BlueprintLog: New page: Cargar el editor
[2017.06.15-16.06.01:624][  0]LocalizationService: Información Localization service is disabled
[2017.06.15-16.06.02:326][  0]LogConsoleResponse:Display: 
[2017.06.15-16.06.02:470][  0]LogCook:Display: Max memory allowance for cook 16384mb min free memory 0mb
[2017.06.15-16.06.02:470][  0]LogCook:Display: Mobile HDR setting 1
[2017.06.15-16.06.02:885][  0]LogFileCache: Scanning file cache for directory 'C:/Users/koru/Desktop/IHC/HCIProyecto/SteamProject/Content/' took 0.02s
[2017.06.15-16.06.03:574][  0]SourceControl: Información El control de código fuente está desactivado
[2017.06.15-16.06.03:574][  0]Cmd: MAP LOAD FILE="../../../../../../Users/koru/Desktop/IHC/HCIProyecto/SteamProject/Content/Maps/MainMenu.umap" TEMPLATE=0 SHOWPROGRESS=1 FEATURELEVEL=3
[2017.06.15-16.06.03:575][  0]LightingResults: New page: Diseñar la iluminación
[2017.06.15-16.06.03:621][  0]MapCheck: New page: Revisión del mapa
[2017.06.15-16.06.03:621][  0]LightingResults: New page: Diseñar la iluminación
[2017.06.15-16.06.04:401][  0]LogAIModule: Creating AISystem for world MainMenu
[2017.06.15-16.06.04:425][  0]LogEditorServer: Finished looking for orphan Actors (0.000 secs)
[2017.06.15-16.06.04:426][  0]Cmd: MAP CHECKDEP NOCLEARLOG
[2017.06.15-16.06.04:474][  0]MapCheck: Información Map check complete: 0 Error(s), 0 Warning(s), took 48.883ms to complete.
[2017.06.15-16.06.04:474][  0]LogFileHelpers: Loading map 'MainMenu' took 0.900
[2017.06.15-16.06.04:706][  0]LogCollectionManager: Loaded 0 collections in 0.001724 seconds
[2017.06.15-16.06.04:806][  0]LogFileCache: Scanning file cache for directory 'C:/Users/koru/Desktop/IHC/HCIProyecto/SteamProject/Saved/Collections/' took 0.01s
[2017.06.15-16.06.04:806][  0]LogFileCache: Scanning file cache for directory 'C:/Users/koru/Desktop/IHC/HCIProyecto/SteamProject/Content/Developers/koru/Collections/' took 0.01s
[2017.06.15-16.06.04:806][  0]LogFileCache: Scanning file cache for directory 'C:/Users/koru/Desktop/IHC/HCIProyecto/SteamProject/Content/Collections/' took 0.01s
[2017.06.15-16.06.04:806][  0]LogCollectionManager: Rebuilt the GUID cache for 0 collections in 0.000001 seconds
[2017.06.15-16.06.04:818][  0]LogContentBrowser: Native class hierarchy populated in 0.0116 seconds. Added 2245 classes and 453 folders.
[2017.06.15-16.06.04:896][  0]LogContentBrowser: Native class hierarchy updated for 'WidgetCarousel' in 0.0007 seconds. Added 0 classes and 0 folders.
[2017.06.15-16.06.04:943][  0]LogContentBrowser: Native class hierarchy updated for 'AddContentDialog' in 0.0006 seconds. Added 0 classes and 0 folders.
[2017.06.15-16.06.05:006][  0]LogContentBrowser: Native class hierarchy updated for 'SceneOutliner' in 0.0005 seconds. Added 1 classes and 2 folders.
[2017.06.15-16.06.05:082][  0]LogCrashTracker: Crashtracker disabled due to settings.
[2017.06.15-16.06.05:091][  0]LogUObjectGlobals:Warning: Error al encontrar el objeto 'Class Ninguno.'
[2017.06.15-16.06.05:175][  0]LogContentBrowser: Native class hierarchy updated for 'HierarchicalLODOutliner' in 0.0006 seconds. Added 1 classes and 2 folders.
[2017.06.15-16.06.05:176][  0]LogLoad: (Engine Initialization) Total time: 19.68 seconds
[2017.06.15-16.06.05:176][  0]LogLoad: (Engine Initialization) Total Blueprint compile time: 0.44 seconds
[2017.06.15-16.06.05:176][  0]LogExternalProfiler: Found external profiler: VSPerf
[2017.06.15-16.06.05:176][  0]LogExternalProfiler: Using external profiler: VSPerf
[2017.06.15-16.06.05:517][  0]LogOcInput: OculusInput pre-init called
[2017.06.15-16.06.05:550][  0]LogContentStreaming: Texture pool size now 1000 MB
[2017.06.15-16.06.05:552][  0]LogSlate: Took 0.000217 seconds to synchronously load lazily loaded font '../../../Engine/Content/Slate/Fonts/Roboto-Regular.ttf' (155K)
[2017.06.15-16.06.05:556][  0]LogSlate: Took 0.000231 seconds to synchronously load lazily loaded font '../../../Engine/Content/Slate/Fonts/Roboto-Bold.ttf' (160K)
[2017.06.15-16.06.05:564][  0]LogSlate: Took 0.000203 seconds to synchronously load lazily loaded font '../../../Engine/Content/Editor/Slate/Fonts/FontAwesome.ttf' (139K)
[2017.06.15-16.06.05:692][  0]LogSlate: Took 0.000146 seconds to synchronously load lazily loaded font '../../../Engine/Content/Slate/Fonts/Roboto-Light.ttf' (159K)
[2017.06.15-16.06.05:741][  0]LogRenderer: Reallocating scene render targets to support 964x436 NumSamples 1 (Frame:2).
[2017.06.15-16.06.05:848][  1]LogFileCache: Retrieving MD5 hashes for directory 'C:/Users/koru/Desktop/IHC/HCIProyecto/SteamProject/Content/' took 0.32s
[2017.06.15-16.06.06:186][  2]LogAssetRegistry: Asset discovery search completed in 11.2511 seconds
[2017.06.15-16.06.06:186][  2]LogCollectionManager: Rebuilt the object cache for 0 collections in 0.000012 seconds (found 0 objects)
[2017.06.15-16.06.06:186][  2]LogCollectionManager: Fixed up redirectors for 0 collections in 0.000028 seconds (updated 0 objects)
[2017.06.15-16.06.06:519][  3]LogSlate: Took 0.000266 seconds to synchronously load lazily loaded font '../../../Engine/Content/Slate/Fonts/Roboto-Light.ttf' (159K)
[2017.06.15-16.09.32:284][ 12]LogSlate: Took 0.000183 seconds to synchronously load lazily loaded font '../../../Engine/Content/Slate/Fonts/Roboto-Light.ttf' (159K)
[2017.06.15-16.09.32:737][ 12]LogTexture:Display: Building textures: HQ_Lightmap1_1 (AutoDXT, 512X512) - 71 MB total VRAM
[2017.06.15-16.09.32:799][ 12]LogTexture:Display: Building textures: HQ_Lightmap1_2 (AutoDXT, 64X64) - 71 MB total VRAM
[2017.06.15-16.09.32:810][ 12]LogTexture:Display: Building textures: LQ_Lightmap_1_1 (DXT1, 512X512) - 71 MB total VRAM
[2017.06.15-16.09.32:841][ 12]LogTexture:Display: Building textures: LQ_Lightmap_1_2 (DXT1, 64X64) - 71 MB total VRAM
[2017.06.15-16.09.32:851][ 12]LogTexture:Display: Building textures: ShadowMapTexture2D_2 (BGRA8, 512X256) - 71 MB total VRAM
[2017.06.15-16.09.32:858][ 12]LogTexture:Display: Building textures: ShadowMapTexture2D_3 (BGRA8, 64X32) - 71 MB total VRAM
[2017.06.15-16.09.32:923][ 12]LogMaterial: Missing cached shader map for material M_StatueGlass, compiling. 
[2017.06.15-16.09.32:924][ 12]LogTemp:Display: Added material ShaderMap 0x000002A817651280 with Material 0x000002A8792BEF80 to ShaderMapsBeingCompiled
[2017.06.15-16.09.32:980][ 12]LogTemp:Display: Kicking off shader compilation for M_StatueGlass, GameThreadShaderMap 0x000002A817651280
[2017.06.15-16.09.32:986][ 12]LogAIModule: Creating AISystem for world Minimal_Default
[2017.06.15-16.09.32:986][ 12]LogActorComponent: RegisterComponentWithWorld: (/Game/StarterContent/Maps/Minimal_Default.Minimal_Default:PersistentLevel.WorldSettings_1.StaticMeshComponent0) Trying to register component with IsPendingKill() == true. Aborting.
[2017.06.15-16.09.33:075][ 12]Cmd: MAP LOAD FILE="../../../../../../Users/koru/Desktop/IHC/HCIProyecto/SteamProject/Content/StarterContent/Maps/Minimal_Default.umap" TEMPLATE=0 SHOWPROGRESS=1 FEATURELEVEL=3
[2017.06.15-16.09.33:075][ 12]LightingResults: New page: Diseñar la iluminación
[2017.06.15-16.09.33:078][ 12]LoadErrors: New page: Cargando mapa: Minimal_Default.umap
[2017.06.15-16.09.33:078][ 12]MapCheck: New page: Revisión del mapa
[2017.06.15-16.09.33:078][ 12]LightingResults: New page: Diseñar la iluminación
[2017.06.15-16.09.33:102][ 12]LogEditorServer: Finished looking for orphan Actors (0.000 secs)
[2017.06.15-16.09.33:149][ 12]Cmd: MAP CHECKDEP NOCLEARLOG
[2017.06.15-16.09.33:217][ 12]MapCheck: Información Map check complete: 0 Error(s), 0 Warning(s), took 68.402ms to complete.
[2017.06.15-16.09.33:217][ 12]LogFileHelpers: Loading map 'Minimal_Default' took 0.143
[2017.06.15-16.10.05:785][366]LogAIModule: Creating AISystem for world MainMenu
[2017.06.15-16.10.08:803][679]LogTemp:Display: Finished compile of shader map 0x000002A817651280
[2017.06.15-16.10.08:803][679]LogTemp:Display: Shader map M_StatueGlass complete, GameThreadShaderMap 0x000002A817651280, marking material M_StatueGlass as finished
[2017.06.15-16.10.08:803][679]LogTemp:Display: Marking material as finished 0x000002A8792BEF80
[2017.06.15-16.11.18:413][417]LogSavePackage: Save=11.02ms
[2017.06.15-16.11.18:413][417]LogSavePackage: Moving '../../../../../../Users/koru/Desktop/IHC/HCIProyecto/SteamProject/Saved/MenuPrincipal2BD8F3B949E75096280309B883A44E78.tmp' to '../../../../../../Users/koru/Desktop/IHC/HCIProyecto/SteamProject/Content/Maps/MenuPrincipal.umap'
[2017.06.15-16.11.18:420][417]LogSavePackage:Display: Finished SavePackage ../../../../../../Users/koru/Desktop/IHC/HCIProyecto/SteamProject/Content/Maps/MenuPrincipal.umap
[2017.06.15-16.11.18:421][417]LogFileHelpers: Saving map 'MenuPrincipal' took 0.083
[2017.06.15-16.11.39:095][ 47]Cmd: OBJ SAVEPACKAGE PACKAGE="/Game/Maps/NewWorld" FILE="../../../../../../Users/koru/Desktop/IHC/HCIProyecto/SteamProject/Content/Maps/NewWorld.uasset" SILENT=true
[2017.06.15-16.11.39:105][ 47]LogSavePackage: Save=6.75ms
[2017.06.15-16.11.39:105][ 47]LogSavePackage: Moving '../../../../../../Users/koru/Desktop/IHC/HCIProyecto/SteamProject/Saved/NewWorld4E210F5149BD03EBEC5D94907E374D1A.tmp' to '../../../../../../Users/koru/Desktop/IHC/HCIProyecto/SteamProject/Content/Maps/NewWorld.uasset'
[2017.06.15-16.11.39:109][ 47]LogSavePackage:Display: Finished SavePackage ../../../../../../Users/koru/Desktop/IHC/HCIProyecto/SteamProject/Content/Maps/NewWorld.uasset
[2017.06.15-16.11.39:111][ 47]Cmd: MAP LOAD FILE="../../../../../../Users/koru/Desktop/IHC/HCIProyecto/SteamProject/Content/Maps/MenuPrincipal.umap" TEMPLATE=0 SHOWPROGRESS=1 FEATURELEVEL=3
[2017.06.15-16.11.39:111][ 47]LightingResults: New page: Diseñar la iluminación
[2017.06.15-16.11.39:113][ 47]LoadErrors: New page: Cargando mapa: MenuPrincipal.umap
[2017.06.15-16.11.39:114][ 47]MapCheck: New page: Revisión del mapa
[2017.06.15-16.11.39:114][ 47]LightingResults: New page: Diseñar la iluminación
[2017.06.15-16.11.39:154][ 47]LogEditorServer: Finished looking for orphan Actors (0.000 secs)
[2017.06.15-16.11.39:155][ 47]LogAIModule: Creating AISystem for world MenuPrincipal
[2017.06.15-16.11.39:159][ 47]LogSlate: Took 0.000328 seconds to synchronously load lazily loaded font '../../../Engine/Content/Slate/Fonts/Roboto-Regular.ttf' (155K)
[2017.06.15-16.11.39:204][ 47]Cmd: MAP CHECKDEP NOCLEARLOG
[2017.06.15-16.11.39:256][ 47]MapCheck: Información Map check complete: 0 Error(s), 0 Warning(s), took 51.163ms to complete.
[2017.06.15-16.11.39:257][ 47]LogFileHelpers: Loading map 'MenuPrincipal' took 0.147
[2017.06.15-16.13.37:087][984]LogContentBrowser: Native class hierarchy updated for 'BlueprintGraph' in 0.0009 seconds. Added 112 classes and 0 folders.
[2017.06.15-16.13.37:955][984]LogSlate: Took 0.004329 seconds to synchronously load lazily loaded font '../../../Engine/Content/Editor/Slate/Fonts/Roboto-BoldCondensed.ttf' (158K)
[2017.06.15-16.14.44:016][663]LogSlate: Took 0.018754 seconds to synchronously load lazily loaded font '../../../Engine/Content/Slate/Fonts/DroidSansFallback.ttf' (3848K)
[2017.06.15-16.19.16:972][555]LogSlate: Took 0.003941 seconds to synchronously load lazily loaded font '../../../Engine/Content/Slate/Fonts/Roboto-Regular.ttf' (155K)
[2017.06.15-16.19.16:980][555]LogSlate: Took 0.003233 seconds to synchronously load lazily loaded font '../../../Engine/Content/Slate/Fonts/Roboto-Bold.ttf' (160K)
[2017.06.15-16.19.16:988][555]LogSlate: Took 0.003850 seconds to synchronously load lazily loaded font '../../../Engine/Content/Editor/Slate/Fonts/FontAwesome.ttf' (139K)
[2017.06.15-16.19.16:997][555]LogSlate: Took 0.003850 seconds to synchronously load lazily loaded font '../../../Engine/Content/Slate/Fonts/Roboto-Light.ttf' (159K)
[2017.06.15-16.19.17:001][555]LogSlate: Took 0.000292 seconds to synchronously load lazily loaded font '../../../Engine/Content/Slate/Fonts/Roboto-Light.ttf' (159K)
[2017.06.15-16.19.17:012][555]LogSlate: Took 0.003606 seconds to synchronously load lazily loaded font '../../../Engine/Content/Editor/Slate/Fonts/Roboto-BoldCondensed.ttf' (158K)
[2017.06.15-16.21.17:669][602]LogSlate: Took 0.001629 seconds to synchronously load lazily loaded font '../../../Engine/Content/Slate/Fonts/DroidSansFallback.ttf' (3848K)
[2017.06.15-16.24.57:315][894]LogEditorTransaction: Undo Añadir Widget
[2017.06.15-16.24.57:753][918]LogEditorTransaction: Undo Mover Widget
[2017.06.15-16.24.58:960][989]LogEditorTransaction: Undo Mover Widget
[2017.06.15-16.27.06:745][464]LogSlate: Took 0.000214 seconds to synchronously load lazily loaded font '../../../Engine/Content/Slate/Fonts/Roboto-Light.ttf' (159K)
[2017.06.15-16.27.06:840][464]LogFileHelpers: Editor autosave (incl. sublevels) for '/Game/Maps/MenuPrincipal' took 0.034
[2017.06.15-16.27.06:845][464]OBJ SavePackage: Generating thumbnails for [0] asset(s) in package [/Game/UI/MainMenu/Menu] ([1] browsable assets)...
[2017.06.15-16.27.06:845][464]OBJ SavePackage: Finished generating thumbnails for package [/Game/UI/MainMenu/Menu]
[2017.06.15-16.27.06:870][464]LogSavePackage: Save=19.44ms
[2017.06.15-16.27.06:870][464]LogSavePackage: Moving '../../../../../../Users/koru/Desktop/IHC/HCIProyecto/SteamProject/Saved/Menu_Auto170ACC01141E783470CF7A9A97D5BDED6.tmp' to '../../../../../../Users/koru/Desktop/IHC/HCIProyecto/SteamProject/Saved/Autosaves/Game/UI/MainMenu/Menu_Auto1.uasset'
[2017.06.15-16.27.06:870][464]LogSavePackage:Display: Finished SavePackage ../../../../../../Users/koru/Desktop/IHC/HCIProyecto/SteamProject/Saved/Autosaves/Game/UI/MainMenu/Menu_Auto1.uasset
[2017.06.15-16.27.06:870][464]LogFileHelpers: Auto-saving content packages took 0.029
[2017.06.15-16.28.27:262][235]BlueprintLog: New page: Compilar Menu
[2017.06.15-16.28.28:283][283]Cmd: OBJ SAVEPACKAGE PACKAGE="/Game/UI/MainMenu/Menu" FILE="../../../../../../Users/koru/Desktop/IHC/HCIProyecto/SteamProject/Content/UI/MainMenu/Menu.uasset" SILENT=true
[2017.06.15-16.28.28:309][283]LogSavePackage: Save=22.61ms
[2017.06.15-16.28.28:309][283]LogSavePackage: Moving '../../../../../../Users/koru/Desktop/IHC/HCIProyecto/SteamProject/Saved/MenuF21C532F494C1CE298B6DBB988702D11.tmp' to '../../../../../../Users/koru/Desktop/IHC/HCIProyecto/SteamProject/Content/UI/MainMenu/Menu.uasset'
[2017.06.15-16.28.28:315][283]LogSavePackage:Display: Finished SavePackage ../../../../../../Users/koru/Desktop/IHC/HCIProyecto/SteamProject/Content/UI/MainMenu/Menu.uasset
[2017.06.15-16.28.44:525][240]LogAIModule: Creating AISystem for world MainMenu
[2017.06.15-16.28.44:547][240]Cmd: MAP LOAD FILE="../../../../../../Users/koru/Desktop/IHC/HCIProyecto/SteamProject/Content/Maps/MainMenu.umap" TEMPLATE=0 SHOWPROGRESS=1 FEATURELEVEL=3
[2017.06.15-16.28.44:547][240]LightingResults: New page: Diseñar la iluminación
[2017.06.15-16.28.44:549][240]LoadErrors: New page: Cargando mapa: MainMenu.umap
[2017.06.15-16.28.44:549][240]MapCheck: New page: Revisión del mapa
[2017.06.15-16.28.44:549][240]LightingResults: New page: Diseñar la iluminación
[2017.06.15-16.28.44:570][240]LogEditorServer: Finished looking for orphan Actors (0.000 secs)
[2017.06.15-16.28.44:604][240]Cmd: MAP CHECKDEP NOCLEARLOG
[2017.06.15-16.28.45:829][240]MapCheck: Información Map check complete: 0 Error(s), 0 Warning(s), took 1,224.982ms to complete.
[2017.06.15-16.28.45:830][240]LogFileHelpers: Loading map 'MainMenu' took 1.284
[2017.06.15-16.28.45:832][240]LogSlate: Took 0.000288 seconds to synchronously load lazily loaded font '../../../Engine/Content/Slate/Fonts/Roboto-Regular.ttf' (155K)
[2017.06.15-16.29.04:393][707]LogLinker:Warning: No puede encontrar el archivo '/Game/Assets/Environment/Materials/M_Mushroom_A_Inst'
[2017.06.15-16.29.04:393][707]LogLinker:Warning: No puede encontrar el archivo para el activo '/Game/Assets/Environment/Materials/M_Mushroom_A_Inst' mientras carga ../../../../../../Users/koru/Desktop/IHC/HCIProyecto/SteamProject/Content/ThirdPersonBP/Objects/SM_Mushroom_A.uasset.
[2017.06.15-16.29.04:393][707]LoadErrors:Error: Error /Game/ThirdPersonBP/Objects/SM_Mushroom_A : No puede encontrar el archivo para el activo. /Game/Assets/Environment/Materials/M_Mushroom_A_Inst
[2017.06.15-16.29.04:393][707]LogLinker:Warning: No puede encontrar el archivo '/Game/Assets/Environment/Materials/M_Mushroom_A_Inst'
[2017.06.15-16.29.04:393][707]LogLinker:Warning: No puede encontrar el archivo para el activo '/Game/Assets/Environment/Materials/M_Mushroom_A_Inst' mientras carga ../../../../../../Users/koru/Desktop/IHC/HCIProyecto/SteamProject/Content/ThirdPersonBP/Objects/SM_Mushroom_A.uasset.
[2017.06.15-16.29.04:408][707]LogLinker:Warning: No puede encontrar el archivo '/Game/Assets/Environment/Materials/M_Stone_Path_Inst'
[2017.06.15-16.29.04:408][707]LogLinker:Warning: No puede encontrar el archivo para el activo '/Game/Assets/Environment/Materials/M_Stone_Path_Inst' mientras carga ../../../../../../Users/koru/Desktop/IHC/HCIProyecto/SteamProject/Content/ThirdPersonBP/Objects/SM_Stone_Path_B.uasset.
[2017.06.15-16.29.04:408][707]LoadErrors:Error: Error /Game/ThirdPersonBP/Objects/SM_Stone_Path_B : No puede encontrar el archivo para el activo. /Game/Assets/Environment/Materials/M_Stone_Path_Inst
[2017.06.15-16.29.04:408][707]LogLinker:Warning: No puede encontrar el archivo '/Game/Assets/Environment/Materials/M_Stone_Path_Inst'
[2017.06.15-16.29.04:408][707]LogLinker:Warning: No puede encontrar el archivo para el activo '/Game/Assets/Environment/Materials/M_Stone_Path_Inst' mientras carga ../../../../../../Users/koru/Desktop/IHC/HCIProyecto/SteamProject/Content/ThirdPersonBP/Objects/SM_Stone_Path_B.uasset.
[2017.06.15-16.29.04:708][707]LogLinker:Warning: No puede encontrar el archivo '/Game/Assets/Environment/Materials/M_Stone_Path_Inst'
[2017.06.15-16.29.04:708][707]LoadErrors: Información Error al cargar /Game/Assets/Environment/Materials/M_Stone_Path_Inst.M_Stone_Path_Inst Referenciado por SM_Stone_Path_B
[2017.06.15-16.29.04:708][707]LogLinker:Warning: No puede encontrar el archivo para el activo '/Game/Assets/Environment/Materials/M_Stone_Path_Inst' mientras carga NULL.
[2017.06.15-16.29.04:738][707]LogLinker:Warning: No puede encontrar el archivo '/Game/Assets/Environment/Materials/M_Mushroom_A_Inst'
[2017.06.15-16.29.04:738][707]LoadErrors: Información Error al cargar /Game/Assets/Environment/Materials/M_Mushroom_A_Inst.M_Mushroom_A_Inst Referenciado por SM_Mushroom_A
[2017.06.15-16.29.04:739][707]LogLinker:Warning: No puede encontrar el archivo para el activo '/Game/Assets/Environment/Materials/M_Mushroom_A_Inst' mientras carga NULL.
[2017.06.15-16.29.08:204][877]LogSlate: Took 0.004577 seconds to synchronously load lazily loaded font '../../../Engine/Content/Editor/Slate/Fonts/Roboto-Italic.ttf' (157K)
[2017.06.15-16.35.19:801][998]BlueprintLog: New page: Compilar MainMenu
[2017.06.15-16.35.32:072][667]LogTemp: Repeting last play command: Standalone Game
[2017.06.15-16.35.32:329][667]LogSavePackage: Save=100.70ms
[2017.06.15-16.35.32:329][667]LogSavePackage: Moving '../../../../../../Users/koru/Desktop/IHC/HCIProyecto/SteamProject/Saved/UEDPCMainMenuFD5C6D1C4C9FFD977FBF278F93F5D124.tmp' to '../../../../../../Users/koru/Desktop/IHC/HCIProyecto/SteamProject/Saved/Autosaves/Game/Maps/UEDPCMainMenu.umap'
[2017.06.15-16.35.32:331][667]LogSavePackage:Display: Finished SavePackage ../../../../../../Users/koru/Desktop/IHC/HCIProyecto/SteamProject/Saved/Autosaves/Game/Maps/UEDPCMainMenu.umap
[2017.06.15-16.35.32:342][667]LogEditorTransaction: Undo Spawn Play From Here Start
[2017.06.15-16.37.04:250][412]LogUObjectHash:Warning: Ambiguous search, could be VerticalBox /Game/UI/MainMenu/Menu.Menu:WidgetTree.VerticalBox_98 or VerticalBox /Engine/Transient.World_10:Menu_C_4.WidgetTree.VerticalBox_98
[2017.06.15-16.37.04:250][412]LogUObjectHash:Warning: Ambiguous search, could be VerticalBox /Game/UI/MainMenu/Menu.Menu:WidgetTree.VerticalBox_98 or VerticalBox /Engine/Transient.World_10:Menu_C_3.WidgetTree.VerticalBox_98
[2017.06.15-16.37.04:250][412]LogUObjectHash:Warning: Ambiguous search, could be VerticalBox /Game/UI/MainMenu/Menu.Menu:WidgetTree.VerticalBox_98 or VerticalBox /Game/UI/MainMenu/Menu.Menu_C:WidgetTree.VerticalBox_98
[2017.06.15-16.37.04:250][412]LogUObjectHash:Warning: Ambiguous search, could be VerticalBox /Game/UI/MainMenu/Menu.Menu:WidgetTree.VerticalBox_98 or VerticalBox /Engine/Transient.World_10:Menu_C_2.WidgetTree.VerticalBox_98
[2017.06.15-16.37.04:250][412]LogUObjectHash:Warning: Ambiguous search, could be VerticalBox /Game/UI/MainMenu/Menu.Menu:WidgetTree.VerticalBox_98 or VerticalBox /Engine/Transient.World_10:Menu_C_1.WidgetTree.VerticalBox_98
[2017.06.15-16.37.04:250][412]LogProperty:Warning: Illegal TEXT reference to a private object in external package (VerticalBoxSlot /Game/UI/MainMenu/Menu.Menu:WidgetTree.VerticalBox_98.VerticalBoxSlot_1) from referencer (Button /Engine/UMG/Editor/Transient.Button_998).  Import failed...
[2017.06.15-16.37.04:250][412]LogProperty:Warning: ObjectProperty /Script/UMG.Widget:Slot: unresolved reference to 'VerticalBoxSlot'VerticalBox_98.VerticalBoxSlot_1''
[2017.06.15-16.37.10:452][749]LogEditorTransaction: Undo Mover Widget
[2017.06.15-16.38.37:574][732]BlueprintLog: New page: Compilar Menu
[2017.06.15-16.39.06:497][ 14]LogSavePackage: Save=131.08ms
[2017.06.15-16.39.06:497][ 14]LogSavePackage: Moving '../../../../../../Users/koru/Desktop/IHC/HCIProyecto/SteamProject/Saved/MainMenu_Auto250925F144BA078E3B86BB49365B5B11F.tmp' to '../../../../../../Users/koru/Desktop/IHC/HCIProyecto/SteamProject/Saved/Autosaves/Game/Maps/MainMenu_Auto2.umap'
[2017.06.15-16.39.06:500][ 14]LogSavePackage:Display: Finished SavePackage ../../../../../../Users/koru/Desktop/IHC/HCIProyecto/SteamProject/Saved/Autosaves/Game/Maps/MainMenu_Auto2.umap
[2017.06.15-16.39.06:509][ 14]LogFileHelpers: Editor autosave (incl. sublevels) for '/Game/Maps/MainMenu' took 0.183
[2017.06.15-16.39.06:509][ 14]LogFileHelpers: Editor autosave (incl. sublevels) for all levels took 0.183
[2017.06.15-16.39.06:513][ 14]OBJ SavePackage: Generating thumbnails for [0] asset(s) in package [/Game/UI/MainMenu/Menu] ([1] browsable assets)...
[2017.06.15-16.39.06:513][ 14]OBJ SavePackage: Finished generating thumbnails for package [/Game/UI/MainMenu/Menu]
[2017.06.15-16.39.06:539][ 14]LogSavePackage: Save=14.44ms
[2017.06.15-16.39.06:539][ 14]LogSavePackage: Moving '../../../../../../Users/koru/Desktop/IHC/HCIProyecto/SteamProject/Saved/Menu_Auto2E7C9F5F6415B0AA43A74FCB960B863AD.tmp' to '../../../../../../Users/koru/Desktop/IHC/HCIProyecto/SteamProject/Saved/Autosaves/Game/UI/MainMenu/Menu_Auto2.uasset'
[2017.06.15-16.39.06:540][ 14]LogSavePackage:Display: Finished SavePackage ../../../../../../Users/koru/Desktop/IHC/HCIProyecto/SteamProject/Saved/Autosaves/Game/UI/MainMenu/Menu_Auto2.uasset
[2017.06.15-16.39.06:540][ 14]LogFileHelpers: Auto-saving content packages took 0.029
[2017.06.15-16.40.06:807][443]BlueprintLog: New page: Compilar Menu
[2017.06.15-16.40.07:679][487]Cmd: OBJ SAVEPACKAGE PACKAGE="/Game/UI/MainMenu/Menu" FILE="../../../../../../Users/koru/Desktop/IHC/HCIProyecto/SteamProject/Content/UI/MainMenu/Menu.uasset" SILENT=true
[2017.06.15-16.40.07:701][487]LogSavePackage: Save=16.39ms
[2017.06.15-16.40.07:701][487]LogSavePackage: Moving '../../../../../../Users/koru/Desktop/IHC/HCIProyecto/SteamProject/Saved/Menu5299BC774D8A7B7A73F447A69D1591C0.tmp' to '../../../../../../Users/koru/Desktop/IHC/HCIProyecto/SteamProject/Content/UI/MainMenu/Menu.uasset'
[2017.06.15-16.40.07:709][487]LogSavePackage:Display: Finished SavePackage ../../../../../../Users/koru/Desktop/IHC/HCIProyecto/SteamProject/Content/UI/MainMenu/Menu.uasset
[2017.06.15-16.40.17:765][817]LogTemp: Repeting last play command: Standalone Game
[2017.06.15-16.40.18:007][817]LogSavePackage: Save=104.77ms
[2017.06.15-16.40.18:007][817]LogSavePackage: Moving '../../../../../../Users/koru/Desktop/IHC/HCIProyecto/SteamProject/Saved/UEDPCMainMenu1A23FF1C4D4E1B9EF58DE1B5A9F5131B.tmp' to '../../../../../../Users/koru/Desktop/IHC/HCIProyecto/SteamProject/Saved/Autosaves/Game/Maps/UEDPCMainMenu.umap'
[2017.06.15-16.40.18:009][817]LogSavePackage:Display: Finished SavePackage ../../../../../../Users/koru/Desktop/IHC/HCIProyecto/SteamProject/Saved/Autosaves/Game/Maps/UEDPCMainMenu.umap
[2017.06.15-16.40.18:024][817]LogEditorTransaction: Undo Spawn Play From Here Start
[2017.06.15-16.44.27:337][203]BlueprintLog: New page: Compilar Menu
[2017.06.15-16.44.28:439][260]Cmd: OBJ SAVEPACKAGE PACKAGE="/Game/UI/MainMenu/Menu" FILE="../../../../../../Users/koru/Desktop/IHC/HCIProyecto/SteamProject/Content/UI/MainMenu/Menu.uasset" SILENT=true
[2017.06.15-16.44.28:473][260]LogSavePackage: Save=19.49ms
[2017.06.15-16.44.28:473][260]LogSavePackage: Moving '../../../../../../Users/koru/Desktop/IHC/HCIProyecto/SteamProject/Saved/Menu285A684B416BF34BEB337A84D963BC58.tmp' to '../../../../../../Users/koru/Desktop/IHC/HCIProyecto/SteamProject/Content/UI/MainMenu/Menu.uasset'
[2017.06.15-16.44.28:476][260]LogSavePackage:Display: Finished SavePackage ../../../../../../Users/koru/Desktop/IHC/HCIProyecto/SteamProject/Content/UI/MainMenu/Menu.uasset
[2017.06.15-16.44.33:665][568]LogTemp: Repeting last play command: Standalone Game
[2017.06.15-16.44.33:908][568]LogSavePackage: Save=102.47ms
[2017.06.15-16.44.33:908][568]LogSavePackage: Moving '../../../../../../Users/koru/Desktop/IHC/HCIProyecto/SteamProject/Saved/UEDPCMainMenu3B3557D74E8039D19B7C28AED32A2BEC.tmp' to '../../../../../../Users/koru/Desktop/IHC/HCIProyecto/SteamProject/Saved/Autosaves/Game/Maps/UEDPCMainMenu.umap'
[2017.06.15-16.44.33:910][568]LogSavePackage:Display: Finished SavePackage ../../../../../../Users/koru/Desktop/IHC/HCIProyecto/SteamProject/Saved/Autosaves/Game/Maps/UEDPCMainMenu.umap
[2017.06.15-16.44.33:923][568]LogEditorTransaction: Undo Spawn Play From Here Start
[2017.06.15-16.45.50:518][820]LogAIModule: Creating AISystem for world MenuPrincipal
[2017.06.15-16.45.52:683][820]Cmd: OBJ SAVEPACKAGE PACKAGE="/Game/Maps/MainMenu" FILE="../../../../../../Users/koru/Desktop/IHC/HCIProyecto/SteamProject/Content/Maps/MainMenu.umap" SILENT=true AUTOSAVING=false KEEPDIRTY=false
[2017.06.15-16.45.52:812][820]LogSavePackage: Save=102.68ms
[2017.06.15-16.45.52:812][820]LogSavePackage: Moving '../../../../../../Users/koru/Desktop/IHC/HCIProyecto/SteamProject/Saved/MainMenuC48CF41241F9569012CD27A2165D6B0E.tmp' to '../../../../../../Users/koru/Desktop/IHC/HCIProyecto/SteamProject/Content/Maps/MainMenu.umap'
[2017.06.15-16.45.52:819][820]LogSavePackage:Display: Finished SavePackage ../../../../../../Users/koru/Desktop/IHC/HCIProyecto/SteamProject/Content/Maps/MainMenu.umap
[2017.06.15-16.45.52:854][820]LogFileHelpers: Saving map 'MainMenu' took 0.227
[2017.06.15-16.45.52:856][820]Cmd: MAP LOAD FILE="../../../../../../Users/koru/Desktop/IHC/HCIProyecto/SteamProject/Content/Maps/MenuPrincipal.umap" TEMPLATE=0 SHOWPROGRESS=1 FEATURELEVEL=3
[2017.06.15-16.45.52:856][820]LightingResults: New page: Diseñar la iluminación
[2017.06.15-16.45.52:858][820]LoadErrors: New page: Cargando mapa: MenuPrincipal.umap
[2017.06.15-16.45.52:896][820]MapCheck: New page: Revisión del mapa
[2017.06.15-16.45.52:896][820]LightingResults: New page: Diseñar la iluminación
[2017.06.15-16.45.52:918][820]LogEditorServer: Finished looking for orphan Actors (0.000 secs)
[2017.06.15-16.45.52:950][820]Cmd: MAP CHECKDEP NOCLEARLOG
[2017.06.15-16.45.53:004][820]MapCheck: Información Map check complete: 0 Error(s), 0 Warning(s), took 53.935ms to complete.
[2017.06.15-16.45.53:004][820]LogFileHelpers: Loading map 'MenuPrincipal' took 0.150
[2017.06.15-16.45.54:476][900]Cmd: MAP LOAD FILE="../../../../../../Users/koru/Desktop/IHC/HCIProyecto/SteamProject/Content/Maps/MenuPrincipal.umap" TEMPLATE=0 SHOWPROGRESS=1 FEATURELEVEL=3
[2017.06.15-16.45.54:476][900]LightingResults: New page: Diseñar la iluminación
[2017.06.15-16.45.54:478][900]LoadErrors: New page: Cargando mapa: MenuPrincipal.umap
[2017.06.15-16.45.54:478][900]MapCheck: New page: Revisión del mapa
[2017.06.15-16.45.54:478][900]LightingResults: New page: Diseñar la iluminación
[2017.06.15-16.45.54:496][900]LogAIModule: Creating AISystem for world MenuPrincipal
[2017.06.15-16.45.54:498][900]LogEditorServer: Finished looking for orphan Actors (0.000 secs)
[2017.06.15-16.45.54:539][900]Cmd: MAP CHECKDEP NOCLEARLOG
[2017.06.15-16.45.54:591][900]MapCheck: Información Map check complete: 0 Error(s), 0 Warning(s), took 52.289ms to complete.
[2017.06.15-16.45.54:592][900]LogFileHelpers: Loading map 'MenuPrincipal' took 0.118
[2017.06.15-16.47.41:427][864]LogSlate:Warning: Prevented a slow task dialog from being summoned while a context menu was open
[2017.06.15-16.49.36:749][ 22]BlueprintLog: New page: Compilar Menu
[2017.06.15-16.49.37:475][ 57]Cmd: OBJ SAVEPACKAGE PACKAGE="/Game/UI/MainMenu/Menu" FILE="../../../../../../Users/koru/Desktop/IHC/HCIProyecto/SteamProject/Content/UI/MainMenu/Menu.uasset" SILENT=true
[2017.06.15-16.49.37:510][ 57]LogSavePackage: Save=20.60ms
[2017.06.15-16.49.37:510][ 57]LogSavePackage: Moving '../../../../../../Users/koru/Desktop/IHC/HCIProyecto/SteamProject/Saved/MenuC2FBA46D46EC1F32144890AB9CB31C88.tmp' to '../../../../../../Users/koru/Desktop/IHC/HCIProyecto/SteamProject/Content/UI/MainMenu/Menu.uasset'
[2017.06.15-16.49.37:513][ 57]LogSavePackage:Display: Finished SavePackage ../../../../../../Users/koru/Desktop/IHC/HCIProyecto/SteamProject/Content/UI/MainMenu/Menu.uasset
[2017.06.15-16.49.39:632][152]LogTemp: Repeting last play command: Standalone Game
[2017.06.15-16.49.39:789][152]LogSavePackage: Save=12.82ms
[2017.06.15-16.49.39:789][152]LogSavePackage: Moving '../../../../../../Users/koru/Desktop/IHC/HCIProyecto/SteamProject/Saved/UEDPCMenuPrincipal3AB933284D4565E57753299B29E64D50.tmp' to '../../../../../../Users/koru/Desktop/IHC/HCIProyecto/SteamProject/Saved/Autosaves/Game/Maps/UEDPCMenuPrincipal.umap'
[2017.06.15-16.49.39:790][152]LogSavePackage:Display: Finished SavePackage ../../../../../../Users/koru/Desktop/IHC/HCIProyecto/SteamProject/Saved/Autosaves/Game/Maps/UEDPCMenuPrincipal.umap
[2017.06.15-16.49.39:803][152]LogEditorTransaction: Undo Spawn Play From Here Start
[2017.06.15-16.50.48:879][545]LogTemp: Repeting last play command: Standalone Game
[2017.06.15-16.50.49:063][545]LogSavePackage: Save=13.48ms
[2017.06.15-16.50.49:063][545]LogSavePackage: Moving '../../../../../../Users/koru/Desktop/IHC/HCIProyecto/SteamProject/Saved/UEDPCMenuPrincipal502E40A94A99E1959F1D819DFA18CB9C.tmp' to '../../../../../../Users/koru/Desktop/IHC/HCIProyecto/SteamProject/Saved/Autosaves/Game/Maps/UEDPCMenuPrincipal.umap'
[2017.06.15-16.50.49:065][545]LogSavePackage:Display: Finished SavePackage ../../../../../../Users/koru/Desktop/IHC/HCIProyecto/SteamProject/Saved/Autosaves/Game/Maps/UEDPCMenuPrincipal.umap
[2017.06.15-16.50.49:079][545]LogEditorTransaction: Undo Spawn Play From Here Start
[2017.06.15-16.51.43:635][794]Cmd: OBJ SAVEPACKAGE PACKAGE="/Game/UI/MainMenu/Menu" FILE="../../../../../../Users/koru/Desktop/IHC/HCIProyecto/SteamProject/Content/UI/MainMenu/Menu.uasset" SILENT=true
[2017.06.15-16.51.43:661][794]LogSavePackage: Save=17.13ms
[2017.06.15-16.51.43:661][794]LogSavePackage: Moving '../../../../../../Users/koru/Desktop/IHC/HCIProyecto/SteamProject/Saved/Menu61EF1E074E1A799FE8E5D5896564B4DA.tmp' to '../../../../../../Users/koru/Desktop/IHC/HCIProyecto/SteamProject/Content/UI/MainMenu/Menu.uasset'
[2017.06.15-16.51.43:665][794]LogSavePackage:Display: Finished SavePackage ../../../../../../Users/koru/Desktop/IHC/HCIProyecto/SteamProject/Content/UI/MainMenu/Menu.uasset
[2017.06.15-16.51.48:914][103]Cmd: MAP LOAD FILE="../../../../../../Users/koru/Desktop/IHC/HCIProyecto/SteamProject/Content/Maps/MenuPrincipal.umap" TEMPLATE=0 SHOWPROGRESS=1 FEATURELEVEL=3
[2017.06.15-16.51.48:914][103]LightingResults: New page: Diseñar la iluminación
[2017.06.15-16.51.48:916][103]LoadErrors: New page: Cargando mapa: MenuPrincipal.umap
[2017.06.15-16.51.48:916][103]MapCheck: New page: Revisión del mapa
[2017.06.15-16.51.48:916][103]LightingResults: New page: Diseñar la iluminación
[2017.06.15-16.51.48:935][103]LogAIModule: Creating AISystem for world MenuPrincipal
[2017.06.15-16.51.48:937][103]LogEditorServer: Finished looking for orphan Actors (0.000 secs)
[2017.06.15-16.51.48:973][103]Cmd: MAP CHECKDEP NOCLEARLOG
[2017.06.15-16.51.49:029][103]MapCheck: Información Map check complete: 0 Error(s), 0 Warning(s), took 55.806ms to complete.
[2017.06.15-16.51.49:029][103]LogFileHelpers: Loading map 'MenuPrincipal' took 0.117
[2017.06.15-16.51.50:992][213]Cmd: MAP LOAD FILE="../../../../../../Users/koru/Desktop/IHC/HCIProyecto/SteamProject/Content/Maps/MenuPrincipal.umap" TEMPLATE=0 SHOWPROGRESS=1 FEATURELEVEL=3
[2017.06.15-16.51.50:992][213]LightingResults: New page: Diseñar la iluminación
[2017.06.15-16.51.50:995][213]LoadErrors: New page: Cargando mapa: MenuPrincipal.umap
[2017.06.15-16.51.50:995][213]MapCheck: New page: Revisión del mapa
[2017.06.15-16.51.50:995][213]LightingResults: New page: Diseñar la iluminación
[2017.06.15-16.51.51:017][213]LogAIModule: Creating AISystem for world MenuPrincipal
[2017.06.15-16.51.51:019][213]LogEditorServer: Finished looking for orphan Actors (0.000 secs)
[2017.06.15-16.51.51:055][213]Cmd: MAP CHECKDEP NOCLEARLOG
[2017.06.15-16.51.51:107][213]MapCheck: Información Map check complete: 0 Error(s), 0 Warning(s), took 51.884ms to complete.
[2017.06.15-16.51.51:108][213]LogFileHelpers: Loading map 'MenuPrincipal' took 0.116
[2017.06.15-16.52.31:954][593]BlueprintLog: New page: Compilar Menu
[2017.06.15-16.52.33:821][676]LogTemp: Repeting last play command: Standalone Game
[2017.06.15-16.52.35:608][676]Cmd: OBJ SAVEPACKAGE PACKAGE="/Game/UI/MainMenu/Menu" FILE="../../../../../../Users/koru/Desktop/IHC/HCIProyecto/SteamProject/Content/UI/MainMenu/Menu.uasset" SILENT=true
[2017.06.15-16.52.35:633][676]LogSavePackage: Save=17.82ms
[2017.06.15-16.52.35:633][676]LogSavePackage: Moving '../../../../../../Users/koru/Desktop/IHC/HCIProyecto/SteamProject/Saved/Menu8CC4106E4250AC88546CCE8D137667A4.tmp' to '../../../../../../Users/koru/Desktop/IHC/HCIProyecto/SteamProject/Content/UI/MainMenu/Menu.uasset'
[2017.06.15-16.52.35:636][676]LogSavePackage:Display: Finished SavePackage ../../../../../../Users/koru/Desktop/IHC/HCIProyecto/SteamProject/Content/UI/MainMenu/Menu.uasset
[2017.06.15-16.52.35:697][676]LogSavePackage: Save=13.66ms
[2017.06.15-16.52.35:697][676]LogSavePackage: Moving '../../../../../../Users/koru/Desktop/IHC/HCIProyecto/SteamProject/Saved/UEDPCMenuPrincipalA5A1C6EF404650587F5B03A93E049784.tmp' to '../../../../../../Users/koru/Desktop/IHC/HCIProyecto/SteamProject/Saved/Autosaves/Game/Maps/UEDPCMenuPrincipal.umap'
[2017.06.15-16.52.35:699][676]LogSavePackage:Display: Finished SavePackage ../../../../../../Users/koru/Desktop/IHC/HCIProyecto/SteamProject/Saved/Autosaves/Game/Maps/UEDPCMenuPrincipal.umap
[2017.06.15-16.52.35:711][676]LogEditorTransaction: Undo Spawn Play From Here Start
[2017.06.15-16.53.00:428][627]BlueprintLog: New page: Compilar Menu
[2017.06.15-16.53.01:086][673]Cmd: OBJ SAVEPACKAGE PACKAGE="/Game/UI/MainMenu/Menu" FILE="../../../../../../Users/koru/Desktop/IHC/HCIProyecto/SteamProject/Content/UI/MainMenu/Menu.uasset" SILENT=true
[2017.06.15-16.53.01:108][673]LogSavePackage: Save=15.77ms
[2017.06.15-16.53.01:108][673]LogSavePackage: Moving '../../../../../../Users/koru/Desktop/IHC/HCIProyecto/SteamProject/Saved/MenuE2ADB7EA4DAC02D38EEE10A2BDFA0F02.tmp' to '../../../../../../Users/koru/Desktop/IHC/HCIProyecto/SteamProject/Content/UI/MainMenu/Menu.uasset'
[2017.06.15-16.53.01:112][673]LogSavePackage:Display: Finished SavePackage ../../../../../../Users/koru/Desktop/IHC/HCIProyecto/SteamProject/Content/UI/MainMenu/Menu.uasset
[2017.06.15-16.53.02:744][808]LogTemp: Repeting last play command: Standalone Game
[2017.06.15-16.53.02:885][808]LogSavePackage: Save=14.11ms
[2017.06.15-16.53.02:885][808]LogSavePackage: Moving '../../../../../../Users/koru/Desktop/IHC/HCIProyecto/SteamProject/Saved/UEDPCMenuPrincipal02B616D34E0219B0CDB868AA40C274EA.tmp' to '../../../../../../Users/koru/Desktop/IHC/HCIProyecto/SteamProject/Saved/Autosaves/Game/Maps/UEDPCMenuPrincipal.umap'
[2017.06.15-16.53.02:887][808]LogSavePackage:Display: Finished SavePackage ../../../../../../Users/koru/Desktop/IHC/HCIProyecto/SteamProject/Saved/Autosaves/Game/Maps/UEDPCMenuPrincipal.umap
[2017.06.15-16.53.02:898][808]LogEditorTransaction: Undo Spawn Play From Here Start
[2017.06.15-16.53.24:259][609]LogAIModule: Creating AISystem for world MainMenu
[2017.06.15-16.53.24:281][609]Cmd: MAP LOAD FILE="../../../../../../Users/koru/Desktop/IHC/HCIProyecto/SteamProject/Content/Maps/MainMenu.umap" TEMPLATE=0 SHOWPROGRESS=1 FEATURELEVEL=3
[2017.06.15-16.53.24:281][609]LightingResults: New page: Diseñar la iluminación
[2017.06.15-16.53.24:283][609]LoadErrors: New page: Cargando mapa: MainMenu.umap
[2017.06.15-16.53.24:283][609]MapCheck: New page: Revisión del mapa
[2017.06.15-16.53.24:283][609]LightingResults: New page: Diseñar la iluminación
[2017.06.15-16.53.24:301][609]LogEditorServer: Finished looking for orphan Actors (0.000 secs)
[2017.06.15-16.53.24:337][609]Cmd: MAP CHECKDEP NOCLEARLOG
[2017.06.15-16.53.24:396][609]MapCheck: Información Map check complete: 0 Error(s), 0 Warning(s), took 58.165ms to complete.
[2017.06.15-16.53.24:396][609]LogFileHelpers: Loading map 'MainMenu' took 0.116
[2017.06.15-16.53.26:432][814]LogTemp: Repeting last play command: Standalone Game
[2017.06.15-16.53.26:667][814]LogSavePackage: Save=100.65ms
[2017.06.15-16.53.26:667][814]LogSavePackage: Moving '../../../../../../Users/koru/Desktop/IHC/HCIProyecto/SteamProject/Saved/UEDPCMainMenu95FD60FF47949E321CF60B83950454FD.tmp' to '../../../../../../Users/koru/Desktop/IHC/HCIProyecto/SteamProject/Saved/Autosaves/Game/Maps/UEDPCMainMenu.umap'
[2017.06.15-16.53.26:669][814]LogSavePackage:Display: Finished SavePackage ../../../../../../Users/koru/Desktop/IHC/HCIProyecto/SteamProject/Saved/Autosaves/Game/Maps/UEDPCMainMenu.umap
[2017.06.15-16.53.26:680][814]LogEditorTransaction: Undo Spawn Play From Here Start
[2017.06.15-16.55.55:852][689]LogSlate:Warning: Prevented a slow task dialog from being summoned while a context menu was open
[2017.06.15-16.58.11:832][263]BlueprintLog: New page: Compilar Menu
[2017.06.15-16.58.12:530][315]Cmd: OBJ SAVEPACKAGE PACKAGE="/Game/UI/MainMenu/Menu" FILE="../../../../../../Users/koru/Desktop/IHC/HCIProyecto/SteamProject/Content/UI/MainMenu/Menu.uasset" SILENT=true
[2017.06.15-16.58.12:564][315]LogSavePackage: Save=19.51ms
[2017.06.15-16.58.12:564][315]LogSavePackage: Moving '../../../../../../Users/koru/Desktop/IHC/HCIProyecto/SteamProject/Saved/Menu9D19B07C40B7031525A526B88C5DACE3.tmp' to '../../../../../../Users/koru/Desktop/IHC/HCIProyecto/SteamProject/Content/UI/MainMenu/Menu.uasset'
[2017.06.15-16.58.12:568][315]LogSavePackage:Display: Finished SavePackage ../../../../../../Users/koru/Desktop/IHC/HCIProyecto/SteamProject/Content/UI/MainMenu/Menu.uasset
[2017.06.15-16.58.14:480][445]LogTemp: Repeting last play command: Standalone Game
[2017.06.15-16.58.14:728][445]LogSavePackage: Save=102.40ms
[2017.06.15-16.58.14:728][445]LogSavePackage: Moving '../../../../../../Users/koru/Desktop/IHC/HCIProyecto/SteamProject/Saved/UEDPCMainMenuCF8184F643E6589327270B96B5045F1C.tmp' to '../../../../../../Users/koru/Desktop/IHC/HCIProyecto/SteamProject/Saved/Autosaves/Game/Maps/UEDPCMainMenu.umap'
[2017.06.15-16.58.14:730][445]LogSavePackage:Display: Finished SavePackage ../../../../../../Users/koru/Desktop/IHC/HCIProyecto/SteamProject/Saved/Autosaves/Game/Maps/UEDPCMainMenu.umap
[2017.06.15-16.58.14:741][445]LogEditorTransaction: Undo Spawn Play From Here Start
[2017.06.15-17.01.14:484][123]LogSlate:Warning: Prevented a slow task dialog from being summoned while a context menu was open
[2017.06.15-17.01.28:016][564]BlueprintLog: New page: Compilar MainMenu
[2017.06.15-17.01.30:769][819]LogTemp: Repeting last play command: Standalone Game
[2017.06.15-17.01.32:449][819]Cmd: OBJ SAVEPACKAGE PACKAGE="/Game/UI/MainMenu/MainMenu" FILE="../../../../../../Users/koru/Desktop/IHC/HCIProyecto/SteamProject/Content/UI/MainMenu/MainMenu.uasset" SILENT=true
[2017.06.15-17.01.32:488][819]LogSavePackage: Save=25.92ms
[2017.06.15-17.01.32:488][819]LogSavePackage: Moving '../../../../../../Users/koru/Desktop/IHC/HCIProyecto/SteamProject/Saved/MainMenuB397DC3343355751863C67BD2EEDDCB9.tmp' to '../../../../../../Users/koru/Desktop/IHC/HCIProyecto/SteamProject/Content/UI/MainMenu/MainMenu.uasset'
[2017.06.15-17.01.32:492][819]LogSavePackage:Display: Finished SavePackage ../../../../../../Users/koru/Desktop/IHC/HCIProyecto/SteamProject/Content/UI/MainMenu/MainMenu.uasset
[2017.06.15-17.01.32:651][819]LogSavePackage: Save=101.53ms
[2017.06.15-17.01.32:651][819]LogSavePackage: Moving '../../../../../../Users/koru/Desktop/IHC/HCIProyecto/SteamProject/Saved/UEDPCMainMenu3061B05D4363D880455FF2B605A44225.tmp' to '../../../../../../Users/koru/Desktop/IHC/HCIProyecto/SteamProject/Saved/Autosaves/Game/Maps/UEDPCMainMenu.umap'
[2017.06.15-17.01.32:653][819]LogSavePackage:Display: Finished SavePackage ../../../../../../Users/koru/Desktop/IHC/HCIProyecto/SteamProject/Saved/Autosaves/Game/Maps/UEDPCMainMenu.umap
[2017.06.15-17.01.32:666][819]LogEditorTransaction: Undo Spawn Play From Here Start
[2017.06.15-17.03.24:465][751]LogFileHelpers: Editor autosave (incl. sublevels) for '/Game/Maps/MainMenu' took 0.019
[2017.06.15-17.03.24:466][751]OBJ SavePackage: Generating thumbnails for [0] asset(s) in package [/Game/UI/MainMenu/Menu] ([1] browsable assets)...
[2017.06.15-17.03.24:466][751]OBJ SavePackage: Finished generating thumbnails for package [/Game/UI/MainMenu/Menu]
[2017.06.15-17.03.24:495][751]LogSavePackage: Save=16.68ms
[2017.06.15-17.03.24:495][751]LogSavePackage: Moving '../../../../../../Users/koru/Desktop/IHC/HCIProyecto/SteamProject/Saved/Menu_Auto359BF9E424577DA33D86E8097BCB70C44.tmp' to '../../../../../../Users/koru/Desktop/IHC/HCIProyecto/SteamProject/Saved/Autosaves/Game/UI/MainMenu/Menu_Auto3.uasset'
[2017.06.15-17.03.24:497][751]LogSavePackage:Display: Finished SavePackage ../../../../../../Users/koru/Desktop/IHC/HCIProyecto/SteamProject/Saved/Autosaves/Game/UI/MainMenu/Menu_Auto3.uasset
[2017.06.15-17.03.24:497][751]LogFileHelpers: Auto-saving content packages took 0.031
[2017.06.15-17.04.55:921][998]LogEditorViewport: Clicking Background
[2017.06.15-17.05.07:797][997]LogTemp: Repeting last play command: Standalone Game
[2017.06.15-17.05.42:002][997]LogEditorTransaction: Undo Spawn Play From Here Start
[2017.06.15-17.05.52:298][ 34]BlueprintLog: New page: Compilar Menu
[2017.06.15-17.05.53:201][113]Cmd: OBJ SAVEPACKAGE PACKAGE="/Game/UI/MainMenu/Menu" FILE="../../../../../../Users/koru/Desktop/IHC/HCIProyecto/SteamProject/Content/UI/MainMenu/Menu.uasset" SILENT=true
[2017.06.15-17.05.53:229][113]LogSavePackage: Save=18.43ms
[2017.06.15-17.05.53:229][113]LogSavePackage: Moving '../../../../../../Users/koru/Desktop/IHC/HCIProyecto/SteamProject/Saved/MenuE2A711EE462A9484CD6624AF014006E2.tmp' to '../../../../../../Users/koru/Desktop/IHC/HCIProyecto/SteamProject/Content/UI/MainMenu/Menu.uasset'
[2017.06.15-17.05.53:233][113]LogSavePackage:Display: Finished SavePackage ../../../../../../Users/koru/Desktop/IHC/HCIProyecto/SteamProject/Content/UI/MainMenu/Menu.uasset
[2017.06.15-17.05.54:635][257]LogTemp: Repeting last play command: Standalone Game
[2017.06.15-17.05.54:875][257]LogSavePackage: Save=107.13ms
[2017.06.15-17.05.54:875][257]LogSavePackage: Moving '../../../../../../Users/koru/Desktop/IHC/HCIProyecto/SteamProject/Saved/UEDPCMainMenu56CEC1AD44819F05BBA90DA331B116C5.tmp' to '../../../../../../Users/koru/Desktop/IHC/HCIProyecto/SteamProject/Saved/Autosaves/Game/Maps/UEDPCMainMenu.umap'
[2017.06.15-17.05.54:877][257]LogSavePackage:Display: Finished SavePackage ../../../../../../Users/koru/Desktop/IHC/HCIProyecto/SteamProject/Saved/Autosaves/Game/Maps/UEDPCMainMenu.umap
[2017.06.15-17.05.54:888][257]LogEditorTransaction: Undo Spawn Play From Here Start
[2017.06.15-17.06.30:943][360]LogLinker:Warning: No puede encontrar el archivo '/Game/ThirdPersonBP/Maps/ThirdPersonExampleMap_BuiltData'
[2017.06.15-17.06.30:943][360]LogLinker:Warning: No puede encontrar el archivo para el activo '/Game/ThirdPersonBP/Maps/ThirdPersonExampleMap_BuiltData' mientras carga ../../../../../../Users/koru/Desktop/IHC/HCIProyecto/SteamProject/Content/ThirdPersonBP/Maps/ThirdPersonExampleMap.umap.
[2017.06.15-17.06.30:943][360]LoadErrors:Error: Error /Game/ThirdPersonBP/Maps/ThirdPersonExampleMap : No puede encontrar el archivo para el activo. /Game/ThirdPersonBP/Maps/ThirdPersonExampleMap_BuiltData
[2017.06.15-17.06.30:953][360]LogLinker:Warning: No puede encontrar el archivo '/Game/M_Orzelek_Assets/Assets/Free/CastleTower/T_CastleTower'
[2017.06.15-17.06.30:953][360]LogLinker:Warning: No puede encontrar el archivo para el activo '/Game/M_Orzelek_Assets/Assets/Free/CastleTower/T_CastleTower' mientras carga ../../../../../../Users/koru/Desktop/IHC/HCIProyecto/SteamProject/Content/ThirdPersonBP/Objects/CastleTower/UE4/M_Orzelek_Assets/Assets/Free/CastleTower/M_CastleTower.uasset.
[2017.06.15-17.06.30:953][360]LoadErrors:Error: Error /Game/ThirdPersonBP/Objects/CastleTower/UE4/M_Orzelek_Assets/Assets/Free/CastleTower/M_CastleTower : No puede encontrar el archivo para el activo. /Game/M_Orzelek_Assets/Assets/Free/CastleTower/T_CastleTower
[2017.06.15-17.06.30:953][360]LogLinker:Warning: No puede encontrar el archivo '/Game/M_Orzelek_Assets/Assets/Free/CastleTower/T_CastleTower_Mask'
[2017.06.15-17.06.30:953][360]LogLinker:Warning: No puede encontrar el archivo para el activo '/Game/M_Orzelek_Assets/Assets/Free/CastleTower/T_CastleTower_Mask' mientras carga ../../../../../../Users/koru/Desktop/IHC/HCIProyecto/SteamProject/Content/ThirdPersonBP/Objects/CastleTower/UE4/M_Orzelek_Assets/Assets/Free/CastleTower/M_CastleTower.uasset.
[2017.06.15-17.06.30:953][360]LoadErrors:Error: Error /Game/ThirdPersonBP/Objects/CastleTower/UE4/M_Orzelek_Assets/Assets/Free/CastleTower/M_CastleTower : No puede encontrar el archivo para el activo. /Game/M_Orzelek_Assets/Assets/Free/CastleTower/T_CastleTower_Mask
[2017.06.15-17.06.30:953][360]LogLinker:Warning: No puede encontrar el archivo '/Game/M_Orzelek_Assets/Assets/Free/CastleTower/T_CastleTower_Norm'
[2017.06.15-17.06.30:953][360]LogLinker:Warning: No puede encontrar el archivo para el activo '/Game/M_Orzelek_Assets/Assets/Free/CastleTower/T_CastleTower_Norm' mientras carga ../../../../../../Users/koru/Desktop/IHC/HCIProyecto/SteamProject/Content/ThirdPersonBP/Objects/CastleTower/UE4/M_Orzelek_Assets/Assets/Free/CastleTower/M_CastleTower.uasset.
[2017.06.15-17.06.30:953][360]LoadErrors:Error: Error /Game/ThirdPersonBP/Objects/CastleTower/UE4/M_Orzelek_Assets/Assets/Free/CastleTower/M_CastleTower : No puede encontrar el archivo para el activo. /Game/M_Orzelek_Assets/Assets/Free/CastleTower/T_CastleTower_Norm
[2017.06.15-17.06.30:953][360]LogLinker:Warning: No puede encontrar el archivo '/Game/M_Orzelek_Assets/Assets/Free/CastleTower/T_CastleTower'
[2017.06.15-17.06.30:954][360]LogLinker:Warning: No puede encontrar el archivo para el activo '/Game/M_Orzelek_Assets/Assets/Free/CastleTower/T_CastleTower' mientras carga ../../../../../../Users/koru/Desktop/IHC/HCIProyecto/SteamProject/Content/ThirdPersonBP/Objects/CastleTower/UE4/M_Orzelek_Assets/Assets/Free/CastleTower/M_CastleTower.uasset.
[2017.06.15-17.06.30:954][360]LogLinker:Warning: No puede encontrar el archivo '/Game/M_Orzelek_Assets/Assets/Free/CastleTower/T_CastleTower_Mask'
[2017.06.15-17.06.30:954][360]LogLinker:Warning: No puede encontrar el archivo para el activo '/Game/M_Orzelek_Assets/Assets/Free/CastleTower/T_CastleTower_Mask' mientras carga ../../../../../../Users/koru/Desktop/IHC/HCIProyecto/SteamProject/Content/ThirdPersonBP/Objects/CastleTower/UE4/M_Orzelek_Assets/Assets/Free/CastleTower/M_CastleTower.uasset.
[2017.06.15-17.06.30:954][360]LogLinker:Warning: No puede encontrar el archivo '/Game/M_Orzelek_Assets/Assets/Free/CastleTower/T_CastleTower_Norm'
[2017.06.15-17.06.30:954][360]LogLinker:Warning: No puede encontrar el archivo para el activo '/Game/M_Orzelek_Assets/Assets/Free/CastleTower/T_CastleTower_Norm' mientras carga ../../../../../../Users/koru/Desktop/IHC/HCIProyecto/SteamProject/Content/ThirdPersonBP/Objects/CastleTower/UE4/M_Orzelek_Assets/Assets/Free/CastleTower/M_CastleTower.uasset.
[2017.06.15-17.06.31:002][360]LogLinker:Warning: No puede encontrar el archivo '/Game/ThirdPersonBP/Maps/ThirdPersonExampleMap_BuiltData'
[2017.06.15-17.06.31:002][360]LogLinker:Warning: No puede encontrar el archivo para el activo '/Game/ThirdPersonBP/Maps/ThirdPersonExampleMap_BuiltData' mientras carga ../../../../../../Users/koru/Desktop/IHC/HCIProyecto/SteamProject/Content/ThirdPersonBP/Maps/ThirdPersonExampleMap.umap.
[2017.06.15-17.06.31:002][360]LogLinker:Warning: No puede encontrar el archivo '/Game/M_Orzelek_Assets/Assets/Free/WoodenTable/M_WoodenTable'
[2017.06.15-17.06.31:003][360]LogLinker:Warning: No puede encontrar el archivo para el activo '/Game/M_Orzelek_Assets/Assets/Free/WoodenTable/M_WoodenTable' mientras carga ../../../../../../Users/koru/Desktop/IHC/HCIProyecto/SteamProject/Content/ThirdPersonBP/Objects/014_WoodenTable/WoodenTable/UE4/M_Orzelek_Assets/Assets/Free/WoodenTable/SM_TableWooden.uasset.
[2017.06.15-17.06.31:003][360]LoadErrors:Error: Error /Game/ThirdPersonBP/Objects/014_WoodenTable/WoodenTable/UE4/M_Orzelek_Assets/Assets/Free/WoodenTable/SM_TableWooden : No puede encontrar el archivo para el activo. /Game/M_Orzelek_Assets/Assets/Free/WoodenTable/M_WoodenTable
[2017.06.15-17.06.31:003][360]LogLinker:Warning: No puede encontrar el archivo '/Game/M_Orzelek_Assets/Assets/Free/WoodenTable/M_WoodenTable'
[2017.06.15-17.06.31:003][360]LogLinker:Warning: No puede encontrar el archivo para el activo '/Game/M_Orzelek_Assets/Assets/Free/WoodenTable/M_WoodenTable' mientras carga ../../../../../../Users/koru/Desktop/IHC/HCIProyecto/SteamProject/Content/ThirdPersonBP/Objects/014_WoodenTable/WoodenTable/UE4/M_Orzelek_Assets/Assets/Free/WoodenTable/SM_TableWooden.uasset.
[2017.06.15-17.06.31:004][360]LogLinker:Warning: No puede encontrar el archivo '/Game/M_Orzelek_Assets/Assets/Free/CastleTower/M_CastleTower'
[2017.06.15-17.06.31:004][360]LogLinker:Warning: No puede encontrar el archivo para el activo '/Game/M_Orzelek_Assets/Assets/Free/CastleTower/M_CastleTower' mientras carga ../../../../../../Users/koru/Desktop/IHC/HCIProyecto/SteamProject/Content/ThirdPersonBP/Objects/CastleTower/UE4/M_Orzelek_Assets/Assets/Free/CastleTower/SM_CastleTower_S1.uasset.
[2017.06.15-17.06.31:004][360]LoadErrors:Error: Error /Game/ThirdPersonBP/Objects/CastleTower/UE4/M_Orzelek_Assets/Assets/Free/CastleTower/SM_CastleTower_S1 : No puede encontrar el archivo para el activo. /Game/M_Orzelek_Assets/Assets/Free/CastleTower/M_CastleTower
[2017.06.15-17.06.31:004][360]LogLinker:Warning: No puede encontrar el archivo '/Game/M_Orzelek_Assets/Assets/Free/CastleTower/M_CastleTower'
[2017.06.15-17.06.31:004][360]LogLinker:Warning: No puede encontrar el archivo para el activo '/Game/M_Orzelek_Assets/Assets/Free/CastleTower/M_CastleTower' mientras carga ../../../../../../Users/koru/Desktop/IHC/HCIProyecto/SteamProject/Content/ThirdPersonBP/Objects/CastleTower/UE4/M_Orzelek_Assets/Assets/Free/CastleTower/SM_CastleTower_S1.uasset.
[2017.06.15-17.06.31:006][360]LogLinker:Warning: No puede encontrar el archivo '/Game/ThirdPersonBP/Maps/ThirdPersonExampleMap_BuiltData'
[2017.06.15-17.06.31:006][360]LogLinker:Warning: No puede encontrar el archivo para el activo '/Game/ThirdPersonBP/Maps/ThirdPersonExampleMap_BuiltData' mientras carga NULL.
[2017.06.15-17.06.31:006][360]LogLinker:Warning: No puede encontrar el archivo '/Game/ThirdPersonBP/Maps/ThirdPersonExampleMap_BuiltData'
[2017.06.15-17.06.31:006][360]LogLinker:Warning: No puede encontrar el archivo para el activo '/Game/ThirdPersonBP/Maps/ThirdPersonExampleMap_BuiltData' mientras carga NULL.
[2017.06.15-17.06.31:012][360]LogLinker:Warning: No puede encontrar el archivo '/Game/M_Orzelek_Assets/Assets/Free/CastleTower/T_CastleTower'
[2017.06.15-17.06.31:012][360]LoadErrors: Información Error al cargar /Game/M_Orzelek_Assets/Assets/Free/CastleTower/T_CastleTower.T_CastleTower Referenciado por MaterialExpressionTextureSample_0
[2017.06.15-17.06.31:012][360]LogLinker:Warning: No puede encontrar el archivo para el activo '/Game/M_Orzelek_Assets/Assets/Free/CastleTower/T_CastleTower' mientras carga NULL.
[2017.06.15-17.06.31:012][360]LogLinker:Warning: No puede encontrar el archivo '/Game/M_Orzelek_Assets/Assets/Free/CastleTower/T_CastleTower_Mask'
[2017.06.15-17.06.31:012][360]LoadErrors: Información Error al cargar /Game/M_Orzelek_Assets/Assets/Free/CastleTower/T_CastleTower_Mask.T_CastleTower_Mask Referenciado por MaterialExpressionTextureSample_1
[2017.06.15-17.06.31:012][360]LogLinker:Warning: No puede encontrar el archivo para el activo '/Game/M_Orzelek_Assets/Assets/Free/CastleTower/T_CastleTower_Mask' mientras carga NULL.
[2017.06.15-17.06.31:013][360]LogLinker:Warning: No puede encontrar el archivo '/Game/M_Orzelek_Assets/Assets/Free/CastleTower/T_CastleTower_Norm'
[2017.06.15-17.06.31:013][360]LoadErrors: Información Error al cargar /Game/M_Orzelek_Assets/Assets/Free/CastleTower/T_CastleTower_Norm.T_CastleTower_Norm Referenciado por MaterialExpressionTextureSample_2
[2017.06.15-17.06.31:013][360]LogLinker:Warning: No puede encontrar el archivo para el activo '/Game/M_Orzelek_Assets/Assets/Free/CastleTower/T_CastleTower_Norm' mientras carga NULL.
[2017.06.15-17.06.31:014][360]LogLinker:Warning: No puede encontrar el archivo '/Game/M_Orzelek_Assets/Assets/Free/WoodenTable/M_WoodenTable'
[2017.06.15-17.06.31:014][360]LoadErrors: Información Error al cargar /Game/M_Orzelek_Assets/Assets/Free/WoodenTable/M_WoodenTable.M_WoodenTable Referenciado por SM_TableWooden
[2017.06.15-17.06.31:014][360]LogLinker:Warning: No puede encontrar el archivo para el activo '/Game/M_Orzelek_Assets/Assets/Free/WoodenTable/M_WoodenTable' mientras carga NULL.
[2017.06.15-17.06.31:014][360]LogLinker:Warning: No puede encontrar el archivo '/Game/ThirdPersonBP/Maps/ThirdPersonExampleMap_BuiltData'
[2017.06.15-17.06.31:015][360]LoadErrors: Información Error al cargar /Game/ThirdPersonBP/Maps/ThirdPersonExampleMap_BuiltData.ThirdPersonExampleMap_BuiltData Referenciado por PersistentLevel
[2017.06.15-17.06.31:015][360]LogLinker:Warning: No puede encontrar el archivo para el activo '/Game/ThirdPersonBP/Maps/ThirdPersonExampleMap_BuiltData' mientras carga NULL.
[2017.06.15-17.06.31:022][360]LogLinker:Warning: No puede encontrar el archivo '/Game/M_Orzelek_Assets/Assets/Free/CastleTower/M_CastleTower'
[2017.06.15-17.06.31:022][360]LoadErrors: Información Error al cargar /Game/M_Orzelek_Assets/Assets/Free/CastleTower/M_CastleTower.M_CastleTower Referenciado por SM_CastleTower_S1
[2017.06.15-17.06.31:023][360]LogLinker:Warning: No puede encontrar el archivo para el activo '/Game/M_Orzelek_Assets/Assets/Free/CastleTower/M_CastleTower' mientras carga NULL.
[2017.06.15-17.06.31:060][360]LogMaterial: Missing cached shader map for material M_CastleTower, compiling. 
[2017.06.15-17.06.31:060][360]LogMaterial:Warning: Failed to compile Material /Game/ThirdPersonBP/Objects/CastleTower/UE4/M_Orzelek_Assets/Assets/Free/CastleTower/M_CastleTower.M_CastleTower for platform PCD3D_SM5, Default Material will be used in game.
[2017.06.15-17.06.31:060][360]LogMaterial:Warning: 	(Node TextureSample) TextureSample> Missing input texture
[2017.06.15-17.06.31:130][360]LogAIModule: Creating AISystem for world ThirdPersonExampleMap
[2017.06.15-17.06.31:165][360]Cmd: MAP LOAD FILE="../../../../../../Users/koru/Desktop/IHC/HCIProyecto/SteamProject/Content/ThirdPersonBP/Maps/ThirdPersonExampleMap.umap" TEMPLATE=0 SHOWPROGRESS=1 FEATURELEVEL=3
[2017.06.15-17.06.31:165][360]LightingResults: New page: Diseñar la iluminación
[2017.06.15-17.06.31:167][360]LoadErrors: New page: Cargando mapa: ThirdPersonExampleMap.umap
[2017.06.15-17.06.31:168][360]MapCheck: New page: Revisión del mapa
[2017.06.15-17.06.31:168][360]LightingResults: New page: Diseñar la iluminación
[2017.06.15-17.06.31:200][360]LogEditorServer: Finished looking for orphan Actors (0.000 secs)
[2017.06.15-17.06.31:236][360]Cmd: MAP CHECKDEP NOCLEARLOG
[2017.06.15-17.06.31:299][360]MapCheck: Información Map check complete: 0 Error(s), 0 Warning(s), took 63.656ms to complete.
[2017.06.15-17.06.31:299][360]LogFileHelpers: Loading map 'ThirdPersonExampleMap' took 0.136
[2017.06.15-17.07.20:225][969]LogTemp: Repeting last play command: Standalone Game
[2017.06.15-17.07.20:564][969]LogSavePackage: Save=139.38ms
[2017.06.15-17.07.20:564][969]LogSavePackage: Moving '../../../../../../Users/koru/Desktop/IHC/HCIProyecto/SteamProject/Saved/UEDPCThirdPersonExampleMapEF73EBDA4E47836677A394BBA92F7A90.tmp' to '../../../../../../Users/koru/Desktop/IHC/HCIProyecto/SteamProject/Saved/Autosaves/Game/ThirdPersonBP/Maps/UEDPCThirdPersonExampleMap.umap'
[2017.06.15-17.07.20:566][969]LogSavePackage:Display: Finished SavePackage ../../../../../../Users/koru/Desktop/IHC/HCIProyecto/SteamProject/Saved/Autosaves/Game/ThirdPersonBP/Maps/UEDPCThirdPersonExampleMap.umap
[2017.06.15-17.07.20:577][969]LogEditorTransaction: Undo Spawn Play From Here Start
[2017.06.15-17.12.09:058][723]Cmd: OBJ SAVEPACKAGE PACKAGE="/Game/UI/MainMenu/Menu" FILE="../../../../../../Users/koru/Desktop/IHC/HCIProyecto/SteamProject/Content/UI/MainMenu/Menu.uasset" SILENT=true
[2017.06.15-17.12.09:093][723]LogSavePackage: Save=20.65ms
[2017.06.15-17.12.09:094][723]LogSavePackage: Moving '../../../../../../Users/koru/Desktop/IHC/HCIProyecto/SteamProject/Saved/MenuA5847309409E09DBB616709D899A3EC3.tmp' to '../../../../../../Users/koru/Desktop/IHC/HCIProyecto/SteamProject/Content/UI/MainMenu/Menu.uasset'
[2017.06.15-17.12.09:097][723]LogSavePackage:Display: Finished SavePackage ../../../../../../Users/koru/Desktop/IHC/HCIProyecto/SteamProject/Content/UI/MainMenu/Menu.uasset
[2017.06.15-17.12.11:004][866]BlueprintLog: New page: Compilar Menu
[2017.06.15-17.12.32:026][ 17]LogMaterial: Missing cached shader map for material Material_0, compiling. 
[2017.06.15-17.12.32:027][ 17]LogTemp:Display: Added material ShaderMap 0x000002A8A9F21600 with Material 0x000002A811BDF280 to ShaderMapsBeingCompiled
[2017.06.15-17.12.32:077][ 17]LogTemp:Display: Kicking off shader compilation for Material_0, GameThreadShaderMap 0x000002A8A9F21600
[2017.06.15-17.12.32:102][ 18]LogMaterial: Missing cached shader map for material Material_1, compiling. 
[2017.06.15-17.12.32:103][ 18]LogTemp:Display: Added material ShaderMap 0x000002A84B4F5280 with Material 0x000002A811BDD180 to ShaderMapsBeingCompiled
[2017.06.15-17.12.32:143][ 18]LogTemp:Display: Kicking off shader compilation for Material_1, GameThreadShaderMap 0x000002A84B4F5280
[2017.06.15-17.12.32:157][ 19]LogMaterial: Missing cached shader map for material Material_2, compiling. 
[2017.06.15-17.12.32:158][ 19]LogTemp:Display: Added material ShaderMap 0x000002A870538100 with Material 0x000002A812776980 to ShaderMapsBeingCompiled
[2017.06.15-17.12.32:186][ 19]LogTemp:Display: Kicking off shader compilation for Material_2, GameThreadShaderMap 0x000002A870538100
[2017.06.15-17.12.32:199][ 20]LogMaterial: Missing cached shader map for material Material_3, compiling. 
[2017.06.15-17.12.32:200][ 20]LogTemp:Display: Added material ShaderMap 0x000002A84B43EB00 with Material 0x000002A812776800 to ShaderMapsBeingCompiled
[2017.06.15-17.12.32:227][ 20]LogTemp:Display: Kicking off shader compilation for Material_3, GameThreadShaderMap 0x000002A84B43EB00
[2017.06.15-17.12.35:671][285]LogTemp:Display: Finished compile of shader map 0x000002A8A9F21600
[2017.06.15-17.12.35:671][285]LogTemp:Display: Shader map Material_0 complete, GameThreadShaderMap 0x000002A8A9F21600, marking material Material_0 as finished
[2017.06.15-17.12.35:671][285]LogTemp:Display: Marking material as finished 0x000002A811BDF280
[2017.06.15-17.12.36:961][387]LogAIModule: Creating AISystem for world MenuPrincipal
[2017.06.15-17.12.36:998][387]Cmd: MAP LOAD FILE="../../../../../../Users/koru/Desktop/IHC/HCIProyecto/SteamProject/Content/Maps/MenuPrincipal.umap" TEMPLATE=0 SHOWPROGRESS=1 FEATURELEVEL=3
[2017.06.15-17.12.36:998][387]LightingResults: New page: Diseñar la iluminación
[2017.06.15-17.12.37:000][387]LoadErrors: New page: Cargando mapa: MenuPrincipal.umap
[2017.06.15-17.12.37:001][387]MapCheck: New page: Revisión del mapa
[2017.06.15-17.12.37:002][387]LightingResults: New page: Diseñar la iluminación
[2017.06.15-17.12.37:032][387]LogEditorServer: Finished looking for orphan Actors (0.000 secs)
[2017.06.15-17.12.37:079][387]Cmd: MAP CHECKDEP NOCLEARLOG
[2017.06.15-17.12.37:161][387]MapCheck: Información Map check complete: 0 Error(s), 0 Warning(s), took 81.533ms to complete.
[2017.06.15-17.12.37:161][387]LogFileHelpers: Loading map 'MenuPrincipal' took 0.164
[2017.06.15-17.12.38:123][469]LogTemp:Display: Finished compile of shader map 0x000002A84B4F5280
[2017.06.15-17.12.38:123][469]LogTemp:Display: Shader map Material_1 complete, GameThreadShaderMap 0x000002A84B4F5280, marking material Material_1 as finished
[2017.06.15-17.12.38:123][469]LogTemp:Display: Marking material as finished 0x000002A811BDD180
[2017.06.15-17.12.38:501][504]LogTemp: Repeting last play command: Standalone Game
[2017.06.15-17.12.38:706][504]LogSavePackage: Save=17.83ms
[2017.06.15-17.12.38:706][504]LogSavePackage: Moving '../../../../../../Users/koru/Desktop/IHC/HCIProyecto/SteamProject/Saved/UEDPCMenuPrincipal191420FF4F85E6B8E640D3A3D9FB480D.tmp' to '../../../../../../Users/koru/Desktop/IHC/HCIProyecto/SteamProject/Saved/Autosaves/Game/Maps/UEDPCMenuPrincipal.umap'
[2017.06.15-17.12.38:708][504]LogSavePackage:Display: Finished SavePackage ../../../../../../Users/koru/Desktop/IHC/HCIProyecto/SteamProject/Saved/Autosaves/Game/Maps/UEDPCMenuPrincipal.umap
[2017.06.15-17.12.38:719][504]LogEditorTransaction: Undo Spawn Play From Here Start
[2017.06.15-17.12.40:311][665]LogTemp:Display: Finished compile of shader map 0x000002A870538100
[2017.06.15-17.12.40:311][665]LogTemp:Display: Shader map Material_2 complete, GameThreadShaderMap 0x000002A870538100, marking material Material_2 as finished
[2017.06.15-17.12.40:311][665]LogTemp:Display: Marking material as finished 0x000002A812776980
[2017.06.15-17.12.41:595][814]LogTemp:Display: Finished compile of shader map 0x000002A84B43EB00
[2017.06.15-17.12.41:595][814]LogTemp:Display: Shader map Material_3 complete, GameThreadShaderMap 0x000002A84B43EB00, marking material Material_3 as finished
[2017.06.15-17.12.41:595][814]LogTemp:Display: Marking material as finished 0x000002A812776800
[2017.06.15-17.13.25:042][129]Cmd: MAP LOAD FILE="../../../../../../Users/koru/Desktop/IHC/HCIProyecto/SteamProject/Content/Maps/MenuPrincipal.umap" TEMPLATE=0 SHOWPROGRESS=1 FEATURELEVEL=3
[2017.06.15-17.13.25:042][129]LightingResults: New page: Diseñar la iluminación
[2017.06.15-17.13.25:044][129]LoadErrors: New page: Cargando mapa: MenuPrincipal.umap
[2017.06.15-17.13.25:044][129]MapCheck: New page: Revisión del mapa
[2017.06.15-17.13.25:044][129]LightingResults: New page: Diseñar la iluminación
[2017.06.15-17.13.25:063][129]LogAIModule: Creating AISystem for world MenuPrincipal
[2017.06.15-17.13.25:066][129]LogEditorServer: Finished looking for orphan Actors (0.000 secs)
[2017.06.15-17.13.25:103][129]Cmd: MAP CHECKDEP NOCLEARLOG
[2017.06.15-17.13.25:159][129]MapCheck: Información Map check complete: 0 Error(s), 0 Warning(s), took 55.712ms to complete.
[2017.06.15-17.13.25:160][129]LogFileHelpers: Loading map 'MenuPrincipal' took 0.119
[2017.06.15-17.13.26:723][288]LogAIModule: Creating AISystem for world MainMenu
[2017.06.15-17.13.26:749][288]Cmd: MAP LOAD FILE="../../../../../../Users/koru/Desktop/IHC/HCIProyecto/SteamProject/Content/Maps/MainMenu.umap" TEMPLATE=0 SHOWPROGRESS=1 FEATURELEVEL=3
[2017.06.15-17.13.26:749][288]LightingResults: New page: Diseñar la iluminación
[2017.06.15-17.13.26:750][288]LoadErrors: New page: Cargando mapa: MainMenu.umap
[2017.06.15-17.13.26:751][288]MapCheck: New page: Revisión del mapa
[2017.06.15-17.13.26:751][288]LightingResults: New page: Diseñar la iluminación
[2017.06.15-17.13.26:768][288]LogEditorServer: Finished looking for orphan Actors (0.000 secs)
[2017.06.15-17.13.26:801][288]Cmd: MAP CHECKDEP NOCLEARLOG
[2017.06.15-17.13.26:855][288]MapCheck: Información Map check complete: 0 Error(s), 0 Warning(s), took 53.93ms to complete.
[2017.06.15-17.13.26:855][288]LogFileHelpers: Loading map 'MainMenu' took 0.108
[2017.06.15-17.13.28:058][414]LogTemp: Repeting last play command: Standalone Game
[2017.06.15-17.13.28:306][414]LogSavePackage: Save=104.00ms
[2017.06.15-17.13.28:306][414]LogSavePackage: Moving '../../../../../../Users/koru/Desktop/IHC/HCIProyecto/SteamProject/Saved/UEDPCMainMenu6BE67B5F4B00334576F19BB8DCEDE12D.tmp' to '../../../../../../Users/koru/Desktop/IHC/HCIProyecto/SteamProject/Saved/Autosaves/Game/Maps/UEDPCMainMenu.umap'
[2017.06.15-17.13.28:308][414]LogSavePackage:Display: Finished SavePackage ../../../../../../Users/koru/Desktop/IHC/HCIProyecto/SteamProject/Saved/Autosaves/Game/Maps/UEDPCMainMenu.umap
[2017.06.15-17.13.28:320][414]LogEditorTransaction: Undo Spawn Play From Here Start
[2017.06.15-17.15.05:421][910]LogAIModule: Creating AISystem for world MenuPrincipal
[2017.06.15-17.15.06:723][ 58]Cmd: MAP LOAD FILE="../../../../../../Users/koru/Desktop/IHC/HCIProyecto/SteamProject/Content/Maps/MenuPrincipal.umap" TEMPLATE=0 SHOWPROGRESS=1 FEATURELEVEL=3
[2017.06.15-17.15.06:723][ 58]LightingResults: New page: Diseñar la iluminación
[2017.06.15-17.15.06:725][ 58]LoadErrors: New page: Cargando mapa: MenuPrincipal.umap
[2017.06.15-17.15.06:725][ 58]MapCheck: New page: Revisión del mapa
[2017.06.15-17.15.06:725][ 58]LightingResults: New page: Diseñar la iluminación
[2017.06.15-17.15.06:744][ 58]LogEditorServer: Finished looking for orphan Actors (0.000 secs)
[2017.06.15-17.15.06:794][ 58]Cmd: MAP CHECKDEP NOCLEARLOG
[2017.06.15-17.15.06:850][ 58]MapCheck: Información Map check complete: 0 Error(s), 0 Warning(s), took 55.881ms to complete.
[2017.06.15-17.15.06:851][ 58]LogFileHelpers: Loading map 'MenuPrincipal' took 0.128
[2017.06.15-17.15.41:109][428]Cmd: OBJ SAVEPACKAGE PACKAGE="/Game/UI/MainMenu/Menu" FILE="../../../../../../Users/koru/Desktop/IHC/HCIProyecto/SteamProject/Content/UI/MainMenu/Menu.uasset" SILENT=true
[2017.06.15-17.15.41:137][428]LogSavePackage: Save=18.80ms
[2017.06.15-17.15.41:137][428]LogSavePackage: Moving '../../../../../../Users/koru/Desktop/IHC/HCIProyecto/SteamProject/Saved/Menu0B5669D348E67B8701EC68B25DFF9EA8.tmp' to '../../../../../../Users/koru/Desktop/IHC/HCIProyecto/SteamProject/Content/UI/MainMenu/Menu.uasset'
[2017.06.15-17.15.41:140][428]LogSavePackage:Display: Finished SavePackage ../../../../../../Users/koru/Desktop/IHC/HCIProyecto/SteamProject/Content/UI/MainMenu/Menu.uasset
[2017.06.15-17.15.41:699][482]BlueprintLog: New page: Compilar Menu
[2017.06.15-17.15.44:226][663]LogTemp: Repeting last play command: Standalone Game
[2017.06.15-17.15.44:372][663]LogSavePackage: Save=13.53ms
[2017.06.15-17.15.44:372][663]LogSavePackage: Moving '../../../../../../Users/koru/Desktop/IHC/HCIProyecto/SteamProject/Saved/UEDPCMenuPrincipal1C32AD974280AF4A1EB6B09331B70720.tmp' to '../../../../../../Users/koru/Desktop/IHC/HCIProyecto/SteamProject/Saved/Autosaves/Game/Maps/UEDPCMenuPrincipal.umap'
[2017.06.15-17.15.44:374][663]LogSavePackage:Display: Finished SavePackage ../../../../../../Users/koru/Desktop/IHC/HCIProyecto/SteamProject/Saved/Autosaves/Game/Maps/UEDPCMenuPrincipal.umap
[2017.06.15-17.15.44:386][663]LogEditorTransaction: Undo Spawn Play From Here Start
[2017.06.15-17.16.06:121][545]LogAIModule: Creating AISystem for world MainMenu
[2017.06.15-17.16.06:143][545]Cmd: MAP LOAD FILE="../../../../../../Users/koru/Desktop/IHC/HCIProyecto/SteamProject/Content/Maps/MainMenu.umap" TEMPLATE=0 SHOWPROGRESS=1 FEATURELEVEL=3
[2017.06.15-17.16.06:143][545]LightingResults: New page: Diseñar la iluminación
[2017.06.15-17.16.06:145][545]LoadErrors: New page: Cargando mapa: MainMenu.umap
[2017.06.15-17.16.06:146][545]MapCheck: New page: Revisión del mapa
[2017.06.15-17.16.06:146][545]LightingResults: New page: Diseñar la iluminación
[2017.06.15-17.16.06:166][545]LogEditorServer: Finished looking for orphan Actors (0.000 secs)
[2017.06.15-17.16.06:199][545]Cmd: MAP CHECKDEP NOCLEARLOG
[2017.06.15-17.16.06:254][545]MapCheck: Información Map check complete: 0 Error(s), 0 Warning(s), took 54.817ms to complete.
[2017.06.15-17.16.06:254][545]LogFileHelpers: Loading map 'MainMenu' took 0.111
[2017.06.15-17.16.07:371][648]LogTemp: Repeting last play command: Standalone Game
[2017.06.15-17.16.07:610][648]LogSavePackage: Save=101.32ms
[2017.06.15-17.16.07:610][648]LogSavePackage: Moving '../../../../../../Users/koru/Desktop/IHC/HCIProyecto/SteamProject/Saved/UEDPCMainMenu4BA1375E4EBB93CD3AA2508474C2885E.tmp' to '../../../../../../Users/koru/Desktop/IHC/HCIProyecto/SteamProject/Saved/Autosaves/Game/Maps/UEDPCMainMenu.umap'
[2017.06.15-17.16.07:611][648]LogSavePackage:Display: Finished SavePackage ../../../../../../Users/koru/Desktop/IHC/HCIProyecto/SteamProject/Saved/Autosaves/Game/Maps/UEDPCMainMenu.umap
[2017.06.15-17.16.07:622][648]LogEditorTransaction: Undo Spawn Play From Here Start
[2017.06.15-17.18.35:727][768]BlueprintLog: New page: Compilar Menu
[2017.06.15-17.18.36:760][853]Cmd: OBJ SAVEPACKAGE PACKAGE="/Game/UI/MainMenu/Menu" FILE="../../../../../../Users/koru/Desktop/IHC/HCIProyecto/SteamProject/Content/UI/MainMenu/Menu.uasset" SILENT=true
[2017.06.15-17.18.36:793][853]LogSavePackage: Save=18.85ms
[2017.06.15-17.18.36:793][853]LogSavePackage: Moving '../../../../../../Users/koru/Desktop/IHC/HCIProyecto/SteamProject/Saved/Menu4E539C404965DD2E14CC2D8FBB289056.tmp' to '../../../../../../Users/koru/Desktop/IHC/HCIProyecto/SteamProject/Content/UI/MainMenu/Menu.uasset'
[2017.06.15-17.18.36:797][853]LogSavePackage:Display: Finished SavePackage ../../../../../../Users/koru/Desktop/IHC/HCIProyecto/SteamProject/Content/UI/MainMenu/Menu.uasset
[2017.06.15-17.18.38:713][  9]LogTemp: Repeting last play command: Standalone Game
[2017.06.15-17.18.38:961][  9]LogSavePackage: Save=104.88ms
[2017.06.15-17.18.38:961][  9]LogSavePackage: Moving '../../../../../../Users/koru/Desktop/IHC/HCIProyecto/SteamProject/Saved/UEDPCMainMenuF59BFEE647593EA34B787386E7D45A56.tmp' to '../../../../../../Users/koru/Desktop/IHC/HCIProyecto/SteamProject/Saved/Autosaves/Game/Maps/UEDPCMainMenu.umap'
[2017.06.15-17.18.38:962][  9]LogSavePackage:Display: Finished SavePackage ../../../../../../Users/koru/Desktop/IHC/HCIProyecto/SteamProject/Saved/Autosaves/Game/Maps/UEDPCMainMenu.umap
[2017.06.15-17.18.38:974][  9]LogEditorTransaction: Undo Spawn Play From Here Start
[2017.06.15-17.24.44:017][908]Cmd: OBJ SAVEPACKAGE PACKAGE="/Game/UI/MainMenu/Menu" FILE="../../../../../../Users/koru/Desktop/IHC/HCIProyecto/SteamProject/Content/UI/MainMenu/Menu.uasset" SILENT=true
[2017.06.15-17.24.44:057][908]LogSavePackage: Save=21.67ms
[2017.06.15-17.24.44:057][908]LogSavePackage: Moving '../../../../../../Users/koru/Desktop/IHC/HCIProyecto/SteamProject/Saved/Menu2A2B26814E0994D6AD64659E78358A42.tmp' to '../../../../../../Users/koru/Desktop/IHC/HCIProyecto/SteamProject/Content/UI/MainMenu/Menu.uasset'
[2017.06.15-17.24.44:057][908]LogFileManager:Warning: DeleteFile was unable to delete '../../../../../../Users/koru/Desktop/IHC/HCIProyecto/SteamProject/Content/UI/MainMenu/Menu.uasset', retrying in .5s...
[2017.06.15-17.24.44:557][908]LogFileManager:Error: Error deleting file '../../../../../../Users/koru/Desktop/IHC/HCIProyecto/SteamProject/Content/UI/MainMenu/Menu.uasset'.
[2017.06.15-17.24.44:557][908]LogSavePackage:Error: Error saving '../../../../../../Users/koru/Desktop/IHC/HCIProyecto/SteamProject/Content/UI/MainMenu/Menu.uasset'
[2017.06.15-17.24.44:560][908]LogSavePackage:Display: Finished SavePackage ../../../../../../Users/koru/Desktop/IHC/HCIProyecto/SteamProject/Content/UI/MainMenu/Menu.uasset
[2017.06.15-17.24.49:367][908]EditorErrors: New page: Guardar salida
[2017.06.15-17.24.49:367][908]EditorErrors:Warning: Aviso Error al guardar '../../../../../../Users/koru/Desktop/IHC/HCIProyecto/SteamProject/Content/UI/MainMenu/Menu.uasset'
[2017.06.15-17.24.55:388][465]BlueprintLog: New page: Compilar Menu
[2017.06.15-17.24.56:407][546]Cmd: OBJ SAVEPACKAGE PACKAGE="/Game/UI/MainMenu/Menu" FILE="../../../../../../Users/koru/Desktop/IHC/HCIProyecto/SteamProject/Content/UI/MainMenu/Menu.uasset" SILENT=true
[2017.06.15-17.24.56:433][546]LogSavePackage: Save=18.82ms
[2017.06.15-17.24.56:433][546]LogSavePackage: Moving '../../../../../../Users/koru/Desktop/IHC/HCIProyecto/SteamProject/Saved/MenuF8C6806142EE4F2ECED567B76E60B95B.tmp' to '../../../../../../Users/koru/Desktop/IHC/HCIProyecto/SteamProject/Content/UI/MainMenu/Menu.uasset'
[2017.06.15-17.24.56:433][546]LogFileManager:Warning: DeleteFile was unable to delete '../../../../../../Users/koru/Desktop/IHC/HCIProyecto/SteamProject/Content/UI/MainMenu/Menu.uasset', retrying in .5s...
[2017.06.15-17.24.56:934][546]LogFileManager:Error: Error deleting file '../../../../../../Users/koru/Desktop/IHC/HCIProyecto/SteamProject/Content/UI/MainMenu/Menu.uasset'.
[2017.06.15-17.24.56:934][546]LogSavePackage:Error: Error saving '../../../../../../Users/koru/Desktop/IHC/HCIProyecto/SteamProject/Content/UI/MainMenu/Menu.uasset'
[2017.06.15-17.24.56:935][546]LogSavePackage:Display: Finished SavePackage ../../../../../../Users/koru/Desktop/IHC/HCIProyecto/SteamProject/Content/UI/MainMenu/Menu.uasset
[2017.06.15-17.25.06:104][546]EditorErrors: New page: Guardar salida
[2017.06.15-17.25.06:104][546]EditorErrors:Warning: Aviso Error al guardar '../../../../../../Users/koru/Desktop/IHC/HCIProyecto/SteamProject/Content/UI/MainMenu/Menu.uasset'
[2017.06.15-17.26.07:070][279]LogFileHelpers: Editor autosave (incl. sublevels) for '/Game/Maps/MainMenu' took 0.024
[2017.06.15-17.26.07:071][279]OBJ SavePackage: Generating thumbnails for [0] asset(s) in package [/Game/UI/MainMenu/Menu] ([1] browsable assets)...
[2017.06.15-17.26.07:071][279]OBJ SavePackage: Finished generating thumbnails for package [/Game/UI/MainMenu/Menu]
[2017.06.15-17.26.07:100][279]LogSavePackage: Save=19.27ms
[2017.06.15-17.26.07:100][279]LogSavePackage: Moving '../../../../../../Users/koru/Desktop/IHC/HCIProyecto/SteamProject/Saved/Menu_Auto4A30FAD204FCEE448B9BB40872BD0271E.tmp' to '../../../../../../Users/koru/Desktop/IHC/HCIProyecto/SteamProject/Saved/Autosaves/Game/UI/MainMenu/Menu_Auto4.uasset'
[2017.06.15-17.26.07:101][279]LogSavePackage:Display: Finished SavePackage ../../../../../../Users/koru/Desktop/IHC/HCIProyecto/SteamProject/Saved/Autosaves/Game/UI/MainMenu/Menu_Auto4.uasset
[2017.06.15-17.26.07:101][279]LogFileHelpers: Auto-saving content packages took 0.031
[2017.06.15-17.26.20:230][844]LogLinker:Warning: No puede encontrar el archivo '/Game/ThirdPersonBP/Maps/ThirdPersonExampleMap_BuiltData'
[2017.06.15-17.26.20:230][844]LogLinker:Warning: No puede encontrar el archivo para el activo '/Game/ThirdPersonBP/Maps/ThirdPersonExampleMap_BuiltData' mientras carga ../../../../../../Users/koru/Desktop/IHC/HCIProyecto/SteamProject/Content/ThirdPersonBP/Maps/ThirdPersonExampleMap.umap.
[2017.06.15-17.26.20:230][844]LoadErrors:Error: Error /Game/ThirdPersonBP/Maps/ThirdPersonExampleMap : No puede encontrar el archivo para el activo. /Game/ThirdPersonBP/Maps/ThirdPersonExampleMap_BuiltData
[2017.06.15-17.26.20:231][844]LogLinker:Warning: No puede encontrar el archivo '/Game/ThirdPersonBP/Maps/ThirdPersonExampleMap_BuiltData'
[2017.06.15-17.26.20:231][844]LogLinker:Warning: No puede encontrar el archivo para el activo '/Game/ThirdPersonBP/Maps/ThirdPersonExampleMap_BuiltData' mientras carga ../../../../../../Users/koru/Desktop/IHC/HCIProyecto/SteamProject/Content/ThirdPersonBP/Maps/ThirdPersonExampleMap.umap.
[2017.06.15-17.26.20:233][844]LogLinker:Warning: No puede encontrar el archivo '/Game/ThirdPersonBP/Maps/ThirdPersonExampleMap_BuiltData'
[2017.06.15-17.26.20:233][844]LogLinker:Warning: No puede encontrar el archivo para el activo '/Game/ThirdPersonBP/Maps/ThirdPersonExampleMap_BuiltData' mientras carga NULL.
[2017.06.15-17.26.20:233][844]LogLinker:Warning: No puede encontrar el archivo '/Game/ThirdPersonBP/Maps/ThirdPersonExampleMap_BuiltData'
[2017.06.15-17.26.20:233][844]LogLinker:Warning: No puede encontrar el archivo para el activo '/Game/ThirdPersonBP/Maps/ThirdPersonExampleMap_BuiltData' mientras carga NULL.
[2017.06.15-17.26.20:239][844]LogLinker:Warning: No puede encontrar el archivo '/Game/ThirdPersonBP/Maps/ThirdPersonExampleMap_BuiltData'
[2017.06.15-17.26.20:239][844]LoadErrors: Información Error al cargar /Game/ThirdPersonBP/Maps/ThirdPersonExampleMap_BuiltData.ThirdPersonExampleMap_BuiltData Referenciado por PersistentLevel
[2017.06.15-17.26.20:239][844]LogLinker:Warning: No puede encontrar el archivo para el activo '/Game/ThirdPersonBP/Maps/ThirdPersonExampleMap_BuiltData' mientras carga NULL.
[2017.06.15-17.26.20:252][844]LogAIModule: Creating AISystem for world ThirdPersonExampleMap
[2017.06.15-17.29.38:678][243]BlueprintLog: New page: Compilar Menu
[2017.06.15-17.29.39:849][353]Cmd: OBJ SAVEPACKAGE PACKAGE="/Game/UI/MainMenu/Menu" FILE="../../../../../../Users/koru/Desktop/IHC/HCIProyecto/SteamProject/Content/UI/MainMenu/Menu.uasset" SILENT=true
[2017.06.15-17.29.39:873][353]LogSavePackage: Save=17.17ms
[2017.06.15-17.29.39:873][353]LogSavePackage: Moving '../../../../../../Users/koru/Desktop/IHC/HCIProyecto/SteamProject/Saved/Menu119662774EC33DCEF00C899F22941BD8.tmp' to '../../../../../../Users/koru/Desktop/IHC/HCIProyecto/SteamProject/Content/UI/MainMenu/Menu.uasset'
[2017.06.15-17.29.39:876][353]LogSavePackage:Display: Finished SavePackage ../../../../../../Users/koru/Desktop/IHC/HCIProyecto/SteamProject/Content/UI/MainMenu/Menu.uasset
[2017.06.15-17.29.48:670][272]LogTemp: Repeting last play command: Standalone Game
[2017.06.15-17.29.48:924][272]LogSavePackage: Save=102.72ms
[2017.06.15-17.29.48:924][272]LogSavePackage: Moving '../../../../../../Users/koru/Desktop/IHC/HCIProyecto/SteamProject/Saved/UEDPCMainMenu92AFDC484068CEA94BC0F89429CA628C.tmp' to '../../../../../../Users/koru/Desktop/IHC/HCIProyecto/SteamProject/Saved/Autosaves/Game/Maps/UEDPCMainMenu.umap'
[2017.06.15-17.29.48:925][272]LogSavePackage:Display: Finished SavePackage ../../../../../../Users/koru/Desktop/IHC/HCIProyecto/SteamProject/Saved/Autosaves/Game/Maps/UEDPCMainMenu.umap
[2017.06.15-17.29.48:937][272]LogEditorTransaction: Undo Spawn Play From Here Start
