Log file open, 06/15/17 12:05:55
LogInit:Display: Running engine for game: SteamProject
LogPlatformFile: Not using cached read wrapper
LogInit:Display: RandInit(841538999) SRandInit(841538999).
LogTaskGraph: Started task graph with 5 named threads and 8 total threads with 1 sets of task threads.
LogStats: Stats thread started at 0.085432
LogInit: Using libcurl 7.47.1
LogInit:  - built for x86_64-pc-win32
LogInit:  - supports SSL with OpenSSL/1.0.2g
LogInit:  - supports HTTP deflate (compression) using libz 1.2.8
LogInit:  - other features:
LogInit:      CURL_VERSION_SSL
LogInit:      CURL_VERSION_LIBZ
LogInit:      CURL_VERSION_IPV6
LogInit:      CURL_VERSION_ASYNCHDNS
LogInit:      CURL_VERSION_LARGEFILE
LogInit:      CURL_VERSION_IDN
LogInit:  CurlRequestOptions (configurable via config and command line):
LogInit:  - bVerifyPeer = false  - Libcurl will NOT verify peer certificate
LogInit:  - bUseHttpProxy = false  - Libcurl will NOT use HTTP proxy
LogInit:  - bDontReuseConnections = false  - Libcurl will reuse connections
LogInit:  - CertBundlePath = nullptr  - Libcurl will use whatever was configured at build time.
LogModuleManager:Warning: No filename provided for module OnlineSubsystemSteam
LogModuleManager:Warning: ModuleManager: Unable to load module 'OnlineSubsystemSteam' because the file 'C:/Program Files/Epic Games/UE_4.15/Engine/Binaries/Win64/' was not found.
LogInit: WinSock: version 1.1 (2.2), MaxSocks=32767, MaxUdp=65467
LogInit: Build: ++UE4+Release-4.15-CL-3450819
LogInit: Engine Version: 4.15.3-3450819+++UE4+Release-4.15
LogInit: Compatible Engine Version: 4.15.0-3299760+++UE4+Release-4.15
LogInit: Net CL: 3299760
LogDevObjectVersion: Number of dev versions registered: 14
LogDevObjectVersion:   Dev-Blueprints (B0D832E4-1F89-4F0D-ACCF-7EB736FD4AA2): 8
LogDevObjectVersion:   Dev-Build (E1C64328-A22C-4D53-A36C-8E866417BD8C): 0
LogDevObjectVersion:   Dev-Core (375EC13C-06E4-48FB-B500-84F0262A717E): 2
LogDevObjectVersion:   Dev-Editor (E4B068ED-F494-42E9-A231-DA0B2E46BB41): 14
LogDevObjectVersion:   Dev-Framework (CFFC743F-43B0-4480-9391-14DF171D2073): 22
LogDevObjectVersion:   Dev-Mobile (B02B49B5-BB20-44E9-A304-32B752E40360): 0
LogDevObjectVersion:   Dev-Networking (A4E4105C-59A1-49B5-A7C5-40C4547EDFEE): 0
LogDevObjectVersion:   Dev-Online (39C831C9-5AE6-47DC-9A44-9C173E1C8E7C): 0
LogDevObjectVersion:   Dev-Physics (78F01B33-EBEA-4F98-B9B4-84EACCB95AA2): 0
LogDevObjectVersion:   Dev-Platform (6631380F-2D4D-43E0-8009-CF276956A95A): 0
LogDevObjectVersion:   Dev-Rendering (12F88B9F-8875-4AFC-A67C-D90C383ABD29): 12
LogDevObjectVersion:   Dev-Sequencer (7B5AE74C-D270-4C10-A958-57980B212A5A): 3
LogDevObjectVersion:   Dev-VR (D7296918-1DD6-4BDD-9DE2-64A83CC13884): 0
LogDevObjectVersion:   Dev-LoadTimes (C2A15278-BFE7-4AFE-6C17-90FF531DF755): 1
LogInit: Compiled (64-bit): May 21 2017 11:02:34
LogInit: Compiled with Visual C++: 19.00.23026.00
LogInit: Build Configuration: Development
LogInit: Branch Name: ++UE4+Release-4.15
LogInit: Command line:  /Temp/Autosaves/Game/Maps/UEDPCMainMenu -game -PIEVIACONSOLE -ResX=1280 -ResY=720  -Multiprocess -messaging -SessionName="Play in Standalone Game" -windowed 
LogInit: Base directory: C:/Program Files/Epic Games/UE_4.15/Engine/Binaries/Win64/
LogInit: Installed Engine Build: 1
LogInit: Presizing for max 8388607 objects, including 0 objects not considered by GC, pre-allocating 0 bytes for permanent pool.
LogInit: Object subsystem initialized
[2017.06.15-17.05.57:150][  0]LogInit: Selected Device Profile: [Windows]
[2017.06.15-17.05.57:150][  0]LogInit: Applying CVar settings loaded from the selected device profile: [Windows]
[2017.06.15-17.05.57:154][  0]LogInit: Computer: LAPTOP-RAOCS8F3
[2017.06.15-17.05.57:154][  0]LogInit: User: koru
[2017.06.15-17.05.57:154][  0]LogInit: CPU Page size=65536, Cores=4
[2017.06.15-17.05.57:154][  0]LogInit: High frequency timer resolution =2.531246 MHz
[2017.06.15-17.05.57:155][  0]LogMemory: Memory total: Physical=15.8GB (16GB approx)
[2017.06.15-17.05.57:155][  0]LogMemory: Platform Memory Stats for Windows
[2017.06.15-17.05.57:155][  0]LogMemory: Process Physical Memory: 264.35 MB used, 264.35 MB peak
[2017.06.15-17.05.57:155][  0]LogMemory: Process Virtual Memory: 262.67 MB used, 262.67 MB peak
[2017.06.15-17.05.57:155][  0]LogMemory: Physical Memory: 6765.24 MB used,  9446.54 MB free, 16211.78 MB total
[2017.06.15-17.05.57:155][  0]LogMemory: Virtual Memory: 647.25 MB used,  9446.54 MB free, 134217728.00 MB total
[2017.06.15-17.05.57:254][  0]LogTextLocalizationManager: No specific translations for ('es-PE') exist, so ('es') translations will be used.
[2017.06.15-17.05.57:503][  0]LogD3D11RHI: D3D11 adapters:
[2017.06.15-17.05.58:087][  0]LogD3D11RHI:    0. 'NVIDIA GeForce GTX 960M' (Feature Level 11_0)
[2017.06.15-17.05.58:087][  0]LogD3D11RHI:       4064/0/8105 MB DedicatedVideo/DedicatedSystem/SharedSystem, Outputs:1, VendorId:0x10de
[2017.06.15-17.05.58:096][  0]LogD3D11RHI:    1. 'Intel(R) HD Graphics 530' (Feature Level 11_0)
[2017.06.15-17.05.58:096][  0]LogD3D11RHI:       128/0/8105 MB DedicatedVideo/DedicatedSystem/SharedSystem, Outputs:0, VendorId:0x8086
[2017.06.15-17.05.58:097][  0]LogD3D11RHI:    2. 'Microsoft Basic Render Driver' (Feature Level 11_0)
[2017.06.15-17.05.58:097][  0]LogD3D11RHI:       0/0/8105 MB DedicatedVideo/DedicatedSystem/SharedSystem, Outputs:0, VendorId:0x1414
[2017.06.15-17.05.58:098][  0]LogD3D11RHI: Chosen D3D11 Adapter: 0
[2017.06.15-17.05.58:101][  0]LogD3D11RHI: Creating new Direct3DDevice
[2017.06.15-17.05.58:101][  0]LogD3D11RHI:     GPU DeviceId: 0x139b (for the marketing name, search the web for "GPU Device Id")
[2017.06.15-17.05.58:101][  0]LogWindows: EnumDisplayDevices:
[2017.06.15-17.05.58:102][  0]LogWindows:    0. 'Intel(R) HD Graphics 530' (P:1 D:1)
[2017.06.15-17.05.58:102][  0]LogWindows:    1. 'Intel(R) HD Graphics 530' (P:0 D:0)
[2017.06.15-17.05.58:102][  0]LogWindows:    2. 'Intel(R) HD Graphics 530' (P:0 D:0)
[2017.06.15-17.05.58:102][  0]LogWindows: DebugString: PrimaryIsNotTheChoosenAdapter PrimaryIsNotTheChoosenAdapter PrimaryIsNotTheChoosenAdapter FoundDriverCount:0 
[2017.06.15-17.05.58:102][  0]LogD3D11RHI:     Adapter Name: NVIDIA GeForce GTX 960M
[2017.06.15-17.05.58:102][  0]LogD3D11RHI:   Driver Version: Unknown (internal:Unknown, unified:Unknown)
[2017.06.15-17.05.58:102][  0]LogD3D11RHI:      Driver Date: Unknown
[2017.06.15-17.05.58:102][  0]LogRHI: Texture pool is 1361 MB (70% of 1945 MB)
[2017.06.15-17.05.58:638][  0]LogD3D11RHI: Async texture creation enabled
[2017.06.15-17.05.58:676][  0]LogD3D11RHI: GPU Timing Frequency: 1000.000000 (Debug: 2 1)
[2017.06.15-17.05.58:677][  0]LogShaderCompilers: Guid format shader working directory is -20 characters bigger than the processId version (../../../../../../Users/koru/Desktop/IHC/HCIProyecto/SteamProject/Intermediate/Shaders/WorkingDirectory/4592/).
[2017.06.15-17.05.58:677][  0]LogShaderCompilers: Cleaned the shader compiler working directory 'C:/Users/koru/AppData/Local/Temp/UnrealShaderWorkingDir/A30CB3AA4FA75799BC68A793023898DC/'.
[2017.06.15-17.05.58:677][  0]LogShaderCompilers:Display: Using Local Shader Compiler.
[2017.06.15-17.05.59:739][  0]LogTemp:Display: Loaded TP WindowsClientTargetPlatform
[2017.06.15-17.05.59:793][  0]LogTemp:Display: Loaded TP WindowsNoEditorTargetPlatform
[2017.06.15-17.05.59:848][  0]LogTemp:Display: Loaded TP WindowsServerTargetPlatform
[2017.06.15-17.05.59:891][  0]LogTemp:Display: Loaded TP WindowsTargetPlatform
[2017.06.15-17.05.59:891][  0]LogTargetPlatformManager:Display: Building Assets For Windows
[2017.06.15-17.06.00:313][  0]LogDerivedDataCache:Display: Max Cache Size: 512 MB
[2017.06.15-17.06.00:365][  0]LogDerivedDataCache: Loaded boot cache 0.05s 50MB C:/Users/koru/AppData/Local/UnrealEngine/4.15/DerivedDataCache/Boot.ddc.
[2017.06.15-17.06.00:365][  0]LogDerivedDataCache:Display: Loaded Boot cache: C:/Users/koru/AppData/Local/UnrealEngine/4.15/DerivedDataCache/Boot.ddc
[2017.06.15-17.06.00:366][  0]LogDerivedDataCache: FDerivedDataBackendGraph:  Pak pak cache file ../../../../../../Users/koru/Desktop/IHC/HCIProyecto/SteamProject/DerivedDataCache/DDC.ddp not found, will not use a pak cache.
[2017.06.15-17.06.00:366][  0]LogDerivedDataCache: Unable to find inner node Pak for hierarchical cache Hierarchy.
[2017.06.15-17.06.00:366][  0]LogDerivedDataCache: FDerivedDataBackendGraph:  CompressedPak pak cache file ../../../../../../Users/koru/Desktop/IHC/HCIProyecto/SteamProject/DerivedDataCache/Compressed.ddp not found, will not use a pak cache.
[2017.06.15-17.06.00:366][  0]LogDerivedDataCache: Unable to find inner node CompressedPak for hierarchical cache Hierarchy.
[2017.06.15-17.06.00:385][  0]LogDerivedDataCache:Display: Pak cache opened for reading ../../../Engine/DerivedDataCache/Compressed.ddp.
[2017.06.15-17.06.00:397][  0]LogDerivedDataCache: Using Local data cache path C:/Users/koru/AppData/Local/UnrealEngine/Common/DerivedDataCache: Writable
[2017.06.15-17.06.00:407][  0]LogSlate: Using Freetype 2.6.0
[2017.06.15-17.06.00:407][  0]LogSlate: SlateFontCache - WITH_FREETYPE: 1, WITH_HARFBUZZ: 1
[2017.06.15-17.06.00:407][  0]LogSlate: SlateFontCache - WITH_FREETYPE: 1, WITH_HARFBUZZ: 1
[2017.06.15-17.06.00:688][  0]LogAssetRegistry: FAssetRegistry took 0.0001 seconds to start up
[2017.06.15-17.06.00:698][  0]LogPackageLocalizationCache: Processed 3 localized package path(s) for 2 prioritized culture(s) in 0.009562 seconds
[2017.06.15-17.06.00:715][  0]LogInit: Selected Device Profile: [Windows]
[2017.06.15-17.06.00:716][  0]LogContentStreaming: Texture pool size is 1000.00 MB
[2017.06.15-17.06.00:918][  0]LogMeshUtilities: Using QuadricMeshReduction for automatic static mesh reduction
[2017.06.15-17.06.00:960][  0]LogSimplygon: Simplygon DLL not present - disabling.
[2017.06.15-17.06.01:002][  0]LogMeshUtilities: Using SimplygonSwarm for distributed automatic mesh merging
[2017.06.15-17.06.01:002][  0]LogMeshUtilities: No automatic skeletal mesh reduction module available
[2017.06.15-17.06.01:002][  0]LogMeshUtilities: No automatic mesh merging module available
[2017.06.15-17.06.01:497][  0]LogNetVersion: GetLocalNetworkVersion: CL: 3299760, ProjectName: steamproject, ProjectVersion: , EngineNetworkVersion: 2, GameNetworkVersion: 0, NetworkChecksum: 3119142434
[2017.06.15-17.06.02:308][  0]LogMoviePlayer: Initializing movie player
[2017.06.15-17.06.02:416][  0]LogWindowsTextInputMethodSystem:Display: IME system now deactivated.
[2017.06.15-17.06.02:416][  0]LogWindowsTextInputMethodSystem:Display: IME system now deactivated.
[2017.06.15-17.06.02:709][  0]LogTcpMessaging: Initializing TcpMessaging bridge
[2017.06.15-17.06.02:748][  0]LogUdpMessaging: Initializing bridge on interface 0.0.0.0:0 to multicast group 230.0.0.1:6666.
[2017.06.15-17.06.03:028][  0]SourceControl: Información El control de código fuente está desactivado
[2017.06.15-17.06.03:028][  0]SourceControl: Información El control de código fuente está desactivado
[2017.06.15-17.06.03:072][  0]SourceControl: Información El control de código fuente está desactivado
[2017.06.15-17.06.03:655][  0]LogUObjectArray: 34408 objects as part of root set at end of initial load.
[2017.06.15-17.06.03:655][  0]LogUObjectAllocator: 7639320 out of 0 bytes used by permanent object pool.
[2017.06.15-17.06.03:655][  0]LogUObjectArray: CloseDisregardForGC: 0/0 objects in disregard for GC pool
[2017.06.15-17.06.03:755][  0]LogEngine: Initializing Engine...
[2017.06.15-17.06.03:755][  0]LogHMD: Failed to initialize OpenVR with code 110
[2017.06.15-17.06.03:859][  0]LogStats: UGameplayTagsManager::ConstructGameplayTagTree: Construct from data asset -  0.000 s
[2017.06.15-17.06.03:859][  0]LogStats: UGameplayTagsManager::ConstructGameplayTagTree: GameplayTagTreeChangedEvent.Broadcast -  0.000 s
[2017.06.15-17.06.03:866][  0]LogInit: XAudio2 using 'Speakers (Realtek High Definition Audio)' : 2 channels at 48 kHz using 32 bits per sample (channel mask 0x3)
[2017.06.15-17.06.03:877][  0]LogInit: FAudioDevice initialized.
[2017.06.15-17.06.03:892][  0]LogInit: Texture streaming: Enabled
[2017.06.15-17.06.03:904][  0]LogMaterial: Uniform references updated for custom material expression Custom.
[2017.06.15-17.06.04:541][  0]LogInit:Display: Game Engine Initialized.
[2017.06.15-17.06.04:709][  0]LogInit:Display: Starting Game.
[2017.06.15-17.06.04:709][  0]LogNet: Browse: /Temp/Autosaves/Game/Maps/UEDPCMainMenu?Name=Player
[2017.06.15-17.06.04:709][  0]LogLoad: LoadMap: /Temp/Autosaves/Game/Maps/UEDPCMainMenu?Name=Player
[2017.06.15-17.06.04:739][  0]LogMemory: Platform Memory Stats for Windows
[2017.06.15-17.06.04:739][  0]LogMemory: Process Physical Memory: 669.56 MB used, 683.03 MB peak
[2017.06.15-17.06.04:739][  0]LogMemory: Process Virtual Memory: 817.35 MB used, 817.36 MB peak
[2017.06.15-17.06.04:739][  0]LogMemory: Physical Memory: 7144.09 MB used,  9067.70 MB free, 16211.78 MB total
[2017.06.15-17.06.04:739][  0]LogMemory: Virtual Memory: 1403.30 MB used,  9067.70 MB free, 134217728.00 MB total
[2017.06.15-17.06.04:739][  0]LogMemory: 
[2017.06.15-17.06.04:739][  0]Allocator Stats for TBB: (not implemented)
[2017.06.15-17.06.04:867][  0]LogAIModule: Creating AISystem for world MainMenu
[2017.06.15-17.06.05:013][  0]LogLinker:Warning: No puede encontrar el archivo '/Game/Assets/Environment/Materials/M_Mushroom_A_Inst'
[2017.06.15-17.06.05:013][  0]LoadErrors: Información Error al cargar /Game/Assets/Environment/Materials/M_Mushroom_A_Inst.M_Mushroom_A_Inst Referenciado por SM_Mushroom_A
[2017.06.15-17.06.05:013][  0]LogUObjectGlobals:Warning: Error al cargar '/Game/Assets/Environment/Materials/M_Mushroom_A_Inst': No puede encontrar el archivo '/Game/Assets/Environment/Materials/M_Mushroom_A_Inst'
[2017.06.15-17.06.05:013][  0]LogLinker:Warning: No puede encontrar el archivo para el activo '/Game/Assets/Environment/Materials/M_Mushroom_A_Inst' mientras carga NULL.
[2017.06.15-17.06.05:014][  0]LoadErrors: Información Error al cargar /Game/Assets/Environment/Materials/M_Mushroom_A_Inst.M_Mushroom_A_Inst Referenciado por SM_Mushroom_A
[2017.06.15-17.06.05:014][  0]LogUObjectGlobals:Warning: Error al cargar '/Game/Assets/Environment/Materials/M_Mushroom_A_Inst': No puede encontrar el archivo para el activo '/Game/Assets/Environment/Materials/M_Mushroom_A_Inst' mientras carga NULL.
[2017.06.15-17.06.05:027][  0]LogLinker:Warning: No puede encontrar el archivo '/Game/Assets/Environment/Materials/M_Stone_Path_Inst'
[2017.06.15-17.06.05:027][  0]LoadErrors: Información Error al cargar /Game/Assets/Environment/Materials/M_Stone_Path_Inst.M_Stone_Path_Inst Referenciado por SM_Stone_Path_B
[2017.06.15-17.06.05:027][  0]LogUObjectGlobals:Warning: Error al cargar '/Game/Assets/Environment/Materials/M_Stone_Path_Inst': No puede encontrar el archivo '/Game/Assets/Environment/Materials/M_Stone_Path_Inst'
[2017.06.15-17.06.05:027][  0]LogLinker:Warning: No puede encontrar el archivo para el activo '/Game/Assets/Environment/Materials/M_Stone_Path_Inst' mientras carga NULL.
[2017.06.15-17.06.05:027][  0]LoadErrors: Información Error al cargar /Game/Assets/Environment/Materials/M_Stone_Path_Inst.M_Stone_Path_Inst Referenciado por SM_Stone_Path_B
[2017.06.15-17.06.05:027][  0]LogUObjectGlobals:Warning: Error al cargar '/Game/Assets/Environment/Materials/M_Stone_Path_Inst': No puede encontrar el archivo para el activo '/Game/Assets/Environment/Materials/M_Stone_Path_Inst' mientras carga NULL.
[2017.06.15-17.06.05:095][  0]LogLoad: Game class is 'ThirdPersonGameMode_C'
[2017.06.15-17.06.05:098][  0]LogWorld: Bringing World /Temp/Autosaves/Game/Maps/UEDPCMainMenu.MainMenu up for play (max tick rate 0) at 2017.06.15-12.06.05
[2017.06.15-17.06.05:098][  0]LogWorld: Bringing up level for play took: 0.000790
[2017.06.15-17.06.05:122][  0]LogGameMode:Display: Match State Changed from EnteringMap to WaitingToStart
[2017.06.15-17.06.05:122][  0]LogGameState: Match State Changed from EnteringMap to WaitingToStart
[2017.06.15-17.06.05:122][  0]LogGameMode:Display: Match State Changed from WaitingToStart to InProgress
[2017.06.15-17.06.05:126][  0]LogGameState: Match State Changed from WaitingToStart to InProgress
[2017.06.15-17.06.05:126][  0]LogLoad: Took 0.416756 seconds to LoadMap(/Temp/Autosaves/Game/Maps/UEDPCMainMenu)
[2017.06.15-17.06.05:324][  0]LogRenderer: Reallocating scene render targets to support 1280x720 NumSamples 1 (Frame:2).
[2017.06.15-17.06.05:324][  0]LogLoad: (Engine Initialization) Total time: 10.41 seconds
[2017.06.15-17.06.05:324][  0]LogLoad: (Engine Initialization) Total Blueprint compile time: 0.32 seconds
[2017.06.15-17.06.05:324][  0]LogExternalProfiler: Found external profiler: VSPerf
[2017.06.15-17.06.05:324][  0]LogExternalProfiler: Using external profiler: VSPerf
[2017.06.15-17.06.05:341][  0]LogOcInput: OculusInput pre-init called
