Log file open, 06/13/17 19:07:10
LogInit:Display: Running engine for game: SteamProject
LogPlatformFile: Not using cached read wrapper
LogInit:Display: RandInit(739045518) SRandInit(739045518).
LogTaskGraph: Started task graph with 5 named threads and 8 total threads with 1 sets of task threads.
LogStats: Stats thread started at 0.266457
LogInit: Using libcurl 7.47.1
LogInit:  - built for x86_64-pc-win32
LogInit:  - supports SSL with OpenSSL/1.0.2g
LogInit:  - supports HTTP deflate (compression) using libz 1.2.8
LogInit:  - other features:
LogInit:      CURL_VERSION_SSL
LogInit:      CURL_VERSION_LIBZ
LogInit:      CURL_VERSION_IPV6
LogInit:      CURL_VERSION_ASYNCHDNS
LogInit:      CURL_VERSION_LARGEFILE
LogInit:      CURL_VERSION_IDN
LogInit:  CurlRequestOptions (configurable via config and command line):
LogInit:  - bVerifyPeer = false  - Libcurl will NOT verify peer certificate
LogInit:  - bUseHttpProxy = false  - Libcurl will NOT use HTTP proxy
LogInit:  - bDontReuseConnections = false  - Libcurl will reuse connections
LogInit:  - CertBundlePath = nullptr  - Libcurl will use whatever was configured at build time.
LogModuleManager:Warning: No filename provided for module OnlineSubsystemSteam
LogModuleManager:Warning: ModuleManager: Unable to load module 'OnlineSubsystemSteam' because the file 'C:/Program Files/Epic Games/UE_4.15/Engine/Binaries/Win64/' was not found.
LogInit: WinSock: version 1.1 (2.2), MaxSocks=32767, MaxUdp=65467
LogInit: Build: ++UE4+Release-4.15-CL-3348071
LogInit: Engine Version: 4.15.1-3348071+++UE4+Release-4.15
LogInit: Compatible Engine Version: 4.15.0-3299760+++UE4+Release-4.15
LogInit: Net CL: 3299760
LogDevObjectVersion: Number of dev versions registered: 14
LogDevObjectVersion:   Dev-Blueprints (B0D832E4-1F89-4F0D-ACCF-7EB736FD4AA2): 8
LogDevObjectVersion:   Dev-Build (E1C64328-A22C-4D53-A36C-8E866417BD8C): 0
LogDevObjectVersion:   Dev-Core (375EC13C-06E4-48FB-B500-84F0262A717E): 2
LogDevObjectVersion:   Dev-Editor (E4B068ED-F494-42E9-A231-DA0B2E46BB41): 14
LogDevObjectVersion:   Dev-Framework (CFFC743F-43B0-4480-9391-14DF171D2073): 22
LogDevObjectVersion:   Dev-Mobile (B02B49B5-BB20-44E9-A304-32B752E40360): 0
LogDevObjectVersion:   Dev-Networking (A4E4105C-59A1-49B5-A7C5-40C4547EDFEE): 0
LogDevObjectVersion:   Dev-Online (39C831C9-5AE6-47DC-9A44-9C173E1C8E7C): 0
LogDevObjectVersion:   Dev-Physics (78F01B33-EBEA-4F98-B9B4-84EACCB95AA2): 0
LogDevObjectVersion:   Dev-Platform (6631380F-2D4D-43E0-8009-CF276956A95A): 0
LogDevObjectVersion:   Dev-Rendering (12F88B9F-8875-4AFC-A67C-D90C383ABD29): 12
LogDevObjectVersion:   Dev-Sequencer (7B5AE74C-D270-4C10-A958-57980B212A5A): 3
LogDevObjectVersion:   Dev-VR (D7296918-1DD6-4BDD-9DE2-64A83CC13884): 0
LogDevObjectVersion:   Dev-LoadTimes (C2A15278-BFE7-4AFE-6C17-90FF531DF755): 1
LogInit: Compiled (64-bit): Mar 15 2017 16:52:47
LogInit: Compiled with Visual C++: 19.00.23026.00
LogInit: Build Configuration: Development
LogInit: Branch Name: ++UE4+Release-4.15
LogInit: Command line:  /Temp/Autosaves/Game/Maps/UEDPCArena01 -game -PIEVIACONSOLE -ResX=1280 -ResY=720  -Multiprocess -messaging -SessionName="Play in Standalone Game" -windowed 
LogInit: Base directory: C:/Program Files/Epic Games/UE_4.15/Engine/Binaries/Win64/
LogInit: Installed Engine Build: 1
LogInit: Presizing for max 8388607 objects, including 0 objects not considered by GC, pre-allocating 0 bytes for permanent pool.
LogInit: Object subsystem initialized
[2017.06.14-00.07.15:033][  0]LogInit: Selected Device Profile: [Windows]
[2017.06.14-00.07.15:033][  0]LogInit: Applying CVar settings loaded from the selected device profile: [Windows]
[2017.06.14-00.07.15:056][  0]LogInit: Computer: LENOVO-PC
[2017.06.14-00.07.15:056][  0]LogInit: User: DanielaFe7
[2017.06.14-00.07.15:056][  0]LogInit: CPU Page size=65536, Cores=4
[2017.06.14-00.07.15:056][  0]LogInit: High frequency timer resolution =2.435775 MHz
[2017.06.14-00.07.15:057][  0]LogMemory: Memory total: Physical=11.9GB (12GB approx)
[2017.06.14-00.07.15:057][  0]LogMemory: Platform Memory Stats for Windows
[2017.06.14-00.07.15:057][  0]LogMemory: Process Physical Memory: 264.59 MB used, 264.59 MB peak
[2017.06.14-00.07.15:057][  0]LogMemory: Process Virtual Memory: 262.89 MB used, 262.89 MB peak
[2017.06.14-00.07.15:057][  0]LogMemory: Physical Memory: 6167.20 MB used,  6033.07 MB free, 12200.27 MB total
[2017.06.14-00.07.15:057][  0]LogMemory: Virtual Memory: 632.87 MB used,  6033.07 MB free, 134217728.00 MB total
[2017.06.14-00.07.15:519][  0]LogTextLocalizationManager: No specific translations for ('es-MX') exist, so ('es') translations will be used.
[2017.06.14-00.07.16:646][  0]LogD3D11RHI: D3D11 adapters:
[2017.06.14-00.07.16:755][  0]LogD3D11RHI:    0. 'NVIDIA GeForce GTX 860M' (Feature Level 11_0)
[2017.06.14-00.07.16:755][  0]LogD3D11RHI:       2018/0/6100 MB DedicatedVideo/DedicatedSystem/SharedSystem, Outputs:1, VendorId:0x10de
[2017.06.14-00.07.16:777][  0]LogD3D11RHI:    1. 'Intel(R) HD Graphics 4600' (Feature Level 11_0)
[2017.06.14-00.07.16:777][  0]LogD3D11RHI:       112/0/2048 MB DedicatedVideo/DedicatedSystem/SharedSystem, Outputs:0, VendorId:0x8086
[2017.06.14-00.07.16:785][  0]LogD3D11RHI:    2. 'Microsoft Basic Render Driver' (Feature Level 11_0)
[2017.06.14-00.07.16:785][  0]LogD3D11RHI:       0/0/6100 MB DedicatedVideo/DedicatedSystem/SharedSystem, Outputs:0, VendorId:0x1414
[2017.06.14-00.07.16:785][  0]LogD3D11RHI: Chosen D3D11 Adapter: 0
[2017.06.14-00.07.16:804][  0]LogD3D11RHI: Creating new Direct3DDevice
[2017.06.14-00.07.16:804][  0]LogD3D11RHI:     GPU DeviceId: 0x1392 (for the marketing name, search the web for "GPU Device Id")
[2017.06.14-00.07.16:804][  0]LogWindows: EnumDisplayDevices:
[2017.06.14-00.07.16:805][  0]LogWindows:    0. 'Intel(R) HD Graphics 4600' (P:1 D:1)
[2017.06.14-00.07.16:806][  0]LogWindows:    1. 'Intel(R) HD Graphics 4600' (P:0 D:0)
[2017.06.14-00.07.16:807][  0]LogWindows:    2. 'Intel(R) HD Graphics 4600' (P:0 D:0)
[2017.06.14-00.07.16:808][  0]LogWindows: DebugString: PrimaryIsNotTheChoosenAdapter PrimaryIsNotTheChoosenAdapter PrimaryIsNotTheChoosenAdapter FoundDriverCount:0 
[2017.06.14-00.07.16:808][  0]LogD3D11RHI:     Adapter Name: NVIDIA GeForce GTX 860M
[2017.06.14-00.07.16:808][  0]LogD3D11RHI:   Driver Version: Unknown (internal:Unknown, unified:Unknown)
[2017.06.14-00.07.16:808][  0]LogD3D11RHI:      Driver Date: Unknown
[2017.06.14-00.07.16:808][  0]LogRHI: Texture pool is 1361 MB (70% of 1945 MB)
[2017.06.14-00.07.16:873][  0]LogD3D11RHI: Async texture creation enabled
[2017.06.14-00.07.16:900][  0]LogD3D11RHI: GPU Timing Frequency: 1000.000000 (Debug: 2 1)
[2017.06.14-00.07.16:905][  0]LogShaderCompilers: Guid format shader working directory is -21 characters bigger than the processId version (../../../../../../Users/DanielaFe7/Desktop/HCI/HCIProyecto/SteamProject/Intermediate/Shaders/WorkingDirectory/11656/).
[2017.06.14-00.07.16:906][  0]LogShaderCompilers: Cleaned the shader compiler working directory 'C:/Users/DanielaFe7/AppData/Local/Temp/UnrealShaderWorkingDir/B571589C404101B1746DFA88457EF999/'.
[2017.06.14-00.07.16:906][  0]LogShaderCompilers:Display: Using Local Shader Compiler.
[2017.06.14-00.07.23:531][  0]LogTemp:Display: Loaded TP WindowsClientTargetPlatform
[2017.06.14-00.07.23:947][  0]LogTemp:Display: Loaded TP WindowsNoEditorTargetPlatform
[2017.06.14-00.07.24:359][  0]LogTemp:Display: Loaded TP WindowsServerTargetPlatform
[2017.06.14-00.07.24:712][  0]LogTemp:Display: Loaded TP WindowsTargetPlatform
[2017.06.14-00.07.24:712][  0]LogTargetPlatformManager:Display: Building Assets For Windows
[2017.06.14-00.07.28:209][  0]LogDerivedDataCache:Display: Max Cache Size: 512 MB
[2017.06.14-00.07.28:430][  0]LogDerivedDataCache: Loaded boot cache 0.22s 50MB C:/Users/DanielaFe7/AppData/Local/UnrealEngine/4.15/DerivedDataCache/Boot.ddc.
[2017.06.14-00.07.28:430][  0]LogDerivedDataCache:Display: Loaded Boot cache: C:/Users/DanielaFe7/AppData/Local/UnrealEngine/4.15/DerivedDataCache/Boot.ddc
[2017.06.14-00.07.28:431][  0]LogDerivedDataCache: FDerivedDataBackendGraph:  Pak pak cache file ../../../../../../Users/DanielaFe7/Desktop/HCI/HCIProyecto/SteamProject/DerivedDataCache/DDC.ddp not found, will not use a pak cache.
[2017.06.14-00.07.28:431][  0]LogDerivedDataCache: Unable to find inner node Pak for hierarchical cache Hierarchy.
[2017.06.14-00.07.28:431][  0]LogDerivedDataCache: FDerivedDataBackendGraph:  CompressedPak pak cache file ../../../../../../Users/DanielaFe7/Desktop/HCI/HCIProyecto/SteamProject/DerivedDataCache/Compressed.ddp not found, will not use a pak cache.
[2017.06.14-00.07.28:431][  0]LogDerivedDataCache: Unable to find inner node CompressedPak for hierarchical cache Hierarchy.
[2017.06.14-00.07.28:537][  0]LogDerivedDataCache:Display: Pak cache opened for reading ../../../Engine/DerivedDataCache/Compressed.ddp.
[2017.06.14-00.07.28:553][  0]LogDerivedDataCache: Using Local data cache path C:/Users/DanielaFe7/AppData/Local/UnrealEngine/Common/DerivedDataCache: Writable
[2017.06.14-00.07.28:601][  0]LogSlate: Using Freetype 2.6.0
[2017.06.14-00.07.28:606][  0]LogSlate: SlateFontCache - WITH_FREETYPE: 1, WITH_HARFBUZZ: 1
[2017.06.14-00.07.28:606][  0]LogSlate: SlateFontCache - WITH_FREETYPE: 1, WITH_HARFBUZZ: 1
[2017.06.14-00.07.30:403][  0]LogAssetRegistry: FAssetRegistry took 0.0003 seconds to start up
[2017.06.14-00.07.30:427][  0]LogPackageLocalizationCache: Processed 3 localized package path(s) for 2 prioritized culture(s) in 0.023930 seconds
[2017.06.14-00.07.30:516][  0]LogInit: Selected Device Profile: [Windows]
[2017.06.14-00.07.30:534][  0]LogContentStreaming: Texture pool size is 1000.00 MB
[2017.06.14-00.07.31:809][  0]LogMeshUtilities: Using QuadricMeshReduction for automatic static mesh reduction
[2017.06.14-00.07.32:161][  0]LogSimplygon: Simplygon DLL not present - disabling.
[2017.06.14-00.07.32:580][  0]LogMeshUtilities: Using SimplygonSwarm for distributed automatic mesh merging
[2017.06.14-00.07.32:580][  0]LogMeshUtilities: No automatic skeletal mesh reduction module available
[2017.06.14-00.07.32:580][  0]LogMeshUtilities: No automatic mesh merging module available
