Log file open, 06/15/17 12:07:21
LogInit:Display: Running engine for game: SteamProject
LogPlatformFile: Not using cached read wrapper
LogInit:Display: RandInit(1058416042) SRandInit(1058416042).
LogTaskGraph: Started task graph with 5 named threads and 8 total threads with 1 sets of task threads.
LogStats: Stats thread started at 0.082416
LogInit: Using libcurl 7.47.1
LogInit:  - built for x86_64-pc-win32
LogInit:  - supports SSL with OpenSSL/1.0.2g
LogInit:  - supports HTTP deflate (compression) using libz 1.2.8
LogInit:  - other features:
LogInit:      CURL_VERSION_SSL
LogInit:      CURL_VERSION_LIBZ
LogInit:      CURL_VERSION_IPV6
LogInit:      CURL_VERSION_ASYNCHDNS
LogInit:      CURL_VERSION_LARGEFILE
LogInit:      CURL_VERSION_IDN
LogInit:  CurlRequestOptions (configurable via config and command line):
LogInit:  - bVerifyPeer = false  - Libcurl will NOT verify peer certificate
LogInit:  - bUseHttpProxy = false  - Libcurl will NOT use HTTP proxy
LogInit:  - bDontReuseConnections = false  - Libcurl will reuse connections
LogInit:  - CertBundlePath = nullptr  - Libcurl will use whatever was configured at build time.
LogModuleManager:Warning: No filename provided for module OnlineSubsystemSteam
LogModuleManager:Warning: ModuleManager: Unable to load module 'OnlineSubsystemSteam' because the file 'C:/Program Files/Epic Games/UE_4.15/Engine/Binaries/Win64/' was not found.
LogInit: WinSock: version 1.1 (2.2), MaxSocks=32767, MaxUdp=65467
LogInit: Build: ++UE4+Release-4.15-CL-3450819
LogInit: Engine Version: 4.15.3-3450819+++UE4+Release-4.15
LogInit: Compatible Engine Version: 4.15.0-3299760+++UE4+Release-4.15
LogInit: Net CL: 3299760
LogDevObjectVersion: Number of dev versions registered: 14
LogDevObjectVersion:   Dev-Blueprints (B0D832E4-1F89-4F0D-ACCF-7EB736FD4AA2): 8
LogDevObjectVersion:   Dev-Build (E1C64328-A22C-4D53-A36C-8E866417BD8C): 0
LogDevObjectVersion:   Dev-Core (375EC13C-06E4-48FB-B500-84F0262A717E): 2
LogDevObjectVersion:   Dev-Editor (E4B068ED-F494-42E9-A231-DA0B2E46BB41): 14
LogDevObjectVersion:   Dev-Framework (CFFC743F-43B0-4480-9391-14DF171D2073): 22
LogDevObjectVersion:   Dev-Mobile (B02B49B5-BB20-44E9-A304-32B752E40360): 0
LogDevObjectVersion:   Dev-Networking (A4E4105C-59A1-49B5-A7C5-40C4547EDFEE): 0
LogDevObjectVersion:   Dev-Online (39C831C9-5AE6-47DC-9A44-9C173E1C8E7C): 0
LogDevObjectVersion:   Dev-Physics (78F01B33-EBEA-4F98-B9B4-84EACCB95AA2): 0
LogDevObjectVersion:   Dev-Platform (6631380F-2D4D-43E0-8009-CF276956A95A): 0
LogDevObjectVersion:   Dev-Rendering (12F88B9F-8875-4AFC-A67C-D90C383ABD29): 12
LogDevObjectVersion:   Dev-Sequencer (7B5AE74C-D270-4C10-A958-57980B212A5A): 3
LogDevObjectVersion:   Dev-VR (D7296918-1DD6-4BDD-9DE2-64A83CC13884): 0
LogDevObjectVersion:   Dev-LoadTimes (C2A15278-BFE7-4AFE-6C17-90FF531DF755): 1
LogInit: Compiled (64-bit): May 21 2017 11:02:34
LogInit: Compiled with Visual C++: 19.00.23026.00
LogInit: Build Configuration: Development
LogInit: Branch Name: ++UE4+Release-4.15
LogInit: Command line:  /Temp/Autosaves/Game/ThirdPersonBP/Maps/UEDPCThirdPersonExampleMap -game -PIEVIACONSOLE -ResX=1280 -ResY=720  -Multiprocess -messaging -SessionName="Play in Standalone Game" -windowed 
LogInit: Base directory: C:/Program Files/Epic Games/UE_4.15/Engine/Binaries/Win64/
LogInit: Installed Engine Build: 1
LogInit: Presizing for max 8388607 objects, including 0 objects not considered by GC, pre-allocating 0 bytes for permanent pool.
LogInit: Object subsystem initialized
[2017.06.15-17.07.22:824][  0]LogInit: Selected Device Profile: [Windows]
[2017.06.15-17.07.22:824][  0]LogInit: Applying CVar settings loaded from the selected device profile: [Windows]
[2017.06.15-17.07.22:827][  0]LogInit: Computer: LAPTOP-RAOCS8F3
[2017.06.15-17.07.22:827][  0]LogInit: User: koru
[2017.06.15-17.07.22:827][  0]LogInit: CPU Page size=65536, Cores=4
[2017.06.15-17.07.22:827][  0]LogInit: High frequency timer resolution =2.531246 MHz
[2017.06.15-17.07.22:828][  0]LogMemory: Memory total: Physical=15.8GB (16GB approx)
[2017.06.15-17.07.22:828][  0]LogMemory: Platform Memory Stats for Windows
[2017.06.15-17.07.22:828][  0]LogMemory: Process Physical Memory: 264.54 MB used, 264.54 MB peak
[2017.06.15-17.07.22:828][  0]LogMemory: Process Virtual Memory: 262.84 MB used, 262.84 MB peak
[2017.06.15-17.07.22:828][  0]LogMemory: Physical Memory: 6876.69 MB used,  9335.09 MB free, 16211.78 MB total
[2017.06.15-17.07.22:828][  0]LogMemory: Virtual Memory: 647.25 MB used,  9335.09 MB free, 134217728.00 MB total
[2017.06.15-17.07.22:928][  0]LogTextLocalizationManager: No specific translations for ('es-PE') exist, so ('es') translations will be used.
[2017.06.15-17.07.23:188][  0]LogD3D11RHI: D3D11 adapters:
[2017.06.15-17.07.23:794][  0]LogD3D11RHI:    0. 'NVIDIA GeForce GTX 960M' (Feature Level 11_0)
[2017.06.15-17.07.23:794][  0]LogD3D11RHI:       4064/0/8105 MB DedicatedVideo/DedicatedSystem/SharedSystem, Outputs:1, VendorId:0x10de
[2017.06.15-17.07.23:802][  0]LogD3D11RHI:    1. 'Intel(R) HD Graphics 530' (Feature Level 11_0)
[2017.06.15-17.07.23:802][  0]LogD3D11RHI:       128/0/8105 MB DedicatedVideo/DedicatedSystem/SharedSystem, Outputs:0, VendorId:0x8086
[2017.06.15-17.07.23:803][  0]LogD3D11RHI:    2. 'Microsoft Basic Render Driver' (Feature Level 11_0)
[2017.06.15-17.07.23:803][  0]LogD3D11RHI:       0/0/8105 MB DedicatedVideo/DedicatedSystem/SharedSystem, Outputs:0, VendorId:0x1414
[2017.06.15-17.07.23:803][  0]LogD3D11RHI: Chosen D3D11 Adapter: 0
[2017.06.15-17.07.23:808][  0]LogD3D11RHI: Creating new Direct3DDevice
[2017.06.15-17.07.23:808][  0]LogD3D11RHI:     GPU DeviceId: 0x139b (for the marketing name, search the web for "GPU Device Id")
[2017.06.15-17.07.23:808][  0]LogWindows: EnumDisplayDevices:
[2017.06.15-17.07.23:808][  0]LogWindows:    0. 'Intel(R) HD Graphics 530' (P:1 D:1)
[2017.06.15-17.07.23:808][  0]LogWindows:    1. 'Intel(R) HD Graphics 530' (P:0 D:0)
[2017.06.15-17.07.23:808][  0]LogWindows:    2. 'Intel(R) HD Graphics 530' (P:0 D:0)
[2017.06.15-17.07.23:808][  0]LogWindows: DebugString: PrimaryIsNotTheChoosenAdapter PrimaryIsNotTheChoosenAdapter PrimaryIsNotTheChoosenAdapter FoundDriverCount:0 
[2017.06.15-17.07.23:808][  0]LogD3D11RHI:     Adapter Name: NVIDIA GeForce GTX 960M
[2017.06.15-17.07.23:808][  0]LogD3D11RHI:   Driver Version: Unknown (internal:Unknown, unified:Unknown)
[2017.06.15-17.07.23:808][  0]LogD3D11RHI:      Driver Date: Unknown
[2017.06.15-17.07.23:808][  0]LogRHI: Texture pool is 1361 MB (70% of 1945 MB)
[2017.06.15-17.07.24:381][  0]LogD3D11RHI: Async texture creation enabled
[2017.06.15-17.07.24:431][  0]LogD3D11RHI: GPU Timing Frequency: 1000.000000 (Debug: 2 1)
[2017.06.15-17.07.24:432][  0]LogShaderCompilers: Guid format shader working directory is -21 characters bigger than the processId version (../../../../../../Users/koru/Desktop/IHC/HCIProyecto/SteamProject/Intermediate/Shaders/WorkingDirectory/11020/).
[2017.06.15-17.07.24:432][  0]LogShaderCompilers: Cleaned the shader compiler working directory 'C:/Users/koru/AppData/Local/Temp/UnrealShaderWorkingDir/EF858401422823433F8480B148790550/'.
[2017.06.15-17.07.24:432][  0]LogShaderCompilers:Display: Using Local Shader Compiler.
[2017.06.15-17.07.25:500][  0]LogTemp:Display: Loaded TP WindowsClientTargetPlatform
[2017.06.15-17.07.25:553][  0]LogTemp:Display: Loaded TP WindowsNoEditorTargetPlatform
[2017.06.15-17.07.25:606][  0]LogTemp:Display: Loaded TP WindowsServerTargetPlatform
[2017.06.15-17.07.25:652][  0]LogTemp:Display: Loaded TP WindowsTargetPlatform
[2017.06.15-17.07.25:652][  0]LogTargetPlatformManager:Display: Building Assets For Windows
[2017.06.15-17.07.26:073][  0]LogDerivedDataCache:Display: Max Cache Size: 512 MB
[2017.06.15-17.07.26:126][  0]LogDerivedDataCache: Loaded boot cache 0.05s 50MB C:/Users/koru/AppData/Local/UnrealEngine/4.15/DerivedDataCache/Boot.ddc.
[2017.06.15-17.07.26:126][  0]LogDerivedDataCache:Display: Loaded Boot cache: C:/Users/koru/AppData/Local/UnrealEngine/4.15/DerivedDataCache/Boot.ddc
[2017.06.15-17.07.26:127][  0]LogDerivedDataCache: FDerivedDataBackendGraph:  Pak pak cache file ../../../../../../Users/koru/Desktop/IHC/HCIProyecto/SteamProject/DerivedDataCache/DDC.ddp not found, will not use a pak cache.
[2017.06.15-17.07.26:127][  0]LogDerivedDataCache: Unable to find inner node Pak for hierarchical cache Hierarchy.
[2017.06.15-17.07.26:127][  0]LogDerivedDataCache: FDerivedDataBackendGraph:  CompressedPak pak cache file ../../../../../../Users/koru/Desktop/IHC/HCIProyecto/SteamProject/DerivedDataCache/Compressed.ddp not found, will not use a pak cache.
[2017.06.15-17.07.26:127][  0]LogDerivedDataCache: Unable to find inner node CompressedPak for hierarchical cache Hierarchy.
[2017.06.15-17.07.26:145][  0]LogDerivedDataCache:Display: Pak cache opened for reading ../../../Engine/DerivedDataCache/Compressed.ddp.
[2017.06.15-17.07.26:157][  0]LogDerivedDataCache: Using Local data cache path C:/Users/koru/AppData/Local/UnrealEngine/Common/DerivedDataCache: Writable
[2017.06.15-17.07.26:167][  0]LogSlate: Using Freetype 2.6.0
[2017.06.15-17.07.26:167][  0]LogSlate: SlateFontCache - WITH_FREETYPE: 1, WITH_HARFBUZZ: 1
[2017.06.15-17.07.26:167][  0]LogSlate: SlateFontCache - WITH_FREETYPE: 1, WITH_HARFBUZZ: 1
[2017.06.15-17.07.26:453][  0]LogAssetRegistry: FAssetRegistry took 0.0001 seconds to start up
[2017.06.15-17.07.26:460][  0]LogPackageLocalizationCache: Processed 3 localized package path(s) for 2 prioritized culture(s) in 0.007317 seconds
[2017.06.15-17.07.26:477][  0]LogInit: Selected Device Profile: [Windows]
[2017.06.15-17.07.26:479][  0]LogContentStreaming: Texture pool size is 1000.00 MB
[2017.06.15-17.07.26:678][  0]LogMeshUtilities: Using QuadricMeshReduction for automatic static mesh reduction
[2017.06.15-17.07.26:720][  0]LogSimplygon: Simplygon DLL not present - disabling.
[2017.06.15-17.07.26:763][  0]LogMeshUtilities: Using SimplygonSwarm for distributed automatic mesh merging
[2017.06.15-17.07.26:763][  0]LogMeshUtilities: No automatic skeletal mesh reduction module available
[2017.06.15-17.07.26:763][  0]LogMeshUtilities: No automatic mesh merging module available
[2017.06.15-17.07.27:241][  0]LogNetVersion: GetLocalNetworkVersion: CL: 3299760, ProjectName: steamproject, ProjectVersion: , EngineNetworkVersion: 2, GameNetworkVersion: 0, NetworkChecksum: 3119142434
[2017.06.15-17.07.28:055][  0]LogMoviePlayer: Initializing movie player
[2017.06.15-17.07.28:135][  0]LogWindowsTextInputMethodSystem:Display: IME system now deactivated.
[2017.06.15-17.07.28:136][  0]LogWindowsTextInputMethodSystem:Display: IME system now deactivated.
[2017.06.15-17.07.28:409][  0]LogTcpMessaging: Initializing TcpMessaging bridge
[2017.06.15-17.07.28:448][  0]LogUdpMessaging: Initializing bridge on interface 0.0.0.0:0 to multicast group 230.0.0.1:6666.
[2017.06.15-17.07.28:747][  0]SourceControl: Información El control de código fuente está desactivado
[2017.06.15-17.07.28:747][  0]SourceControl: Información El control de código fuente está desactivado
[2017.06.15-17.07.28:791][  0]SourceControl: Información El control de código fuente está desactivado
[2017.06.15-17.07.29:372][  0]LogUObjectArray: 34408 objects as part of root set at end of initial load.
[2017.06.15-17.07.29:372][  0]LogUObjectAllocator: 7639320 out of 0 bytes used by permanent object pool.
[2017.06.15-17.07.29:372][  0]LogUObjectArray: CloseDisregardForGC: 0/0 objects in disregard for GC pool
[2017.06.15-17.07.29:471][  0]LogEngine: Initializing Engine...
[2017.06.15-17.07.29:471][  0]LogHMD: Failed to initialize OpenVR with code 110
[2017.06.15-17.07.29:588][  0]LogStats: UGameplayTagsManager::ConstructGameplayTagTree: Construct from data asset -  0.000 s
[2017.06.15-17.07.29:588][  0]LogStats: UGameplayTagsManager::ConstructGameplayTagTree: GameplayTagTreeChangedEvent.Broadcast -  0.000 s
[2017.06.15-17.07.29:595][  0]LogInit: XAudio2 using 'Speakers (Realtek High Definition Audio)' : 2 channels at 48 kHz using 32 bits per sample (channel mask 0x3)
[2017.06.15-17.07.29:604][  0]LogInit: FAudioDevice initialized.
[2017.06.15-17.07.29:621][  0]LogInit: Texture streaming: Enabled
[2017.06.15-17.07.29:632][  0]LogMaterial: Uniform references updated for custom material expression Custom.
[2017.06.15-17.07.30:269][  0]LogInit:Display: Game Engine Initialized.
[2017.06.15-17.07.30:434][  0]LogInit:Display: Starting Game.
[2017.06.15-17.07.30:435][  0]LogNet: Browse: /Temp/Autosaves/Game/ThirdPersonBP/Maps/UEDPCThirdPersonExampleMap?Name=Player
[2017.06.15-17.07.30:435][  0]LogLoad: LoadMap: /Temp/Autosaves/Game/ThirdPersonBP/Maps/UEDPCThirdPersonExampleMap?Name=Player
[2017.06.15-17.07.30:468][  0]LogMemory: Platform Memory Stats for Windows
[2017.06.15-17.07.30:468][  0]LogMemory: Process Physical Memory: 670.45 MB used, 680.49 MB peak
[2017.06.15-17.07.30:468][  0]LogMemory: Process Virtual Memory: 809.14 MB used, 809.15 MB peak
[2017.06.15-17.07.30:468][  0]LogMemory: Physical Memory: 7225.20 MB used,  8986.58 MB free, 16211.78 MB total
[2017.06.15-17.07.30:468][  0]LogMemory: Virtual Memory: 1395.44 MB used,  8986.58 MB free, 134217728.00 MB total
[2017.06.15-17.07.30:468][  0]LogMemory: 
[2017.06.15-17.07.30:468][  0]Allocator Stats for TBB: (not implemented)
[2017.06.15-17.07.30:638][  0]LogLinker:Warning: No puede encontrar el archivo '/Game/M_Orzelek_Assets/Assets/Free/CastleTower/T_CastleTower'
[2017.06.15-17.07.30:638][  0]LoadErrors: Información Error al cargar /Game/M_Orzelek_Assets/Assets/Free/CastleTower/T_CastleTower.T_CastleTower Referenciado por MaterialExpressionTextureSample_0
[2017.06.15-17.07.30:638][  0]LogUObjectGlobals:Warning: Error al cargar '/Game/M_Orzelek_Assets/Assets/Free/CastleTower/T_CastleTower': No puede encontrar el archivo '/Game/M_Orzelek_Assets/Assets/Free/CastleTower/T_CastleTower'
[2017.06.15-17.07.30:638][  0]LogLinker:Warning: No puede encontrar el archivo para el activo '/Game/M_Orzelek_Assets/Assets/Free/CastleTower/T_CastleTower' mientras carga NULL.
[2017.06.15-17.07.30:638][  0]LoadErrors: Información Error al cargar /Game/M_Orzelek_Assets/Assets/Free/CastleTower/T_CastleTower.T_CastleTower Referenciado por MaterialExpressionTextureSample_0
[2017.06.15-17.07.30:638][  0]LogUObjectGlobals:Warning: Error al cargar '/Game/M_Orzelek_Assets/Assets/Free/CastleTower/T_CastleTower': No puede encontrar el archivo para el activo '/Game/M_Orzelek_Assets/Assets/Free/CastleTower/T_CastleTower' mientras carga NULL.
[2017.06.15-17.07.30:638][  0]LogLinker:Warning: No puede encontrar el archivo '/Game/M_Orzelek_Assets/Assets/Free/CastleTower/T_CastleTower_Mask'
[2017.06.15-17.07.30:638][  0]LoadErrors: Información Error al cargar /Game/M_Orzelek_Assets/Assets/Free/CastleTower/T_CastleTower_Mask.T_CastleTower_Mask Referenciado por MaterialExpressionTextureSample_1
[2017.06.15-17.07.30:638][  0]LogUObjectGlobals:Warning: Error al cargar '/Game/M_Orzelek_Assets/Assets/Free/CastleTower/T_CastleTower_Mask': No puede encontrar el archivo '/Game/M_Orzelek_Assets/Assets/Free/CastleTower/T_CastleTower_Mask'
[2017.06.15-17.07.30:638][  0]LogLinker:Warning: No puede encontrar el archivo para el activo '/Game/M_Orzelek_Assets/Assets/Free/CastleTower/T_CastleTower_Mask' mientras carga NULL.
[2017.06.15-17.07.30:638][  0]LoadErrors: Información Error al cargar /Game/M_Orzelek_Assets/Assets/Free/CastleTower/T_CastleTower_Mask.T_CastleTower_Mask Referenciado por MaterialExpressionTextureSample_1
[2017.06.15-17.07.30:638][  0]LogUObjectGlobals:Warning: Error al cargar '/Game/M_Orzelek_Assets/Assets/Free/CastleTower/T_CastleTower_Mask': No puede encontrar el archivo para el activo '/Game/M_Orzelek_Assets/Assets/Free/CastleTower/T_CastleTower_Mask' mientras carga NULL.
[2017.06.15-17.07.30:638][  0]LogLinker:Warning: No puede encontrar el archivo '/Game/M_Orzelek_Assets/Assets/Free/CastleTower/T_CastleTower_Norm'
[2017.06.15-17.07.30:638][  0]LoadErrors: Información Error al cargar /Game/M_Orzelek_Assets/Assets/Free/CastleTower/T_CastleTower_Norm.T_CastleTower_Norm Referenciado por MaterialExpressionTextureSample_2
[2017.06.15-17.07.30:638][  0]LogUObjectGlobals:Warning: Error al cargar '/Game/M_Orzelek_Assets/Assets/Free/CastleTower/T_CastleTower_Norm': No puede encontrar el archivo '/Game/M_Orzelek_Assets/Assets/Free/CastleTower/T_CastleTower_Norm'
[2017.06.15-17.07.30:638][  0]LogLinker:Warning: No puede encontrar el archivo para el activo '/Game/M_Orzelek_Assets/Assets/Free/CastleTower/T_CastleTower_Norm' mientras carga NULL.
[2017.06.15-17.07.30:638][  0]LoadErrors: Información Error al cargar /Game/M_Orzelek_Assets/Assets/Free/CastleTower/T_CastleTower_Norm.T_CastleTower_Norm Referenciado por MaterialExpressionTextureSample_2
[2017.06.15-17.07.30:638][  0]LogUObjectGlobals:Warning: Error al cargar '/Game/M_Orzelek_Assets/Assets/Free/CastleTower/T_CastleTower_Norm': No puede encontrar el archivo para el activo '/Game/M_Orzelek_Assets/Assets/Free/CastleTower/T_CastleTower_Norm' mientras carga NULL.
[2017.06.15-17.07.30:640][  0]LogLinker:Warning: No puede encontrar el archivo '/Game/Assets/Environment/Materials/M_Mushroom_A_Inst'
[2017.06.15-17.07.30:640][  0]LoadErrors: Información Error al cargar /Game/Assets/Environment/Materials/M_Mushroom_A_Inst.M_Mushroom_A_Inst Referenciado por SM_Mushroom_A
[2017.06.15-17.07.30:640][  0]LogUObjectGlobals:Warning: Error al cargar '/Game/Assets/Environment/Materials/M_Mushroom_A_Inst': No puede encontrar el archivo '/Game/Assets/Environment/Materials/M_Mushroom_A_Inst'
[2017.06.15-17.07.30:640][  0]LogLinker:Warning: No puede encontrar el archivo para el activo '/Game/Assets/Environment/Materials/M_Mushroom_A_Inst' mientras carga NULL.
[2017.06.15-17.07.30:640][  0]LoadErrors: Información Error al cargar /Game/Assets/Environment/Materials/M_Mushroom_A_Inst.M_Mushroom_A_Inst Referenciado por SM_Mushroom_A
[2017.06.15-17.07.30:640][  0]LogUObjectGlobals:Warning: Error al cargar '/Game/Assets/Environment/Materials/M_Mushroom_A_Inst': No puede encontrar el archivo para el activo '/Game/Assets/Environment/Materials/M_Mushroom_A_Inst' mientras carga NULL.
[2017.06.15-17.07.30:641][  0]LogLinker:Warning: No puede encontrar el archivo '/Game/M_Orzelek_Assets/Assets/Free/CastleTower/M_CastleTower'
[2017.06.15-17.07.30:641][  0]LoadErrors: Información Error al cargar /Game/M_Orzelek_Assets/Assets/Free/CastleTower/M_CastleTower.M_CastleTower Referenciado por SM_CastleTower_S1
[2017.06.15-17.07.30:641][  0]LogUObjectGlobals:Warning: Error al cargar '/Game/M_Orzelek_Assets/Assets/Free/CastleTower/M_CastleTower': No puede encontrar el archivo '/Game/M_Orzelek_Assets/Assets/Free/CastleTower/M_CastleTower'
[2017.06.15-17.07.30:641][  0]LogLinker:Warning: No puede encontrar el archivo para el activo '/Game/M_Orzelek_Assets/Assets/Free/CastleTower/M_CastleTower' mientras carga NULL.
[2017.06.15-17.07.30:641][  0]LoadErrors: Información Error al cargar /Game/M_Orzelek_Assets/Assets/Free/CastleTower/M_CastleTower.M_CastleTower Referenciado por SM_CastleTower_S1
[2017.06.15-17.07.30:641][  0]LogUObjectGlobals:Warning: Error al cargar '/Game/M_Orzelek_Assets/Assets/Free/CastleTower/M_CastleTower': No puede encontrar el archivo para el activo '/Game/M_Orzelek_Assets/Assets/Free/CastleTower/M_CastleTower' mientras carga NULL.
[2017.06.15-17.07.30:641][  0]LogLinker:Warning: No puede encontrar el archivo '/Game/M_Orzelek_Assets/Assets/Free/WoodenTable/M_WoodenTable'
[2017.06.15-17.07.30:641][  0]LoadErrors: Información Error al cargar /Game/M_Orzelek_Assets/Assets/Free/WoodenTable/M_WoodenTable.M_WoodenTable Referenciado por SM_TableWooden
[2017.06.15-17.07.30:641][  0]LogUObjectGlobals:Warning: Error al cargar '/Game/M_Orzelek_Assets/Assets/Free/WoodenTable/M_WoodenTable': No puede encontrar el archivo '/Game/M_Orzelek_Assets/Assets/Free/WoodenTable/M_WoodenTable'
[2017.06.15-17.07.30:641][  0]LogLinker:Warning: No puede encontrar el archivo para el activo '/Game/M_Orzelek_Assets/Assets/Free/WoodenTable/M_WoodenTable' mientras carga NULL.
[2017.06.15-17.07.30:641][  0]LoadErrors: Información Error al cargar /Game/M_Orzelek_Assets/Assets/Free/WoodenTable/M_WoodenTable.M_WoodenTable Referenciado por SM_TableWooden
[2017.06.15-17.07.30:641][  0]LogUObjectGlobals:Warning: Error al cargar '/Game/M_Orzelek_Assets/Assets/Free/WoodenTable/M_WoodenTable': No puede encontrar el archivo para el activo '/Game/M_Orzelek_Assets/Assets/Free/WoodenTable/M_WoodenTable' mientras carga NULL.
[2017.06.15-17.07.30:695][  0]LogMaterial: Missing cached shader map for material M_CastleTower, compiling. 
[2017.06.15-17.07.30:696][  0]LogMaterial:Warning: Failed to compile Material /Game/ThirdPersonBP/Objects/CastleTower/UE4/M_Orzelek_Assets/Assets/Free/CastleTower/M_CastleTower.M_CastleTower for platform PCD3D_SM5, Default Material will be used in game.
[2017.06.15-17.07.30:696][  0]LogMaterial:Warning: 	(Node TextureSample) TextureSample> Missing input texture
[2017.06.15-17.07.30:838][  0]LogAIModule: Creating AISystem for world ThirdPersonExampleMap
[2017.06.15-17.07.30:945][  0]LogLinker:Warning: No puede encontrar el archivo '/Game/Assets/Environment/Materials/M_Stone_Path_Inst'
[2017.06.15-17.07.30:945][  0]LoadErrors: Información Error al cargar /Game/Assets/Environment/Materials/M_Stone_Path_Inst.M_Stone_Path_Inst Referenciado por SM_Stone_Path_B
[2017.06.15-17.07.30:945][  0]LogUObjectGlobals:Warning: Error al cargar '/Game/Assets/Environment/Materials/M_Stone_Path_Inst': No puede encontrar el archivo '/Game/Assets/Environment/Materials/M_Stone_Path_Inst'
[2017.06.15-17.07.30:945][  0]LogLinker:Warning: No puede encontrar el archivo para el activo '/Game/Assets/Environment/Materials/M_Stone_Path_Inst' mientras carga NULL.
[2017.06.15-17.07.30:945][  0]LoadErrors: Información Error al cargar /Game/Assets/Environment/Materials/M_Stone_Path_Inst.M_Stone_Path_Inst Referenciado por SM_Stone_Path_B
[2017.06.15-17.07.30:945][  0]LogUObjectGlobals:Warning: Error al cargar '/Game/Assets/Environment/Materials/M_Stone_Path_Inst': No puede encontrar el archivo para el activo '/Game/Assets/Environment/Materials/M_Stone_Path_Inst' mientras carga NULL.
[2017.06.15-17.07.30:978][  0]LogLoad: Game class is 'ThirdPersonGameMode_C'
[2017.06.15-17.07.30:985][  0]LogWorld: Bringing World /Temp/Autosaves/Game/ThirdPersonBP/Maps/UEDPCThirdPersonExampleMap.ThirdPersonExampleMap up for play (max tick rate 0) at 2017.06.15-12.07.30
[2017.06.15-17.07.30:987][  0]LogWorld: Bringing up level for play took: 0.007542
[2017.06.15-17.07.31:010][  0]LogGameMode:Display: Match State Changed from EnteringMap to WaitingToStart
[2017.06.15-17.07.31:010][  0]LogGameState: Match State Changed from EnteringMap to WaitingToStart
[2017.06.15-17.07.31:010][  0]LogGameMode:Display: Match State Changed from WaitingToStart to InProgress
[2017.06.15-17.07.31:013][  0]LogGameState: Match State Changed from WaitingToStart to InProgress
[2017.06.15-17.07.31:013][  0]LogLoad: Took 0.578464 seconds to LoadMap(/Temp/Autosaves/Game/ThirdPersonBP/Maps/UEDPCThirdPersonExampleMap)
[2017.06.15-17.07.31:203][  0]LogRenderer: Reallocating scene render targets to support 1280x720 NumSamples 1 (Frame:2).
[2017.06.15-17.07.31:203][  0]LogLoad: (Engine Initialization) Total time: 10.60 seconds
[2017.06.15-17.07.31:203][  0]LogLoad: (Engine Initialization) Total Blueprint compile time: 0.37 seconds
[2017.06.15-17.07.31:203][  0]LogExternalProfiler: Found external profiler: VSPerf
[2017.06.15-17.07.31:203][  0]LogExternalProfiler: Using external profiler: VSPerf
[2017.06.15-17.07.31:221][  0]LogOcInput: OculusInput pre-init called
[2017.06.15-17.07.43:943][774]LogScriptCore:Warning: Script Msg: Attempted to access index 4 from array listofObject of length 4!
[2017.06.15-17.07.43:943][774]LogScriptCore:Warning: Script Msg: Attempted to access index 4 from array ListOfGosth of length 4!
[2017.06.15-17.07.45:425][866]LogScriptCore:Warning: Script Msg: Attempted to access index 5 from array listofObject of length 4!
[2017.06.15-17.07.45:425][866]LogScriptCore:Warning: Script Msg: Attempted to access index 5 from array ListOfGosth of length 4!
[2017.06.15-17.07.46:199][914]LogScriptCore:Warning: Script Msg: Attempted to access index 6 from array listofObject of length 4!
[2017.06.15-17.07.46:199][914]LogScriptCore:Warning: Script Msg: Attempted to access index 6 from array ListOfGosth of length 4!
[2017.06.15-17.07.46:990][963]LogScriptCore:Warning: Script Msg: Attempted to access index 7 from array listofObject of length 4!
[2017.06.15-17.07.46:990][963]LogScriptCore:Warning: Script Msg: Attempted to access index 7 from array ListOfGosth of length 4!
[2017.06.15-17.07.49:973][148]LogScriptCore:Warning: Script Msg: Attempted to access index 8 from array listofObject of length 4!
[2017.06.15-17.07.49:973][148]LogScriptCore:Warning: Script Msg: Attempted to access index 8 from array ListOfGosth of length 4!
[2017.06.15-17.07.51:925][269]LogScriptCore:Warning: Script Msg: Attempted to access index 9 from array listofObject of length 4!
[2017.06.15-17.07.51:925][269]LogScriptCore:Warning: Script Msg: Attempted to access index 9 from array ListOfGosth of length 4!
[2017.06.15-17.07.52:361][296]LogScriptCore:Warning: Script Msg: Attempted to access index 10 from array listofObject of length 4!
[2017.06.15-17.07.52:361][296]LogScriptCore:Warning: Script Msg: Attempted to access index 10 from array ListOfGosth of length 4!
[2017.06.15-17.07.52:716][318]LogScriptCore:Warning: Script Msg: Attempted to access index 11 from array listofObject of length 4!
[2017.06.15-17.07.52:716][318]LogScriptCore:Warning: Script Msg: Attempted to access index 11 from array ListOfGosth of length 4!
[2017.06.15-17.07.54:393][422]LogScriptCore:Warning: Script Msg: Attempted to access index 12 from array listofObject of length 4!
[2017.06.15-17.07.54:393][422]LogScriptCore:Warning: Script Msg: Attempted to access index 12 from array ListOfGosth of length 4!
[2017.06.15-17.07.55:103][466]LogScriptCore:Warning: Script Msg: Attempted to access index 13 from array listofObject of length 4!
[2017.06.15-17.07.55:103][466]LogScriptCore:Warning: Script Msg: Attempted to access index 13 from array ListOfGosth of length 4!
[2017.06.15-17.07.56:377][545]LogScriptCore:Warning: Script Msg: Attempted to access index 14 from array listofObject of length 4!
[2017.06.15-17.07.56:377][545]LogScriptCore:Warning: Script Msg: Attempted to access index 14 from array ListOfGosth of length 4!
[2017.06.15-17.07.58:266][662]LogScript:Warning: UGameplayStatics::BeginSpawningActorFromClass: can not spawn an actor from a NULL class
[2017.06.15-17.07.58:992][707]LogScript:Warning: UGameplayStatics::BeginSpawningActorFromClass: can not spawn an actor from a NULL class
[2017.06.15-17.07.59:490][738]LogScriptCore:Warning: Script Msg: Attempted to access index 15 from array listofObject of length 4!
[2017.06.15-17.07.59:490][738]LogScriptCore:Warning: Script Msg: Attempted to access index 15 from array ListOfGosth of length 4!
[2017.06.15-17.08.02:684][936]LogScriptCore:Warning: Script Msg: Attempted to access index 16 from array listofObject of length 4!
[2017.06.15-17.08.02:684][936]LogScriptCore:Warning: Script Msg: Attempted to access index 16 from array ListOfGosth of length 4!
[2017.06.15-17.08.06:345][163]LogScriptCore:Warning: Script Msg: Attempted to access index 17 from array listofObject of length 4!
[2017.06.15-17.08.06:345][163]LogScriptCore:Warning: Script Msg: Attempted to access index 17 from array ListOfGosth of length 4!
[2017.06.15-17.08.08:458][294]LogScriptCore:Warning: Script Msg: Attempted to access index 18 from array listofObject of length 4!
[2017.06.15-17.08.08:458][294]LogScriptCore:Warning: Script Msg: Attempted to access index 18 from array ListOfGosth of length 4!
[2017.06.15-17.08.11:055][455]LogScriptCore:Warning: Script Msg: Attempted to access index 19 from array listofObject of length 4!
[2017.06.15-17.08.11:055][455]LogScriptCore:Warning: Script Msg: Attempted to access index 19 from array ListOfGosth of length 4!
[2017.06.15-17.08.13:765][623]LogScriptCore:Warning: Script Msg: Attempted to access index 20 from array listofObject of length 4!
[2017.06.15-17.08.13:766][623]LogScriptCore:Warning: Script Msg: Attempted to access index 20 from array ListOfGosth of length 4!
[2017.06.15-17.08.22:411][159]LogScriptCore:Warning: Script Msg: Attempted to access index 21 from array listofObject of length 4!
[2017.06.15-17.08.22:411][159]LogScriptCore:Warning: Script Msg: Attempted to access index 21 from array ListOfGosth of length 4!
[2017.06.15-17.08.22:846][186]LogScriptCore:Warning: Script Msg: Attempted to access index 22 from array listofObject of length 4!
[2017.06.15-17.08.22:846][186]LogScriptCore:Warning: Script Msg: Attempted to access index 22 from array ListOfGosth of length 4!
[2017.06.15-17.08.23:234][210]LogScriptCore:Warning: Script Msg: Attempted to access index 23 from array listofObject of length 4!
[2017.06.15-17.08.23:234][210]LogScriptCore:Warning: Script Msg: Attempted to access index 23 from array ListOfGosth of length 4!
[2017.06.15-17.08.24:702][301]LogScriptCore:Warning: Script Msg: Attempted to access index 24 from array listofObject of length 4!
[2017.06.15-17.08.24:702][301]LogScriptCore:Warning: Script Msg: Attempted to access index 24 from array ListOfGosth of length 4!
[2017.06.15-17.08.41:623][337]LogWindowsTextInputMethodSystem:Display: IME system now deactivated.
[2017.06.15-17.08.41:624][337]LogWindowsTextInputMethodSystem:Display: IME system now deactivated.
[2017.06.15-17.08.41:628][337]LogEngine: All Windows Closed
[2017.06.15-17.08.41:628][337]LogWindows: FPlatformMisc::RequestExit(0)
[2017.06.15-17.08.41:628][338]LogMoviePlayer: Shutting down movie player
[2017.06.15-17.08.42:507][338]LogExit: Preparing to exit.
[2017.06.15-17.08.43:623][338]LogExit: Game engine shut down
[2017.06.15-17.08.43:681][338]LogObj: Freed 0b from 0 cluster array pools.
[2017.06.15-17.08.43:681][338]LogExit: Object subsystem successfully closed.
[2017.06.15-17.08.43:692][338]LogD3D11RHI: Shutdown
[2017.06.15-17.08.43:692][338]LogD3D11RHI: CleanupD3DDevice
[2017.06.15-17.08.43:760][338]LogD3D11RHI: ~FD3D11DynamicRHI
[2017.06.15-17.08.43:769][338]LogModuleManager: Shutting down and abandoning module SequenceRecorderSections (267)
[2017.06.15-17.08.43:769][338]LogModuleManager: Shutting down and abandoning module SequenceRecorder (265)
[2017.06.15-17.08.43:769][338]LogModuleManager: Shutting down and abandoning module AutomationController (263)
[2017.06.15-17.08.43:769][338]LogModuleManager: Shutting down and abandoning module AutomationWorker (261)
[2017.06.15-17.08.43:769][338]LogModuleManager: Shutting down and abandoning module Voice (259)
[2017.06.15-17.08.43:769][338]LogModuleManager: Shutting down and abandoning module AIModule (257)
[2017.06.15-17.08.43:769][338]LogModuleManager: Shutting down and abandoning module GameplayDebugger (256)
[2017.06.15-17.08.43:770][338]LogModuleManager: Shutting down and abandoning module AITestSuite (254)
[2017.06.15-17.08.43:770][338]LogModuleManager: Shutting down and abandoning module WmfMediaFactory (251)
[2017.06.15-17.08.43:770][338]LogModuleManager: Shutting down and abandoning module MfMediaFactory (249)
[2017.06.15-17.08.43:770][338]LogModuleManager: Shutting down and abandoning module AvfMediaFactory (247)
[2017.06.15-17.08.43:770][338]LogModuleManager: Shutting down and abandoning module AndroidMediaFactory (245)
[2017.06.15-17.08.43:770][338]LogModuleManager: Shutting down and abandoning module Media (244)
[2017.06.15-17.08.43:770][338]LogModuleManager: Shutting down and abandoning module CharacterAI (241)
[2017.06.15-17.08.43:770][338]LogModuleManager: Shutting down and abandoning module SessionServices (239)
[2017.06.15-17.08.43:770][338]LogModuleManager: Shutting down and abandoning module MovieSceneCapture (237)
[2017.06.15-17.08.43:770][338]LogModuleManager: Shutting down and abandoning module GeometryCache (235)
[2017.06.15-17.08.43:770][338]LogModuleManager: Shutting down and abandoning module GeometryCacheEd (234)
[2017.06.15-17.08.43:770][338]LogModuleManager: Shutting down and abandoning module Niagara (231)
[2017.06.15-17.08.43:770][338]LogModuleManager: Shutting down and abandoning module StreamingPauseRendering (229)
[2017.06.15-17.08.43:770][338]LogModuleManager: Shutting down and abandoning module PortalServices (227)
[2017.06.15-17.08.43:770][338]LogModuleManager: Shutting down and abandoning module PortalRpc (225)
[2017.06.15-17.08.43:770][338]LogModuleManager: Shutting down and abandoning module MessagingRpc (223)
[2017.06.15-17.08.43:770][338]LogModuleManager: Shutting down and abandoning module ProfilerService (221)
[2017.06.15-17.08.43:786][338]LogModuleManager: Shutting down and abandoning module TaskGraph (219)
[2017.06.15-17.08.43:786][338]LogModuleManager: Shutting down and abandoning module SteamVRController (217)
[2017.06.15-17.08.43:786][338]LogModuleManager: Shutting down and abandoning module SteamVR (215)
[2017.06.15-17.08.43:786][338]LogModuleManager: Shutting down and abandoning module ProceduralMeshComponent (213)
[2017.06.15-17.08.43:786][338]LogModuleManager: Shutting down and abandoning module OculusLibrary (211)
[2017.06.15-17.08.43:786][338]LogModuleManager: Shutting down and abandoning module OculusInput (209)
[2017.06.15-17.08.43:786][338]LogModuleManager: Shutting down and abandoning module MobilePatchingUtils (207)
[2017.06.15-17.08.43:786][338]LogModuleManager: Shutting down and abandoning module CustomMeshComponent (205)
[2017.06.15-17.08.43:786][338]LogModuleManager: Shutting down and abandoning module CableComponent (203)
[2017.06.15-17.08.43:786][338]LogModuleManager: Shutting down and abandoning module ArchVisCharacter (201)
[2017.06.15-17.08.43:786][338]LogModuleManager: Shutting down and abandoning module HTML5Networking (199)
[2017.06.15-17.08.43:786][338]LogModuleManager: Shutting down and abandoning module VisualStudioSourceCodeAccess (197)
[2017.06.15-17.08.43:786][338]LogModuleManager: Shutting down and abandoning module DesktopPlatform (196)
[2017.06.15-17.08.43:786][338]LogModuleManager: Shutting down and abandoning module HotReload (194)
[2017.06.15-17.08.43:787][338]LogModuleManager: Shutting down and abandoning module DirectoryWatcher (193)
[2017.06.15-17.08.43:787][338]LogModuleManager: Shutting down and abandoning module UObjectPlugin (189)
[2017.06.15-17.08.43:787][338]LogModuleManager: Shutting down and abandoning module SubversionSourceControl (187)
[2017.06.15-17.08.43:787][338]LogModuleManager: Shutting down and abandoning module PerforceSourceControl (185)
[2017.06.15-17.08.43:787][338]LogModuleManager: Shutting down and abandoning module SourceControl (184)
[2017.06.15-17.08.43:787][338]LogModuleManager: Shutting down and abandoning module PhysXVehiclesEditor (181)
[2017.06.15-17.08.43:787][338]LogModuleManager: Shutting down and abandoning module PhysXVehicles (179)
[2017.06.15-17.08.43:787][338]LogModuleManager: Shutting down and abandoning module LocationServicesBPLibrary (177)
[2017.06.15-17.08.43:787][338]LogModuleManager: Shutting down and abandoning module UdpMessaging (175)
[2017.06.15-17.08.43:887][338]LogModuleManager: Shutting down and abandoning module TcpMessaging (173)
[2017.06.15-17.08.44:439][338]LogModuleManager: Shutting down and abandoning module GameplayTagsEditor (171)
[2017.06.15-17.08.44:439][338]LogModuleManager: Shutting down and abandoning module FacialAnimation (169)
[2017.06.15-17.08.44:439][338]LogModuleManager: Shutting down and abandoning module LightPropagationVolumeRuntime (167)
[2017.06.15-17.08.44:439][338]LogModuleManager: Shutting down and abandoning module Paper2D (165)
[2017.06.15-17.08.44:439][338]LogModuleManager: Shutting down and abandoning module WindowsMoviePlayer (163)
[2017.06.15-17.08.44:439][338]LogModuleManager: Shutting down and abandoning module WmfMedia (161)
[2017.06.15-17.08.44:439][338]LogModuleManager: Shutting down and abandoning module MfMedia (159)
[2017.06.15-17.08.44:439][338]LogModuleManager: Shutting down and abandoning module MediaAssets (157)
[2017.06.15-17.08.44:439][338]LogModuleManager: Shutting down and abandoning module GameLiveStreaming (155)
[2017.06.15-17.08.44:439][338]LogModuleManager: Shutting down and abandoning module VREditor (153)
[2017.06.15-17.08.44:439][338]LogModuleManager: Shutting down and abandoning module GameplayTasksEditor (151)
[2017.06.15-17.08.44:439][338]LogModuleManager: Shutting down and abandoning module BehaviorTreeEditor (149)
[2017.06.15-17.08.44:439][338]LogModuleManager: Shutting down and abandoning module FunctionalTesting (147)
[2017.06.15-17.08.44:439][338]LogModuleManager: Shutting down and abandoning module CollisionAnalyzer (145)
[2017.06.15-17.08.44:439][338]LogModuleManager: Shutting down and abandoning module UMG (143)
[2017.06.15-17.08.44:439][338]LogModuleManager: Shutting down and abandoning module UMGEditor (142)
[2017.06.15-17.08.44:439][338]LogModuleManager: Shutting down and abandoning module Sequencer (141)
[2017.06.15-17.08.44:439][338]LogModuleManager: Shutting down and abandoning module AssetTools (139)
[2017.06.15-17.08.44:439][338]LogModuleManager: Shutting down and abandoning module MessageLog (138)
[2017.06.15-17.08.44:439][338]LogModuleManager: Shutting down and abandoning module WorkspaceMenuStructure (137)
[2017.06.15-17.08.44:439][338]LogModuleManager: Shutting down and abandoning module SlateReflector (131)
[2017.06.15-17.08.44:439][338]LogModuleManager: Shutting down and abandoning module Slate (129)
[2017.06.15-17.08.44:439][338]LogModuleManager: Shutting down and abandoning module EditorStyle (127)
[2017.06.15-17.08.44:442][338]LogModuleManager: Shutting down and abandoning module Messaging (125)
[2017.06.15-17.08.44:442][338]LogModuleManager: Shutting down and abandoning module SourceCodeAccess (123)
[2017.06.15-17.08.44:442][338]LogModuleManager: Shutting down and abandoning module HeadMountedDisplay (121)
[2017.06.15-17.08.44:442][338]LogModuleManager: Shutting down and abandoning module XAudio2 (119)
[2017.06.15-17.08.44:442][338]LogModuleManager: Shutting down and abandoning module Networking (117)
[2017.06.15-17.08.44:442][338]LogModuleManager: Shutting down and abandoning module Core (115)
[2017.06.15-17.08.44:442][338]LogModuleManager: Shutting down and abandoning module KismetCompiler (113)
[2017.06.15-17.08.44:442][338]LogModuleManager: Shutting down and abandoning module PhysXFormats (111)
[2017.06.15-17.08.44:442][338]LogModuleManager: Shutting down and abandoning module MeshUtilities (109)
[2017.06.15-17.08.44:442][338]LogModuleManager: Shutting down and abandoning module SimplygonSwarm (108)
[2017.06.15-17.08.44:442][338]LogModuleManager: Shutting down and abandoning module SimplygonMeshReduction (106)
[2017.06.15-17.08.44:442][338]LogModuleManager: Shutting down and abandoning module QuadricMeshReduction (104)
[2017.06.15-17.08.44:442][338]LogModuleManager: Shutting down and abandoning module PropertyEditor (102)
[2017.06.15-17.08.44:442][338]LogModuleManager: Shutting down and abandoning module AssetRegistry (99)
[2017.06.15-17.08.44:442][338]LogModuleManager: Shutting down and abandoning module DerivedDataCache (97)
[2017.06.15-17.08.44:715][338]LogDerivedDataCache: Shutdown
[2017.06.15-17.08.44:715][338]LogModuleManager: Shutting down and abandoning module TargetPlatform (95)
[2017.06.15-17.08.44:715][338]LogModuleManager: Shutting down and abandoning module VulkanShaderFormat (94)
[2017.06.15-17.08.44:715][338]LogModuleManager: Shutting down and abandoning module ShaderFormatOpenGL (92)
[2017.06.15-17.08.44:715][338]LogModuleManager: Shutting down and abandoning module ShaderFormatD3D (90)
[2017.06.15-17.08.44:715][338]LogModuleManager: Shutting down and abandoning module MetalShaderFormat (88)
[2017.06.15-17.08.44:715][338]LogModuleManager: Shutting down and abandoning module TextureFormatUncompressed (86)
[2017.06.15-17.08.44:715][338]LogModuleManager: Shutting down and abandoning module TextureFormatPVR (84)
[2017.06.15-17.08.44:715][338]LogModuleManager: Shutting down and abandoning module TextureFormatDXT (82)
[2017.06.15-17.08.44:715][338]LogModuleManager: Shutting down and abandoning module TextureFormatIntelISPCTexComp (80)
[2017.06.15-17.08.44:715][338]LogModuleManager: Shutting down and abandoning module TextureFormatASTC (78)
[2017.06.15-17.08.44:715][338]LogModuleManager: Shutting down and abandoning module ImageWrapper (77)
[2017.06.15-17.08.44:715][338]LogModuleManager: Shutting down and abandoning module TextureFormatAndroid (74)
[2017.06.15-17.08.44:715][338]LogModuleManager: Shutting down and abandoning module AudioFormatOpus (72)
[2017.06.15-17.08.44:715][338]LogModuleManager: Shutting down and abandoning module AudioFormatOgg (70)
[2017.06.15-17.08.44:715][338]LogModuleManager: Shutting down and abandoning module AudioFormatADPCM (68)
[2017.06.15-17.08.44:715][338]LogModuleManager: Shutting down and abandoning module WindowsTargetPlatform (66)
[2017.06.15-17.08.44:715][338]LogModuleManager: Shutting down and abandoning module WindowsServerTargetPlatform (64)
[2017.06.15-17.08.44:715][338]LogModuleManager: Shutting down and abandoning module WindowsNoEditorTargetPlatform (62)
[2017.06.15-17.08.44:715][338]LogModuleManager: Shutting down and abandoning module WindowsClientTargetPlatform (60)
[2017.06.15-17.08.44:715][338]LogModuleManager: Shutting down and abandoning module InputCore (57)
[2017.06.15-17.08.44:715][338]LogModuleManager: Shutting down and abandoning module Settings (55)
[2017.06.15-17.08.44:715][338]LogModuleManager: Shutting down and abandoning module OculusRift (53)
[2017.06.15-17.08.44:715][338]LogModuleManager: Shutting down and abandoning module GearVR (51)
[2017.06.15-17.08.44:715][338]LogModuleManager: Shutting down and abandoning module ExampleDeviceProfileSelector (49)
[2017.06.15-17.08.44:715][338]LogModuleManager: Shutting down and abandoning module OnlineBlueprintSupport (47)
[2017.06.15-17.08.44:715][338]LogModuleManager: Shutting down and abandoning module OnlineSubsystem (43)
[2017.06.15-17.08.44:715][338]LogOnline:Display: OSS: FOnlineSubsystemNull::Shutdown()
[2017.06.15-17.08.44:716][338]LogOnline:Display: Unloading online subsystem: NULL
[2017.06.15-17.08.44:716][338]LogModuleManager: Shutting down and abandoning module XMPP (37)
[2017.06.15-17.08.44:716][338]LogModuleManager: Shutting down and abandoning module HTTP (35)
[2017.06.15-17.08.44:727][338]LogModuleManager: Shutting down and abandoning module SSL (34)
[2017.06.15-17.08.44:729][338]LogModuleManager: Shutting down and abandoning module AudioEditor (30)
[2017.06.15-17.08.44:729][338]LogModuleManager: Shutting down and abandoning module TextureCompressor (28)
[2017.06.15-17.08.44:729][338]LogModuleManager: Shutting down and abandoning module ShaderCore (26)
[2017.06.15-17.08.44:729][338]LogModuleManager: Shutting down and abandoning module Landscape (24)
[2017.06.15-17.08.44:729][338]LogModuleManager: Shutting down and abandoning module SlateRHIRenderer (22)
[2017.06.15-17.08.44:729][338]LogModuleManager: Shutting down and abandoning module OpenGLDrv (20)
[2017.06.15-17.08.44:729][338]LogModuleManager: Shutting down and abandoning module D3D11RHI (18)
[2017.06.15-17.08.44:729][338]LogModuleManager: Shutting down and abandoning module AnimGraphRuntime (16)
[2017.06.15-17.08.44:729][338]LogModuleManager: Shutting down and abandoning module Renderer (14)
[2017.06.15-17.08.44:729][338]LogModuleManager: Shutting down and abandoning module Engine (12)
[2017.06.15-17.08.44:729][338]LogModuleManager: Shutting down and abandoning module CoreUObject (10)
[2017.06.15-17.08.44:729][338]LogModuleManager: Shutting down and abandoning module NetworkFile (8)
[2017.06.15-17.08.44:729][338]LogModuleManager: Shutting down and abandoning module StreamingFile (6)
[2017.06.15-17.08.44:729][338]LogModuleManager: Shutting down and abandoning module SandboxFile (4)
[2017.06.15-17.08.44:729][338]LogModuleManager: Shutting down and abandoning module PakFile (2)
[2017.06.15-17.08.44:730][338]LogExit: Exiting.
[2017.06.15-17.08.44:732][338]Log file closed, 06/15/17 12:08:44
