Log file open, 06/17/17 16:42:17
LogInit:Display: Running engine for game: SteamProject
LogPlatformFile: Not using cached read wrapper
LogInit:Display: RandInit(116839435) SRandInit(116839436).
LogTaskGraph: Started task graph with 5 named threads and 8 total threads with 1 sets of task threads.
LogStats: Stats thread started at 0.167865
LogInit: Using libcurl 7.47.1
LogInit:  - built for x86_64-pc-win32
LogInit:  - supports SSL with OpenSSL/1.0.2g
LogInit:  - supports HTTP deflate (compression) using libz 1.2.8
LogInit:  - other features:
LogInit:      CURL_VERSION_SSL
LogInit:      CURL_VERSION_LIBZ
LogInit:      CURL_VERSION_IPV6
LogInit:      CURL_VERSION_ASYNCHDNS
LogInit:      CURL_VERSION_LARGEFILE
LogInit:      CURL_VERSION_IDN
LogInit:  CurlRequestOptions (configurable via config and command line):
LogInit:  - bVerifyPeer = false  - Libcurl will NOT verify peer certificate
LogInit:  - bUseHttpProxy = false  - Libcurl will NOT use HTTP proxy
LogInit:  - bDontReuseConnections = false  - Libcurl will reuse connections
LogInit:  - CertBundlePath = nullptr  - Libcurl will use whatever was configured at build time.
LogModuleManager:Warning: No filename provided for module OnlineSubsystemSteam
LogModuleManager:Warning: ModuleManager: Unable to load module 'OnlineSubsystemSteam' because the file 'C:/Program Files/Epic Games/UE_4.15/Engine/Binaries/Win64/' was not found.
LogInit: WinSock: version 1.1 (2.2), MaxSocks=32767, MaxUdp=65467
LogInit: Build: ++UE4+Release-4.15-CL-3450819
LogInit: Engine Version: 4.15.3-3450819+++UE4+Release-4.15
LogInit: Compatible Engine Version: 4.15.0-3299760+++UE4+Release-4.15
LogInit: Net CL: 3299760
LogDevObjectVersion: Number of dev versions registered: 14
LogDevObjectVersion:   Dev-Blueprints (B0D832E4-1F89-4F0D-ACCF-7EB736FD4AA2): 8
LogDevObjectVersion:   Dev-Build (E1C64328-A22C-4D53-A36C-8E866417BD8C): 0
LogDevObjectVersion:   Dev-Core (375EC13C-06E4-48FB-B500-84F0262A717E): 2
LogDevObjectVersion:   Dev-Editor (E4B068ED-F494-42E9-A231-DA0B2E46BB41): 14
LogDevObjectVersion:   Dev-Framework (CFFC743F-43B0-4480-9391-14DF171D2073): 22
LogDevObjectVersion:   Dev-Mobile (B02B49B5-BB20-44E9-A304-32B752E40360): 0
LogDevObjectVersion:   Dev-Networking (A4E4105C-59A1-49B5-A7C5-40C4547EDFEE): 0
LogDevObjectVersion:   Dev-Online (39C831C9-5AE6-47DC-9A44-9C173E1C8E7C): 0
LogDevObjectVersion:   Dev-Physics (78F01B33-EBEA-4F98-B9B4-84EACCB95AA2): 0
LogDevObjectVersion:   Dev-Platform (6631380F-2D4D-43E0-8009-CF276956A95A): 0
LogDevObjectVersion:   Dev-Rendering (12F88B9F-8875-4AFC-A67C-D90C383ABD29): 12
LogDevObjectVersion:   Dev-Sequencer (7B5AE74C-D270-4C10-A958-57980B212A5A): 3
LogDevObjectVersion:   Dev-VR (D7296918-1DD6-4BDD-9DE2-64A83CC13884): 0
LogDevObjectVersion:   Dev-LoadTimes (C2A15278-BFE7-4AFE-6C17-90FF531DF755): 1
LogInit: Compiled (64-bit): May 21 2017 11:02:34
LogInit: Compiled with Visual C++: 19.00.23026.00
LogInit: Build Configuration: Development
LogInit: Branch Name: ++UE4+Release-4.15
LogInit: Command line:  
LogInit: Base directory: C:/Program Files/Epic Games/UE_4.15/Engine/Binaries/Win64/
LogInit: Installed Engine Build: 1
LogInit: Presizing for max 8388607 objects, including 0 objects not considered by GC, pre-allocating 0 bytes for permanent pool.
LogInit: Object subsystem initialized
[2017.06.17-21.42.18:584][  0]LogInit: Selected Device Profile: [Windows]
[2017.06.17-21.42.18:584][  0]LogInit: Applying CVar settings loaded from the selected device profile: [Windows]
[2017.06.17-21.42.18:618][  0]LogInit: Computer: LAPTOP-RAOCS8F3
[2017.06.17-21.42.18:618][  0]LogInit: User: koru
[2017.06.17-21.42.18:618][  0]LogInit: CPU Page size=65536, Cores=4
[2017.06.17-21.42.18:618][  0]LogInit: High frequency timer resolution =2.531254 MHz
[2017.06.17-21.42.18:622][  0]LogMemory: Memory total: Physical=15.8GB (16GB approx)
[2017.06.17-21.42.18:622][  0]LogMemory: Platform Memory Stats for Windows
[2017.06.17-21.42.18:622][  0]LogMemory: Process Physical Memory: 264.86 MB used, 264.86 MB peak
[2017.06.17-21.42.18:622][  0]LogMemory: Process Virtual Memory: 262.92 MB used, 262.92 MB peak
[2017.06.17-21.42.18:622][  0]LogMemory: Physical Memory: 3304.71 MB used,  12907.07 MB free, 16211.78 MB total
[2017.06.17-21.42.18:622][  0]LogMemory: Virtual Memory: 647.25 MB used,  12907.07 MB free, 134217728.00 MB total
[2017.06.17-21.42.19:279][  0]LogTextLocalizationManager: No specific translations for ('es-PE') exist, so ('es') translations will be used.
[2017.06.17-21.42.21:814][  0]LogD3D11RHI: D3D11 adapters:
[2017.06.17-21.42.23:050][  0]LogD3D11RHI:    0. 'NVIDIA GeForce GTX 960M' (Feature Level 11_0)
[2017.06.17-21.42.23:050][  0]LogD3D11RHI:       4064/0/8105 MB DedicatedVideo/DedicatedSystem/SharedSystem, Outputs:1, VendorId:0x10de
[2017.06.17-21.42.23:062][  0]LogD3D11RHI:    1. 'Intel(R) HD Graphics 530' (Feature Level 11_0)
[2017.06.17-21.42.23:062][  0]LogD3D11RHI:       128/0/8105 MB DedicatedVideo/DedicatedSystem/SharedSystem, Outputs:0, VendorId:0x8086
[2017.06.17-21.42.23:063][  0]LogD3D11RHI:    2. 'Microsoft Basic Render Driver' (Feature Level 11_0)
[2017.06.17-21.42.23:063][  0]LogD3D11RHI:       0/0/8105 MB DedicatedVideo/DedicatedSystem/SharedSystem, Outputs:0, VendorId:0x1414
[2017.06.17-21.42.23:063][  0]LogD3D11RHI: Chosen D3D11 Adapter: 0
[2017.06.17-21.42.23:068][  0]LogD3D11RHI: Creating new Direct3DDevice
[2017.06.17-21.42.23:068][  0]LogD3D11RHI:     GPU DeviceId: 0x139b (for the marketing name, search the web for "GPU Device Id")
[2017.06.17-21.42.23:068][  0]LogWindows: EnumDisplayDevices:
[2017.06.17-21.42.23:068][  0]LogWindows:    0. 'Intel(R) HD Graphics 530' (P:1 D:1)
[2017.06.17-21.42.23:069][  0]LogWindows:    1. 'Intel(R) HD Graphics 530' (P:0 D:0)
[2017.06.17-21.42.23:069][  0]LogWindows:    2. 'Intel(R) HD Graphics 530' (P:0 D:0)
[2017.06.17-21.42.23:069][  0]LogWindows: DebugString: PrimaryIsNotTheChoosenAdapter PrimaryIsNotTheChoosenAdapter PrimaryIsNotTheChoosenAdapter FoundDriverCount:0 
[2017.06.17-21.42.23:069][  0]LogD3D11RHI:     Adapter Name: NVIDIA GeForce GTX 960M
[2017.06.17-21.42.23:069][  0]LogD3D11RHI:   Driver Version: Unknown (internal:Unknown, unified:Unknown)
[2017.06.17-21.42.23:069][  0]LogD3D11RHI:      Driver Date: Unknown
[2017.06.17-21.42.23:069][  0]LogRHI: Texture pool is 1361 MB (70% of 1945 MB)
[2017.06.17-21.42.23:596][  0]LogD3D11RHI: Async texture creation enabled
[2017.06.17-21.42.23:701][  0]LogD3D11RHI: GPU Timing Frequency: 1000.000000 (Debug: 2 1)
[2017.06.17-21.42.23:711][  0]LogShaderCompilers: Guid format shader working directory is -21 characters bigger than the processId version (../../../../../../Users/koru/Desktop/IHC/HCIProyecto/SteamProject/Intermediate/Shaders/WorkingDirectory/10468/).
[2017.06.17-21.42.23:711][  0]LogShaderCompilers: Cleaned the shader compiler working directory 'C:/Users/koru/AppData/Local/Temp/UnrealShaderWorkingDir/FF61F83048BE97B01651F5B8D9F8E343/'.
[2017.06.17-21.42.23:711][  0]LogShaderCompilers:Display: Using Local Shader Compiler.
[2017.06.17-21.42.25:708][  0]LogTemp:Display: Loaded TP AllDesktopTargetPlatform
[2017.06.17-21.42.25:760][  0]LogTemp:Display: Loaded TP MacClientTargetPlatform
[2017.06.17-21.42.25:812][  0]LogTemp:Display: Loaded TP MacNoEditorTargetPlatform
[2017.06.17-21.42.25:865][  0]LogTemp:Display: Loaded TP MacServerTargetPlatform
[2017.06.17-21.42.25:922][  0]LogTemp:Display: Loaded TP MacTargetPlatform
[2017.06.17-21.42.25:974][  0]LogTemp:Display: Loaded TP WindowsClientTargetPlatform
[2017.06.17-21.42.26:028][  0]LogTemp:Display: Loaded TP WindowsNoEditorTargetPlatform
[2017.06.17-21.42.26:089][  0]LogTemp:Display: Loaded TP WindowsServerTargetPlatform
[2017.06.17-21.42.26:142][  0]LogTemp:Display: Loaded TP WindowsTargetPlatform
[2017.06.17-21.42.26:213][  0]LogTemp:Display: Loaded TP AndroidTargetPlatform
[2017.06.17-21.42.26:269][  0]LogTemp:Display: Loaded TP Android_ASTCTargetPlatform
[2017.06.17-21.42.26:323][  0]LogTemp:Display: Loaded TP Android_ATCTargetPlatform
[2017.06.17-21.42.26:376][  0]LogTemp:Display: Loaded TP Android_DXTTargetPlatform
[2017.06.17-21.42.26:427][  0]LogTemp:Display: Loaded TP Android_ETC1TargetPlatform
[2017.06.17-21.42.26:477][  0]LogTemp:Display: Loaded TP Android_ETC2TargetPlatform
[2017.06.17-21.42.26:580][  0]LogTemp:Display: Loaded TP Android_MultiTargetPlatform
[2017.06.17-21.42.26:580][  0]LogTemp:Display: Loaded TP Android_PVRTCTargetPlatform
[2017.06.17-21.42.26:616][  0]LogTemp:Display: Loaded TP HTML5TargetPlatform
[2017.06.17-21.42.26:728][  0]LogTemp:Display: Loaded TP IOSTargetPlatform
[2017.06.17-21.42.26:762][  0]LogTemp:Display: Loaded TP TVOSTargetPlatform
[2017.06.17-21.42.26:815][  0]LogTemp:Display: Loaded TP LinuxClientTargetPlatform
[2017.06.17-21.42.26:871][  0]LogTemp:Display: Loaded TP LinuxNoEditorTargetPlatform
[2017.06.17-21.42.26:927][  0]LogTemp:Display: Loaded TP LinuxServerTargetPlatform
[2017.06.17-21.42.26:987][  0]LogTemp:Display: Loaded TP LinuxTargetPlatform
[2017.06.17-21.42.26:987][  0]LogTargetPlatformManager:Display: Building Assets For Windows
[2017.06.17-21.42.27:544][  0]LogDerivedDataCache:Display: Max Cache Size: 512 MB
[2017.06.17-21.42.27:726][  0]LogDerivedDataCache: Loaded boot cache 0.18s 50MB C:/Users/koru/AppData/Local/UnrealEngine/4.15/DerivedDataCache/Boot.ddc.
[2017.06.17-21.42.27:726][  0]LogDerivedDataCache:Display: Loaded Boot cache: C:/Users/koru/AppData/Local/UnrealEngine/4.15/DerivedDataCache/Boot.ddc
[2017.06.17-21.42.27:726][  0]LogDerivedDataCache: FDerivedDataBackendGraph:  Pak pak cache file ../../../../../../Users/koru/Desktop/IHC/HCIProyecto/SteamProject/DerivedDataCache/DDC.ddp not found, will not use a pak cache.
[2017.06.17-21.42.27:726][  0]LogDerivedDataCache: Unable to find inner node Pak for hierarchical cache Hierarchy.
[2017.06.17-21.42.27:726][  0]LogDerivedDataCache: FDerivedDataBackendGraph:  CompressedPak pak cache file ../../../../../../Users/koru/Desktop/IHC/HCIProyecto/SteamProject/DerivedDataCache/Compressed.ddp not found, will not use a pak cache.
[2017.06.17-21.42.27:726][  0]LogDerivedDataCache: Unable to find inner node CompressedPak for hierarchical cache Hierarchy.
[2017.06.17-21.42.27:759][  0]LogDerivedDataCache:Display: Pak cache opened for reading ../../../Engine/DerivedDataCache/Compressed.ddp.
[2017.06.17-21.42.27:771][  0]LogDerivedDataCache: Using Local data cache path C:/Users/koru/AppData/Local/UnrealEngine/Common/DerivedDataCache: Writable
[2017.06.17-21.42.27:798][  0]LogSlate: Using Freetype 2.6.0
[2017.06.17-21.42.27:812][  0]LogSlate: SlateFontCache - WITH_FREETYPE: 1, WITH_HARFBUZZ: 1
[2017.06.17-21.42.27:812][  0]LogSlate: SlateFontCache - WITH_FREETYPE: 1, WITH_HARFBUZZ: 1
[2017.06.17-21.42.28:958][  0]LogInit: Selected Device Profile: [Windows]
[2017.06.17-21.42.28:970][  0]LogContentStreaming: Texture pool size is 0.00 MB
[2017.06.17-21.42.29:259][  0]LogMeshUtilities: Using QuadricMeshReduction for automatic static mesh reduction
[2017.06.17-21.42.29:302][  0]LogSimplygon: Simplygon DLL not present - disabling.
[2017.06.17-21.42.29:348][  0]LogMeshUtilities: Using SimplygonSwarm for distributed automatic mesh merging
[2017.06.17-21.42.29:348][  0]LogMeshUtilities: No automatic skeletal mesh reduction module available
[2017.06.17-21.42.29:348][  0]LogMeshUtilities: No automatic mesh merging module available
[2017.06.17-21.42.30:918][  0]LogNetVersion: GetLocalNetworkVersion: CL: 3299760, ProjectName: steamproject, ProjectVersion: , EngineNetworkVersion: 2, GameNetworkVersion: 0, NetworkChecksum: 3119142434
[2017.06.17-21.42.30:976][  0]LogAssetRegistry: FAssetRegistry took 0.0252 seconds to start up
[2017.06.17-21.42.31:043][  0]LogPackageLocalizationCache: Processed 3 localized package path(s) for 2 prioritized culture(s) in 0.041887 seconds
[2017.06.17-21.42.31:050][  0]LogUObjectArray: 32493 objects as part of root set at end of initial load.
[2017.06.17-21.42.31:050][  0]LogUObjectAllocator: 7077032 out of 0 bytes used by permanent object pool.
[2017.06.17-21.42.31:050][  0]LogUObjectArray: CloseDisregardForGC: 0/0 objects in disregard for GC pool
[2017.06.17-21.42.34:532][  0]LogTcpMessaging: Initializing TcpMessaging bridge
[2017.06.17-21.42.34:578][  0]LogUdpMessaging: Initializing bridge on interface 0.0.0.0:0 to multicast group 230.0.0.1:6666.
[2017.06.17-21.42.35:222][  0]LogMaterial: Uniform references updated for custom material expression Custom.
[2017.06.17-21.42.35:723][  0]SourceControl: Información El control de código fuente está desactivado
[2017.06.17-21.42.35:807][  0]SourceControl: Información El control de código fuente está desactivado
[2017.06.17-21.42.35:863][  0]SourceControl: Información El control de código fuente está desactivado
[2017.06.17-21.42.35:911][  0]SourceControl: Información El control de código fuente está desactivado
[2017.06.17-21.42.37:251][  0]LogEngine: Initializing Engine...
[2017.06.17-21.42.37:252][  0]LogHMD: Failed to initialize OpenVR with code 110
[2017.06.17-21.42.37:498][  0]LogStats: UGameplayTagsManager::ConstructGameplayTagTree: Construct from data asset -  0.000 s
[2017.06.17-21.42.37:499][  0]LogStats: UGameplayTagsManager::ConstructGameplayTagTree: GameplayTagTreeChangedEvent.Broadcast -  0.000 s
[2017.06.17-21.42.37:660][  0]LogAIModule: Creating AISystem for world Untitled
[2017.06.17-21.42.37:683][  0]LogInit: XAudio2 using 'Speakers (Realtek High Definition Audio)' : 2 channels at 48 kHz using 32 bits per sample (channel mask 0x3)
[2017.06.17-21.42.37:763][  0]LogInit: FAudioDevice initialized.
[2017.06.17-21.42.37:793][  0]LogDerivedDataCache: Saved boot cache 0.03s 50MB C:/Users/koru/AppData/Local/UnrealEngine/4.15/DerivedDataCache/Boot.ddc.
[2017.06.17-21.42.37:800][  0]LogInit: Texture streaming: Enabled
[2017.06.17-21.42.37:903][  0]LogEngineSessionManager: EngineSessionManager initialized
[2017.06.17-21.42.37:903][  0]LogEngineSessionManager: EngineSessionManager sent abnormal shutdown report. Type=AbnormalShutdown, SessionId={67ADA86C-4CDF-C5CC-A55B-BE8D9C83FDC8}
[2017.06.17-21.42.37:903][  0]LogEngineSessionManager: EngineSessionManager sent abnormal shutdown report. Type=AbnormalShutdown, SessionId={995C9279-46A3-79A0-29EE-86B853B6131D}
[2017.06.17-21.42.38:020][  0]LogWindowsTextInputMethodSystem:Display: IME system now deactivated.
[2017.06.17-21.42.38:020][  0]LogWindowsTextInputMethodSystem:Display: IME system now deactivated.
[2017.06.17-21.42.38:067][  0]LogInit: Transaction tracking system initialized
[2017.06.17-21.42.38:465][  0]BlueprintLog: New page: Cargar el editor
[2017.06.17-21.42.39:506][  0]LocalizationService: Información Localization service is disabled
[2017.06.17-21.42.40:292][  0]LogConsoleResponse:Display: 
[2017.06.17-21.42.40:659][  0]LogFileCache: Scanning file cache for directory 'C:/Users/koru/Desktop/IHC/HCIProyecto/SteamProject/Content/' took 0.02s
[2017.06.17-21.42.40:659][  0]LogCook:Display: Max memory allowance for cook 16384mb min free memory 0mb
[2017.06.17-21.42.40:659][  0]LogCook:Display: Mobile HDR setting 1
[2017.06.17-21.42.41:887][  0]SourceControl: Información El control de código fuente está desactivado
[2017.06.17-21.42.41:890][  0]Cmd: MAP LOAD FILE="../../../../../../Users/koru/Desktop/IHC/HCIProyecto/SteamProject/Content/Maps/MainMenu.umap" TEMPLATE=0 SHOWPROGRESS=1 FEATURELEVEL=3
[2017.06.17-21.42.41:895][  0]LightingResults: New page: Diseñar la iluminación
[2017.06.17-21.42.41:942][  0]MapCheck: New page: Revisión del mapa
[2017.06.17-21.42.41:942][  0]LightingResults: New page: Diseñar la iluminación
[2017.06.17-21.42.42:817][  0]LogAIModule: Creating AISystem for world MainMenu
[2017.06.17-21.42.42:840][  0]LogEditorServer: Finished looking for orphan Actors (0.000 secs)
[2017.06.17-21.42.42:842][  0]Cmd: MAP CHECKDEP NOCLEARLOG
[2017.06.17-21.42.42:885][  0]MapCheck: Información Map check complete: 0 Error(s), 0 Warning(s), took 42.486ms to complete.
[2017.06.17-21.42.42:885][  0]LogFileHelpers: Loading map 'MainMenu' took 0.996
[2017.06.17-21.42.43:156][  0]LogCollectionManager: Loaded 0 collections in 0.001644 seconds
[2017.06.17-21.42.43:252][  0]LogFileCache: Scanning file cache for directory 'C:/Users/koru/Desktop/IHC/HCIProyecto/SteamProject/Saved/Collections/' took 0.01s
[2017.06.17-21.42.43:252][  0]LogFileCache: Scanning file cache for directory 'C:/Users/koru/Desktop/IHC/HCIProyecto/SteamProject/Content/Developers/koru/Collections/' took 0.01s
[2017.06.17-21.42.43:252][  0]LogFileCache: Scanning file cache for directory 'C:/Users/koru/Desktop/IHC/HCIProyecto/SteamProject/Content/Collections/' took 0.01s
[2017.06.17-21.42.43:252][  0]LogCollectionManager: Rebuilt the GUID cache for 0 collections in 0.000002 seconds
[2017.06.17-21.42.43:266][  0]LogContentBrowser: Native class hierarchy populated in 0.0120 seconds. Added 2245 classes and 453 folders.
[2017.06.17-21.42.43:342][  0]LogContentBrowser: Native class hierarchy updated for 'WidgetCarousel' in 0.0007 seconds. Added 0 classes and 0 folders.
[2017.06.17-21.42.43:708][  0]LogContentBrowser: Native class hierarchy updated for 'AddContentDialog' in 0.0005 seconds. Added 0 classes and 0 folders.
[2017.06.17-21.42.43:762][  0]LogContentBrowser: Native class hierarchy updated for 'SceneOutliner' in 0.0008 seconds. Added 1 classes and 2 folders.
[2017.06.17-21.42.43:872][  0]LogCrashTracker: Crashtracker disabled due to settings.
[2017.06.17-21.42.43:888][  0]LogUObjectGlobals:Warning: Error al encontrar el objeto 'Class Ninguno.'
[2017.06.17-21.42.43:962][  0]LogContentBrowser: Native class hierarchy updated for 'HierarchicalLODOutliner' in 0.0006 seconds. Added 1 classes and 2 folders.
[2017.06.17-21.42.43:963][  0]LogLoad: (Engine Initialization) Total time: 28.96 seconds
[2017.06.17-21.42.43:963][  0]LogLoad: (Engine Initialization) Total Blueprint compile time: 0.46 seconds
[2017.06.17-21.42.43:963][  0]LogExternalProfiler: Found external profiler: VSPerf
[2017.06.17-21.42.43:963][  0]LogExternalProfiler: Using external profiler: VSPerf
[2017.06.17-21.42.43:975][  0]LogOcInput: OculusInput pre-init called
[2017.06.17-21.42.44:014][  0]LogContentStreaming: Texture pool size now 1000 MB
[2017.06.17-21.42.44:024][  0]LogSlate: Took 0.005320 seconds to synchronously load lazily loaded font '../../../Engine/Content/Slate/Fonts/Roboto-Regular.ttf' (155K)
[2017.06.17-21.42.44:034][  0]LogSlate: Took 0.006257 seconds to synchronously load lazily loaded font '../../../Engine/Content/Slate/Fonts/Roboto-Bold.ttf' (160K)
[2017.06.17-21.42.44:048][  0]LogSlate: Took 0.006268 seconds to synchronously load lazily loaded font '../../../Engine/Content/Editor/Slate/Fonts/FontAwesome.ttf' (139K)
[2017.06.17-21.42.44:226][  0]LogSlate: Took 0.004965 seconds to synchronously load lazily loaded font '../../../Engine/Content/Slate/Fonts/Roboto-Light.ttf' (159K)
[2017.06.17-21.42.44:259][  0]LogRenderer: Reallocating scene render targets to support 964x324 NumSamples 1 (Frame:2).
[2017.06.17-21.42.44:336][  1]LogFileCache: Retrieving MD5 hashes for directory 'C:/Users/koru/Desktop/IHC/HCIProyecto/SteamProject/Content/' took 0.35s
[2017.06.17-21.42.44:386][  2]LogAssetRegistry: Asset discovery search completed in 13.4330 seconds
[2017.06.17-21.42.44:386][  2]LogCollectionManager: Rebuilt the object cache for 0 collections in 0.000007 seconds (found 0 objects)
[2017.06.17-21.42.44:387][  2]LogCollectionManager: Fixed up redirectors for 0 collections in 0.000033 seconds (updated 0 objects)
[2017.06.17-21.42.44:997][ 61]LogSlate: Took 0.000254 seconds to synchronously load lazily loaded font '../../../Engine/Content/Slate/Fonts/Roboto-Light.ttf' (159K)
[2017.06.17-21.43.13:566][289]LogSlate: Took 0.000213 seconds to synchronously load lazily loaded font '../../../Engine/Content/Slate/Fonts/Roboto-Light.ttf' (159K)
[2017.06.17-21.43.14:163][289]LogContentBrowser: Native class hierarchy updated for 'BlueprintGraph' in 0.0008 seconds. Added 112 classes and 0 folders.
[2017.06.17-21.43.14:996][289]LogSlate: Took 0.003935 seconds to synchronously load lazily loaded font '../../../Engine/Content/Editor/Slate/Fonts/Roboto-BoldCondensed.ttf' (158K)
[2017.06.17-21.45.39:010][781]LogTexture:Display: Building textures: Char_M_Cardboard_Skin_Mask (AutoDXT, 2048X2048) - 95 MB total VRAM
[2017.06.17-21.46.01:568][178]LogSlate: Took 0.003818 seconds to synchronously load lazily loaded font '../../../Engine/Content/Editor/Slate/Fonts/Roboto-Italic.ttf' (157K)
[2017.06.17-21.47.47:150][252]LogSavePackage: Save=53.07ms
[2017.06.17-21.47.47:150][252]LogSavePackage: Moving '../../../../../../Users/koru/Desktop/IHC/HCIProyecto/SteamProject/Saved/EscenariosProfesorMenu5FF7B7584E223D91D76138BAA4EEF673.tmp' to '../../../../../../Users/koru/Desktop/IHC/HCIProyecto/SteamProject/Content/UI/MainMenu/EscenariosProfesorMenu.uasset'
[2017.06.17-21.47.47:156][252]LogSavePackage:Display: Finished SavePackage ../../../../../../Users/koru/Desktop/IHC/HCIProyecto/SteamProject/Content/UI/MainMenu/EscenariosProfesorMenu.uasset
[2017.06.17-21.47.47:783][299]BlueprintLog: New page: Compilar EscenariosProfesorMenu
[2017.06.17-21.48.46:636][442]BlueprintLog: New page: Compilar EscenariosProfesorMenu
[2017.06.17-21.48.47:386][481]LogSavePackage: Save=22.30ms
[2017.06.17-21.48.47:386][481]LogSavePackage: Moving '../../../../../../Users/koru/Desktop/IHC/HCIProyecto/SteamProject/Saved/EscenariosProfesorMenu0452948D4601DC3988E901B9F895569F.tmp' to '../../../../../../Users/koru/Desktop/IHC/HCIProyecto/SteamProject/Content/UI/MainMenu/EscenariosProfesorMenu.uasset'
[2017.06.17-21.48.47:390][481]LogSavePackage:Display: Finished SavePackage ../../../../../../Users/koru/Desktop/IHC/HCIProyecto/SteamProject/Content/UI/MainMenu/EscenariosProfesorMenu.uasset
[2017.06.17-21.49.12:527][135]LogSlate: Took 0.010675 seconds to synchronously load lazily loaded font '../../../Engine/Content/Slate/Fonts/DroidSansFallback.ttf' (3848K)
[2017.06.17-21.49.13:990][206]LogUObjectHash:Warning: Ambiguous search, could be VerticalBox /Game/UI/MainMenu/HostMenu.HostMenu:WidgetTree.VerticalBox_0 or VerticalBox /Game/UI/MainMenu/MainMenu.MainMenu:WidgetTree.VerticalBox_0
[2017.06.17-21.49.13:990][206]LogUObjectHash:Warning: Ambiguous search, could be VerticalBox /Game/UI/MainMenu/HostMenu.HostMenu:WidgetTree.VerticalBox_0 or VerticalBox /Game/UI/MainMenu/OptionsMenu.OptionsMenu:WidgetTree.VerticalBox_0
[2017.06.17-21.49.13:990][206]LogUObjectHash:Warning: Ambiguous search, could be VerticalBox /Game/UI/MainMenu/HostMenu.HostMenu:WidgetTree.VerticalBox_0 or VerticalBox /Game/UI/MainMenu/ServerMenu.ServerMenu:WidgetTree.VerticalBox_0
[2017.06.17-21.49.13:990][206]LogUObjectHash:Warning: Ambiguous search, could be VerticalBox /Game/UI/MainMenu/HostMenu.HostMenu:WidgetTree.VerticalBox_0 or VerticalBox /Game/UI/MainMenu/EscenariosProfesorMenu.EscenariosProfesorMenu:WidgetTree.VerticalBox_0
[2017.06.17-21.49.13:990][206]LogUObjectHash:Warning: Ambiguous search, could be VerticalBox /Game/UI/MainMenu/HostMenu.HostMenu:WidgetTree.VerticalBox_0 or VerticalBox /Game/UI/MainMenu/HostMenu.HostMenu_C:WidgetTree.VerticalBox_0
[2017.06.17-21.49.13:990][206]LogUObjectHash:Warning: Ambiguous search, could be VerticalBox /Game/UI/MainMenu/HostMenu.HostMenu:WidgetTree.VerticalBox_0 or VerticalBox /Game/UI/MainMenu/MainMenu.MainMenu_C:WidgetTree.VerticalBox_0
[2017.06.17-21.49.13:990][206]LogUObjectHash:Warning: Ambiguous search, could be VerticalBox /Game/UI/MainMenu/HostMenu.HostMenu:WidgetTree.VerticalBox_0 or VerticalBox /Game/UI/MainMenu/OptionsMenu.OptionsMenu_C:WidgetTree.VerticalBox_0
[2017.06.17-21.49.13:990][206]LogUObjectHash:Warning: Ambiguous search, could be VerticalBox /Game/UI/MainMenu/HostMenu.HostMenu:WidgetTree.VerticalBox_0 or VerticalBox /Game/UI/MainMenu/ServerMenu.ServerMenu_C:WidgetTree.VerticalBox_0
[2017.06.17-21.49.13:990][206]LogUObjectHash:Warning: Ambiguous search, could be VerticalBox /Game/UI/MainMenu/HostMenu.HostMenu:WidgetTree.VerticalBox_0 or VerticalBox /Game/UI/MainMenu/ProfesorMenu.ProfesorMenu:WidgetTree.VerticalBox_0
[2017.06.17-21.49.13:990][206]LogUObjectHash:Warning: Ambiguous search, could be VerticalBox /Game/UI/MainMenu/HostMenu.HostMenu:WidgetTree.VerticalBox_0 or VerticalBox /Game/UI/MainMenu/ProfesorMenu.ProfesorMenu_C:WidgetTree.VerticalBox_0
[2017.06.17-21.49.13:990][206]LogUObjectHash:Warning: Ambiguous search, could be VerticalBox /Game/UI/MainMenu/HostMenu.HostMenu:WidgetTree.VerticalBox_0 or VerticalBox /Game/UI/MainMenu/EscenariosProfesorMenu.EscenariosProfesorMenu_C:WidgetTree.VerticalBox_0
[2017.06.17-21.49.13:990][206]LogUObjectHash:Warning: Ambiguous search, could be VerticalBox /Game/UI/MainMenu/HostMenu.HostMenu:WidgetTree.VerticalBox_0 or VerticalBox /Engine/Transient.REINST_EscenariosProfesorMenu_C_32:WidgetTree.VerticalBox_0
[2017.06.17-21.49.13:990][206]LogUObjectHash:Warning: Ambiguous search, could be VerticalBox /Game/UI/MainMenu/HostMenu.HostMenu:WidgetTree.VerticalBox_0 or VerticalBox /Engine/Transient.World_7:EscenariosProfesorMenu_C_9.WidgetTree.VerticalBox_0
[2017.06.17-21.49.13:990][206]LogUObjectHash:Warning: Ambiguous search, could be VerticalBox /Game/UI/MainMenu/HostMenu.HostMenu:WidgetTree.VerticalBox_0 or VerticalBox /Engine/Transient.World_7:EscenariosProfesorMenu_C_4.WidgetTree.VerticalBox_0
[2017.06.17-21.49.13:990][206]LogUObjectHash:Warning: Ambiguous search, could be VerticalBox /Game/UI/MainMenu/HostMenu.HostMenu:WidgetTree.VerticalBox_0 or VerticalBox /Engine/Transient.World_7:EscenariosProfesorMenu_C_5.WidgetTree.VerticalBox_0
[2017.06.17-21.49.13:990][206]LogUObjectHash:Warning: Ambiguous search, could be VerticalBox /Game/UI/MainMenu/HostMenu.HostMenu:WidgetTree.VerticalBox_0 or VerticalBox /Engine/Transient.World_7:EscenariosProfesorMenu_C_6.WidgetTree.VerticalBox_0
[2017.06.17-21.49.13:990][206]LogUObjectHash:Warning: Ambiguous search, could be VerticalBox /Game/UI/MainMenu/HostMenu.HostMenu:WidgetTree.VerticalBox_0 or VerticalBox /Engine/Transient.World_7:EscenariosProfesorMenu_C_7.WidgetTree.VerticalBox_0
[2017.06.17-21.49.13:990][206]LogUObjectHash:Warning: Ambiguous search, could be VerticalBox /Game/UI/MainMenu/HostMenu.HostMenu:WidgetTree.VerticalBox_0 or VerticalBox /Engine/Transient.World_7:EscenariosProfesorMenu_C_2.WidgetTree.VerticalBox_0
[2017.06.17-21.49.13:990][206]LogUObjectHash:Warning: Ambiguous search, could be VerticalBox /Game/UI/MainMenu/HostMenu.HostMenu:WidgetTree.VerticalBox_0 or VerticalBox /Engine/Transient.World_9:ProfesorMenu_C_3.WidgetTree.VerticalBox_0
[2017.06.17-21.49.13:990][206]LogUObjectHash:Warning: Ambiguous search, could be VerticalBox /Game/UI/MainMenu/HostMenu.HostMenu:WidgetTree.VerticalBox_0 or VerticalBox /Engine/Transient.World_7:EscenariosProfesorMenu_C_10.WidgetTree.VerticalBox_0
[2017.06.17-21.49.13:990][206]LogUObjectHash:Warning: Ambiguous search, could be VerticalBox /Game/UI/MainMenu/HostMenu.HostMenu:WidgetTree.VerticalBox_0 or VerticalBox /Engine/Transient.World_3:OptionsMenu_C_3.WidgetTree.VerticalBox_0
[2017.06.17-21.49.13:990][206]LogUObjectHash:Warning: Ambiguous search, could be VerticalBox /Game/UI/MainMenu/HostMenu.HostMenu:WidgetTree.VerticalBox_0 or VerticalBox /Engine/Transient.World_7:EscenariosProfesorMenu_C_0.WidgetTree.VerticalBox_0
[2017.06.17-21.49.13:990][206]LogUObjectHash:Warning: Ambiguous search, could be VerticalBox /Game/UI/MainMenu/HostMenu.HostMenu:WidgetTree.VerticalBox_0 or VerticalBox /Engine/Transient.World_7:EscenariosProfesorMenu_C_13.WidgetTree.VerticalBox_0
[2017.06.17-21.49.13:990][206]LogUObjectHash:Warning: Ambiguous search, could be VerticalBox /Game/UI/MainMenu/HostMenu.HostMenu:WidgetTree.VerticalBox_0 or VerticalBox /Engine/Transient.REINST_EscenariosProfesorMenu_C_26:WidgetTree.VerticalBox_0
[2017.06.17-21.49.13:990][206]LogUObjectHash:Warning: Ambiguous search, could be VerticalBox /Game/UI/MainMenu/HostMenu.HostMenu:WidgetTree.VerticalBox_0 or VerticalBox /Engine/Transient.World_9:ProfesorMenu_C_2.WidgetTree.VerticalBox_0
[2017.06.17-21.49.13:990][206]LogUObjectHash:Warning: Ambiguous search, could be VerticalBoxSlot /Game/UI/MainMenu/ProfesorMenu.ProfesorMenu:WidgetTree.VerticalBox_0.VerticalBoxSlot_1 or VerticalBoxSlot /Game/UI/MainMenu/ProfesorMenu.ProfesorMenu_C:WidgetTree.VerticalBox_0.VerticalBoxSlot_1
[2017.06.17-21.49.13:990][206]LogUObjectHash:Warning: Ambiguous search, could be VerticalBoxSlot /Game/UI/MainMenu/ProfesorMenu.ProfesorMenu:WidgetTree.VerticalBox_0.VerticalBoxSlot_1 or VerticalBoxSlot /Engine/Transient.World_9:ProfesorMenu_C_3.WidgetTree.VerticalBox_0.VerticalBoxSlot_1
[2017.06.17-21.49.13:990][206]LogUObjectHash:Warning: Ambiguous search, could be VerticalBoxSlot /Game/UI/MainMenu/ProfesorMenu.ProfesorMenu:WidgetTree.VerticalBox_0.VerticalBoxSlot_1 or VerticalBoxSlot /Engine/Transient.World_9:ProfesorMenu_C_2.WidgetTree.VerticalBox_0.VerticalBoxSlot_1
[2017.06.17-21.49.13:990][206]LogProperty:Warning: Illegal TEXT reference to a private object in external package (VerticalBoxSlot /Game/UI/MainMenu/ProfesorMenu.ProfesorMenu:WidgetTree.VerticalBox_0.VerticalBoxSlot_1) from referencer (Button /Engine/UMG/Editor/Transient.HostButton).  Import failed...
[2017.06.17-21.49.13:990][206]LogProperty:Warning: ObjectProperty /Script/UMG.Widget:Slot: unresolved reference to 'VerticalBoxSlot'VerticalBox_0.VerticalBoxSlot_1''
[2017.06.17-21.49.17:875][391]LogUObjectHash:Warning: Ambiguous search, could be VerticalBox /Game/UI/MainMenu/HostMenu.HostMenu:WidgetTree.VerticalBox_0 or VerticalBox /Game/UI/MainMenu/MainMenu.MainMenu:WidgetTree.VerticalBox_0
[2017.06.17-21.49.17:875][391]LogUObjectHash:Warning: Ambiguous search, could be VerticalBox /Game/UI/MainMenu/HostMenu.HostMenu:WidgetTree.VerticalBox_0 or VerticalBox /Game/UI/MainMenu/OptionsMenu.OptionsMenu:WidgetTree.VerticalBox_0
[2017.06.17-21.49.17:875][391]LogUObjectHash:Warning: Ambiguous search, could be VerticalBox /Game/UI/MainMenu/HostMenu.HostMenu:WidgetTree.VerticalBox_0 or VerticalBox /Game/UI/MainMenu/ServerMenu.ServerMenu:WidgetTree.VerticalBox_0
[2017.06.17-21.49.17:875][391]LogUObjectHash:Warning: Ambiguous search, could be VerticalBox /Game/UI/MainMenu/HostMenu.HostMenu:WidgetTree.VerticalBox_0 or VerticalBox /Game/UI/MainMenu/EscenariosProfesorMenu.EscenariosProfesorMenu:WidgetTree.VerticalBox_0
[2017.06.17-21.49.17:875][391]LogUObjectHash:Warning: Ambiguous search, could be VerticalBox /Game/UI/MainMenu/HostMenu.HostMenu:WidgetTree.VerticalBox_0 or VerticalBox /Game/UI/MainMenu/HostMenu.HostMenu_C:WidgetTree.VerticalBox_0
[2017.06.17-21.49.17:875][391]LogUObjectHash:Warning: Ambiguous search, could be VerticalBox /Game/UI/MainMenu/HostMenu.HostMenu:WidgetTree.VerticalBox_0 or VerticalBox /Game/UI/MainMenu/MainMenu.MainMenu_C:WidgetTree.VerticalBox_0
[2017.06.17-21.49.17:875][391]LogUObjectHash:Warning: Ambiguous search, could be VerticalBox /Game/UI/MainMenu/HostMenu.HostMenu:WidgetTree.VerticalBox_0 or VerticalBox /Game/UI/MainMenu/OptionsMenu.OptionsMenu_C:WidgetTree.VerticalBox_0
[2017.06.17-21.49.17:875][391]LogUObjectHash:Warning: Ambiguous search, could be VerticalBox /Game/UI/MainMenu/HostMenu.HostMenu:WidgetTree.VerticalBox_0 or VerticalBox /Game/UI/MainMenu/ServerMenu.ServerMenu_C:WidgetTree.VerticalBox_0
[2017.06.17-21.49.17:875][391]LogUObjectHash:Warning: Ambiguous search, could be VerticalBox /Game/UI/MainMenu/HostMenu.HostMenu:WidgetTree.VerticalBox_0 or VerticalBox /Game/UI/MainMenu/ProfesorMenu.ProfesorMenu:WidgetTree.VerticalBox_0
[2017.06.17-21.49.17:875][391]LogUObjectHash:Warning: Ambiguous search, could be VerticalBox /Game/UI/MainMenu/HostMenu.HostMenu:WidgetTree.VerticalBox_0 or VerticalBox /Game/UI/MainMenu/ProfesorMenu.ProfesorMenu_C:WidgetTree.VerticalBox_0
[2017.06.17-21.49.17:875][391]LogUObjectHash:Warning: Ambiguous search, could be VerticalBox /Game/UI/MainMenu/HostMenu.HostMenu:WidgetTree.VerticalBox_0 or VerticalBox /Game/UI/MainMenu/EscenariosProfesorMenu.EscenariosProfesorMenu_C:WidgetTree.VerticalBox_0
[2017.06.17-21.49.17:875][391]LogUObjectHash:Warning: Ambiguous search, could be VerticalBox /Game/UI/MainMenu/HostMenu.HostMenu:WidgetTree.VerticalBox_0 or VerticalBox /Engine/Transient.REINST_EscenariosProfesorMenu_C_32:WidgetTree.VerticalBox_0
[2017.06.17-21.49.17:875][391]LogUObjectHash:Warning: Ambiguous search, could be VerticalBox /Game/UI/MainMenu/HostMenu.HostMenu:WidgetTree.VerticalBox_0 or VerticalBox /Engine/Transient.World_7:EscenariosProfesorMenu_C_9.WidgetTree.VerticalBox_0
[2017.06.17-21.49.17:875][391]LogUObjectHash:Warning: Ambiguous search, could be VerticalBox /Game/UI/MainMenu/HostMenu.HostMenu:WidgetTree.VerticalBox_0 or VerticalBox /Engine/Transient.World_7:EscenariosProfesorMenu_C_4.WidgetTree.VerticalBox_0
[2017.06.17-21.49.17:875][391]LogUObjectHash:Warning: Ambiguous search, could be VerticalBox /Game/UI/MainMenu/HostMenu.HostMenu:WidgetTree.VerticalBox_0 or VerticalBox /Engine/Transient.World_7:EscenariosProfesorMenu_C_5.WidgetTree.VerticalBox_0
[2017.06.17-21.49.17:875][391]LogUObjectHash:Warning: Ambiguous search, could be VerticalBox /Game/UI/MainMenu/HostMenu.HostMenu:WidgetTree.VerticalBox_0 or VerticalBox /Engine/Transient.World_7:EscenariosProfesorMenu_C_6.WidgetTree.VerticalBox_0
[2017.06.17-21.49.17:875][391]LogUObjectHash:Warning: Ambiguous search, could be VerticalBox /Game/UI/MainMenu/HostMenu.HostMenu:WidgetTree.VerticalBox_0 or VerticalBox /Engine/Transient.World_7:EscenariosProfesorMenu_C_7.WidgetTree.VerticalBox_0
[2017.06.17-21.49.17:875][391]LogUObjectHash:Warning: Ambiguous search, could be VerticalBox /Game/UI/MainMenu/HostMenu.HostMenu:WidgetTree.VerticalBox_0 or VerticalBox /Engine/Transient.World_7:EscenariosProfesorMenu_C_2.WidgetTree.VerticalBox_0
[2017.06.17-21.49.17:875][391]LogUObjectHash:Warning: Ambiguous search, could be VerticalBox /Game/UI/MainMenu/HostMenu.HostMenu:WidgetTree.VerticalBox_0 or VerticalBox /Engine/Transient.World_9:ProfesorMenu_C_3.WidgetTree.VerticalBox_0
[2017.06.17-21.49.17:875][391]LogUObjectHash:Warning: Ambiguous search, could be VerticalBox /Game/UI/MainMenu/HostMenu.HostMenu:WidgetTree.VerticalBox_0 or VerticalBox /Engine/Transient.World_7:EscenariosProfesorMenu_C_10.WidgetTree.VerticalBox_0
[2017.06.17-21.49.17:875][391]LogUObjectHash:Warning: Ambiguous search, could be VerticalBox /Game/UI/MainMenu/HostMenu.HostMenu:WidgetTree.VerticalBox_0 or VerticalBox /Engine/Transient.World_3:OptionsMenu_C_3.WidgetTree.VerticalBox_0
[2017.06.17-21.49.17:875][391]LogUObjectHash:Warning: Ambiguous search, could be VerticalBox /Game/UI/MainMenu/HostMenu.HostMenu:WidgetTree.VerticalBox_0 or VerticalBox /Engine/Transient.World_7:EscenariosProfesorMenu_C_0.WidgetTree.VerticalBox_0
[2017.06.17-21.49.17:875][391]LogUObjectHash:Warning: Ambiguous search, could be VerticalBox /Game/UI/MainMenu/HostMenu.HostMenu:WidgetTree.VerticalBox_0 or VerticalBox /Engine/Transient.World_7:EscenariosProfesorMenu_C_13.WidgetTree.VerticalBox_0
[2017.06.17-21.49.17:875][391]LogUObjectHash:Warning: Ambiguous search, could be VerticalBox /Game/UI/MainMenu/HostMenu.HostMenu:WidgetTree.VerticalBox_0 or VerticalBox /Engine/Transient.REINST_EscenariosProfesorMenu_C_26:WidgetTree.VerticalBox_0
[2017.06.17-21.49.17:875][391]LogUObjectHash:Warning: Ambiguous search, could be VerticalBox /Game/UI/MainMenu/HostMenu.HostMenu:WidgetTree.VerticalBox_0 or VerticalBox /Engine/Transient.World_9:ProfesorMenu_C_2.WidgetTree.VerticalBox_0
[2017.06.17-21.49.17:875][391]LogUObjectHash:Warning: Ambiguous search, could be VerticalBoxSlot /Game/UI/MainMenu/ProfesorMenu.ProfesorMenu:WidgetTree.VerticalBox_0.VerticalBoxSlot_1 or VerticalBoxSlot /Game/UI/MainMenu/ProfesorMenu.ProfesorMenu_C:WidgetTree.VerticalBox_0.VerticalBoxSlot_1
[2017.06.17-21.49.17:875][391]LogUObjectHash:Warning: Ambiguous search, could be VerticalBoxSlot /Game/UI/MainMenu/ProfesorMenu.ProfesorMenu:WidgetTree.VerticalBox_0.VerticalBoxSlot_1 or VerticalBoxSlot /Engine/Transient.World_9:ProfesorMenu_C_3.WidgetTree.VerticalBox_0.VerticalBoxSlot_1
[2017.06.17-21.49.17:875][391]LogUObjectHash:Warning: Ambiguous search, could be VerticalBoxSlot /Game/UI/MainMenu/ProfesorMenu.ProfesorMenu:WidgetTree.VerticalBox_0.VerticalBoxSlot_1 or VerticalBoxSlot /Engine/Transient.World_9:ProfesorMenu_C_2.WidgetTree.VerticalBox_0.VerticalBoxSlot_1
[2017.06.17-21.49.17:875][391]LogProperty:Warning: Illegal TEXT reference to a private object in external package (VerticalBoxSlot /Game/UI/MainMenu/ProfesorMenu.ProfesorMenu:WidgetTree.VerticalBox_0.VerticalBoxSlot_1) from referencer (Button /Engine/UMG/Editor/Transient.HostButton).  Import failed...
[2017.06.17-21.49.17:875][391]LogProperty:Warning: ObjectProperty /Script/UMG.Widget:Slot: unresolved reference to 'VerticalBoxSlot'VerticalBox_0.VerticalBoxSlot_1''
[2017.06.17-21.49.29:345][867]LogEditorTransaction: Undo Mover Widget
[2017.06.17-21.49.58:175][287]LogEditorTransaction: Undo Editar Texto
[2017.06.17-21.49.58:732][307]LogEditorTransaction: Undo Eliminar Widget
[2017.06.17-21.50.03:063][501]LogEditorTransaction: Undo Editar Texto
[2017.06.17-21.51.03:615][113]LogLinker:Warning: No puede encontrar el archivo '/Game/ThirdPersonBP/Maps/ThirdPersonExampleMap_BuiltData'
[2017.06.17-21.51.03:616][113]LogLinker:Warning: No puede encontrar el archivo para el activo '/Game/ThirdPersonBP/Maps/ThirdPersonExampleMap_BuiltData' mientras carga ../../../../../../Users/koru/Desktop/IHC/HCIProyecto/SteamProject/Content/ThirdPersonBP/Maps/ThirdPersonExampleMap.umap.
[2017.06.17-21.51.03:616][113]LoadErrors:Error: Error /Game/ThirdPersonBP/Maps/ThirdPersonExampleMap : No puede encontrar el archivo para el activo. /Game/ThirdPersonBP/Maps/ThirdPersonExampleMap_BuiltData
[2017.06.17-21.51.03:624][113]LogLinker:Warning: No puede encontrar el archivo '/Game/M_Orzelek_Assets/Assets/Free/CastleTower/T_CastleTower'
[2017.06.17-21.51.03:624][113]LogLinker:Warning: No puede encontrar el archivo para el activo '/Game/M_Orzelek_Assets/Assets/Free/CastleTower/T_CastleTower' mientras carga ../../../../../../Users/koru/Desktop/IHC/HCIProyecto/SteamProject/Content/ThirdPersonBP/Objects/CastleTower/UE4/M_Orzelek_Assets/Assets/Free/CastleTower/M_CastleTower.uasset.
[2017.06.17-21.51.03:624][113]LoadErrors:Error: Error /Game/ThirdPersonBP/Objects/CastleTower/UE4/M_Orzelek_Assets/Assets/Free/CastleTower/M_CastleTower : No puede encontrar el archivo para el activo. /Game/M_Orzelek_Assets/Assets/Free/CastleTower/T_CastleTower
[2017.06.17-21.51.03:624][113]LogLinker:Warning: No puede encontrar el archivo '/Game/M_Orzelek_Assets/Assets/Free/CastleTower/T_CastleTower_Mask'
[2017.06.17-21.51.03:624][113]LogLinker:Warning: No puede encontrar el archivo para el activo '/Game/M_Orzelek_Assets/Assets/Free/CastleTower/T_CastleTower_Mask' mientras carga ../../../../../../Users/koru/Desktop/IHC/HCIProyecto/SteamProject/Content/ThirdPersonBP/Objects/CastleTower/UE4/M_Orzelek_Assets/Assets/Free/CastleTower/M_CastleTower.uasset.
[2017.06.17-21.51.03:624][113]LoadErrors:Error: Error /Game/ThirdPersonBP/Objects/CastleTower/UE4/M_Orzelek_Assets/Assets/Free/CastleTower/M_CastleTower : No puede encontrar el archivo para el activo. /Game/M_Orzelek_Assets/Assets/Free/CastleTower/T_CastleTower_Mask
[2017.06.17-21.51.03:624][113]LogLinker:Warning: No puede encontrar el archivo '/Game/M_Orzelek_Assets/Assets/Free/CastleTower/T_CastleTower_Norm'
[2017.06.17-21.51.03:624][113]LogLinker:Warning: No puede encontrar el archivo para el activo '/Game/M_Orzelek_Assets/Assets/Free/CastleTower/T_CastleTower_Norm' mientras carga ../../../../../../Users/koru/Desktop/IHC/HCIProyecto/SteamProject/Content/ThirdPersonBP/Objects/CastleTower/UE4/M_Orzelek_Assets/Assets/Free/CastleTower/M_CastleTower.uasset.
[2017.06.17-21.51.03:624][113]LoadErrors:Error: Error /Game/ThirdPersonBP/Objects/CastleTower/UE4/M_Orzelek_Assets/Assets/Free/CastleTower/M_CastleTower : No puede encontrar el archivo para el activo. /Game/M_Orzelek_Assets/Assets/Free/CastleTower/T_CastleTower_Norm
[2017.06.17-21.51.03:625][113]LogLinker:Warning: No puede encontrar el archivo '/Game/M_Orzelek_Assets/Assets/Free/CastleTower/T_CastleTower'
[2017.06.17-21.51.03:625][113]LogLinker:Warning: No puede encontrar el archivo para el activo '/Game/M_Orzelek_Assets/Assets/Free/CastleTower/T_CastleTower' mientras carga ../../../../../../Users/koru/Desktop/IHC/HCIProyecto/SteamProject/Content/ThirdPersonBP/Objects/CastleTower/UE4/M_Orzelek_Assets/Assets/Free/CastleTower/M_CastleTower.uasset.
[2017.06.17-21.51.03:625][113]LogLinker:Warning: No puede encontrar el archivo '/Game/M_Orzelek_Assets/Assets/Free/CastleTower/T_CastleTower_Mask'
[2017.06.17-21.51.03:625][113]LogLinker:Warning: No puede encontrar el archivo para el activo '/Game/M_Orzelek_Assets/Assets/Free/CastleTower/T_CastleTower_Mask' mientras carga ../../../../../../Users/koru/Desktop/IHC/HCIProyecto/SteamProject/Content/ThirdPersonBP/Objects/CastleTower/UE4/M_Orzelek_Assets/Assets/Free/CastleTower/M_CastleTower.uasset.
[2017.06.17-21.51.03:625][113]LogLinker:Warning: No puede encontrar el archivo '/Game/M_Orzelek_Assets/Assets/Free/CastleTower/T_CastleTower_Norm'
[2017.06.17-21.51.03:625][113]LogLinker:Warning: No puede encontrar el archivo para el activo '/Game/M_Orzelek_Assets/Assets/Free/CastleTower/T_CastleTower_Norm' mientras carga ../../../../../../Users/koru/Desktop/IHC/HCIProyecto/SteamProject/Content/ThirdPersonBP/Objects/CastleTower/UE4/M_Orzelek_Assets/Assets/Free/CastleTower/M_CastleTower.uasset.
[2017.06.17-21.51.03:648][113]LogLinker:Warning: No puede encontrar el archivo '/Game/ThirdPersonBP/Maps/ThirdPersonExampleMap_BuiltData'
[2017.06.17-21.51.03:648][113]LogLinker:Warning: No puede encontrar el archivo para el activo '/Game/ThirdPersonBP/Maps/ThirdPersonExampleMap_BuiltData' mientras carga ../../../../../../Users/koru/Desktop/IHC/HCIProyecto/SteamProject/Content/ThirdPersonBP/Maps/ThirdPersonExampleMap.umap.
[2017.06.17-21.51.03:649][113]LogLinker:Warning: No puede encontrar el archivo '/Game/M_Orzelek_Assets/Assets/Free/WoodenTable/M_WoodenTable'
[2017.06.17-21.51.03:649][113]LogLinker:Warning: No puede encontrar el archivo para el activo '/Game/M_Orzelek_Assets/Assets/Free/WoodenTable/M_WoodenTable' mientras carga ../../../../../../Users/koru/Desktop/IHC/HCIProyecto/SteamProject/Content/ThirdPersonBP/Objects/014_WoodenTable/WoodenTable/UE4/M_Orzelek_Assets/Assets/Free/WoodenTable/SM_TableWooden.uasset.
[2017.06.17-21.51.03:649][113]LoadErrors:Error: Error /Game/ThirdPersonBP/Objects/014_WoodenTable/WoodenTable/UE4/M_Orzelek_Assets/Assets/Free/WoodenTable/SM_TableWooden : No puede encontrar el archivo para el activo. /Game/M_Orzelek_Assets/Assets/Free/WoodenTable/M_WoodenTable
[2017.06.17-21.51.03:649][113]LogLinker:Warning: No puede encontrar el archivo '/Game/M_Orzelek_Assets/Assets/Free/WoodenTable/M_WoodenTable'
[2017.06.17-21.51.03:649][113]LogLinker:Warning: No puede encontrar el archivo para el activo '/Game/M_Orzelek_Assets/Assets/Free/WoodenTable/M_WoodenTable' mientras carga ../../../../../../Users/koru/Desktop/IHC/HCIProyecto/SteamProject/Content/ThirdPersonBP/Objects/014_WoodenTable/WoodenTable/UE4/M_Orzelek_Assets/Assets/Free/WoodenTable/SM_TableWooden.uasset.
[2017.06.17-21.51.03:650][113]LogLinker:Warning: No puede encontrar el archivo '/Game/M_Orzelek_Assets/Assets/Free/CastleTower/M_CastleTower'
[2017.06.17-21.51.03:650][113]LogLinker:Warning: No puede encontrar el archivo para el activo '/Game/M_Orzelek_Assets/Assets/Free/CastleTower/M_CastleTower' mientras carga ../../../../../../Users/koru/Desktop/IHC/HCIProyecto/SteamProject/Content/ThirdPersonBP/Objects/CastleTower/UE4/M_Orzelek_Assets/Assets/Free/CastleTower/SM_CastleTower_S1.uasset.
[2017.06.17-21.51.03:650][113]LoadErrors:Error: Error /Game/ThirdPersonBP/Objects/CastleTower/UE4/M_Orzelek_Assets/Assets/Free/CastleTower/SM_CastleTower_S1 : No puede encontrar el archivo para el activo. /Game/M_Orzelek_Assets/Assets/Free/CastleTower/M_CastleTower
[2017.06.17-21.51.03:650][113]LogLinker:Warning: No puede encontrar el archivo '/Game/M_Orzelek_Assets/Assets/Free/CastleTower/M_CastleTower'
[2017.06.17-21.51.03:650][113]LogLinker:Warning: No puede encontrar el archivo para el activo '/Game/M_Orzelek_Assets/Assets/Free/CastleTower/M_CastleTower' mientras carga ../../../../../../Users/koru/Desktop/IHC/HCIProyecto/SteamProject/Content/ThirdPersonBP/Objects/CastleTower/UE4/M_Orzelek_Assets/Assets/Free/CastleTower/SM_CastleTower_S1.uasset.
[2017.06.17-21.51.03:652][113]LogLinker:Warning: No puede encontrar el archivo '/Game/Assets/Environment/Materials/M_Mushroom_A_Inst'
[2017.06.17-21.51.03:652][113]LogLinker:Warning: No puede encontrar el archivo para el activo '/Game/Assets/Environment/Materials/M_Mushroom_A_Inst' mientras carga ../../../../../../Users/koru/Desktop/IHC/HCIProyecto/SteamProject/Content/ThirdPersonBP/Objects/SM_Mushroom_A.uasset.
[2017.06.17-21.51.03:652][113]LoadErrors:Error: Error /Game/ThirdPersonBP/Objects/SM_Mushroom_A : No puede encontrar el archivo para el activo. /Game/Assets/Environment/Materials/M_Mushroom_A_Inst
[2017.06.17-21.51.03:652][113]LogLinker:Warning: No puede encontrar el archivo '/Game/Assets/Environment/Materials/M_Mushroom_A_Inst'
[2017.06.17-21.51.03:652][113]LogLinker:Warning: No puede encontrar el archivo para el activo '/Game/Assets/Environment/Materials/M_Mushroom_A_Inst' mientras carga ../../../../../../Users/koru/Desktop/IHC/HCIProyecto/SteamProject/Content/ThirdPersonBP/Objects/SM_Mushroom_A.uasset.
[2017.06.17-21.51.03:654][113]LogLinker:Warning: No puede encontrar el archivo '/Game/ThirdPersonBP/Maps/ThirdPersonExampleMap_BuiltData'
[2017.06.17-21.51.03:654][113]LogLinker:Warning: No puede encontrar el archivo para el activo '/Game/ThirdPersonBP/Maps/ThirdPersonExampleMap_BuiltData' mientras carga NULL.
[2017.06.17-21.51.03:655][113]LogLinker:Warning: No puede encontrar el archivo '/Game/ThirdPersonBP/Maps/ThirdPersonExampleMap_BuiltData'
[2017.06.17-21.51.03:655][113]LogLinker:Warning: No puede encontrar el archivo para el activo '/Game/ThirdPersonBP/Maps/ThirdPersonExampleMap_BuiltData' mientras carga NULL.
[2017.06.17-21.51.03:660][113]LogLinker:Warning: No puede encontrar el archivo '/Game/ThirdPersonBP/Maps/ThirdPersonExampleMap_BuiltData'
[2017.06.17-21.51.03:660][113]LoadErrors: Información Error al cargar /Game/ThirdPersonBP/Maps/ThirdPersonExampleMap_BuiltData.ThirdPersonExampleMap_BuiltData Referenciado por PersistentLevel
[2017.06.17-21.51.03:660][113]LogLinker:Warning: No puede encontrar el archivo para el activo '/Game/ThirdPersonBP/Maps/ThirdPersonExampleMap_BuiltData' mientras carga NULL.
[2017.06.17-21.51.03:667][113]LogLinker:Warning: No puede encontrar el archivo '/Game/M_Orzelek_Assets/Assets/Free/CastleTower/T_CastleTower'
[2017.06.17-21.51.03:667][113]LoadErrors: Información Error al cargar /Game/M_Orzelek_Assets/Assets/Free/CastleTower/T_CastleTower.T_CastleTower Referenciado por MaterialExpressionTextureSample_0
[2017.06.17-21.51.03:667][113]LogLinker:Warning: No puede encontrar el archivo para el activo '/Game/M_Orzelek_Assets/Assets/Free/CastleTower/T_CastleTower' mientras carga NULL.
[2017.06.17-21.51.03:667][113]LogLinker:Warning: No puede encontrar el archivo '/Game/M_Orzelek_Assets/Assets/Free/CastleTower/T_CastleTower_Mask'
[2017.06.17-21.51.03:667][113]LoadErrors: Información Error al cargar /Game/M_Orzelek_Assets/Assets/Free/CastleTower/T_CastleTower_Mask.T_CastleTower_Mask Referenciado por MaterialExpressionTextureSample_1
[2017.06.17-21.51.03:667][113]LogLinker:Warning: No puede encontrar el archivo para el activo '/Game/M_Orzelek_Assets/Assets/Free/CastleTower/T_CastleTower_Mask' mientras carga NULL.
[2017.06.17-21.51.03:667][113]LogLinker:Warning: No puede encontrar el archivo '/Game/M_Orzelek_Assets/Assets/Free/CastleTower/T_CastleTower_Norm'
[2017.06.17-21.51.03:667][113]LoadErrors: Información Error al cargar /Game/M_Orzelek_Assets/Assets/Free/CastleTower/T_CastleTower_Norm.T_CastleTower_Norm Referenciado por MaterialExpressionTextureSample_2
[2017.06.17-21.51.03:667][113]LogLinker:Warning: No puede encontrar el archivo para el activo '/Game/M_Orzelek_Assets/Assets/Free/CastleTower/T_CastleTower_Norm' mientras carga NULL.
[2017.06.17-21.51.03:687][113]LogLinker:Warning: No puede encontrar el archivo '/Game/Assets/Environment/Materials/M_Mushroom_A_Inst'
[2017.06.17-21.51.03:687][113]LoadErrors: Información Error al cargar /Game/Assets/Environment/Materials/M_Mushroom_A_Inst.M_Mushroom_A_Inst Referenciado por SM_Mushroom_A
[2017.06.17-21.51.03:687][113]LogLinker:Warning: No puede encontrar el archivo para el activo '/Game/Assets/Environment/Materials/M_Mushroom_A_Inst' mientras carga NULL.
[2017.06.17-21.51.03:689][113]LogLinker:Warning: No puede encontrar el archivo '/Game/M_Orzelek_Assets/Assets/Free/CastleTower/M_CastleTower'
[2017.06.17-21.51.03:689][113]LoadErrors: Información Error al cargar /Game/M_Orzelek_Assets/Assets/Free/CastleTower/M_CastleTower.M_CastleTower Referenciado por SM_CastleTower_S1
[2017.06.17-21.51.03:689][113]LogLinker:Warning: No puede encontrar el archivo para el activo '/Game/M_Orzelek_Assets/Assets/Free/CastleTower/M_CastleTower' mientras carga NULL.
[2017.06.17-21.51.03:690][113]LogLinker:Warning: No puede encontrar el archivo '/Game/M_Orzelek_Assets/Assets/Free/WoodenTable/M_WoodenTable'
[2017.06.17-21.51.03:690][113]LoadErrors: Información Error al cargar /Game/M_Orzelek_Assets/Assets/Free/WoodenTable/M_WoodenTable.M_WoodenTable Referenciado por SM_TableWooden
[2017.06.17-21.51.03:690][113]LogLinker:Warning: No puede encontrar el archivo para el activo '/Game/M_Orzelek_Assets/Assets/Free/WoodenTable/M_WoodenTable' mientras carga NULL.
[2017.06.17-21.51.03:884][113]LogMaterial: Missing cached shader map for material M_CastleTower, compiling. 
[2017.06.17-21.51.03:885][113]LogMaterial:Warning: Failed to compile Material /Game/ThirdPersonBP/Objects/CastleTower/UE4/M_Orzelek_Assets/Assets/Free/CastleTower/M_CastleTower.M_CastleTower for platform PCD3D_SM5, Default Material will be used in game.
[2017.06.17-21.51.03:885][113]LogMaterial:Warning: 	(Node TextureSample) TextureSample> Missing input texture
[2017.06.17-21.51.03:961][113]LogAIModule: Creating AISystem for world ThirdPersonExampleMap
[2017.06.17-21.51.30:132][927]Cmd: OBJ SAVEPACKAGE PACKAGE="/Game/UI/MainMenu/ProfesorMenu" FILE="../../../../../../Users/koru/Desktop/IHC/HCIProyecto/SteamProject/Content/UI/MainMenu/ProfesorMenu.uasset" SILENT=true
[2017.06.17-21.51.30:188][927]LogSavePackage: Save=38.02ms
[2017.06.17-21.51.30:188][927]LogSavePackage: Moving '../../../../../../Users/koru/Desktop/IHC/HCIProyecto/SteamProject/Saved/ProfesorMenu73233A2741A76243DB9CB38A280A389C.tmp' to '../../../../../../Users/koru/Desktop/IHC/HCIProyecto/SteamProject/Content/UI/MainMenu/ProfesorMenu.uasset'
[2017.06.17-21.51.30:191][927]LogSavePackage:Display: Finished SavePackage ../../../../../../Users/koru/Desktop/IHC/HCIProyecto/SteamProject/Content/UI/MainMenu/ProfesorMenu.uasset
[2017.06.17-21.51.30:772][977]BlueprintLog: New page: Compilar ProfesorMenu
[2017.06.17-21.52.13:054][515]Cmd: MAP LOAD FILE="../../../../../../Users/koru/Desktop/IHC/HCIProyecto/SteamProject/Content/Maps/MainMenu.umap" TEMPLATE=0 SHOWPROGRESS=1 FEATURELEVEL=3
[2017.06.17-21.52.13:054][515]LightingResults: New page: Diseñar la iluminación
[2017.06.17-21.52.13:055][515]LoadErrors: New page: Cargando mapa: MainMenu.umap
[2017.06.17-21.52.13:056][515]MapCheck: New page: Revisión del mapa
[2017.06.17-21.52.13:056][515]LightingResults: New page: Diseñar la iluminación
[2017.06.17-21.52.13:147][515]LogAIModule: Creating AISystem for world MainMenu
[2017.06.17-21.52.13:152][515]LogEditorServer: Finished looking for orphan Actors (0.000 secs)
[2017.06.17-21.52.13:189][515]Cmd: MAP CHECKDEP NOCLEARLOG
[2017.06.17-21.52.14:365][515]MapCheck: Información Map check complete: 0 Error(s), 0 Warning(s), took 1,175.495ms to complete.
[2017.06.17-21.52.14:367][515]LogFileHelpers: Loading map 'MainMenu' took 1.314
[2017.06.17-21.52.14:983][564]LogTemp: Repeting last play command: Standalone Game
[2017.06.17-21.52.15:245][564]LogSavePackage: Save=101.04ms
[2017.06.17-21.52.15:245][564]LogSavePackage: Moving '../../../../../../Users/koru/Desktop/IHC/HCIProyecto/SteamProject/Saved/UEDPCMainMenu891242B84F21ADD0874B248E3D0F9A0C.tmp' to '../../../../../../Users/koru/Desktop/IHC/HCIProyecto/SteamProject/Saved/Autosaves/Game/Maps/UEDPCMainMenu.umap'
[2017.06.17-21.52.15:247][564]LogSavePackage:Display: Finished SavePackage ../../../../../../Users/koru/Desktop/IHC/HCIProyecto/SteamProject/Saved/Autosaves/Game/Maps/UEDPCMainMenu.umap
[2017.06.17-21.52.15:257][564]LogEditorTransaction: Undo Spawn Play From Here Start
[2017.06.17-21.53.53:638][285]LogEditorTransaction: Undo Mover Widget
[2017.06.17-21.54.30:512][936]LogEditorTransaction: Undo Mover Widget
[2017.06.17-21.54.30:515][936]LogWindows: Windows GetLastError: La operación se completó correctamente. (0)
[2017.06.17-21.54.31:614][936]LogCrashTracker: 


[2017.06.17-21.54.31:614][936]LogCrashTracker: 


[2017.06.17-21.54.31:614][936]LogWindows:Error: === Critical error: ===
[2017.06.17-21.54.31:614][936]LogWindows:Error: 
[2017.06.17-21.54.31:614][936]LogWindows:Error: Assertion failed: IsValid() [File:D:\Build\++UE4+Release-4.15+Compile\Sync\Engine\Source\Runtime\Core\Public\Templates/SharedPointer.h] [Line: 837] 
[2017.06.17-21.54.31:614][936]LogWindows:Error: 
[2017.06.17-21.54.31:614][936]LogWindows:Error: 
[2017.06.17-21.54.31:614][936]LogWindows:Error: 
[2017.06.17-21.54.31:614][936]LogWindows:Error: KERNELBASE.dll!0x000000009B243C58
[2017.06.17-21.54.31:614][936]LogWindows:Error: UE4Editor-Core.dll!0x00000000632464EE
[2017.06.17-21.54.31:614][936]LogWindows:Error: UE4Editor-Core.dll!0x000000006306CEEE
[2017.06.17-21.54.31:614][936]LogWindows:Error: UE4Editor-Core.dll!0x0000000062FF2729
[2017.06.17-21.54.31:614][936]LogWindows:Error: UE4Editor-UMG.dll!0x000000005C8CA92C
[2017.06.17-21.54.31:614][936]LogWindows:Error: UE4Editor-UMG.dll!0x000000005C890CDA
[2017.06.17-21.54.31:614][936]LogWindows:Error: UE4Editor-CoreUObject.dll!0x00000000638ECDF4
[2017.06.17-21.54.31:614][936]LogWindows:Error: UE4Editor-UnrealEd.dll!0x000000005D900C34
[2017.06.17-21.54.31:614][936]LogWindows:Error: UE4Editor-UnrealEd.dll!0x000000005D947D92
[2017.06.17-21.54.31:614][936]LogWindows:Error: UE4Editor-Kismet.dll!0x000000005B591941
[2017.06.17-21.54.31:614][936]LogWindows:Error: UE4Editor-Kismet.dll!0x000000005B5963E6
[2017.06.17-21.54.31:614][936]LogWindows:Error: UE4Editor-Slate.dll!0x000000005F058894
[2017.06.17-21.54.31:614][936]LogWindows:Error: UE4Editor-Slate.dll!0x000000005F09DBC2
[2017.06.17-21.54.31:614][936]LogWindows:Error: UE4Editor-UnrealEd.dll!0x000000005E0575AE
[2017.06.17-21.54.31:614][936]LogWindows:Error: UE4Editor-UnrealEd.dll!0x000000005E041964
[2017.06.17-21.54.31:614][936]LogWindows:Error: UE4Editor-Slate.dll!0x000000005F0431D4
[2017.06.17-21.54.31:614][936]LogWindows:Error: UE4Editor-Slate.dll!0x000000005F01376E
[2017.06.17-21.54.31:614][936]LogWindows:Error: UE4Editor-Slate.dll!0x000000005F015366
[2017.06.17-21.54.31:614][936]LogWindows:Error: UE4Editor-Slate.dll!0x000000005F09F449
[2017.06.17-21.54.31:614][936]LogWindows:Error: UE4Editor-Slate.dll!0x000000005F08E3C8
[2017.06.17-21.54.31:614][936]LogWindows:Error: UE4Editor-Core.dll!0x000000006323CB3C
[2017.06.17-21.54.31:614][936]LogWindows:Error: UE4Editor-Core.dll!0x00000000632267C1
[2017.06.17-21.54.31:614][936]LogWindows:Error: UE4Editor-Core.dll!0x000000006323EA1C
[2017.06.17-21.54.31:614][936]LogWindows:Error: UE4Editor-Core.dll!0x00000000632226E9
[2017.06.17-21.54.31:614][936]LogWindows:Error: USER32.dll!0x000000009B461C24
[2017.06.17-21.54.31:614][936]LogWindows:Error: USER32.dll!0x000000009B46156C
[2017.06.17-21.54.31:614][936]LogWindows:Error: UE4Editor-Core.dll!0x000000006323F326
[2017.06.17-21.54.31:614][936]LogWindows:Error: UE4Editor.exe!0x000000002060D790
[2017.06.17-21.54.31:614][936]LogWindows:Error: UE4Editor.exe!0x00000000205FEB40
[2017.06.17-21.54.31:614][936]LogWindows:Error: UE4Editor.exe!0x00000000205FEBBA
[2017.06.17-21.54.31:614][936]LogWindows:Error: UE4Editor.exe!0x0000000020610A29
[2017.06.17-21.54.31:614][936]LogWindows:Error: UE4Editor.exe!0x00000000206122B6
[2017.06.17-21.54.31:614][936]LogWindows:Error: KERNEL32.DLL!0x000000009D498364
[2017.06.17-21.54.31:614][936]LogWindows:Error: ntdll.dll!0x000000009DF070D1
[2017.06.17-21.54.31:614][936]LogWindows:Error: ntdll.dll!0x000000009DF070D1
[2017.06.17-21.54.31:614][936]LogWindows:Error: 
[2017.06.17-21.54.31:650][936]LogExit: Executing StaticShutdownAfterError
[2017.06.17-21.54.31:657][936]LogWindows: FPlatformMisc::RequestExit(1)
[2017.06.17-21.54.31:657][936]Log file closed, 06/17/17 16:54:31
