Log file open, 06/17/17 16:27:04
LogInit:Display: Running engine for game: SteamProject
LogPlatformFile: Not using cached read wrapper
LogInit:Display: RandInit(1177667984) SRandInit(1177667985).
LogTaskGraph: Started task graph with 5 named threads and 8 total threads with 1 sets of task threads.
LogStats: Stats thread started at 0.264079
LogInit: Using libcurl 7.47.1
LogInit:  - built for x86_64-pc-win32
LogInit:  - supports SSL with OpenSSL/1.0.2g
LogInit:  - supports HTTP deflate (compression) using libz 1.2.8
LogInit:  - other features:
LogInit:      CURL_VERSION_SSL
LogInit:      CURL_VERSION_LIBZ
LogInit:      CURL_VERSION_IPV6
LogInit:      CURL_VERSION_ASYNCHDNS
LogInit:      CURL_VERSION_LARGEFILE
LogInit:      CURL_VERSION_IDN
LogInit:  CurlRequestOptions (configurable via config and command line):
LogInit:  - bVerifyPeer = false  - Libcurl will NOT verify peer certificate
LogInit:  - bUseHttpProxy = false  - Libcurl will NOT use HTTP proxy
LogInit:  - bDontReuseConnections = false  - Libcurl will reuse connections
LogInit:  - CertBundlePath = nullptr  - Libcurl will use whatever was configured at build time.
LogModuleManager:Warning: No filename provided for module OnlineSubsystemSteam
LogModuleManager:Warning: ModuleManager: Unable to load module 'OnlineSubsystemSteam' because the file 'C:/Program Files/Epic Games/UE_4.15/Engine/Binaries/Win64/' was not found.
LogInit: WinSock: version 1.1 (2.2), MaxSocks=32767, MaxUdp=65467
LogInit: Build: ++UE4+Release-4.15-CL-3450819
LogInit: Engine Version: 4.15.3-3450819+++UE4+Release-4.15
LogInit: Compatible Engine Version: 4.15.0-3299760+++UE4+Release-4.15
LogInit: Net CL: 3299760
LogDevObjectVersion: Number of dev versions registered: 14
LogDevObjectVersion:   Dev-Blueprints (B0D832E4-1F89-4F0D-ACCF-7EB736FD4AA2): 8
LogDevObjectVersion:   Dev-Build (E1C64328-A22C-4D53-A36C-8E866417BD8C): 0
LogDevObjectVersion:   Dev-Core (375EC13C-06E4-48FB-B500-84F0262A717E): 2
LogDevObjectVersion:   Dev-Editor (E4B068ED-F494-42E9-A231-DA0B2E46BB41): 14
LogDevObjectVersion:   Dev-Framework (CFFC743F-43B0-4480-9391-14DF171D2073): 22
LogDevObjectVersion:   Dev-Mobile (B02B49B5-BB20-44E9-A304-32B752E40360): 0
LogDevObjectVersion:   Dev-Networking (A4E4105C-59A1-49B5-A7C5-40C4547EDFEE): 0
LogDevObjectVersion:   Dev-Online (39C831C9-5AE6-47DC-9A44-9C173E1C8E7C): 0
LogDevObjectVersion:   Dev-Physics (78F01B33-EBEA-4F98-B9B4-84EACCB95AA2): 0
LogDevObjectVersion:   Dev-Platform (6631380F-2D4D-43E0-8009-CF276956A95A): 0
LogDevObjectVersion:   Dev-Rendering (12F88B9F-8875-4AFC-A67C-D90C383ABD29): 12
LogDevObjectVersion:   Dev-Sequencer (7B5AE74C-D270-4C10-A958-57980B212A5A): 3
LogDevObjectVersion:   Dev-VR (D7296918-1DD6-4BDD-9DE2-64A83CC13884): 0
LogDevObjectVersion:   Dev-LoadTimes (C2A15278-BFE7-4AFE-6C17-90FF531DF755): 1
LogInit: Compiled (64-bit): May 21 2017 11:02:34
LogInit: Compiled with Visual C++: 19.00.23026.00
LogInit: Build Configuration: Development
LogInit: Branch Name: ++UE4+Release-4.15
LogInit: Command line:  
LogInit: Base directory: C:/Program Files/Epic Games/UE_4.15/Engine/Binaries/Win64/
LogInit: Installed Engine Build: 1
LogInit: Presizing for max 8388607 objects, including 0 objects not considered by GC, pre-allocating 0 bytes for permanent pool.
LogInit: Object subsystem initialized
[2017.06.17-21.27.07:800][  0]LogInit: Selected Device Profile: [Windows]
[2017.06.17-21.27.07:800][  0]LogInit: Applying CVar settings loaded from the selected device profile: [Windows]
[2017.06.17-21.27.07:917][  0]LogInit: Computer: LAPTOP-RAOCS8F3
[2017.06.17-21.27.07:917][  0]LogInit: User: koru
[2017.06.17-21.27.07:917][  0]LogInit: CPU Page size=65536, Cores=4
[2017.06.17-21.27.07:917][  0]LogInit: High frequency timer resolution =2.531246 MHz
[2017.06.17-21.27.07:919][  0]LogMemory: Memory total: Physical=15.8GB (16GB approx)
[2017.06.17-21.27.07:919][  0]LogMemory: Platform Memory Stats for Windows
[2017.06.17-21.27.07:919][  0]LogMemory: Process Physical Memory: 264.77 MB used, 264.77 MB peak
[2017.06.17-21.27.07:919][  0]LogMemory: Process Virtual Memory: 262.78 MB used, 262.78 MB peak
[2017.06.17-21.27.07:919][  0]LogMemory: Physical Memory: 3429.88 MB used,  12781.90 MB free, 16211.78 MB total
[2017.06.17-21.27.07:919][  0]LogMemory: Virtual Memory: 647.25 MB used,  12781.90 MB free, 134217728.00 MB total
[2017.06.17-21.27.09:234][  0]LogTextLocalizationManager: No specific translations for ('es-PE') exist, so ('es') translations will be used.
[2017.06.17-21.27.17:391][  0]LogD3D11RHI: D3D11 adapters:
[2017.06.17-21.27.20:115][  0]LogD3D11RHI:    0. 'NVIDIA GeForce GTX 960M' (Feature Level 11_0)
[2017.06.17-21.27.20:115][  0]LogD3D11RHI:       4064/0/8105 MB DedicatedVideo/DedicatedSystem/SharedSystem, Outputs:1, VendorId:0x10de
[2017.06.17-21.27.20:136][  0]LogD3D11RHI:    1. 'Intel(R) HD Graphics 530' (Feature Level 11_0)
[2017.06.17-21.27.20:136][  0]LogD3D11RHI:       128/0/8105 MB DedicatedVideo/DedicatedSystem/SharedSystem, Outputs:0, VendorId:0x8086
[2017.06.17-21.27.20:141][  0]LogD3D11RHI:    2. 'Microsoft Basic Render Driver' (Feature Level 11_0)
[2017.06.17-21.27.20:141][  0]LogD3D11RHI:       0/0/8105 MB DedicatedVideo/DedicatedSystem/SharedSystem, Outputs:0, VendorId:0x1414
[2017.06.17-21.27.20:141][  0]LogD3D11RHI: Chosen D3D11 Adapter: 0
[2017.06.17-21.27.20:156][  0]LogD3D11RHI: Creating new Direct3DDevice
[2017.06.17-21.27.20:156][  0]LogD3D11RHI:     GPU DeviceId: 0x139b (for the marketing name, search the web for "GPU Device Id")
[2017.06.17-21.27.20:156][  0]LogWindows: EnumDisplayDevices:
[2017.06.17-21.27.20:157][  0]LogWindows:    0. 'Intel(R) HD Graphics 530' (P:1 D:1)
[2017.06.17-21.27.20:157][  0]LogWindows:    1. 'Intel(R) HD Graphics 530' (P:0 D:0)
[2017.06.17-21.27.20:158][  0]LogWindows:    2. 'Intel(R) HD Graphics 530' (P:0 D:0)
[2017.06.17-21.27.20:158][  0]LogWindows: DebugString: PrimaryIsNotTheChoosenAdapter PrimaryIsNotTheChoosenAdapter PrimaryIsNotTheChoosenAdapter FoundDriverCount:0 
[2017.06.17-21.27.20:158][  0]LogD3D11RHI:     Adapter Name: NVIDIA GeForce GTX 960M
[2017.06.17-21.27.20:159][  0]LogD3D11RHI:   Driver Version: Unknown (internal:Unknown, unified:Unknown)
[2017.06.17-21.27.20:159][  0]LogD3D11RHI:      Driver Date: Unknown
[2017.06.17-21.27.20:159][  0]LogRHI: Texture pool is 1361 MB (70% of 1945 MB)
[2017.06.17-21.27.22:562][  0]LogD3D11RHI: Async texture creation enabled
[2017.06.17-21.27.22:804][  0]LogD3D11RHI: GPU Timing Frequency: 1000.000000 (Debug: 2 1)
[2017.06.17-21.27.22:817][  0]LogShaderCompilers: Guid format shader working directory is -20 characters bigger than the processId version (../../../../../../Users/koru/Desktop/IHC/HCIProyecto/SteamProject/Intermediate/Shaders/WorkingDirectory/4248/).
[2017.06.17-21.27.22:818][  0]LogShaderCompilers: Cleaned the shader compiler working directory 'C:/Users/koru/AppData/Local/Temp/UnrealShaderWorkingDir/3C4F59384ED9281F52F18885DEC4A97A/'.
[2017.06.17-21.27.22:818][  0]LogShaderCompilers:Display: Using Local Shader Compiler.
[2017.06.17-21.27.30:059][  0]LogTemp:Display: Loaded TP AllDesktopTargetPlatform
[2017.06.17-21.27.30:291][  0]LogTemp:Display: Loaded TP MacClientTargetPlatform
[2017.06.17-21.27.30:504][  0]LogTemp:Display: Loaded TP MacNoEditorTargetPlatform
[2017.06.17-21.27.30:729][  0]LogTemp:Display: Loaded TP MacServerTargetPlatform
[2017.06.17-21.27.30:967][  0]LogTemp:Display: Loaded TP MacTargetPlatform
[2017.06.17-21.27.31:189][  0]LogTemp:Display: Loaded TP WindowsClientTargetPlatform
[2017.06.17-21.27.31:414][  0]LogTemp:Display: Loaded TP WindowsNoEditorTargetPlatform
[2017.06.17-21.27.31:645][  0]LogTemp:Display: Loaded TP WindowsServerTargetPlatform
[2017.06.17-21.27.31:830][  0]LogTemp:Display: Loaded TP WindowsTargetPlatform
[2017.06.17-21.27.32:062][  0]LogTemp:Display: Loaded TP AndroidTargetPlatform
[2017.06.17-21.27.32:271][  0]LogTemp:Display: Loaded TP Android_ASTCTargetPlatform
[2017.06.17-21.27.32:500][  0]LogTemp:Display: Loaded TP Android_ATCTargetPlatform
[2017.06.17-21.27.32:717][  0]LogTemp:Display: Loaded TP Android_DXTTargetPlatform
[2017.06.17-21.27.32:938][  0]LogTemp:Display: Loaded TP Android_ETC1TargetPlatform
[2017.06.17-21.27.33:152][  0]LogTemp:Display: Loaded TP Android_ETC2TargetPlatform
[2017.06.17-21.27.33:595][  0]LogTemp:Display: Loaded TP Android_MultiTargetPlatform
[2017.06.17-21.27.33:595][  0]LogTemp:Display: Loaded TP Android_PVRTCTargetPlatform
[2017.06.17-21.27.33:745][  0]LogTemp:Display: Loaded TP HTML5TargetPlatform
[2017.06.17-21.27.34:086][  0]LogTemp:Display: Loaded TP IOSTargetPlatform
[2017.06.17-21.27.34:239][  0]LogTemp:Display: Loaded TP TVOSTargetPlatform
[2017.06.17-21.27.34:455][  0]LogTemp:Display: Loaded TP LinuxClientTargetPlatform
[2017.06.17-21.27.34:670][  0]LogTemp:Display: Loaded TP LinuxNoEditorTargetPlatform
[2017.06.17-21.27.34:900][  0]LogTemp:Display: Loaded TP LinuxServerTargetPlatform
[2017.06.17-21.27.35:142][  0]LogTemp:Display: Loaded TP LinuxTargetPlatform
[2017.06.17-21.27.35:142][  0]LogTargetPlatformManager:Display: Building Assets For Windows
[2017.06.17-21.27.37:188][  0]LogDerivedDataCache:Display: Max Cache Size: 512 MB
[2017.06.17-21.27.37:561][  0]LogDerivedDataCache: Loaded boot cache 0.37s 50MB C:/Users/koru/AppData/Local/UnrealEngine/4.15/DerivedDataCache/Boot.ddc.
[2017.06.17-21.27.37:561][  0]LogDerivedDataCache:Display: Loaded Boot cache: C:/Users/koru/AppData/Local/UnrealEngine/4.15/DerivedDataCache/Boot.ddc
[2017.06.17-21.27.37:562][  0]LogDerivedDataCache: FDerivedDataBackendGraph:  Pak pak cache file ../../../../../../Users/koru/Desktop/IHC/HCIProyecto/SteamProject/DerivedDataCache/DDC.ddp not found, will not use a pak cache.
[2017.06.17-21.27.37:562][  0]LogDerivedDataCache: Unable to find inner node Pak for hierarchical cache Hierarchy.
[2017.06.17-21.27.37:562][  0]LogDerivedDataCache: FDerivedDataBackendGraph:  CompressedPak pak cache file ../../../../../../Users/koru/Desktop/IHC/HCIProyecto/SteamProject/DerivedDataCache/Compressed.ddp not found, will not use a pak cache.
[2017.06.17-21.27.37:562][  0]LogDerivedDataCache: Unable to find inner node CompressedPak for hierarchical cache Hierarchy.
[2017.06.17-21.27.37:662][  0]LogDerivedDataCache:Display: Pak cache opened for reading ../../../Engine/DerivedDataCache/Compressed.ddp.
[2017.06.17-21.27.37:677][  0]LogDerivedDataCache: Using Local data cache path C:/Users/koru/AppData/Local/UnrealEngine/Common/DerivedDataCache: Writable
[2017.06.17-21.27.37:733][  0]LogSlate: Using Freetype 2.6.0
[2017.06.17-21.27.37:757][  0]LogSlate: SlateFontCache - WITH_FREETYPE: 1, WITH_HARFBUZZ: 1
[2017.06.17-21.27.37:757][  0]LogSlate: SlateFontCache - WITH_FREETYPE: 1, WITH_HARFBUZZ: 1
[2017.06.17-21.27.41:008][  0]LogInit: Selected Device Profile: [Windows]
[2017.06.17-21.27.41:025][  0]LogContentStreaming: Texture pool size is 0.00 MB
[2017.06.17-21.27.41:995][  0]LogMeshUtilities: Using QuadricMeshReduction for automatic static mesh reduction
[2017.06.17-21.27.42:172][  0]LogSimplygon: Simplygon DLL not present - disabling.
[2017.06.17-21.27.42:368][  0]LogMeshUtilities: Using SimplygonSwarm for distributed automatic mesh merging
[2017.06.17-21.27.42:368][  0]LogMeshUtilities: No automatic skeletal mesh reduction module available
[2017.06.17-21.27.42:368][  0]LogMeshUtilities: No automatic mesh merging module available
[2017.06.17-21.27.46:698][  0]LogNetVersion: GetLocalNetworkVersion: CL: 3299760, ProjectName: steamproject, ProjectVersion: , EngineNetworkVersion: 2, GameNetworkVersion: 0, NetworkChecksum: 3119142434
[2017.06.17-21.27.46:837][  0]LogAssetRegistry: FAssetRegistry took 0.0258 seconds to start up
[2017.06.17-21.27.47:079][  0]LogPackageLocalizationCache: Processed 3 localized package path(s) for 2 prioritized culture(s) in 0.096039 seconds
[2017.06.17-21.27.47:094][  0]LogUObjectArray: 32493 objects as part of root set at end of initial load.
[2017.06.17-21.27.47:094][  0]LogUObjectAllocator: 7077032 out of 0 bytes used by permanent object pool.
[2017.06.17-21.27.47:094][  0]LogUObjectArray: CloseDisregardForGC: 0/0 objects in disregard for GC pool
[2017.06.17-21.27.58:551][  0]LogTcpMessaging: Initializing TcpMessaging bridge
[2017.06.17-21.27.58:686][  0]LogUdpMessaging: Initializing bridge on interface 0.0.0.0:0 to multicast group 230.0.0.1:6666.
[2017.06.17-21.28.00:775][  0]LogMaterial: Uniform references updated for custom material expression Custom.
[2017.06.17-21.28.02:616][  0]SourceControl: Información El control de código fuente está desactivado
[2017.06.17-21.28.02:914][  0]SourceControl: Información El control de código fuente está desactivado
[2017.06.17-21.28.03:117][  0]SourceControl: Información El control de código fuente está desactivado
[2017.06.17-21.28.03:313][  0]SourceControl: Información El control de código fuente está desactivado
[2017.06.17-21.28.08:596][  0]LogEngine: Initializing Engine...
[2017.06.17-21.28.08:599][  0]LogHMD: Failed to initialize OpenVR with code 110
[2017.06.17-21.28.09:411][  0]LogStats: UGameplayTagsManager::ConstructGameplayTagTree: Construct from data asset -  0.000 s
[2017.06.17-21.28.09:412][  0]LogStats: UGameplayTagsManager::ConstructGameplayTagTree: GameplayTagTreeChangedEvent.Broadcast -  0.000 s
[2017.06.17-21.28.09:962][  0]LogAIModule: Creating AISystem for world Untitled
[2017.06.17-21.28.10:009][  0]LogInit: XAudio2 using 'Speakers (Realtek High Definition Audio)' : 2 channels at 48 kHz using 32 bits per sample (channel mask 0x3)
[2017.06.17-21.28.10:101][  0]LogInit: FAudioDevice initialized.
[2017.06.17-21.28.10:120][  0]LogDerivedDataCache:Error: Could not save memory cache C:/Users/koru/AppData/Local/UnrealEngine/4.15/DerivedDataCache/Boot.ddc.
[2017.06.17-21.28.10:143][  0]LogInit: Texture streaming: Enabled
[2017.06.17-21.28.10:566][  0]LogEngineSessionManager: EngineSessionManager initialized
[2017.06.17-21.28.11:116][  0]LogInit: Transaction tracking system initialized
[2017.06.17-21.28.12:850][  0]BlueprintLog: New page: Cargar el editor
[2017.06.17-21.28.17:484][  0]LocalizationService: Información Localization service is disabled
[2017.06.17-21.28.21:425][  0]LogConsoleResponse:Display: 
[2017.06.17-21.28.22:790][  0]LogCook:Display: Max memory allowance for cook 16384mb min free memory 0mb
[2017.06.17-21.28.22:791][  0]LogCook:Display: Mobile HDR setting 1
[2017.06.17-21.28.23:618][  0]LogFileCache: Scanning file cache for directory 'C:/Users/koru/Desktop/IHC/HCIProyecto/SteamProject/Content/' took 0.07s
[2017.06.17-21.28.28:659][  0]SourceControl: Información El control de código fuente está desactivado
[2017.06.17-21.28.28:662][  0]Cmd: MAP LOAD FILE="../../../../../../Users/koru/Desktop/IHC/HCIProyecto/SteamProject/Content/Maps/MainMenu.umap" TEMPLATE=0 SHOWPROGRESS=1 FEATURELEVEL=3
[2017.06.17-21.28.28:665][  0]LightingResults: New page: Diseñar la iluminación
[2017.06.17-21.28.28:870][  0]MapCheck: New page: Revisión del mapa
[2017.06.17-21.28.28:870][  0]LightingResults: New page: Diseñar la iluminación
[2017.06.17-21.28.32:593][  0]LogAIModule: Creating AISystem for world MainMenu
[2017.06.17-21.28.32:683][  0]LogEditorServer: Finished looking for orphan Actors (0.000 secs)
[2017.06.17-21.28.32:685][  0]Cmd: MAP CHECKDEP NOCLEARLOG
[2017.06.17-21.28.32:875][  0]MapCheck: Información Map check complete: 0 Error(s), 0 Warning(s), took 189.022ms to complete.
[2017.06.17-21.28.32:875][  0]LogFileHelpers: Loading map 'MainMenu' took 4.214
[2017.06.17-21.28.33:632][  0]LogCollectionManager: Loaded 0 collections in 0.007292 seconds
[2017.06.17-21.28.33:889][  0]LogFileCache: Scanning file cache for directory 'C:/Users/koru/Desktop/IHC/HCIProyecto/SteamProject/Saved/Collections/' took 0.01s
[2017.06.17-21.28.33:889][  0]LogFileCache: Scanning file cache for directory 'C:/Users/koru/Desktop/IHC/HCIProyecto/SteamProject/Content/Developers/koru/Collections/' took 0.01s
[2017.06.17-21.28.33:889][  0]LogFileCache: Scanning file cache for directory 'C:/Users/koru/Desktop/IHC/HCIProyecto/SteamProject/Content/Collections/' took 0.01s
[2017.06.17-21.28.33:889][  0]LogCollectionManager: Rebuilt the GUID cache for 0 collections in 0.000005 seconds
[2017.06.17-21.28.33:931][  0]LogContentBrowser: Native class hierarchy populated in 0.0380 seconds. Added 2245 classes and 453 folders.
[2017.06.17-21.28.34:226][  0]LogContentBrowser: Native class hierarchy updated for 'WidgetCarousel' in 0.0016 seconds. Added 0 classes and 0 folders.
[2017.06.17-21.28.35:513][  0]LogContentBrowser: Native class hierarchy updated for 'AddContentDialog' in 0.0017 seconds. Added 0 classes and 0 folders.
[2017.06.17-21.28.35:705][  0]LogContentBrowser: Native class hierarchy updated for 'SceneOutliner' in 0.0026 seconds. Added 1 classes and 2 folders.
[2017.06.17-21.28.35:970][  0]LogCrashTracker: Crashtracker disabled due to settings.
[2017.06.17-21.28.36:011][  0]LogUObjectGlobals:Warning: Error al encontrar el objeto 'Class Ninguno.'
[2017.06.17-21.28.36:238][  0]LogContentBrowser: Native class hierarchy updated for 'HierarchicalLODOutliner' in 0.0017 seconds. Added 1 classes and 2 folders.
[2017.06.17-21.28.36:238][  0]LogLoad: (Engine Initialization) Total time: 96.29 seconds
[2017.06.17-21.28.36:239][  0]LogLoad: (Engine Initialization) Total Blueprint compile time: 2.01 seconds
[2017.06.17-21.28.36:239][  0]LogExternalProfiler: Found external profiler: VSPerf
[2017.06.17-21.28.36:239][  0]LogExternalProfiler: Using external profiler: VSPerf
[2017.06.17-21.28.36:584][  0]LogOcInput: OculusInput pre-init called
[2017.06.17-21.28.36:636][  0]LogContentStreaming: Texture pool size now 1000 MB
[2017.06.17-21.28.36:639][  0]LogSlate: Took 0.000500 seconds to synchronously load lazily loaded font '../../../Engine/Content/Slate/Fonts/Roboto-Regular.ttf' (155K)
[2017.06.17-21.28.36:653][  0]LogSlate: Took 0.000606 seconds to synchronously load lazily loaded font '../../../Engine/Content/Slate/Fonts/Roboto-Bold.ttf' (160K)
[2017.06.17-21.28.36:682][  0]LogSlate: Took 0.000659 seconds to synchronously load lazily loaded font '../../../Engine/Content/Editor/Slate/Fonts/FontAwesome.ttf' (139K)
[2017.06.17-21.28.37:105][  0]LogSlate: Took 0.000646 seconds to synchronously load lazily loaded font '../../../Engine/Content/Slate/Fonts/Roboto-Light.ttf' (159K)
[2017.06.17-21.28.37:325][  0]LogRenderer: Reallocating scene render targets to support 964x324 NumSamples 1 (Frame:2).
[2017.06.17-21.28.37:519][  1]LogFileCache: Retrieving MD5 hashes for directory 'C:/Users/koru/Desktop/IHC/HCIProyecto/SteamProject/Content/' took 0.92s
[2017.06.17-21.28.37:881][  2]LogSlate: Took 0.000981 seconds to synchronously load lazily loaded font '../../../Engine/Content/Slate/Fonts/Roboto-Light.ttf' (159K)
[2017.06.17-21.28.39:526][  7]LogAssetRegistry: Asset discovery search completed in 52.7123 seconds
[2017.06.17-21.28.39:527][  7]LogCollectionManager: Rebuilt the object cache for 0 collections in 0.000040 seconds (found 0 objects)
[2017.06.17-21.28.39:527][  7]LogCollectionManager: Fixed up redirectors for 0 collections in 0.000113 seconds (updated 0 objects)
