Log file open, 06/15/17 12:18:39
LogInit:Display: Running engine for game: SteamProject
LogPlatformFile: Not using cached read wrapper
LogInit:Display: RandInit(-1519330689) SRandInit(-1519330689).
LogTaskGraph: Started task graph with 5 named threads and 8 total threads with 1 sets of task threads.
LogStats: Stats thread started at 0.092282
LogInit: Using libcurl 7.47.1
LogInit:  - built for x86_64-pc-win32
LogInit:  - supports SSL with OpenSSL/1.0.2g
LogInit:  - supports HTTP deflate (compression) using libz 1.2.8
LogInit:  - other features:
LogInit:      CURL_VERSION_SSL
LogInit:      CURL_VERSION_LIBZ
LogInit:      CURL_VERSION_IPV6
LogInit:      CURL_VERSION_ASYNCHDNS
LogInit:      CURL_VERSION_LARGEFILE
LogInit:      CURL_VERSION_IDN
LogInit:  CurlRequestOptions (configurable via config and command line):
LogInit:  - bVerifyPeer = false  - Libcurl will NOT verify peer certificate
LogInit:  - bUseHttpProxy = false  - Libcurl will NOT use HTTP proxy
LogInit:  - bDontReuseConnections = false  - Libcurl will reuse connections
LogInit:  - CertBundlePath = nullptr  - Libcurl will use whatever was configured at build time.
LogModuleManager:Warning: No filename provided for module OnlineSubsystemSteam
LogModuleManager:Warning: ModuleManager: Unable to load module 'OnlineSubsystemSteam' because the file 'C:/Program Files/Epic Games/UE_4.15/Engine/Binaries/Win64/' was not found.
LogInit: WinSock: version 1.1 (2.2), MaxSocks=32767, MaxUdp=65467
LogInit: Build: ++UE4+Release-4.15-CL-3450819
LogInit: Engine Version: 4.15.3-3450819+++UE4+Release-4.15
LogInit: Compatible Engine Version: 4.15.0-3299760+++UE4+Release-4.15
LogInit: Net CL: 3299760
LogDevObjectVersion: Number of dev versions registered: 14
LogDevObjectVersion:   Dev-Blueprints (B0D832E4-1F89-4F0D-ACCF-7EB736FD4AA2): 8
LogDevObjectVersion:   Dev-Build (E1C64328-A22C-4D53-A36C-8E866417BD8C): 0
LogDevObjectVersion:   Dev-Core (375EC13C-06E4-48FB-B500-84F0262A717E): 2
LogDevObjectVersion:   Dev-Editor (E4B068ED-F494-42E9-A231-DA0B2E46BB41): 14
LogDevObjectVersion:   Dev-Framework (CFFC743F-43B0-4480-9391-14DF171D2073): 22
LogDevObjectVersion:   Dev-Mobile (B02B49B5-BB20-44E9-A304-32B752E40360): 0
LogDevObjectVersion:   Dev-Networking (A4E4105C-59A1-49B5-A7C5-40C4547EDFEE): 0
LogDevObjectVersion:   Dev-Online (39C831C9-5AE6-47DC-9A44-9C173E1C8E7C): 0
LogDevObjectVersion:   Dev-Physics (78F01B33-EBEA-4F98-B9B4-84EACCB95AA2): 0
LogDevObjectVersion:   Dev-Platform (6631380F-2D4D-43E0-8009-CF276956A95A): 0
LogDevObjectVersion:   Dev-Rendering (12F88B9F-8875-4AFC-A67C-D90C383ABD29): 12
LogDevObjectVersion:   Dev-Sequencer (7B5AE74C-D270-4C10-A958-57980B212A5A): 3
LogDevObjectVersion:   Dev-VR (D7296918-1DD6-4BDD-9DE2-64A83CC13884): 0
LogDevObjectVersion:   Dev-LoadTimes (C2A15278-BFE7-4AFE-6C17-90FF531DF755): 1
LogInit: Compiled (64-bit): May 21 2017 11:02:34
LogInit: Compiled with Visual C++: 19.00.23026.00
LogInit: Build Configuration: Development
LogInit: Branch Name: ++UE4+Release-4.15
LogInit: Command line:  /Temp/Autosaves/Game/Maps/UEDPCMainMenu -game -PIEVIACONSOLE -ResX=1280 -ResY=720  -Multiprocess -messaging -SessionName="Play in Standalone Game" -windowed 
LogInit: Base directory: C:/Program Files/Epic Games/UE_4.15/Engine/Binaries/Win64/
LogInit: Installed Engine Build: 1
LogInit: Presizing for max 8388607 objects, including 0 objects not considered by GC, pre-allocating 0 bytes for permanent pool.
LogInit: Object subsystem initialized
[2017.06.15-17.18.41:166][  0]LogInit: Selected Device Profile: [Windows]
[2017.06.15-17.18.41:166][  0]LogInit: Applying CVar settings loaded from the selected device profile: [Windows]
[2017.06.15-17.18.41:170][  0]LogInit: Computer: LAPTOP-RAOCS8F3
[2017.06.15-17.18.41:170][  0]LogInit: User: koru
[2017.06.15-17.18.41:170][  0]LogInit: CPU Page size=65536, Cores=4
[2017.06.15-17.18.41:170][  0]LogInit: High frequency timer resolution =2.531246 MHz
[2017.06.15-17.18.41:171][  0]LogMemory: Memory total: Physical=15.8GB (16GB approx)
[2017.06.15-17.18.41:171][  0]LogMemory: Platform Memory Stats for Windows
[2017.06.15-17.18.41:171][  0]LogMemory: Process Physical Memory: 264.41 MB used, 264.41 MB peak
[2017.06.15-17.18.41:171][  0]LogMemory: Process Virtual Memory: 262.72 MB used, 262.72 MB peak
[2017.06.15-17.18.41:171][  0]LogMemory: Physical Memory: 6881.51 MB used,  9330.27 MB free, 16211.78 MB total
[2017.06.15-17.18.41:171][  0]LogMemory: Virtual Memory: 647.25 MB used,  9330.27 MB free, 134217728.00 MB total
[2017.06.15-17.18.41:268][  0]LogTextLocalizationManager: No specific translations for ('es-PE') exist, so ('es') translations will be used.
[2017.06.15-17.18.41:513][  0]LogD3D11RHI: D3D11 adapters:
[2017.06.15-17.18.42:103][  0]LogD3D11RHI:    0. 'NVIDIA GeForce GTX 960M' (Feature Level 11_0)
[2017.06.15-17.18.42:103][  0]LogD3D11RHI:       4064/0/8105 MB DedicatedVideo/DedicatedSystem/SharedSystem, Outputs:1, VendorId:0x10de
[2017.06.15-17.18.42:111][  0]LogD3D11RHI:    1. 'Intel(R) HD Graphics 530' (Feature Level 11_0)
[2017.06.15-17.18.42:111][  0]LogD3D11RHI:       128/0/8105 MB DedicatedVideo/DedicatedSystem/SharedSystem, Outputs:0, VendorId:0x8086
[2017.06.15-17.18.42:113][  0]LogD3D11RHI:    2. 'Microsoft Basic Render Driver' (Feature Level 11_0)
[2017.06.15-17.18.42:113][  0]LogD3D11RHI:       0/0/8105 MB DedicatedVideo/DedicatedSystem/SharedSystem, Outputs:0, VendorId:0x1414
[2017.06.15-17.18.42:113][  0]LogD3D11RHI: Chosen D3D11 Adapter: 0
[2017.06.15-17.18.42:117][  0]LogD3D11RHI: Creating new Direct3DDevice
[2017.06.15-17.18.42:117][  0]LogD3D11RHI:     GPU DeviceId: 0x139b (for the marketing name, search the web for "GPU Device Id")
[2017.06.15-17.18.42:117][  0]LogWindows: EnumDisplayDevices:
[2017.06.15-17.18.42:117][  0]LogWindows:    0. 'Intel(R) HD Graphics 530' (P:1 D:1)
[2017.06.15-17.18.42:117][  0]LogWindows:    1. 'Intel(R) HD Graphics 530' (P:0 D:0)
[2017.06.15-17.18.42:117][  0]LogWindows:    2. 'Intel(R) HD Graphics 530' (P:0 D:0)
[2017.06.15-17.18.42:117][  0]LogWindows: DebugString: PrimaryIsNotTheChoosenAdapter PrimaryIsNotTheChoosenAdapter PrimaryIsNotTheChoosenAdapter FoundDriverCount:0 
[2017.06.15-17.18.42:117][  0]LogD3D11RHI:     Adapter Name: NVIDIA GeForce GTX 960M
[2017.06.15-17.18.42:117][  0]LogD3D11RHI:   Driver Version: Unknown (internal:Unknown, unified:Unknown)
[2017.06.15-17.18.42:117][  0]LogD3D11RHI:      Driver Date: Unknown
[2017.06.15-17.18.42:117][  0]LogRHI: Texture pool is 1361 MB (70% of 1945 MB)
[2017.06.15-17.18.42:659][  0]LogD3D11RHI: Async texture creation enabled
[2017.06.15-17.18.42:707][  0]LogD3D11RHI: GPU Timing Frequency: 1000.000000 (Debug: 2 1)
[2017.06.15-17.18.42:708][  0]LogShaderCompilers: Guid format shader working directory is -20 characters bigger than the processId version (../../../../../../Users/koru/Desktop/IHC/HCIProyecto/SteamProject/Intermediate/Shaders/WorkingDirectory/5476/).
[2017.06.15-17.18.42:708][  0]LogShaderCompilers: Cleaned the shader compiler working directory 'C:/Users/koru/AppData/Local/Temp/UnrealShaderWorkingDir/3E60FA6A426B3F0F55A28EB85928D382/'.
[2017.06.15-17.18.42:708][  0]LogShaderCompilers:Display: Using Local Shader Compiler.
[2017.06.15-17.18.43:756][  0]LogTemp:Display: Loaded TP WindowsClientTargetPlatform
[2017.06.15-17.18.43:813][  0]LogTemp:Display: Loaded TP WindowsNoEditorTargetPlatform
[2017.06.15-17.18.43:865][  0]LogTemp:Display: Loaded TP WindowsServerTargetPlatform
[2017.06.15-17.18.43:907][  0]LogTemp:Display: Loaded TP WindowsTargetPlatform
[2017.06.15-17.18.43:907][  0]LogTargetPlatformManager:Display: Building Assets For Windows
[2017.06.15-17.18.44:325][  0]LogDerivedDataCache:Display: Max Cache Size: 512 MB
[2017.06.15-17.18.44:376][  0]LogDerivedDataCache: Loaded boot cache 0.05s 50MB C:/Users/koru/AppData/Local/UnrealEngine/4.15/DerivedDataCache/Boot.ddc.
[2017.06.15-17.18.44:376][  0]LogDerivedDataCache:Display: Loaded Boot cache: C:/Users/koru/AppData/Local/UnrealEngine/4.15/DerivedDataCache/Boot.ddc
[2017.06.15-17.18.44:376][  0]LogDerivedDataCache: FDerivedDataBackendGraph:  Pak pak cache file ../../../../../../Users/koru/Desktop/IHC/HCIProyecto/SteamProject/DerivedDataCache/DDC.ddp not found, will not use a pak cache.
[2017.06.15-17.18.44:376][  0]LogDerivedDataCache: Unable to find inner node Pak for hierarchical cache Hierarchy.
[2017.06.15-17.18.44:376][  0]LogDerivedDataCache: FDerivedDataBackendGraph:  CompressedPak pak cache file ../../../../../../Users/koru/Desktop/IHC/HCIProyecto/SteamProject/DerivedDataCache/Compressed.ddp not found, will not use a pak cache.
[2017.06.15-17.18.44:376][  0]LogDerivedDataCache: Unable to find inner node CompressedPak for hierarchical cache Hierarchy.
[2017.06.15-17.18.44:393][  0]LogDerivedDataCache:Display: Pak cache opened for reading ../../../Engine/DerivedDataCache/Compressed.ddp.
[2017.06.15-17.18.44:406][  0]LogDerivedDataCache: Using Local data cache path C:/Users/koru/AppData/Local/UnrealEngine/Common/DerivedDataCache: Writable
[2017.06.15-17.18.44:415][  0]LogSlate: Using Freetype 2.6.0
[2017.06.15-17.18.44:416][  0]LogSlate: SlateFontCache - WITH_FREETYPE: 1, WITH_HARFBUZZ: 1
[2017.06.15-17.18.44:416][  0]LogSlate: SlateFontCache - WITH_FREETYPE: 1, WITH_HARFBUZZ: 1
[2017.06.15-17.18.44:691][  0]LogAssetRegistry: FAssetRegistry took 0.0001 seconds to start up
[2017.06.15-17.18.44:697][  0]LogPackageLocalizationCache: Processed 3 localized package path(s) for 2 prioritized culture(s) in 0.005731 seconds
[2017.06.15-17.18.44:713][  0]LogInit: Selected Device Profile: [Windows]
[2017.06.15-17.18.44:715][  0]LogContentStreaming: Texture pool size is 1000.00 MB
[2017.06.15-17.18.44:917][  0]LogMeshUtilities: Using QuadricMeshReduction for automatic static mesh reduction
[2017.06.15-17.18.44:961][  0]LogSimplygon: Simplygon DLL not present - disabling.
[2017.06.15-17.18.45:006][  0]LogMeshUtilities: Using SimplygonSwarm for distributed automatic mesh merging
[2017.06.15-17.18.45:006][  0]LogMeshUtilities: No automatic skeletal mesh reduction module available
[2017.06.15-17.18.45:006][  0]LogMeshUtilities: No automatic mesh merging module available
[2017.06.15-17.18.45:487][  0]LogNetVersion: GetLocalNetworkVersion: CL: 3299760, ProjectName: steamproject, ProjectVersion: , EngineNetworkVersion: 2, GameNetworkVersion: 0, NetworkChecksum: 3119142434
[2017.06.15-17.18.46:298][  0]LogMoviePlayer: Initializing movie player
[2017.06.15-17.18.46:375][  0]LogWindowsTextInputMethodSystem:Display: IME system now deactivated.
[2017.06.15-17.18.46:375][  0]LogWindowsTextInputMethodSystem:Display: IME system now deactivated.
[2017.06.15-17.18.46:652][  0]LogTcpMessaging: Initializing TcpMessaging bridge
[2017.06.15-17.18.46:690][  0]LogUdpMessaging: Initializing bridge on interface 0.0.0.0:0 to multicast group 230.0.0.1:6666.
[2017.06.15-17.18.46:975][  0]SourceControl: Información El control de código fuente está desactivado
[2017.06.15-17.18.46:975][  0]SourceControl: Información El control de código fuente está desactivado
[2017.06.15-17.18.47:018][  0]SourceControl: Información El control de código fuente está desactivado
[2017.06.15-17.18.47:602][  0]LogUObjectArray: 34408 objects as part of root set at end of initial load.
[2017.06.15-17.18.47:602][  0]LogUObjectAllocator: 7639320 out of 0 bytes used by permanent object pool.
[2017.06.15-17.18.47:602][  0]LogUObjectArray: CloseDisregardForGC: 0/0 objects in disregard for GC pool
[2017.06.15-17.18.47:698][  0]LogEngine: Initializing Engine...
[2017.06.15-17.18.47:699][  0]LogHMD: Failed to initialize OpenVR with code 110
[2017.06.15-17.18.47:803][  0]LogStats: UGameplayTagsManager::ConstructGameplayTagTree: Construct from data asset -  0.000 s
[2017.06.15-17.18.47:803][  0]LogStats: UGameplayTagsManager::ConstructGameplayTagTree: GameplayTagTreeChangedEvent.Broadcast -  0.000 s
[2017.06.15-17.18.47:811][  0]LogInit: XAudio2 using 'Speakers (Realtek High Definition Audio)' : 2 channels at 48 kHz using 32 bits per sample (channel mask 0x3)
[2017.06.15-17.18.47:820][  0]LogInit: FAudioDevice initialized.
[2017.06.15-17.18.47:837][  0]LogInit: Texture streaming: Enabled
[2017.06.15-17.18.47:848][  0]LogMaterial: Uniform references updated for custom material expression Custom.
[2017.06.15-17.18.48:499][  0]LogInit:Display: Game Engine Initialized.
[2017.06.15-17.18.48:666][  0]LogInit:Display: Starting Game.
[2017.06.15-17.18.48:666][  0]LogNet: Browse: /Temp/Autosaves/Game/Maps/UEDPCMainMenu?Name=Player
[2017.06.15-17.18.48:666][  0]LogLoad: LoadMap: /Temp/Autosaves/Game/Maps/UEDPCMainMenu?Name=Player
[2017.06.15-17.18.48:698][  0]LogMemory: Platform Memory Stats for Windows
[2017.06.15-17.18.48:698][  0]LogMemory: Process Physical Memory: 668.83 MB used, 682.34 MB peak
[2017.06.15-17.18.48:698][  0]LogMemory: Process Virtual Memory: 819.39 MB used, 819.40 MB peak
[2017.06.15-17.18.48:698][  0]LogMemory: Physical Memory: 7273.06 MB used,  8938.72 MB free, 16211.78 MB total
[2017.06.15-17.18.48:698][  0]LogMemory: Virtual Memory: 1405.46 MB used,  8938.72 MB free, 134217728.00 MB total
[2017.06.15-17.18.48:698][  0]LogMemory: 
[2017.06.15-17.18.48:698][  0]Allocator Stats for TBB: (not implemented)
[2017.06.15-17.18.48:825][  0]LogAIModule: Creating AISystem for world MainMenu
[2017.06.15-17.18.48:973][  0]LogLinker:Warning: No puede encontrar el archivo '/Game/Assets/Environment/Materials/M_Mushroom_A_Inst'
[2017.06.15-17.18.48:973][  0]LoadErrors: Información Error al cargar /Game/Assets/Environment/Materials/M_Mushroom_A_Inst.M_Mushroom_A_Inst Referenciado por SM_Mushroom_A
[2017.06.15-17.18.48:973][  0]LogUObjectGlobals:Warning: Error al cargar '/Game/Assets/Environment/Materials/M_Mushroom_A_Inst': No puede encontrar el archivo '/Game/Assets/Environment/Materials/M_Mushroom_A_Inst'
[2017.06.15-17.18.48:973][  0]LogLinker:Warning: No puede encontrar el archivo para el activo '/Game/Assets/Environment/Materials/M_Mushroom_A_Inst' mientras carga NULL.
[2017.06.15-17.18.48:973][  0]LoadErrors: Información Error al cargar /Game/Assets/Environment/Materials/M_Mushroom_A_Inst.M_Mushroom_A_Inst Referenciado por SM_Mushroom_A
[2017.06.15-17.18.48:973][  0]LogUObjectGlobals:Warning: Error al cargar '/Game/Assets/Environment/Materials/M_Mushroom_A_Inst': No puede encontrar el archivo para el activo '/Game/Assets/Environment/Materials/M_Mushroom_A_Inst' mientras carga NULL.
[2017.06.15-17.18.48:986][  0]LogLinker:Warning: No puede encontrar el archivo '/Game/Assets/Environment/Materials/M_Stone_Path_Inst'
[2017.06.15-17.18.48:986][  0]LoadErrors: Información Error al cargar /Game/Assets/Environment/Materials/M_Stone_Path_Inst.M_Stone_Path_Inst Referenciado por SM_Stone_Path_B
[2017.06.15-17.18.48:986][  0]LogUObjectGlobals:Warning: Error al cargar '/Game/Assets/Environment/Materials/M_Stone_Path_Inst': No puede encontrar el archivo '/Game/Assets/Environment/Materials/M_Stone_Path_Inst'
[2017.06.15-17.18.48:986][  0]LogLinker:Warning: No puede encontrar el archivo para el activo '/Game/Assets/Environment/Materials/M_Stone_Path_Inst' mientras carga NULL.
[2017.06.15-17.18.48:986][  0]LoadErrors: Información Error al cargar /Game/Assets/Environment/Materials/M_Stone_Path_Inst.M_Stone_Path_Inst Referenciado por SM_Stone_Path_B
[2017.06.15-17.18.48:986][  0]LogUObjectGlobals:Warning: Error al cargar '/Game/Assets/Environment/Materials/M_Stone_Path_Inst': No puede encontrar el archivo para el activo '/Game/Assets/Environment/Materials/M_Stone_Path_Inst' mientras carga NULL.
[2017.06.15-17.18.49:056][  0]LogLoad: Game class is 'ThirdPersonGameMode_C'
[2017.06.15-17.18.49:058][  0]LogWorld: Bringing World /Temp/Autosaves/Game/Maps/UEDPCMainMenu.MainMenu up for play (max tick rate 0) at 2017.06.15-12.18.49
[2017.06.15-17.18.49:058][  0]LogWorld: Bringing up level for play took: 0.000685
[2017.06.15-17.18.49:080][  0]LogGameMode:Display: Match State Changed from EnteringMap to WaitingToStart
[2017.06.15-17.18.49:080][  0]LogGameState: Match State Changed from EnteringMap to WaitingToStart
[2017.06.15-17.18.49:080][  0]LogGameMode:Display: Match State Changed from WaitingToStart to InProgress
[2017.06.15-17.18.49:083][  0]LogGameState: Match State Changed from WaitingToStart to InProgress
[2017.06.15-17.18.49:083][  0]LogLoad: Took 0.416729 seconds to LoadMap(/Temp/Autosaves/Game/Maps/UEDPCMainMenu)
[2017.06.15-17.18.49:305][  0]LogRenderer: Reallocating scene render targets to support 1280x720 NumSamples 1 (Frame:2).
[2017.06.15-17.18.49:305][  0]LogLoad: (Engine Initialization) Total time: 10.31 seconds
[2017.06.15-17.18.49:305][  0]LogLoad: (Engine Initialization) Total Blueprint compile time: 0.33 seconds
[2017.06.15-17.18.49:305][  0]LogExternalProfiler: Found external profiler: VSPerf
[2017.06.15-17.18.49:305][  0]LogExternalProfiler: Using external profiler: VSPerf
[2017.06.15-17.18.49:322][  0]LogOcInput: OculusInput pre-init called
[2017.06.15-17.19.14:229][523]LogPackageName: SearchForPackageOnDisk took   0.068s, but failed to resolve ThirdPersonExample.umap.
[2017.06.15-17.19.14:230][523]LogGameMode:Display: Match State Changed from InProgress to LeavingMap
[2017.06.15-17.19.14:230][523]LogGameState: Match State Changed from InProgress to LeavingMap
[2017.06.15-17.19.14:295][523]LogPackageName: SearchForPackageOnDisk took   0.065s, but failed to resolve ThirdPersonExample.umap.
[2017.06.15-17.19.14:295][523]LogNet: Browse: /Game/Maps/MainMenu
[2017.06.15-17.19.14:296][523]LogNet:Warning: Travel Failure: [InvalidURL]: URL no válida: /Game/Maps/MainMenu
[2017.06.15-17.19.14:296][523]LogNet: TravelFailure: InvalidURL, Reason for Failure: 'URL no válida: /Game/Maps/MainMenu'
[2017.06.15-17.19.14:296][523]LogGameMode:Display: Match State Changed from LeavingMap to Aborted
[2017.06.15-17.19.14:296][523]LogGameState: Match State Changed from LeavingMap to Aborted
[2017.06.15-17.19.14:296][523]LogNet:Warning: Travel Failure: [ClientTravelFailure]: URL no válida: /Game/Maps/MainMenu
[2017.06.15-17.19.14:296][523]LogNet: TravelFailure: ClientTravelFailure, Reason for Failure: 'URL no válida: /Game/Maps/MainMenu'
[2017.06.15-17.19.14:300][524]LogGameMode:Display: Match State Changed from Aborted to LeavingMap
[2017.06.15-17.19.14:300][524]LogGameState: Match State Changed from Aborted to LeavingMap
[2017.06.15-17.19.14:300][524]LogNet: Browse: /Game/Maps/MainMenu?closed
[2017.06.15-17.19.14:300][524]LogNet: Failed; returning to Entry
[2017.06.15-17.19.14:301][524]LogLoad: LoadMap: /Game/Maps/MainMenu?closed
[2017.06.15-17.19.14:329][524]LogMemory: Platform Memory Stats for Windows
[2017.06.15-17.19.14:329][524]LogMemory: Process Physical Memory: 705.67 MB used, 753.33 MB peak
[2017.06.15-17.19.14:329][524]LogMemory: Process Virtual Memory: 962.38 MB used, 1073.19 MB peak
[2017.06.15-17.19.14:329][524]LogMemory: Physical Memory: 7239.74 MB used,  8972.04 MB free, 16211.78 MB total
[2017.06.15-17.19.14:329][524]LogMemory: Virtual Memory: 1637.94 MB used,  8972.04 MB free, 134217728.00 MB total
[2017.06.15-17.19.14:329][524]LogMemory: 
[2017.06.15-17.19.14:329][524]Allocator Stats for TBB: (not implemented)
[2017.06.15-17.19.14:337][524]LogAIModule: Creating AISystem for world MainMenu
[2017.06.15-17.19.14:487][524]LogLinker:Warning: No puede encontrar el archivo '/Game/Assets/Environment/Materials/M_Mushroom_A_Inst'
[2017.06.15-17.19.14:487][524]LoadErrors: Información Error al cargar /Game/Assets/Environment/Materials/M_Mushroom_A_Inst.M_Mushroom_A_Inst Referenciado por SM_Mushroom_A
[2017.06.15-17.19.14:487][524]LogUObjectGlobals:Warning: Error al cargar '/Game/Assets/Environment/Materials/M_Mushroom_A_Inst': No puede encontrar el archivo '/Game/Assets/Environment/Materials/M_Mushroom_A_Inst'
[2017.06.15-17.19.14:487][524]LogLinker:Warning: No puede encontrar el archivo para el activo '/Game/Assets/Environment/Materials/M_Mushroom_A_Inst' mientras carga NULL.
[2017.06.15-17.19.14:487][524]LoadErrors: Información Error al cargar /Game/Assets/Environment/Materials/M_Mushroom_A_Inst.M_Mushroom_A_Inst Referenciado por SM_Mushroom_A
[2017.06.15-17.19.14:487][524]LogUObjectGlobals:Warning: Error al cargar '/Game/Assets/Environment/Materials/M_Mushroom_A_Inst': No puede encontrar el archivo para el activo '/Game/Assets/Environment/Materials/M_Mushroom_A_Inst' mientras carga NULL.
[2017.06.15-17.19.14:501][524]LogLinker:Warning: No puede encontrar el archivo '/Game/Assets/Environment/Materials/M_Stone_Path_Inst'
[2017.06.15-17.19.14:501][524]LoadErrors: Información Error al cargar /Game/Assets/Environment/Materials/M_Stone_Path_Inst.M_Stone_Path_Inst Referenciado por SM_Stone_Path_B
[2017.06.15-17.19.14:501][524]LogUObjectGlobals:Warning: Error al cargar '/Game/Assets/Environment/Materials/M_Stone_Path_Inst': No puede encontrar el archivo '/Game/Assets/Environment/Materials/M_Stone_Path_Inst'
[2017.06.15-17.19.14:501][524]LogLinker:Warning: No puede encontrar el archivo para el activo '/Game/Assets/Environment/Materials/M_Stone_Path_Inst' mientras carga NULL.
[2017.06.15-17.19.14:501][524]LoadErrors: Información Error al cargar /Game/Assets/Environment/Materials/M_Stone_Path_Inst.M_Stone_Path_Inst Referenciado por SM_Stone_Path_B
[2017.06.15-17.19.14:501][524]LogUObjectGlobals:Warning: Error al cargar '/Game/Assets/Environment/Materials/M_Stone_Path_Inst': No puede encontrar el archivo para el activo '/Game/Assets/Environment/Materials/M_Stone_Path_Inst' mientras carga NULL.
[2017.06.15-17.19.14:573][524]LogLoad: Game class is 'ThirdPersonGameMode_C'
[2017.06.15-17.19.14:575][524]LogWorld: Bringing World /Game/Maps/MainMenu.MainMenu up for play (max tick rate 0) at 2017.06.15-12.19.14
[2017.06.15-17.19.14:575][524]LogWorld: Bringing up level for play took: 0.000547
[2017.06.15-17.19.14:575][524]LogGameMode: FindPlayerStart: PATHS NOT DEFINED or NO PLAYERSTART with positive rating
[2017.06.15-17.19.14:576][524]LogGameMode:Display: Match State Changed from EnteringMap to WaitingToStart
[2017.06.15-17.19.14:576][524]LogGameState: Match State Changed from EnteringMap to WaitingToStart
[2017.06.15-17.19.14:576][524]LogGameMode:Display: Match State Changed from WaitingToStart to InProgress
[2017.06.15-17.19.14:578][524]LogGameState: Match State Changed from WaitingToStart to InProgress
[2017.06.15-17.19.14:578][524]LogLoad: Took 0.277288 seconds to LoadMap(/Game/Maps/MainMenu)
[2017.06.15-17.19.15:491][571]LogPackageName: SearchForPackageOnDisk took   0.068s, but failed to resolve ThirdPersonExample.umap.
[2017.06.15-17.19.15:492][571]LogGameMode:Display: Match State Changed from InProgress to LeavingMap
[2017.06.15-17.19.15:492][571]LogGameState: Match State Changed from InProgress to LeavingMap
[2017.06.15-17.19.15:559][571]LogPackageName: SearchForPackageOnDisk took   0.066s, but failed to resolve ThirdPersonExample.umap.
[2017.06.15-17.19.15:559][571]LogNet: Browse: /Game/Maps/MainMenu
[2017.06.15-17.19.15:559][571]LogNet:Warning: Travel Failure: [InvalidURL]: URL no válida: /Game/Maps/MainMenu
[2017.06.15-17.19.15:559][571]LogNet: TravelFailure: InvalidURL, Reason for Failure: 'URL no válida: /Game/Maps/MainMenu'
[2017.06.15-17.19.15:559][571]LogGameMode:Display: Match State Changed from LeavingMap to Aborted
[2017.06.15-17.19.15:559][571]LogGameState: Match State Changed from LeavingMap to Aborted
[2017.06.15-17.19.15:560][571]LogNet:Warning: Travel Failure: [ClientTravelFailure]: URL no válida: /Game/Maps/MainMenu
[2017.06.15-17.19.15:560][571]LogNet: TravelFailure: ClientTravelFailure, Reason for Failure: 'URL no válida: /Game/Maps/MainMenu'
[2017.06.15-17.19.15:562][572]LogGameMode:Display: Match State Changed from Aborted to LeavingMap
[2017.06.15-17.19.15:562][572]LogGameState: Match State Changed from Aborted to LeavingMap
[2017.06.15-17.19.15:562][572]LogNet: Browse: /Game/Maps/MainMenu?closed
[2017.06.15-17.19.15:562][572]LogNet: Failed; returning to Entry
[2017.06.15-17.19.15:562][572]LogLoad: LoadMap: /Game/Maps/MainMenu?closed
[2017.06.15-17.19.15:585][572]LogMemory: Platform Memory Stats for Windows
[2017.06.15-17.19.15:585][572]LogMemory: Process Physical Memory: 718.81 MB used, 753.33 MB peak
[2017.06.15-17.19.15:585][572]LogMemory: Process Virtual Memory: 1044.40 MB used, 1073.19 MB peak
[2017.06.15-17.19.15:585][572]LogMemory: Physical Memory: 7262.25 MB used,  8949.54 MB free, 16211.78 MB total
[2017.06.15-17.19.15:585][572]LogMemory: Virtual Memory: 1672.25 MB used,  8949.54 MB free, 134217728.00 MB total
[2017.06.15-17.19.15:585][572]LogMemory: 
[2017.06.15-17.19.15:585][572]Allocator Stats for TBB: (not implemented)
[2017.06.15-17.19.15:595][572]LogAIModule: Creating AISystem for world MainMenu
[2017.06.15-17.19.15:743][572]LogLinker:Warning: No puede encontrar el archivo '/Game/Assets/Environment/Materials/M_Stone_Path_Inst'
[2017.06.15-17.19.15:743][572]LoadErrors: Información Error al cargar /Game/Assets/Environment/Materials/M_Stone_Path_Inst.M_Stone_Path_Inst Referenciado por SM_Stone_Path_B
[2017.06.15-17.19.15:743][572]LogUObjectGlobals:Warning: Error al cargar '/Game/Assets/Environment/Materials/M_Stone_Path_Inst': No puede encontrar el archivo '/Game/Assets/Environment/Materials/M_Stone_Path_Inst'
[2017.06.15-17.19.15:743][572]LogLinker:Warning: No puede encontrar el archivo para el activo '/Game/Assets/Environment/Materials/M_Stone_Path_Inst' mientras carga NULL.
[2017.06.15-17.19.15:743][572]LoadErrors: Información Error al cargar /Game/Assets/Environment/Materials/M_Stone_Path_Inst.M_Stone_Path_Inst Referenciado por SM_Stone_Path_B
[2017.06.15-17.19.15:743][572]LogUObjectGlobals:Warning: Error al cargar '/Game/Assets/Environment/Materials/M_Stone_Path_Inst': No puede encontrar el archivo para el activo '/Game/Assets/Environment/Materials/M_Stone_Path_Inst' mientras carga NULL.
[2017.06.15-17.19.15:757][572]LogLinker:Warning: No puede encontrar el archivo '/Game/Assets/Environment/Materials/M_Mushroom_A_Inst'
[2017.06.15-17.19.15:757][572]LoadErrors: Información Error al cargar /Game/Assets/Environment/Materials/M_Mushroom_A_Inst.M_Mushroom_A_Inst Referenciado por SM_Mushroom_A
[2017.06.15-17.19.15:757][572]LogUObjectGlobals:Warning: Error al cargar '/Game/Assets/Environment/Materials/M_Mushroom_A_Inst': No puede encontrar el archivo '/Game/Assets/Environment/Materials/M_Mushroom_A_Inst'
[2017.06.15-17.19.15:757][572]LogLinker:Warning: No puede encontrar el archivo para el activo '/Game/Assets/Environment/Materials/M_Mushroom_A_Inst' mientras carga NULL.
[2017.06.15-17.19.15:757][572]LoadErrors: Información Error al cargar /Game/Assets/Environment/Materials/M_Mushroom_A_Inst.M_Mushroom_A_Inst Referenciado por SM_Mushroom_A
[2017.06.15-17.19.15:757][572]LogUObjectGlobals:Warning: Error al cargar '/Game/Assets/Environment/Materials/M_Mushroom_A_Inst': No puede encontrar el archivo para el activo '/Game/Assets/Environment/Materials/M_Mushroom_A_Inst' mientras carga NULL.
[2017.06.15-17.19.15:831][572]LogLoad: Game class is 'ThirdPersonGameMode_C'
[2017.06.15-17.19.15:833][572]LogWorld: Bringing World /Game/Maps/MainMenu.MainMenu up for play (max tick rate 0) at 2017.06.15-12.19.15
[2017.06.15-17.19.15:834][572]LogWorld: Bringing up level for play took: 0.000643
[2017.06.15-17.19.15:834][572]LogGameMode: FindPlayerStart: PATHS NOT DEFINED or NO PLAYERSTART with positive rating
[2017.06.15-17.19.15:834][572]LogGameMode:Display: Match State Changed from EnteringMap to WaitingToStart
[2017.06.15-17.19.15:834][572]LogGameState: Match State Changed from EnteringMap to WaitingToStart
[2017.06.15-17.19.15:834][572]LogGameMode:Display: Match State Changed from WaitingToStart to InProgress
[2017.06.15-17.19.15:836][572]LogGameState: Match State Changed from WaitingToStart to InProgress
[2017.06.15-17.19.15:837][572]LogLoad: Took 0.274076 seconds to LoadMap(/Game/Maps/MainMenu)
[2017.06.15-17.19.16:668][611]LogPackageName: SearchForPackageOnDisk took   0.067s, but failed to resolve ThirdPersonExample.umap.
[2017.06.15-17.19.16:669][611]LogGameMode:Display: Match State Changed from InProgress to LeavingMap
[2017.06.15-17.19.16:669][611]LogGameState: Match State Changed from InProgress to LeavingMap
[2017.06.15-17.19.16:738][611]LogPackageName: SearchForPackageOnDisk took   0.068s, but failed to resolve ThirdPersonExample.umap.
[2017.06.15-17.19.16:738][611]LogNet: Browse: /Game/Maps/MainMenu
[2017.06.15-17.19.16:738][611]LogNet:Warning: Travel Failure: [InvalidURL]: URL no válida: /Game/Maps/MainMenu
[2017.06.15-17.19.16:738][611]LogNet: TravelFailure: InvalidURL, Reason for Failure: 'URL no válida: /Game/Maps/MainMenu'
[2017.06.15-17.19.16:739][611]LogGameMode:Display: Match State Changed from LeavingMap to Aborted
[2017.06.15-17.19.16:739][611]LogGameState: Match State Changed from LeavingMap to Aborted
[2017.06.15-17.19.16:739][611]LogNet:Warning: Travel Failure: [ClientTravelFailure]: URL no válida: /Game/Maps/MainMenu
[2017.06.15-17.19.16:739][611]LogNet: TravelFailure: ClientTravelFailure, Reason for Failure: 'URL no válida: /Game/Maps/MainMenu'
[2017.06.15-17.19.16:741][612]LogGameMode:Display: Match State Changed from Aborted to LeavingMap
[2017.06.15-17.19.16:741][612]LogGameState: Match State Changed from Aborted to LeavingMap
[2017.06.15-17.19.16:741][612]LogNet: Browse: /Game/Maps/MainMenu?closed
[2017.06.15-17.19.16:741][612]LogNet: Failed; returning to Entry
[2017.06.15-17.19.16:742][612]LogLoad: LoadMap: /Game/Maps/MainMenu?closed
[2017.06.15-17.19.16:764][612]LogMemory: Platform Memory Stats for Windows
[2017.06.15-17.19.16:764][612]LogMemory: Process Physical Memory: 780.98 MB used, 782.88 MB peak
[2017.06.15-17.19.16:764][612]LogMemory: Process Virtual Memory: 1048.79 MB used, 1073.19 MB peak
[2017.06.15-17.19.16:764][612]LogMemory: Physical Memory: 7317.01 MB used,  8894.77 MB free, 16211.78 MB total
[2017.06.15-17.19.16:764][612]LogMemory: Virtual Memory: 1674.63 MB used,  8894.77 MB free, 134217728.00 MB total
[2017.06.15-17.19.16:764][612]LogMemory: 
[2017.06.15-17.19.16:764][612]Allocator Stats for TBB: (not implemented)
[2017.06.15-17.19.16:773][612]LogAIModule: Creating AISystem for world MainMenu
[2017.06.15-17.19.16:923][612]LogLinker:Warning: No puede encontrar el archivo '/Game/Assets/Environment/Materials/M_Mushroom_A_Inst'
[2017.06.15-17.19.16:923][612]LoadErrors: Información Error al cargar /Game/Assets/Environment/Materials/M_Mushroom_A_Inst.M_Mushroom_A_Inst Referenciado por SM_Mushroom_A
[2017.06.15-17.19.16:923][612]LogUObjectGlobals:Warning: Error al cargar '/Game/Assets/Environment/Materials/M_Mushroom_A_Inst': No puede encontrar el archivo '/Game/Assets/Environment/Materials/M_Mushroom_A_Inst'
[2017.06.15-17.19.16:923][612]LogLinker:Warning: No puede encontrar el archivo para el activo '/Game/Assets/Environment/Materials/M_Mushroom_A_Inst' mientras carga NULL.
[2017.06.15-17.19.16:923][612]LoadErrors: Información Error al cargar /Game/Assets/Environment/Materials/M_Mushroom_A_Inst.M_Mushroom_A_Inst Referenciado por SM_Mushroom_A
[2017.06.15-17.19.16:924][612]LogUObjectGlobals:Warning: Error al cargar '/Game/Assets/Environment/Materials/M_Mushroom_A_Inst': No puede encontrar el archivo para el activo '/Game/Assets/Environment/Materials/M_Mushroom_A_Inst' mientras carga NULL.
[2017.06.15-17.19.16:938][612]LogLinker:Warning: No puede encontrar el archivo '/Game/Assets/Environment/Materials/M_Stone_Path_Inst'
[2017.06.15-17.19.16:938][612]LoadErrors: Información Error al cargar /Game/Assets/Environment/Materials/M_Stone_Path_Inst.M_Stone_Path_Inst Referenciado por SM_Stone_Path_B
[2017.06.15-17.19.16:938][612]LogUObjectGlobals:Warning: Error al cargar '/Game/Assets/Environment/Materials/M_Stone_Path_Inst': No puede encontrar el archivo '/Game/Assets/Environment/Materials/M_Stone_Path_Inst'
[2017.06.15-17.19.16:938][612]LogLinker:Warning: No puede encontrar el archivo para el activo '/Game/Assets/Environment/Materials/M_Stone_Path_Inst' mientras carga NULL.
[2017.06.15-17.19.16:938][612]LoadErrors: Información Error al cargar /Game/Assets/Environment/Materials/M_Stone_Path_Inst.M_Stone_Path_Inst Referenciado por SM_Stone_Path_B
[2017.06.15-17.19.16:938][612]LogUObjectGlobals:Warning: Error al cargar '/Game/Assets/Environment/Materials/M_Stone_Path_Inst': No puede encontrar el archivo para el activo '/Game/Assets/Environment/Materials/M_Stone_Path_Inst' mientras carga NULL.
[2017.06.15-17.19.17:005][612]LogLoad: Game class is 'ThirdPersonGameMode_C'
[2017.06.15-17.19.17:007][612]LogWorld: Bringing World /Game/Maps/MainMenu.MainMenu up for play (max tick rate 0) at 2017.06.15-12.19.17
[2017.06.15-17.19.17:007][612]LogWorld: Bringing up level for play took: 0.000493
[2017.06.15-17.19.17:007][612]LogGameMode: FindPlayerStart: PATHS NOT DEFINED or NO PLAYERSTART with positive rating
[2017.06.15-17.19.17:007][612]LogGameMode:Display: Match State Changed from EnteringMap to WaitingToStart
[2017.06.15-17.19.17:007][612]LogGameState: Match State Changed from EnteringMap to WaitingToStart
[2017.06.15-17.19.17:008][612]LogGameMode:Display: Match State Changed from WaitingToStart to InProgress
[2017.06.15-17.19.17:009][612]LogGameState: Match State Changed from WaitingToStart to InProgress
[2017.06.15-17.19.17:010][612]LogLoad: Took 0.268274 seconds to LoadMap(/Game/Maps/MainMenu)
[2017.06.15-17.19.17:970][658]LogPackageName: SearchForPackageOnDisk took   0.067s, but failed to resolve ThirdPersonExample.umap.
[2017.06.15-17.19.17:971][658]LogGameMode:Display: Match State Changed from InProgress to LeavingMap
[2017.06.15-17.19.17:971][658]LogGameState: Match State Changed from InProgress to LeavingMap
[2017.06.15-17.19.18:039][658]LogPackageName: SearchForPackageOnDisk took   0.067s, but failed to resolve ThirdPersonExample.umap.
[2017.06.15-17.19.18:039][658]LogNet: Browse: /Game/Maps/MainMenu
[2017.06.15-17.19.18:039][658]LogNet:Warning: Travel Failure: [InvalidURL]: URL no válida: /Game/Maps/MainMenu
[2017.06.15-17.19.18:039][658]LogNet: TravelFailure: InvalidURL, Reason for Failure: 'URL no válida: /Game/Maps/MainMenu'
[2017.06.15-17.19.18:039][658]LogGameMode:Display: Match State Changed from LeavingMap to Aborted
[2017.06.15-17.19.18:039][658]LogGameState: Match State Changed from LeavingMap to Aborted
[2017.06.15-17.19.18:039][658]LogNet:Warning: Travel Failure: [ClientTravelFailure]: URL no válida: /Game/Maps/MainMenu
[2017.06.15-17.19.18:039][658]LogNet: TravelFailure: ClientTravelFailure, Reason for Failure: 'URL no válida: /Game/Maps/MainMenu'
[2017.06.15-17.19.18:042][659]LogGameMode:Display: Match State Changed from Aborted to LeavingMap
[2017.06.15-17.19.18:042][659]LogGameState: Match State Changed from Aborted to LeavingMap
[2017.06.15-17.19.18:042][659]LogNet: Browse: /Game/Maps/MainMenu?closed
[2017.06.15-17.19.18:042][659]LogNet: Failed; returning to Entry
[2017.06.15-17.19.18:042][659]LogLoad: LoadMap: /Game/Maps/MainMenu?closed
[2017.06.15-17.19.18:064][659]LogMemory: Platform Memory Stats for Windows
[2017.06.15-17.19.18:064][659]LogMemory: Process Physical Memory: 835.41 MB used, 836.47 MB peak
[2017.06.15-17.19.18:064][659]LogMemory: Process Virtual Memory: 1055.87 MB used, 1073.19 MB peak
[2017.06.15-17.19.18:064][659]LogMemory: Physical Memory: 7371.47 MB used,  8840.31 MB free, 16211.78 MB total
[2017.06.15-17.19.18:064][659]LogMemory: Virtual Memory: 1681.06 MB used,  8840.31 MB free, 134217728.00 MB total
[2017.06.15-17.19.18:064][659]LogMemory: 
[2017.06.15-17.19.18:064][659]Allocator Stats for TBB: (not implemented)
[2017.06.15-17.19.18:073][659]LogAIModule: Creating AISystem for world MainMenu
[2017.06.15-17.19.18:230][659]LogLinker:Warning: No puede encontrar el archivo '/Game/Assets/Environment/Materials/M_Mushroom_A_Inst'
[2017.06.15-17.19.18:230][659]LoadErrors: Información Error al cargar /Game/Assets/Environment/Materials/M_Mushroom_A_Inst.M_Mushroom_A_Inst Referenciado por SM_Mushroom_A
[2017.06.15-17.19.18:230][659]LogUObjectGlobals:Warning: Error al cargar '/Game/Assets/Environment/Materials/M_Mushroom_A_Inst': No puede encontrar el archivo '/Game/Assets/Environment/Materials/M_Mushroom_A_Inst'
[2017.06.15-17.19.18:230][659]LogLinker:Warning: No puede encontrar el archivo para el activo '/Game/Assets/Environment/Materials/M_Mushroom_A_Inst' mientras carga NULL.
[2017.06.15-17.19.18:230][659]LoadErrors: Información Error al cargar /Game/Assets/Environment/Materials/M_Mushroom_A_Inst.M_Mushroom_A_Inst Referenciado por SM_Mushroom_A
[2017.06.15-17.19.18:230][659]LogUObjectGlobals:Warning: Error al cargar '/Game/Assets/Environment/Materials/M_Mushroom_A_Inst': No puede encontrar el archivo para el activo '/Game/Assets/Environment/Materials/M_Mushroom_A_Inst' mientras carga NULL.
[2017.06.15-17.19.18:241][659]LogLinker:Warning: No puede encontrar el archivo '/Game/Assets/Environment/Materials/M_Stone_Path_Inst'
[2017.06.15-17.19.18:241][659]LoadErrors: Información Error al cargar /Game/Assets/Environment/Materials/M_Stone_Path_Inst.M_Stone_Path_Inst Referenciado por SM_Stone_Path_B
[2017.06.15-17.19.18:241][659]LogUObjectGlobals:Warning: Error al cargar '/Game/Assets/Environment/Materials/M_Stone_Path_Inst': No puede encontrar el archivo '/Game/Assets/Environment/Materials/M_Stone_Path_Inst'
[2017.06.15-17.19.18:241][659]LogLinker:Warning: No puede encontrar el archivo para el activo '/Game/Assets/Environment/Materials/M_Stone_Path_Inst' mientras carga NULL.
[2017.06.15-17.19.18:241][659]LoadErrors: Información Error al cargar /Game/Assets/Environment/Materials/M_Stone_Path_Inst.M_Stone_Path_Inst Referenciado por SM_Stone_Path_B
[2017.06.15-17.19.18:241][659]LogUObjectGlobals:Warning: Error al cargar '/Game/Assets/Environment/Materials/M_Stone_Path_Inst': No puede encontrar el archivo para el activo '/Game/Assets/Environment/Materials/M_Stone_Path_Inst' mientras carga NULL.
[2017.06.15-17.19.18:309][659]LogLoad: Game class is 'ThirdPersonGameMode_C'
[2017.06.15-17.19.18:311][659]LogWorld: Bringing World /Game/Maps/MainMenu.MainMenu up for play (max tick rate 0) at 2017.06.15-12.19.18
[2017.06.15-17.19.18:311][659]LogWorld: Bringing up level for play took: 0.000461
[2017.06.15-17.19.18:311][659]LogGameMode: FindPlayerStart: PATHS NOT DEFINED or NO PLAYERSTART with positive rating
[2017.06.15-17.19.18:312][659]LogGameMode:Display: Match State Changed from EnteringMap to WaitingToStart
[2017.06.15-17.19.18:312][659]LogGameState: Match State Changed from EnteringMap to WaitingToStart
[2017.06.15-17.19.18:312][659]LogGameMode:Display: Match State Changed from WaitingToStart to InProgress
[2017.06.15-17.19.18:314][659]LogGameState: Match State Changed from WaitingToStart to InProgress
[2017.06.15-17.19.18:314][659]LogLoad: Took 0.271333 seconds to LoadMap(/Game/Maps/MainMenu)
[2017.06.15-17.19.19:297][705]LogPackageName: SearchForPackageOnDisk took   0.069s, but failed to resolve ThirdPersonExample.umap.
[2017.06.15-17.19.19:298][705]LogGameMode:Display: Match State Changed from InProgress to LeavingMap
[2017.06.15-17.19.19:298][705]LogGameState: Match State Changed from InProgress to LeavingMap
[2017.06.15-17.19.19:366][705]LogPackageName: SearchForPackageOnDisk took   0.067s, but failed to resolve ThirdPersonExample.umap.
[2017.06.15-17.19.19:366][705]LogNet: Browse: /Game/Maps/MainMenu
[2017.06.15-17.19.19:366][705]LogNet:Warning: Travel Failure: [InvalidURL]: URL no válida: /Game/Maps/MainMenu
[2017.06.15-17.19.19:366][705]LogNet: TravelFailure: InvalidURL, Reason for Failure: 'URL no válida: /Game/Maps/MainMenu'
[2017.06.15-17.19.19:366][705]LogGameMode:Display: Match State Changed from LeavingMap to Aborted
[2017.06.15-17.19.19:366][705]LogGameState: Match State Changed from LeavingMap to Aborted
[2017.06.15-17.19.19:366][705]LogNet:Warning: Travel Failure: [ClientTravelFailure]: URL no válida: /Game/Maps/MainMenu
[2017.06.15-17.19.19:366][705]LogNet: TravelFailure: ClientTravelFailure, Reason for Failure: 'URL no válida: /Game/Maps/MainMenu'
[2017.06.15-17.19.19:369][706]LogGameMode:Display: Match State Changed from Aborted to LeavingMap
[2017.06.15-17.19.19:369][706]LogGameState: Match State Changed from Aborted to LeavingMap
[2017.06.15-17.19.19:369][706]LogNet: Browse: /Game/Maps/MainMenu?closed
[2017.06.15-17.19.19:369][706]LogNet: Failed; returning to Entry
[2017.06.15-17.19.19:369][706]LogLoad: LoadMap: /Game/Maps/MainMenu?closed
[2017.06.15-17.19.19:393][706]LogMemory: Platform Memory Stats for Windows
[2017.06.15-17.19.19:393][706]LogMemory: Process Physical Memory: 841.47 MB used, 843.18 MB peak
[2017.06.15-17.19.19:393][706]LogMemory: Process Virtual Memory: 1056.39 MB used, 1073.19 MB peak
[2017.06.15-17.19.19:393][706]LogMemory: Physical Memory: 7376.98 MB used,  8834.80 MB free, 16211.78 MB total
[2017.06.15-17.19.19:393][706]LogMemory: Virtual Memory: 1681.06 MB used,  8834.80 MB free, 134217728.00 MB total
[2017.06.15-17.19.19:393][706]LogMemory: 
[2017.06.15-17.19.19:393][706]Allocator Stats for TBB: (not implemented)
[2017.06.15-17.19.19:402][706]LogAIModule: Creating AISystem for world MainMenu
[2017.06.15-17.19.19:555][706]LogLinker:Warning: No puede encontrar el archivo '/Game/Assets/Environment/Materials/M_Mushroom_A_Inst'
[2017.06.15-17.19.19:555][706]LoadErrors: Información Error al cargar /Game/Assets/Environment/Materials/M_Mushroom_A_Inst.M_Mushroom_A_Inst Referenciado por SM_Mushroom_A
[2017.06.15-17.19.19:555][706]LogUObjectGlobals:Warning: Error al cargar '/Game/Assets/Environment/Materials/M_Mushroom_A_Inst': No puede encontrar el archivo '/Game/Assets/Environment/Materials/M_Mushroom_A_Inst'
[2017.06.15-17.19.19:555][706]LogLinker:Warning: No puede encontrar el archivo para el activo '/Game/Assets/Environment/Materials/M_Mushroom_A_Inst' mientras carga NULL.
[2017.06.15-17.19.19:555][706]LoadErrors: Información Error al cargar /Game/Assets/Environment/Materials/M_Mushroom_A_Inst.M_Mushroom_A_Inst Referenciado por SM_Mushroom_A
[2017.06.15-17.19.19:555][706]LogUObjectGlobals:Warning: Error al cargar '/Game/Assets/Environment/Materials/M_Mushroom_A_Inst': No puede encontrar el archivo para el activo '/Game/Assets/Environment/Materials/M_Mushroom_A_Inst' mientras carga NULL.
[2017.06.15-17.19.19:567][706]LogLinker:Warning: No puede encontrar el archivo '/Game/Assets/Environment/Materials/M_Stone_Path_Inst'
[2017.06.15-17.19.19:567][706]LoadErrors: Información Error al cargar /Game/Assets/Environment/Materials/M_Stone_Path_Inst.M_Stone_Path_Inst Referenciado por SM_Stone_Path_B
[2017.06.15-17.19.19:568][706]LogUObjectGlobals:Warning: Error al cargar '/Game/Assets/Environment/Materials/M_Stone_Path_Inst': No puede encontrar el archivo '/Game/Assets/Environment/Materials/M_Stone_Path_Inst'
[2017.06.15-17.19.19:568][706]LogLinker:Warning: No puede encontrar el archivo para el activo '/Game/Assets/Environment/Materials/M_Stone_Path_Inst' mientras carga NULL.
[2017.06.15-17.19.19:568][706]LoadErrors: Información Error al cargar /Game/Assets/Environment/Materials/M_Stone_Path_Inst.M_Stone_Path_Inst Referenciado por SM_Stone_Path_B
[2017.06.15-17.19.19:568][706]LogUObjectGlobals:Warning: Error al cargar '/Game/Assets/Environment/Materials/M_Stone_Path_Inst': No puede encontrar el archivo para el activo '/Game/Assets/Environment/Materials/M_Stone_Path_Inst' mientras carga NULL.
[2017.06.15-17.19.19:636][706]LogLoad: Game class is 'ThirdPersonGameMode_C'
[2017.06.15-17.19.19:640][706]LogWorld: Bringing World /Game/Maps/MainMenu.MainMenu up for play (max tick rate 0) at 2017.06.15-12.19.19
[2017.06.15-17.19.19:640][706]LogWorld: Bringing up level for play took: 0.000671
[2017.06.15-17.19.19:640][706]LogGameMode: FindPlayerStart: PATHS NOT DEFINED or NO PLAYERSTART with positive rating
[2017.06.15-17.19.19:640][706]LogGameMode:Display: Match State Changed from EnteringMap to WaitingToStart
[2017.06.15-17.19.19:640][706]LogGameState: Match State Changed from EnteringMap to WaitingToStart
[2017.06.15-17.19.19:640][706]LogGameMode:Display: Match State Changed from WaitingToStart to InProgress
[2017.06.15-17.19.19:642][706]LogGameState: Match State Changed from WaitingToStart to InProgress
[2017.06.15-17.19.19:642][706]LogLoad: Took 0.272972 seconds to LoadMap(/Game/Maps/MainMenu)
[2017.06.15-17.19.20:415][739]LogPackageName: SearchForPackageOnDisk took   0.066s, but failed to resolve ThirdPersonExample.umap.
[2017.06.15-17.19.20:415][739]LogGameMode:Display: Match State Changed from InProgress to LeavingMap
[2017.06.15-17.19.20:415][739]LogGameState: Match State Changed from InProgress to LeavingMap
[2017.06.15-17.19.20:483][739]LogPackageName: SearchForPackageOnDisk took   0.067s, but failed to resolve ThirdPersonExample.umap.
[2017.06.15-17.19.20:483][739]LogNet: Browse: /Game/Maps/MainMenu
[2017.06.15-17.19.20:483][739]LogNet:Warning: Travel Failure: [InvalidURL]: URL no válida: /Game/Maps/MainMenu
[2017.06.15-17.19.20:483][739]LogNet: TravelFailure: InvalidURL, Reason for Failure: 'URL no válida: /Game/Maps/MainMenu'
[2017.06.15-17.19.20:484][739]LogGameMode:Display: Match State Changed from LeavingMap to Aborted
[2017.06.15-17.19.20:484][739]LogGameState: Match State Changed from LeavingMap to Aborted
[2017.06.15-17.19.20:484][739]LogNet:Warning: Travel Failure: [ClientTravelFailure]: URL no válida: /Game/Maps/MainMenu
[2017.06.15-17.19.20:484][739]LogNet: TravelFailure: ClientTravelFailure, Reason for Failure: 'URL no válida: /Game/Maps/MainMenu'
[2017.06.15-17.19.20:487][740]LogGameMode:Display: Match State Changed from Aborted to LeavingMap
[2017.06.15-17.19.20:487][740]LogGameState: Match State Changed from Aborted to LeavingMap
[2017.06.15-17.19.20:487][740]LogNet: Browse: /Game/Maps/MainMenu?closed
[2017.06.15-17.19.20:487][740]LogNet: Failed; returning to Entry
[2017.06.15-17.19.20:509][740]LogLoad: LoadMap: /Game/Maps/MainMenu?closed
[2017.06.15-17.19.20:531][740]LogMemory: Platform Memory Stats for Windows
[2017.06.15-17.19.20:531][740]LogMemory: Process Physical Memory: 853.49 MB used, 854.62 MB peak
[2017.06.15-17.19.20:531][740]LogMemory: Process Virtual Memory: 1059.54 MB used, 1073.19 MB peak
[2017.06.15-17.19.20:531][740]LogMemory: Physical Memory: 7387.92 MB used,  8823.86 MB free, 16211.78 MB total
[2017.06.15-17.19.20:531][740]LogMemory: Virtual Memory: 1685.19 MB used,  8823.86 MB free, 134217728.00 MB total
[2017.06.15-17.19.20:531][740]LogMemory: 
[2017.06.15-17.19.20:531][740]Allocator Stats for TBB: (not implemented)
[2017.06.15-17.19.20:542][740]LogAIModule: Creating AISystem for world MainMenu
[2017.06.15-17.19.20:699][740]LogLinker:Warning: No puede encontrar el archivo '/Game/Assets/Environment/Materials/M_Mushroom_A_Inst'
[2017.06.15-17.19.20:699][740]LoadErrors: Información Error al cargar /Game/Assets/Environment/Materials/M_Mushroom_A_Inst.M_Mushroom_A_Inst Referenciado por SM_Mushroom_A
[2017.06.15-17.19.20:699][740]LogUObjectGlobals:Warning: Error al cargar '/Game/Assets/Environment/Materials/M_Mushroom_A_Inst': No puede encontrar el archivo '/Game/Assets/Environment/Materials/M_Mushroom_A_Inst'
[2017.06.15-17.19.20:699][740]LogLinker:Warning: No puede encontrar el archivo para el activo '/Game/Assets/Environment/Materials/M_Mushroom_A_Inst' mientras carga NULL.
[2017.06.15-17.19.20:699][740]LoadErrors: Información Error al cargar /Game/Assets/Environment/Materials/M_Mushroom_A_Inst.M_Mushroom_A_Inst Referenciado por SM_Mushroom_A
[2017.06.15-17.19.20:699][740]LogUObjectGlobals:Warning: Error al cargar '/Game/Assets/Environment/Materials/M_Mushroom_A_Inst': No puede encontrar el archivo para el activo '/Game/Assets/Environment/Materials/M_Mushroom_A_Inst' mientras carga NULL.
[2017.06.15-17.19.20:702][740]LogLinker:Warning: No puede encontrar el archivo '/Game/Assets/Environment/Materials/M_Stone_Path_Inst'
[2017.06.15-17.19.20:702][740]LoadErrors: Información Error al cargar /Game/Assets/Environment/Materials/M_Stone_Path_Inst.M_Stone_Path_Inst Referenciado por SM_Stone_Path_B
[2017.06.15-17.19.20:702][740]LogUObjectGlobals:Warning: Error al cargar '/Game/Assets/Environment/Materials/M_Stone_Path_Inst': No puede encontrar el archivo '/Game/Assets/Environment/Materials/M_Stone_Path_Inst'
[2017.06.15-17.19.20:702][740]LogLinker:Warning: No puede encontrar el archivo para el activo '/Game/Assets/Environment/Materials/M_Stone_Path_Inst' mientras carga NULL.
[2017.06.15-17.19.20:702][740]LoadErrors: Información Error al cargar /Game/Assets/Environment/Materials/M_Stone_Path_Inst.M_Stone_Path_Inst Referenciado por SM_Stone_Path_B
[2017.06.15-17.19.20:702][740]LogUObjectGlobals:Warning: Error al cargar '/Game/Assets/Environment/Materials/M_Stone_Path_Inst': No puede encontrar el archivo para el activo '/Game/Assets/Environment/Materials/M_Stone_Path_Inst' mientras carga NULL.
[2017.06.15-17.19.20:770][740]LogLoad: Game class is 'ThirdPersonGameMode_C'
[2017.06.15-17.19.20:772][740]LogWorld: Bringing World /Game/Maps/MainMenu.MainMenu up for play (max tick rate 0) at 2017.06.15-12.19.20
[2017.06.15-17.19.20:772][740]LogWorld: Bringing up level for play took: 0.000461
[2017.06.15-17.19.20:773][740]LogGameMode: FindPlayerStart: PATHS NOT DEFINED or NO PLAYERSTART with positive rating
[2017.06.15-17.19.20:773][740]LogGameMode:Display: Match State Changed from EnteringMap to WaitingToStart
[2017.06.15-17.19.20:773][740]LogGameState: Match State Changed from EnteringMap to WaitingToStart
[2017.06.15-17.19.20:773][740]LogGameMode:Display: Match State Changed from WaitingToStart to InProgress
[2017.06.15-17.19.20:775][740]LogGameState: Match State Changed from WaitingToStart to InProgress
[2017.06.15-17.19.20:775][740]LogLoad: Took 0.266464 seconds to LoadMap(/Game/Maps/MainMenu)
[2017.06.15-17.19.21:550][778]LogPackageName: SearchForPackageOnDisk took   0.067s, but failed to resolve ThirdPersonExample.umap.
[2017.06.15-17.19.21:551][778]LogGameMode:Display: Match State Changed from InProgress to LeavingMap
[2017.06.15-17.19.21:551][778]LogGameState: Match State Changed from InProgress to LeavingMap
[2017.06.15-17.19.21:617][778]LogPackageName: SearchForPackageOnDisk took   0.065s, but failed to resolve ThirdPersonExample.umap.
[2017.06.15-17.19.21:617][778]LogNet: Browse: /Game/Maps/MainMenu
[2017.06.15-17.19.21:617][778]LogNet:Warning: Travel Failure: [InvalidURL]: URL no válida: /Game/Maps/MainMenu
[2017.06.15-17.19.21:617][778]LogNet: TravelFailure: InvalidURL, Reason for Failure: 'URL no válida: /Game/Maps/MainMenu'
[2017.06.15-17.19.21:617][778]LogGameMode:Display: Match State Changed from LeavingMap to Aborted
[2017.06.15-17.19.21:617][778]LogGameState: Match State Changed from LeavingMap to Aborted
[2017.06.15-17.19.21:617][778]LogNet:Warning: Travel Failure: [ClientTravelFailure]: URL no válida: /Game/Maps/MainMenu
[2017.06.15-17.19.21:617][778]LogNet: TravelFailure: ClientTravelFailure, Reason for Failure: 'URL no válida: /Game/Maps/MainMenu'
[2017.06.15-17.19.21:619][779]LogGameMode:Display: Match State Changed from Aborted to LeavingMap
[2017.06.15-17.19.21:619][779]LogGameState: Match State Changed from Aborted to LeavingMap
[2017.06.15-17.19.21:620][779]LogNet: Browse: /Game/Maps/MainMenu?closed
[2017.06.15-17.19.21:620][779]LogNet: Failed; returning to Entry
[2017.06.15-17.19.21:620][779]LogLoad: LoadMap: /Game/Maps/MainMenu?closed
[2017.06.15-17.19.21:643][779]LogMemory: Platform Memory Stats for Windows
[2017.06.15-17.19.21:643][779]LogMemory: Process Physical Memory: 854.57 MB used, 856.41 MB peak
[2017.06.15-17.19.21:643][779]LogMemory: Process Virtual Memory: 1059.60 MB used, 1073.19 MB peak
[2017.06.15-17.19.21:643][779]LogMemory: Physical Memory: 7390.85 MB used,  8820.93 MB free, 16211.78 MB total
[2017.06.15-17.19.21:643][779]LogMemory: Virtual Memory: 1685.19 MB used,  8820.93 MB free, 134217728.00 MB total
[2017.06.15-17.19.21:643][779]LogMemory: 
[2017.06.15-17.19.21:643][779]Allocator Stats for TBB: (not implemented)
[2017.06.15-17.19.21:652][779]LogAIModule: Creating AISystem for world MainMenu
[2017.06.15-17.19.21:829][779]LogLinker:Warning: No puede encontrar el archivo '/Game/Assets/Environment/Materials/M_Mushroom_A_Inst'
[2017.06.15-17.19.21:830][779]LoadErrors: Información Error al cargar /Game/Assets/Environment/Materials/M_Mushroom_A_Inst.M_Mushroom_A_Inst Referenciado por SM_Mushroom_A
[2017.06.15-17.19.21:830][779]LogUObjectGlobals:Warning: Error al cargar '/Game/Assets/Environment/Materials/M_Mushroom_A_Inst': No puede encontrar el archivo '/Game/Assets/Environment/Materials/M_Mushroom_A_Inst'
[2017.06.15-17.19.21:830][779]LogLinker:Warning: No puede encontrar el archivo para el activo '/Game/Assets/Environment/Materials/M_Mushroom_A_Inst' mientras carga NULL.
[2017.06.15-17.19.21:830][779]LoadErrors: Información Error al cargar /Game/Assets/Environment/Materials/M_Mushroom_A_Inst.M_Mushroom_A_Inst Referenciado por SM_Mushroom_A
[2017.06.15-17.19.21:830][779]LogUObjectGlobals:Warning: Error al cargar '/Game/Assets/Environment/Materials/M_Mushroom_A_Inst': No puede encontrar el archivo para el activo '/Game/Assets/Environment/Materials/M_Mushroom_A_Inst' mientras carga NULL.
[2017.06.15-17.19.21:831][779]LogLinker:Warning: No puede encontrar el archivo '/Game/Assets/Environment/Materials/M_Stone_Path_Inst'
[2017.06.15-17.19.21:831][779]LoadErrors: Información Error al cargar /Game/Assets/Environment/Materials/M_Stone_Path_Inst.M_Stone_Path_Inst Referenciado por SM_Stone_Path_B
[2017.06.15-17.19.21:831][779]LogUObjectGlobals:Warning: Error al cargar '/Game/Assets/Environment/Materials/M_Stone_Path_Inst': No puede encontrar el archivo '/Game/Assets/Environment/Materials/M_Stone_Path_Inst'
[2017.06.15-17.19.21:831][779]LogLinker:Warning: No puede encontrar el archivo para el activo '/Game/Assets/Environment/Materials/M_Stone_Path_Inst' mientras carga NULL.
[2017.06.15-17.19.21:831][779]LoadErrors: Información Error al cargar /Game/Assets/Environment/Materials/M_Stone_Path_Inst.M_Stone_Path_Inst Referenciado por SM_Stone_Path_B
[2017.06.15-17.19.21:831][779]LogUObjectGlobals:Warning: Error al cargar '/Game/Assets/Environment/Materials/M_Stone_Path_Inst': No puede encontrar el archivo para el activo '/Game/Assets/Environment/Materials/M_Stone_Path_Inst' mientras carga NULL.
[2017.06.15-17.19.21:900][779]LogLoad: Game class is 'ThirdPersonGameMode_C'
[2017.06.15-17.19.21:902][779]LogWorld: Bringing World /Game/Maps/MainMenu.MainMenu up for play (max tick rate 0) at 2017.06.15-12.19.21
[2017.06.15-17.19.21:902][779]LogWorld: Bringing up level for play took: 0.000582
[2017.06.15-17.19.21:902][779]LogGameMode: FindPlayerStart: PATHS NOT DEFINED or NO PLAYERSTART with positive rating
[2017.06.15-17.19.21:902][779]LogGameMode:Display: Match State Changed from EnteringMap to WaitingToStart
[2017.06.15-17.19.21:902][779]LogGameState: Match State Changed from EnteringMap to WaitingToStart
[2017.06.15-17.19.21:902][779]LogGameMode:Display: Match State Changed from WaitingToStart to InProgress
[2017.06.15-17.19.21:904][779]LogGameState: Match State Changed from WaitingToStart to InProgress
[2017.06.15-17.19.21:905][779]LogLoad: Took 0.284581 seconds to LoadMap(/Game/Maps/MainMenu)
[2017.06.15-17.23.45:690][124]LogActor:Warning: ThirdPersonCharacter_C_0 is outside the world bounds!
[2017.06.15-17.27.36:468][428]LogEngine: All Windows Closed
[2017.06.15-17.27.36:468][428]LogWindows: FPlatformMisc::RequestExit(0)
[2017.06.15-17.27.36:468][429]LogMoviePlayer: Shutting down movie player
[2017.06.15-17.27.36:917][429]LogExit: Preparing to exit.
[2017.06.15-17.27.38:089][429]LogExit: Game engine shut down
[2017.06.15-17.27.38:146][429]LogObj: Freed 0b from 0 cluster array pools.
[2017.06.15-17.27.38:146][429]LogExit: Object subsystem successfully closed.
[2017.06.15-17.27.38:160][429]LogD3D11RHI: Shutdown
[2017.06.15-17.27.38:160][429]LogD3D11RHI: CleanupD3DDevice
[2017.06.15-17.27.38:228][429]LogD3D11RHI: ~FD3D11DynamicRHI
[2017.06.15-17.27.38:237][429]LogModuleManager: Shutting down and abandoning module SequenceRecorderSections (267)
[2017.06.15-17.27.38:237][429]LogModuleManager: Shutting down and abandoning module SequenceRecorder (265)
[2017.06.15-17.27.38:237][429]LogModuleManager: Shutting down and abandoning module AutomationController (263)
[2017.06.15-17.27.38:237][429]LogModuleManager: Shutting down and abandoning module AutomationWorker (261)
[2017.06.15-17.27.38:237][429]LogModuleManager: Shutting down and abandoning module Voice (259)
[2017.06.15-17.27.38:237][429]LogModuleManager: Shutting down and abandoning module AIModule (257)
[2017.06.15-17.27.38:237][429]LogModuleManager: Shutting down and abandoning module GameplayDebugger (256)
[2017.06.15-17.27.38:237][429]LogModuleManager: Shutting down and abandoning module AITestSuite (254)
[2017.06.15-17.27.38:237][429]LogModuleManager: Shutting down and abandoning module WmfMediaFactory (251)
[2017.06.15-17.27.38:237][429]LogModuleManager: Shutting down and abandoning module MfMediaFactory (249)
[2017.06.15-17.27.38:237][429]LogModuleManager: Shutting down and abandoning module AvfMediaFactory (247)
[2017.06.15-17.27.38:237][429]LogModuleManager: Shutting down and abandoning module AndroidMediaFactory (245)
[2017.06.15-17.27.38:237][429]LogModuleManager: Shutting down and abandoning module Media (244)
[2017.06.15-17.27.38:237][429]LogModuleManager: Shutting down and abandoning module CharacterAI (241)
[2017.06.15-17.27.38:237][429]LogModuleManager: Shutting down and abandoning module SessionServices (239)
[2017.06.15-17.27.38:237][429]LogModuleManager: Shutting down and abandoning module MovieSceneCapture (237)
[2017.06.15-17.27.38:237][429]LogModuleManager: Shutting down and abandoning module GeometryCache (235)
[2017.06.15-17.27.38:237][429]LogModuleManager: Shutting down and abandoning module GeometryCacheEd (234)
[2017.06.15-17.27.38:237][429]LogModuleManager: Shutting down and abandoning module Niagara (231)
[2017.06.15-17.27.38:237][429]LogModuleManager: Shutting down and abandoning module StreamingPauseRendering (229)
[2017.06.15-17.27.38:237][429]LogModuleManager: Shutting down and abandoning module PortalServices (227)
[2017.06.15-17.27.38:237][429]LogModuleManager: Shutting down and abandoning module PortalRpc (225)
[2017.06.15-17.27.38:237][429]LogModuleManager: Shutting down and abandoning module MessagingRpc (223)
[2017.06.15-17.27.38:237][429]LogModuleManager: Shutting down and abandoning module ProfilerService (221)
[2017.06.15-17.27.38:371][429]LogModuleManager: Shutting down and abandoning module TaskGraph (219)
[2017.06.15-17.27.38:371][429]LogModuleManager: Shutting down and abandoning module SteamVRController (217)
[2017.06.15-17.27.38:371][429]LogModuleManager: Shutting down and abandoning module SteamVR (215)
[2017.06.15-17.27.38:371][429]LogModuleManager: Shutting down and abandoning module ProceduralMeshComponent (213)
[2017.06.15-17.27.38:371][429]LogModuleManager: Shutting down and abandoning module OculusLibrary (211)
[2017.06.15-17.27.38:371][429]LogModuleManager: Shutting down and abandoning module OculusInput (209)
[2017.06.15-17.27.38:371][429]LogModuleManager: Shutting down and abandoning module MobilePatchingUtils (207)
[2017.06.15-17.27.38:371][429]LogModuleManager: Shutting down and abandoning module CustomMeshComponent (205)
[2017.06.15-17.27.38:371][429]LogModuleManager: Shutting down and abandoning module CableComponent (203)
[2017.06.15-17.27.38:371][429]LogModuleManager: Shutting down and abandoning module ArchVisCharacter (201)
[2017.06.15-17.27.38:371][429]LogModuleManager: Shutting down and abandoning module HTML5Networking (199)
[2017.06.15-17.27.38:371][429]LogModuleManager: Shutting down and abandoning module VisualStudioSourceCodeAccess (197)
[2017.06.15-17.27.38:371][429]LogModuleManager: Shutting down and abandoning module DesktopPlatform (196)
[2017.06.15-17.27.38:371][429]LogModuleManager: Shutting down and abandoning module HotReload (194)
[2017.06.15-17.27.38:371][429]LogModuleManager: Shutting down and abandoning module DirectoryWatcher (193)
[2017.06.15-17.27.38:371][429]LogModuleManager: Shutting down and abandoning module UObjectPlugin (189)
[2017.06.15-17.27.38:371][429]LogModuleManager: Shutting down and abandoning module SubversionSourceControl (187)
[2017.06.15-17.27.38:371][429]LogModuleManager: Shutting down and abandoning module PerforceSourceControl (185)
[2017.06.15-17.27.38:371][429]LogModuleManager: Shutting down and abandoning module SourceControl (184)
[2017.06.15-17.27.38:371][429]LogModuleManager: Shutting down and abandoning module PhysXVehiclesEditor (181)
[2017.06.15-17.27.38:371][429]LogModuleManager: Shutting down and abandoning module PhysXVehicles (179)
[2017.06.15-17.27.38:371][429]LogModuleManager: Shutting down and abandoning module LocationServicesBPLibrary (177)
[2017.06.15-17.27.38:371][429]LogModuleManager: Shutting down and abandoning module UdpMessaging (175)
[2017.06.15-17.27.38:472][429]LogModuleManager: Shutting down and abandoning module TcpMessaging (173)
[2017.06.15-17.27.38:870][429]LogModuleManager: Shutting down and abandoning module GameplayTagsEditor (171)
[2017.06.15-17.27.38:870][429]LogModuleManager: Shutting down and abandoning module FacialAnimation (169)
[2017.06.15-17.27.38:870][429]LogModuleManager: Shutting down and abandoning module LightPropagationVolumeRuntime (167)
[2017.06.15-17.27.38:870][429]LogModuleManager: Shutting down and abandoning module Paper2D (165)
[2017.06.15-17.27.38:870][429]LogModuleManager: Shutting down and abandoning module WindowsMoviePlayer (163)
[2017.06.15-17.27.38:870][429]LogModuleManager: Shutting down and abandoning module WmfMedia (161)
[2017.06.15-17.27.38:870][429]LogModuleManager: Shutting down and abandoning module MfMedia (159)
[2017.06.15-17.27.38:870][429]LogModuleManager: Shutting down and abandoning module MediaAssets (157)
[2017.06.15-17.27.38:870][429]LogModuleManager: Shutting down and abandoning module GameLiveStreaming (155)
[2017.06.15-17.27.38:870][429]LogModuleManager: Shutting down and abandoning module VREditor (153)
[2017.06.15-17.27.38:870][429]LogModuleManager: Shutting down and abandoning module GameplayTasksEditor (151)
[2017.06.15-17.27.38:870][429]LogModuleManager: Shutting down and abandoning module BehaviorTreeEditor (149)
[2017.06.15-17.27.38:870][429]LogModuleManager: Shutting down and abandoning module FunctionalTesting (147)
[2017.06.15-17.27.38:870][429]LogModuleManager: Shutting down and abandoning module CollisionAnalyzer (145)
[2017.06.15-17.27.38:870][429]LogModuleManager: Shutting down and abandoning module UMG (143)
[2017.06.15-17.27.38:870][429]LogModuleManager: Shutting down and abandoning module UMGEditor (142)
[2017.06.15-17.27.38:870][429]LogModuleManager: Shutting down and abandoning module Sequencer (141)
[2017.06.15-17.27.38:870][429]LogModuleManager: Shutting down and abandoning module AssetTools (139)
[2017.06.15-17.27.38:870][429]LogModuleManager: Shutting down and abandoning module MessageLog (138)
[2017.06.15-17.27.38:870][429]LogModuleManager: Shutting down and abandoning module WorkspaceMenuStructure (137)
[2017.06.15-17.27.38:870][429]LogModuleManager: Shutting down and abandoning module SlateReflector (131)
[2017.06.15-17.27.38:870][429]LogModuleManager: Shutting down and abandoning module Slate (129)
[2017.06.15-17.27.38:871][429]LogModuleManager: Shutting down and abandoning module EditorStyle (127)
[2017.06.15-17.27.38:873][429]LogModuleManager: Shutting down and abandoning module Messaging (125)
[2017.06.15-17.27.38:873][429]LogModuleManager: Shutting down and abandoning module SourceCodeAccess (123)
[2017.06.15-17.27.38:873][429]LogModuleManager: Shutting down and abandoning module HeadMountedDisplay (121)
[2017.06.15-17.27.38:873][429]LogModuleManager: Shutting down and abandoning module XAudio2 (119)
[2017.06.15-17.27.38:873][429]LogModuleManager: Shutting down and abandoning module Networking (117)
[2017.06.15-17.27.38:873][429]LogModuleManager: Shutting down and abandoning module Core (115)
[2017.06.15-17.27.38:873][429]LogModuleManager: Shutting down and abandoning module KismetCompiler (113)
[2017.06.15-17.27.38:873][429]LogModuleManager: Shutting down and abandoning module PhysXFormats (111)
[2017.06.15-17.27.38:873][429]LogModuleManager: Shutting down and abandoning module MeshUtilities (109)
[2017.06.15-17.27.38:873][429]LogModuleManager: Shutting down and abandoning module SimplygonSwarm (108)
[2017.06.15-17.27.38:873][429]LogModuleManager: Shutting down and abandoning module SimplygonMeshReduction (106)
[2017.06.15-17.27.38:873][429]LogModuleManager: Shutting down and abandoning module QuadricMeshReduction (104)
[2017.06.15-17.27.38:873][429]LogModuleManager: Shutting down and abandoning module PropertyEditor (102)
[2017.06.15-17.27.38:873][429]LogModuleManager: Shutting down and abandoning module AssetRegistry (99)
[2017.06.15-17.27.38:873][429]LogModuleManager: Shutting down and abandoning module DerivedDataCache (97)
[2017.06.15-17.27.38:899][429]LogDerivedDataCache: Shutdown
[2017.06.15-17.27.38:899][429]LogModuleManager: Shutting down and abandoning module TargetPlatform (95)
[2017.06.15-17.27.38:900][429]LogModuleManager: Shutting down and abandoning module VulkanShaderFormat (94)
[2017.06.15-17.27.38:900][429]LogModuleManager: Shutting down and abandoning module ShaderFormatOpenGL (92)
[2017.06.15-17.27.38:900][429]LogModuleManager: Shutting down and abandoning module ShaderFormatD3D (90)
[2017.06.15-17.27.38:900][429]LogModuleManager: Shutting down and abandoning module MetalShaderFormat (88)
[2017.06.15-17.27.38:900][429]LogModuleManager: Shutting down and abandoning module TextureFormatUncompressed (86)
[2017.06.15-17.27.38:900][429]LogModuleManager: Shutting down and abandoning module TextureFormatPVR (84)
[2017.06.15-17.27.38:900][429]LogModuleManager: Shutting down and abandoning module TextureFormatDXT (82)
[2017.06.15-17.27.38:900][429]LogModuleManager: Shutting down and abandoning module TextureFormatIntelISPCTexComp (80)
[2017.06.15-17.27.38:900][429]LogModuleManager: Shutting down and abandoning module TextureFormatASTC (78)
[2017.06.15-17.27.38:900][429]LogModuleManager: Shutting down and abandoning module ImageWrapper (77)
[2017.06.15-17.27.38:900][429]LogModuleManager: Shutting down and abandoning module TextureFormatAndroid (74)
[2017.06.15-17.27.38:900][429]LogModuleManager: Shutting down and abandoning module AudioFormatOpus (72)
[2017.06.15-17.27.38:900][429]LogModuleManager: Shutting down and abandoning module AudioFormatOgg (70)
[2017.06.15-17.27.38:900][429]LogModuleManager: Shutting down and abandoning module AudioFormatADPCM (68)
[2017.06.15-17.27.38:900][429]LogModuleManager: Shutting down and abandoning module WindowsTargetPlatform (66)
[2017.06.15-17.27.38:900][429]LogModuleManager: Shutting down and abandoning module WindowsServerTargetPlatform (64)
[2017.06.15-17.27.38:900][429]LogModuleManager: Shutting down and abandoning module WindowsNoEditorTargetPlatform (62)
[2017.06.15-17.27.38:900][429]LogModuleManager: Shutting down and abandoning module WindowsClientTargetPlatform (60)
[2017.06.15-17.27.38:900][429]LogModuleManager: Shutting down and abandoning module InputCore (57)
[2017.06.15-17.27.38:900][429]LogModuleManager: Shutting down and abandoning module Settings (55)
[2017.06.15-17.27.38:900][429]LogModuleManager: Shutting down and abandoning module OculusRift (53)
[2017.06.15-17.27.38:900][429]LogModuleManager: Shutting down and abandoning module GearVR (51)
[2017.06.15-17.27.38:900][429]LogModuleManager: Shutting down and abandoning module ExampleDeviceProfileSelector (49)
[2017.06.15-17.27.38:900][429]LogModuleManager: Shutting down and abandoning module OnlineBlueprintSupport (47)
[2017.06.15-17.27.38:900][429]LogModuleManager: Shutting down and abandoning module OnlineSubsystem (43)
[2017.06.15-17.27.38:900][429]LogOnline:Display: OSS: FOnlineSubsystemNull::Shutdown()
[2017.06.15-17.27.38:900][429]LogOnline:Display: Unloading online subsystem: NULL
[2017.06.15-17.27.38:900][429]LogModuleManager: Shutting down and abandoning module XMPP (37)
[2017.06.15-17.27.38:900][429]LogModuleManager: Shutting down and abandoning module HTTP (35)
[2017.06.15-17.27.38:926][429]LogModuleManager: Shutting down and abandoning module SSL (34)
[2017.06.15-17.27.38:927][429]LogModuleManager: Shutting down and abandoning module AudioEditor (30)
[2017.06.15-17.27.38:927][429]LogModuleManager: Shutting down and abandoning module TextureCompressor (28)
[2017.06.15-17.27.38:927][429]LogModuleManager: Shutting down and abandoning module ShaderCore (26)
[2017.06.15-17.27.38:927][429]LogModuleManager: Shutting down and abandoning module Landscape (24)
[2017.06.15-17.27.38:927][429]LogModuleManager: Shutting down and abandoning module SlateRHIRenderer (22)
[2017.06.15-17.27.38:928][429]LogModuleManager: Shutting down and abandoning module OpenGLDrv (20)
[2017.06.15-17.27.38:928][429]LogModuleManager: Shutting down and abandoning module D3D11RHI (18)
[2017.06.15-17.27.38:928][429]LogModuleManager: Shutting down and abandoning module AnimGraphRuntime (16)
[2017.06.15-17.27.38:928][429]LogModuleManager: Shutting down and abandoning module Renderer (14)
[2017.06.15-17.27.38:928][429]LogModuleManager: Shutting down and abandoning module Engine (12)
[2017.06.15-17.27.38:928][429]LogModuleManager: Shutting down and abandoning module CoreUObject (10)
[2017.06.15-17.27.38:928][429]LogModuleManager: Shutting down and abandoning module NetworkFile (8)
[2017.06.15-17.27.38:928][429]LogModuleManager: Shutting down and abandoning module StreamingFile (6)
[2017.06.15-17.27.38:928][429]LogModuleManager: Shutting down and abandoning module SandboxFile (4)
[2017.06.15-17.27.38:928][429]LogModuleManager: Shutting down and abandoning module PakFile (2)
[2017.06.15-17.27.38:929][429]LogExit: Exiting.
[2017.06.15-17.27.38:931][429]Log file closed, 06/15/17 12:27:38
