Log file open, 06/12/17 14:53:46
LogInit:Display: Running engine for game: SteamProject
LogPlatformFile: Not using cached read wrapper
LogInit:Display: RandInit(-291519665) SRandInit(-291519665).
LogTaskGraph: Started task graph with 5 named threads and 8 total threads with 1 sets of task threads.
LogStats: Stats thread started at 0.289342
LogInit: Using libcurl 7.47.1
LogInit:  - built for x86_64-pc-win32
LogInit:  - supports SSL with OpenSSL/1.0.2g
LogInit:  - supports HTTP deflate (compression) using libz 1.2.8
LogInit:  - other features:
LogInit:      CURL_VERSION_SSL
LogInit:      CURL_VERSION_LIBZ
LogInit:      CURL_VERSION_IPV6
LogInit:      CURL_VERSION_ASYNCHDNS
LogInit:      CURL_VERSION_LARGEFILE
LogInit:      CURL_VERSION_IDN
LogInit:  CurlRequestOptions (configurable via config and command line):
LogInit:  - bVerifyPeer = false  - Libcurl will NOT verify peer certificate
LogInit:  - bUseHttpProxy = false  - Libcurl will NOT use HTTP proxy
LogInit:  - bDontReuseConnections = false  - Libcurl will reuse connections
LogInit:  - CertBundlePath = nullptr  - Libcurl will use whatever was configured at build time.
LogModuleManager:Warning: No filename provided for module OnlineSubsystemSteam
LogModuleManager:Warning: ModuleManager: Unable to load module 'OnlineSubsystemSteam' because the file 'C:/Program Files/Epic Games/UE_4.15/Engine/Binaries/Win64/' was not found.
LogInit: WinSock: version 1.1 (2.2), MaxSocks=32767, MaxUdp=65467
LogInit: Build: ++UE4+Release-4.15-CL-3348071
LogInit: Engine Version: 4.15.1-3348071+++UE4+Release-4.15
LogInit: Compatible Engine Version: 4.15.0-3299760+++UE4+Release-4.15
LogInit: Net CL: 3299760
LogDevObjectVersion: Number of dev versions registered: 14
LogDevObjectVersion:   Dev-Blueprints (B0D832E4-1F89-4F0D-ACCF-7EB736FD4AA2): 8
LogDevObjectVersion:   Dev-Build (E1C64328-A22C-4D53-A36C-8E866417BD8C): 0
LogDevObjectVersion:   Dev-Core (375EC13C-06E4-48FB-B500-84F0262A717E): 2
LogDevObjectVersion:   Dev-Editor (E4B068ED-F494-42E9-A231-DA0B2E46BB41): 14
LogDevObjectVersion:   Dev-Framework (CFFC743F-43B0-4480-9391-14DF171D2073): 22
LogDevObjectVersion:   Dev-Mobile (B02B49B5-BB20-44E9-A304-32B752E40360): 0
LogDevObjectVersion:   Dev-Networking (A4E4105C-59A1-49B5-A7C5-40C4547EDFEE): 0
LogDevObjectVersion:   Dev-Online (39C831C9-5AE6-47DC-9A44-9C173E1C8E7C): 0
LogDevObjectVersion:   Dev-Physics (78F01B33-EBEA-4F98-B9B4-84EACCB95AA2): 0
LogDevObjectVersion:   Dev-Platform (6631380F-2D4D-43E0-8009-CF276956A95A): 0
LogDevObjectVersion:   Dev-Rendering (12F88B9F-8875-4AFC-A67C-D90C383ABD29): 12
LogDevObjectVersion:   Dev-Sequencer (7B5AE74C-D270-4C10-A958-57980B212A5A): 3
LogDevObjectVersion:   Dev-VR (D7296918-1DD6-4BDD-9DE2-64A83CC13884): 0
LogDevObjectVersion:   Dev-LoadTimes (C2A15278-BFE7-4AFE-6C17-90FF531DF755): 1
LogInit: Compiled (64-bit): Mar 15 2017 16:52:47
LogInit: Compiled with Visual C++: 19.00.23026.00
LogInit: Build Configuration: Development
LogInit: Branch Name: ++UE4+Release-4.15
LogInit: Command line:  /Temp/Autosaves/Game/Maps/UEDPCMainMenu -game -PIEVIACONSOLE -ResX=1280 -ResY=720  -Multiprocess -messaging -SessionName="Play in Standalone Game" -windowed 
LogInit: Base directory: C:/Program Files/Epic Games/UE_4.15/Engine/Binaries/Win64/
LogInit: Installed Engine Build: 1
LogInit: Presizing for max 8388607 objects, including 0 objects not considered by GC, pre-allocating 0 bytes for permanent pool.
LogInit: Object subsystem initialized
[2017.06.12-19.53.50:076][  0]LogInit: Selected Device Profile: [Windows]
[2017.06.12-19.53.50:076][  0]LogInit: Applying CVar settings loaded from the selected device profile: [Windows]
[2017.06.12-19.53.50:093][  0]LogInit: Computer: LENOVO-PC
[2017.06.12-19.53.50:093][  0]LogInit: User: DanielaFe7
[2017.06.12-19.53.50:093][  0]LogInit: CPU Page size=65536, Cores=4
[2017.06.12-19.53.50:093][  0]LogInit: High frequency timer resolution =2.435778 MHz
[2017.06.12-19.53.50:094][  0]LogMemory: Memory total: Physical=11.9GB (12GB approx)
[2017.06.12-19.53.50:094][  0]LogMemory: Platform Memory Stats for Windows
[2017.06.12-19.53.50:094][  0]LogMemory: Process Physical Memory: 264.07 MB used, 264.07 MB peak
[2017.06.12-19.53.50:094][  0]LogMemory: Process Virtual Memory: 262.84 MB used, 262.84 MB peak
[2017.06.12-19.53.50:094][  0]LogMemory: Physical Memory: 7087.59 MB used,  5112.68 MB free, 12200.27 MB total
[2017.06.12-19.53.50:094][  0]LogMemory: Virtual Memory: 632.87 MB used,  5112.68 MB free, 134217728.00 MB total
[2017.06.12-19.53.50:417][  0]LogTextLocalizationManager: No specific translations for ('es-MX') exist, so ('es') translations will be used.
[2017.06.12-19.53.51:309][  0]LogD3D11RHI: D3D11 adapters:
[2017.06.12-19.53.51:405][  0]LogD3D11RHI:    0. 'NVIDIA GeForce GTX 860M' (Feature Level 11_0)
[2017.06.12-19.53.51:405][  0]LogD3D11RHI:       2018/0/6100 MB DedicatedVideo/DedicatedSystem/SharedSystem, Outputs:1, VendorId:0x10de
[2017.06.12-19.53.51:425][  0]LogD3D11RHI:    1. 'Intel(R) HD Graphics 4600' (Feature Level 11_0)
[2017.06.12-19.53.51:426][  0]LogD3D11RHI:       112/0/2048 MB DedicatedVideo/DedicatedSystem/SharedSystem, Outputs:0, VendorId:0x8086
[2017.06.12-19.53.51:431][  0]LogD3D11RHI:    2. 'Microsoft Basic Render Driver' (Feature Level 11_0)
[2017.06.12-19.53.51:431][  0]LogD3D11RHI:       0/0/6100 MB DedicatedVideo/DedicatedSystem/SharedSystem, Outputs:0, VendorId:0x1414
[2017.06.12-19.53.51:431][  0]LogD3D11RHI: Chosen D3D11 Adapter: 0
[2017.06.12-19.53.51:448][  0]LogD3D11RHI: Creating new Direct3DDevice
[2017.06.12-19.53.51:448][  0]LogD3D11RHI:     GPU DeviceId: 0x1392 (for the marketing name, search the web for "GPU Device Id")
[2017.06.12-19.53.51:448][  0]LogWindows: EnumDisplayDevices:
[2017.06.12-19.53.51:449][  0]LogWindows:    0. 'Intel(R) HD Graphics 4600' (P:1 D:1)
[2017.06.12-19.53.51:450][  0]LogWindows:    1. 'Intel(R) HD Graphics 4600' (P:0 D:0)
[2017.06.12-19.53.51:450][  0]LogWindows:    2. 'Intel(R) HD Graphics 4600' (P:0 D:0)
[2017.06.12-19.53.51:451][  0]LogWindows: DebugString: PrimaryIsNotTheChoosenAdapter PrimaryIsNotTheChoosenAdapter PrimaryIsNotTheChoosenAdapter FoundDriverCount:0 
[2017.06.12-19.53.51:451][  0]LogD3D11RHI:     Adapter Name: NVIDIA GeForce GTX 860M
[2017.06.12-19.53.51:451][  0]LogD3D11RHI:   Driver Version: Unknown (internal:Unknown, unified:Unknown)
[2017.06.12-19.53.51:451][  0]LogD3D11RHI:      Driver Date: Unknown
[2017.06.12-19.53.51:451][  0]LogRHI: Texture pool is 1361 MB (70% of 1945 MB)
[2017.06.12-19.53.51:509][  0]LogD3D11RHI: Async texture creation enabled
[2017.06.12-19.53.51:534][  0]LogD3D11RHI: GPU Timing Frequency: 1000.000000 (Debug: 2 1)
[2017.06.12-19.53.51:538][  0]LogShaderCompilers: Guid format shader working directory is -21 characters bigger than the processId version (../../../../../../Users/DanielaFe7/Desktop/HCI/HCIProyecto/SteamProject/Intermediate/Shaders/WorkingDirectory/12120/).
[2017.06.12-19.53.51:538][  0]LogShaderCompilers: Cleaned the shader compiler working directory 'C:/Users/DanielaFe7/AppData/Local/Temp/UnrealShaderWorkingDir/877F2D864EB6329FEFDA72AE1F87BC34/'.
[2017.06.12-19.53.51:538][  0]LogShaderCompilers:Display: Using Local Shader Compiler.
[2017.06.12-19.53.57:124][  0]LogTemp:Display: Loaded TP WindowsClientTargetPlatform
[2017.06.12-19.53.57:468][  0]LogTemp:Display: Loaded TP WindowsNoEditorTargetPlatform
[2017.06.12-19.53.57:820][  0]LogTemp:Display: Loaded TP WindowsServerTargetPlatform
[2017.06.12-19.53.58:055][  0]LogTemp:Display: Loaded TP WindowsTargetPlatform
[2017.06.12-19.53.58:055][  0]LogTargetPlatformManager:Display: Building Assets For Windows
[2017.06.12-19.54.00:892][  0]LogDerivedDataCache:Display: Max Cache Size: 512 MB
[2017.06.12-19.54.01:104][  0]LogDerivedDataCache: Loaded boot cache 0.21s 50MB C:/Users/DanielaFe7/AppData/Local/UnrealEngine/4.15/DerivedDataCache/Boot.ddc.
[2017.06.12-19.54.01:104][  0]LogDerivedDataCache:Display: Loaded Boot cache: C:/Users/DanielaFe7/AppData/Local/UnrealEngine/4.15/DerivedDataCache/Boot.ddc
[2017.06.12-19.54.01:104][  0]LogDerivedDataCache: FDerivedDataBackendGraph:  Pak pak cache file ../../../../../../Users/DanielaFe7/Desktop/HCI/HCIProyecto/SteamProject/DerivedDataCache/DDC.ddp not found, will not use a pak cache.
[2017.06.12-19.54.01:104][  0]LogDerivedDataCache: Unable to find inner node Pak for hierarchical cache Hierarchy.
[2017.06.12-19.54.01:105][  0]LogDerivedDataCache: FDerivedDataBackendGraph:  CompressedPak pak cache file ../../../../../../Users/DanielaFe7/Desktop/HCI/HCIProyecto/SteamProject/DerivedDataCache/Compressed.ddp not found, will not use a pak cache.
[2017.06.12-19.54.01:105][  0]LogDerivedDataCache: Unable to find inner node CompressedPak for hierarchical cache Hierarchy.
[2017.06.12-19.54.01:187][  0]LogDerivedDataCache:Display: Pak cache opened for reading ../../../Engine/DerivedDataCache/Compressed.ddp.
[2017.06.12-19.54.01:204][  0]LogDerivedDataCache: Using Local data cache path C:/Users/DanielaFe7/AppData/Local/UnrealEngine/Common/DerivedDataCache: Writable
[2017.06.12-19.54.01:252][  0]LogSlate: Using Freetype 2.6.0
[2017.06.12-19.54.01:257][  0]LogSlate: SlateFontCache - WITH_FREETYPE: 1, WITH_HARFBUZZ: 1
[2017.06.12-19.54.01:257][  0]LogSlate: SlateFontCache - WITH_FREETYPE: 1, WITH_HARFBUZZ: 1
[2017.06.12-19.54.02:929][  0]LogAssetRegistry: FAssetRegistry took 0.0004 seconds to start up
[2017.06.12-19.54.02:964][  0]LogPackageLocalizationCache: Processed 3 localized package path(s) for 2 prioritized culture(s) in 0.034384 seconds
[2017.06.12-19.54.03:052][  0]LogInit: Selected Device Profile: [Windows]
[2017.06.12-19.54.03:059][  0]LogContentStreaming: Texture pool size is 1000.00 MB
[2017.06.12-19.54.04:241][  0]LogMeshUtilities: Using QuadricMeshReduction for automatic static mesh reduction
[2017.06.12-19.54.04:509][  0]LogSimplygon: Simplygon DLL not present - disabling.
[2017.06.12-19.54.04:826][  0]LogMeshUtilities: Using SimplygonSwarm for distributed automatic mesh merging
[2017.06.12-19.54.04:826][  0]LogMeshUtilities: No automatic skeletal mesh reduction module available
[2017.06.12-19.54.04:826][  0]LogMeshUtilities: No automatic mesh merging module available
[2017.06.12-19.54.07:190][  0]LogNetVersion: GetLocalNetworkVersion: CL: 3299760, ProjectName: steamproject, ProjectVersion: , EngineNetworkVersion: 2, GameNetworkVersion: 0, NetworkChecksum: 3119142434
[2017.06.12-19.54.11:852][  0]LogMoviePlayer: Initializing movie player
[2017.06.12-19.54.13:346][  0]LogTcpMessaging: Initializing TcpMessaging bridge
[2017.06.12-19.54.13:498][  0]LogUdpMessaging: Initializing bridge on interface 0.0.0.0:0 to multicast group 230.0.0.1:6666.
[2017.06.12-19.54.14:901][  0]SourceControl: Información El control de código fuente está desactivado
[2017.06.12-19.54.14:902][  0]SourceControl: Información El control de código fuente está desactivado
[2017.06.12-19.54.15:154][  0]SourceControl: Información El control de código fuente está desactivado
[2017.06.12-19.54.18:780][  0]LogUObjectArray: 34408 objects as part of root set at end of initial load.
[2017.06.12-19.54.18:780][  0]LogUObjectAllocator: 7639328 out of 0 bytes used by permanent object pool.
[2017.06.12-19.54.18:780][  0]LogUObjectArray: CloseDisregardForGC: 0/0 objects in disregard for GC pool
[2017.06.12-19.54.19:218][  0]LogEngine: Initializing Engine...
[2017.06.12-19.54.19:220][  0]LogHMD: Failed to initialize OpenVR with code 110
[2017.06.12-19.54.19:631][  0]LogInit: XAudio2 using 'Altavoces (Realtek High Definition Audio)' : 2 channels at 48 kHz using 32 bits per sample (channel mask 0x3)
[2017.06.12-19.54.19:685][  0]LogInit: FAudioDevice initialized.
[2017.06.12-19.54.19:716][  0]LogInit: Texture streaming: Enabled
[2017.06.12-19.54.19:766][  0]LogMaterial: Uniform references updated for custom material expression Custom.
[2017.06.12-19.54.22:878][  0]LogInit:Display: Game Engine Initialized.
[2017.06.12-19.54.23:953][  0]LogInit:Display: Starting Game.
[2017.06.12-19.54.23:954][  0]LogNet: Browse: /Temp/Autosaves/Game/Maps/UEDPCMainMenu?Name=Player
[2017.06.12-19.54.23:954][  0]LogLoad: LoadMap: /Temp/Autosaves/Game/Maps/UEDPCMainMenu?Name=Player
[2017.06.12-19.54.24:063][  0]LogMemory: Platform Memory Stats for Windows
[2017.06.12-19.54.24:063][  0]LogMemory: Process Physical Memory: 650.97 MB used, 664.62 MB peak
[2017.06.12-19.54.24:063][  0]LogMemory: Process Virtual Memory: 738.18 MB used, 738.19 MB peak
[2017.06.12-19.54.24:063][  0]LogMemory: Physical Memory: 7381.36 MB used,  4818.92 MB free, 12200.27 MB total
[2017.06.12-19.54.24:063][  0]LogMemory: Virtual Memory: 1296.14 MB used,  4818.92 MB free, 134217728.00 MB total
[2017.06.12-19.54.24:063][  0]LogMemory: 
[2017.06.12-19.54.24:063][  0]Allocator Stats for TBB: (not implemented)
[2017.06.12-19.54.24:796][  0]LogAIModule: Creating AISystem for world MainMenu
[2017.06.12-19.54.25:285][  0]LogLinker:Warning: No puede encontrar el archivo '/Game/Assets/Environment/Materials/M_Mushroom_A_Inst'
[2017.06.12-19.54.25:285][  0]LoadErrors: Información Error al cargar /Game/Assets/Environment/Materials/M_Mushroom_A_Inst.M_Mushroom_A_Inst Referenciado por SM_Mushroom_A
[2017.06.12-19.54.25:285][  0]LogUObjectGlobals:Warning: Error al cargar '/Game/Assets/Environment/Materials/M_Mushroom_A_Inst': No puede encontrar el archivo '/Game/Assets/Environment/Materials/M_Mushroom_A_Inst'
[2017.06.12-19.54.25:285][  0]LogLinker:Warning: No puede encontrar el archivo para el activo '/Game/Assets/Environment/Materials/M_Mushroom_A_Inst' mientras carga NULL.
[2017.06.12-19.54.25:285][  0]LoadErrors: Información Error al cargar /Game/Assets/Environment/Materials/M_Mushroom_A_Inst.M_Mushroom_A_Inst Referenciado por SM_Mushroom_A
[2017.06.12-19.54.25:285][  0]LogUObjectGlobals:Warning: Error al cargar '/Game/Assets/Environment/Materials/M_Mushroom_A_Inst': No puede encontrar el archivo para el activo '/Game/Assets/Environment/Materials/M_Mushroom_A_Inst' mientras carga NULL.
[2017.06.12-19.54.25:588][  0]LogLoad: Game class is 'ThirdPersonGameMode_C'
[2017.06.12-19.54.25:594][  0]LogWorld: Bringing World /Temp/Autosaves/Game/Maps/UEDPCMainMenu.MainMenu up for play (max tick rate 0) at 2017.06.12-14.54.25
[2017.06.12-19.54.25:595][  0]LogWorld: Bringing up level for play took: 0.002837
[2017.06.12-19.54.25:696][  0]LogGameMode:Display: Match State Changed from EnteringMap to WaitingToStart
[2017.06.12-19.54.25:696][  0]LogGameState: Match State Changed from EnteringMap to WaitingToStart
[2017.06.12-19.54.25:696][  0]LogGameMode:Display: Match State Changed from WaitingToStart to InProgress
[2017.06.12-19.54.25:888][  0]LogGameState: Match State Changed from WaitingToStart to InProgress
[2017.06.12-19.54.25:889][  0]LogLoad: Took 1.934760 seconds to LoadMap(/Temp/Autosaves/Game/Maps/UEDPCMainMenu)
[2017.06.12-19.54.26:900][  0]LogRenderer: Reallocating scene render targets to support 1280x720 NumSamples 1 (Frame:2).
[2017.06.12-19.54.26:901][  0]LogLoad: (Engine Initialization) Total time: 46.24 seconds
[2017.06.12-19.54.26:901][  0]LogLoad: (Engine Initialization) Total Blueprint compile time: 1.23 seconds
[2017.06.12-19.54.26:901][  0]LogExternalProfiler: Found external profiler: VSPerf
[2017.06.12-19.54.26:901][  0]LogExternalProfiler: Using external profiler: VSPerf
[2017.06.12-19.54.26:918][  0]LogOcInput: OculusInput pre-init called
[2017.06.12-19.55.15:616][ 10]LogScript:Warning: UGameplayStatics::BeginSpawningActorFromClass: can not spawn an actor from a NULL class
[2017.06.12-19.55.18:609][187]LogSlate: Took 0.000867 seconds to synchronously load lazily loaded font '../../../Engine/Content/Slate/Fonts/Roboto-Regular.ttf' (155K)
[2017.06.12-19.55.21:655][361]LogNetVersion: GetLocalNetworkVersion: CL: 3299760, ProjectName: steamproject, ProjectVersion: 1.0.0.0, EngineNetworkVersion: 2, GameNetworkVersion: 0, NetworkChecksum: 1176949133
[2017.06.12-19.55.21:662][361]LogInit: WinSock: I am Lenovo-PC (192.168.56.1:0)
[2017.06.12-19.55.22:948][361]LogPackageName: SearchForPackageOnDisk took   0.583s to resolve Lobby.umap.
[2017.06.12-19.55.23:030][361]LogGameMode:Display: Match State Changed from InProgress to LeavingMap
[2017.06.12-19.55.23:030][361]LogGameState: Match State Changed from InProgress to LeavingMap
[2017.06.12-19.55.23:555][361]LogPackageName: SearchForPackageOnDisk took   0.523s to resolve Lobby.umap.
[2017.06.12-19.55.23:555][361]LogNet: Browse: /Game/Maps/Lobby?listen
[2017.06.12-19.55.23:555][361]LogLoad: LoadMap: /Game/Maps/Lobby?listen
[2017.06.12-19.55.23:700][361]LogMemory: Platform Memory Stats for Windows
[2017.06.12-19.55.23:700][361]LogMemory: Process Physical Memory: 678.76 MB used, 725.71 MB peak
[2017.06.12-19.55.23:700][361]LogMemory: Process Virtual Memory: 884.44 MB used, 993.97 MB peak
[2017.06.12-19.55.23:700][361]LogMemory: Physical Memory: 7374.58 MB used,  4825.69 MB free, 12200.27 MB total
[2017.06.12-19.55.23:700][361]LogMemory: Virtual Memory: 1519.66 MB used,  4825.69 MB free, 134217728.00 MB total
[2017.06.12-19.55.23:700][361]LogMemory: 
[2017.06.12-19.55.23:700][361]Allocator Stats for TBB: (not implemented)
[2017.06.12-19.55.26:722][361]LogBlueprint:Warning: [Compiler LobbyPC] Aviso  Set Input Mode Game And UI (Deprecated)  está obsoleto; Use the new version of Set Input Mode Game And UI instead
[2017.06.12-19.55.26:768][361]LogBlueprint:Warning: [Compiler LobbyPC] Aviso [0106.10] Compile of LobbyPC successful, but with 1 Warning(s) [in 92 ms] (/Game/Blueprints/Lobby/LobbyPC.LobbyPC)
[2017.06.12-19.55.26:774][361]LogBlueprint:Warning: [Compiler LobbyPC] Aviso [0106.11] Compile of LobbyPC successful, but with 2 Warning(s) [in 5 ms] (/Game/Blueprints/Lobby/LobbyPC.LobbyPC)
[2017.06.12-19.55.26:774][361]LogBlueprint:Warning: [Compiler LobbyPC] Aviso [0106.11] Compile of LobbyPC successful, but with 3 Warning(s) [in 0 ms] (/Game/Blueprints/Lobby/LobbyPC.LobbyPC)
[2017.06.12-19.55.27:583][361]LogBlueprint:Warning: [Compiler LobbyPC] Aviso  Set Input Mode Game And UI (Deprecated)  está obsoleto; Use the new version of Set Input Mode Game And UI instead
[2017.06.12-19.55.27:627][361]LogBlueprint:Warning: [Compiler LobbyPC] Aviso [0106.96] Compile of LobbyPC successful, but with 1 Warning(s) [in 91 ms] (/Game/Blueprints/Lobby/LobbyPC.LobbyPC)
[2017.06.12-19.55.27:627][361]LogBlueprint:Warning: [Compiler LobbyPC] Aviso [0106.96] Compile of LobbyPC successful, but with 2 Warning(s) [in 0 ms] (/Game/Blueprints/Lobby/LobbyPC.LobbyPC)
[2017.06.12-19.55.27:638][361]LogBlueprint:Warning: [Compiler LobbyPC] Aviso [0106.97] Compile of LobbyPC successful, but with 3 Warning(s) [in 10 ms] (/Game/Blueprints/Lobby/LobbyPC.LobbyPC)
[2017.06.12-19.55.33:117][361]LogAIModule: Creating AISystem for world Lobby
[2017.06.12-19.55.33:117][361]LogLoad: Game class is 'LobbyGM_C'
[2017.06.12-19.55.33:148][361]LogInit: WinSock: Socket queue 131072 / 131072
[2017.06.12-19.55.33:151][361]PacketHandlerLog: Loaded PacketHandler component: Engine.EngineHandlerComponentFactory (StatelessConnectHandlerComponent)
[2017.06.12-19.55.33:154][361]LogNet: GameNetDriver IpNetDriver_0 IpNetDriver listening on port 7777
[2017.06.12-19.55.33:158][361]LogActorComponent: RegisterComponentWithWorld: (/Game/Maps/Lobby.Lobby:PersistentLevel.WorldSettings_1.StaticMeshComponent0) Trying to register component with IsPendingKill() == true. Aborting.
[2017.06.12-19.55.33:163][361]LogWorld: Bringing World /Game/Maps/Lobby.Lobby up for play (max tick rate 0) at 2017.06.12-14.55.33
[2017.06.12-19.55.33:175][361]LogWorld: Bringing up level for play took: 0.016760
[2017.06.12-19.55.33:361][361]LogGameMode:Display: Match State Changed from EnteringMap to WaitingToStart
[2017.06.12-19.55.33:361][361]LogGameState: Match State Changed from EnteringMap to WaitingToStart
[2017.06.12-19.55.33:361][361]LogGameMode:Display: Match State Changed from WaitingToStart to InProgress
[2017.06.12-19.55.33:362][361]LogGameState: Match State Changed from WaitingToStart to InProgress
[2017.06.12-19.55.33:363][361]LogLoad: Took 9.808239 seconds to LoadMap(/Game/Maps/Lobby)
[2017.06.12-19.55.33:587][362]LogNet: UNetDriver::TickDispatch: Very long time between ticks. DeltaTime: 12.06, Realtime: 0.21. IpNetDriver_0
[2017.06.12-19.55.48:003][234]PIE:Warning: Aviso This widget does not support focus.  If this is a UserWidget, you should set bIsFocusable to true.
[2017.06.12-19.55.50:618][387]LogGameMode:Display: Match State Changed from InProgress to LeavingMap
[2017.06.12-19.55.50:618][387]LogGameState: Match State Changed from InProgress to LeavingMap
[2017.06.12-19.55.50:641][387]LogGameMode: ProcessServerTravel: /Game/Maps/Arena01
[2017.06.12-19.55.50:641][387]LogWorld: SeamlessTravel to: /Game/Maps/Arena01
[2017.06.12-19.55.50:926][389]LogAIModule: Creating AISystem for world TravelMap
[2017.06.12-19.55.50:931][389]LogStats:     SeamlessTravel FlushLevelStreaming  -  0.004 s
[2017.06.12-19.55.50:932][389]LogWorld: Bringing World /Game/Maps/TravelMap.TravelMap up for play (max tick rate 0) at 2017.06.12-14.55.50
[2017.06.12-19.55.50:932][389]LogWorld: Bringing up level for play took: 0.001197
[2017.06.12-19.55.50:932][389]LogWorld: Sending NotifyLoadedWorld for LP: LocalPlayer_0 PC: LobbyPC_C_0
[2017.06.12-19.55.50:932][389]LogNet:Verbose: NotifyLoadedWorld Begin
[2017.06.12-19.55.50:932][389]LogNet:VeryVerbose: GetFunctionCallspace Server calling Server function: ServerNotifyLoadedWorld Local
[2017.06.12-19.55.50:932][389]LogNet:Verbose: NotifyLoadedWorld End
[2017.06.12-19.55.50:932][389]LogWorld: StartLoadingDestination to: /Game/Maps/Arena01
[2017.06.12-19.55.52:570][404]LogAIModule: Creating AISystem for world Arena01
[2017.06.12-19.55.52:571][404]LogLoad: Game class is 'GameplayGM_C'
[2017.06.12-19.55.52:575][404]LogStats:     SeamlessTravel FlushLevelStreaming  -  0.004 s
[2017.06.12-19.55.52:581][404]LogWorld: Bringing World /Game/Maps/Arena01.Arena01 up for play (max tick rate 0) at 2017.06.12-14.55.52
[2017.06.12-19.55.52:581][404]LogWorld: Bringing up level for play took: 0.006369
[2017.06.12-19.55.52:582][404]LogWorld: Sending NotifyLoadedWorld for LP: LocalPlayer_0 PC: LobbyPC_C_0
[2017.06.12-19.55.52:582][404]LogNet:Verbose: NotifyLoadedWorld Begin
[2017.06.12-19.55.52:582][404]LogNet:VeryVerbose: GetFunctionCallspace Server calling Server function: ServerNotifyLoadedWorld Local
[2017.06.12-19.55.52:582][404]LogNet:Verbose: NotifyLoadedWorld End
[2017.06.12-19.55.52:582][404]LogWorld: ----SeamlessTravel finished in 1.94 seconds ------
[2017.06.12-19.55.52:582][404]LogGameMode: >> GameMode::HandleSeamlessTravelPlayer: LobbyPC_C_0 
[2017.06.12-19.55.52:658][404]LogGameMode: << GameMode::HandleSeamlessTravelPlayer: GameplayPC_C_0
[2017.06.12-19.55.52:658][404]LogGameMode:Display: Match State Changed from EnteringMap to WaitingToStart
[2017.06.12-19.55.52:658][404]LogGameState: Match State Changed from EnteringMap to WaitingToStart
[2017.06.12-19.55.52:658][404]LogGameMode:Display: Match State Changed from WaitingToStart to InProgress
[2017.06.12-19.55.52:667][404]LogGameState: Match State Changed from WaitingToStart to InProgress
[2017.06.12-19.56.18:791][993]LogAudio:Warning: Waited 69.888550ms for audio thread.
[2017.06.12-19.56.18:827][993]LogAudio:Warning: Waited 105.660690ms for audio thread.
[2017.06.12-19.56.18:863][993]LogAudio:Warning: Waited 141.490311ms for audio thread.
[2017.06.12-19.56.18:898][993]LogAudio:Warning: Waited 176.472153ms for audio thread.
[2017.06.12-19.56.18:917][993]LogAudio:Warning: Waited 195.173370ms for audio thread.
[2017.06.12-19.56.25:923][420]LogWindowsTextInputMethodSystem:Display: IME system now deactivated.
[2017.06.12-19.56.25:994][420]LogOnline:Warning: OSS: No game present to leave for session (Game)
[2017.06.12-19.56.25:994][420]LogEngine: All Windows Closed
[2017.06.12-19.56.25:994][420]LogWindows: FPlatformMisc::RequestExit(0)
[2017.06.12-19.56.25:995][421]LogMoviePlayer: Shutting down movie player
[2017.06.12-19.56.26:283][421]LogNet: World NetDriver shutdown IpNetDriver_0 [GameNetDriver]
[2017.06.12-19.56.26:284][421]LogNet: DestroyNamedNetDriver IpNetDriver_0 [GameNetDriver]
[2017.06.12-19.56.26:370][421]LogExit: GameNetDriver IpNetDriver_0 shut down
[2017.06.12-19.56.26:381][421]LogExit: Preparing to exit.
[2017.06.12-19.56.26:966][421]LogExit: Game engine shut down
[2017.06.12-19.56.27:164][421]LogObj: Freed 0b from 0 cluster array pools.
[2017.06.12-19.56.27:164][421]LogExit: Object subsystem successfully closed.
[2017.06.12-19.56.27:201][421]LogD3D11RHI: Shutdown
[2017.06.12-19.56.27:201][421]LogD3D11RHI: CleanupD3DDevice
[2017.06.12-19.56.27:206][421]LogD3D11RHI: ~FD3D11DynamicRHI
[2017.06.12-19.56.27:527][421]LogModuleManager: Shutting down and abandoning module SequenceRecorderSections (267)
[2017.06.12-19.56.27:527][421]LogModuleManager: Shutting down and abandoning module SequenceRecorder (265)
[2017.06.12-19.56.27:527][421]LogModuleManager: Shutting down and abandoning module AutomationController (263)
[2017.06.12-19.56.27:528][421]LogModuleManager: Shutting down and abandoning module AutomationWorker (261)
[2017.06.12-19.56.27:528][421]LogModuleManager: Shutting down and abandoning module Voice (259)
[2017.06.12-19.56.27:528][421]LogModuleManager: Shutting down and abandoning module AIModule (257)
[2017.06.12-19.56.27:528][421]LogModuleManager: Shutting down and abandoning module GameplayDebugger (256)
[2017.06.12-19.56.27:528][421]LogModuleManager: Shutting down and abandoning module AITestSuite (254)
[2017.06.12-19.56.27:528][421]LogModuleManager: Shutting down and abandoning module WmfMediaFactory (251)
[2017.06.12-19.56.27:528][421]LogModuleManager: Shutting down and abandoning module MfMediaFactory (249)
[2017.06.12-19.56.27:528][421]LogModuleManager: Shutting down and abandoning module AvfMediaFactory (247)
[2017.06.12-19.56.27:528][421]LogModuleManager: Shutting down and abandoning module AndroidMediaFactory (245)
[2017.06.12-19.56.27:528][421]LogModuleManager: Shutting down and abandoning module Media (244)
[2017.06.12-19.56.27:528][421]LogModuleManager: Shutting down and abandoning module CharacterAI (241)
[2017.06.12-19.56.27:528][421]LogModuleManager: Shutting down and abandoning module SessionServices (239)
[2017.06.12-19.56.27:528][421]LogModuleManager: Shutting down and abandoning module MovieSceneCapture (237)
[2017.06.12-19.56.27:528][421]LogModuleManager: Shutting down and abandoning module GeometryCache (235)
[2017.06.12-19.56.27:528][421]LogModuleManager: Shutting down and abandoning module GeometryCacheEd (234)
[2017.06.12-19.56.27:528][421]LogModuleManager: Shutting down and abandoning module Niagara (231)
[2017.06.12-19.56.27:528][421]LogModuleManager: Shutting down and abandoning module StreamingPauseRendering (229)
[2017.06.12-19.56.27:528][421]LogModuleManager: Shutting down and abandoning module PortalServices (227)
[2017.06.12-19.56.27:528][421]LogModuleManager: Shutting down and abandoning module PortalRpc (225)
[2017.06.12-19.56.27:528][421]LogModuleManager: Shutting down and abandoning module MessagingRpc (223)
[2017.06.12-19.56.27:528][421]LogModuleManager: Shutting down and abandoning module ProfilerService (221)
[2017.06.12-19.56.27:597][421]LogModuleManager: Shutting down and abandoning module TaskGraph (219)
[2017.06.12-19.56.27:597][421]LogModuleManager: Shutting down and abandoning module SteamVRController (217)
[2017.06.12-19.56.27:598][421]LogModuleManager: Shutting down and abandoning module SteamVR (215)
[2017.06.12-19.56.27:598][421]LogModuleManager: Shutting down and abandoning module ProceduralMeshComponent (213)
[2017.06.12-19.56.27:598][421]LogModuleManager: Shutting down and abandoning module OculusLibrary (211)
[2017.06.12-19.56.27:598][421]LogModuleManager: Shutting down and abandoning module OculusInput (209)
[2017.06.12-19.56.27:598][421]LogModuleManager: Shutting down and abandoning module MobilePatchingUtils (207)
[2017.06.12-19.56.27:598][421]LogModuleManager: Shutting down and abandoning module CustomMeshComponent (205)
[2017.06.12-19.56.27:598][421]LogModuleManager: Shutting down and abandoning module CableComponent (203)
[2017.06.12-19.56.27:598][421]LogModuleManager: Shutting down and abandoning module ArchVisCharacter (201)
[2017.06.12-19.56.27:598][421]LogModuleManager: Shutting down and abandoning module HTML5Networking (199)
[2017.06.12-19.56.27:598][421]LogModuleManager: Shutting down and abandoning module VisualStudioSourceCodeAccess (197)
[2017.06.12-19.56.27:598][421]LogModuleManager: Shutting down and abandoning module DesktopPlatform (196)
[2017.06.12-19.56.27:598][421]LogModuleManager: Shutting down and abandoning module HotReload (194)
[2017.06.12-19.56.27:598][421]LogModuleManager: Shutting down and abandoning module DirectoryWatcher (193)
[2017.06.12-19.56.27:598][421]LogModuleManager: Shutting down and abandoning module UObjectPlugin (189)
[2017.06.12-19.56.27:598][421]LogModuleManager: Shutting down and abandoning module SubversionSourceControl (187)
[2017.06.12-19.56.27:599][421]LogModuleManager: Shutting down and abandoning module PerforceSourceControl (185)
[2017.06.12-19.56.27:599][421]LogModuleManager: Shutting down and abandoning module SourceControl (184)
[2017.06.12-19.56.27:599][421]LogModuleManager: Shutting down and abandoning module PhysXVehiclesEditor (181)
[2017.06.12-19.56.27:599][421]LogModuleManager: Shutting down and abandoning module PhysXVehicles (179)
[2017.06.12-19.56.27:599][421]LogModuleManager: Shutting down and abandoning module LocationServicesBPLibrary (177)
[2017.06.12-19.56.27:599][421]LogModuleManager: Shutting down and abandoning module UdpMessaging (175)
[2017.06.12-19.56.27:701][421]LogModuleManager: Shutting down and abandoning module TcpMessaging (173)
[2017.06.12-19.56.27:801][421]LogModuleManager: Shutting down and abandoning module GameplayTagsEditor (171)
[2017.06.12-19.56.27:801][421]LogModuleManager: Shutting down and abandoning module FacialAnimation (169)
[2017.06.12-19.56.27:801][421]LogModuleManager: Shutting down and abandoning module LightPropagationVolumeRuntime (167)
[2017.06.12-19.56.27:801][421]LogModuleManager: Shutting down and abandoning module Paper2D (165)
[2017.06.12-19.56.27:801][421]LogModuleManager: Shutting down and abandoning module WindowsMoviePlayer (163)
[2017.06.12-19.56.27:801][421]LogModuleManager: Shutting down and abandoning module WmfMedia (161)
[2017.06.12-19.56.27:805][421]LogModuleManager: Shutting down and abandoning module MfMedia (159)
[2017.06.12-19.56.27:805][421]LogModuleManager: Shutting down and abandoning module MediaAssets (157)
[2017.06.12-19.56.27:805][421]LogModuleManager: Shutting down and abandoning module GameLiveStreaming (155)
[2017.06.12-19.56.27:806][421]LogModuleManager: Shutting down and abandoning module VREditor (153)
[2017.06.12-19.56.27:806][421]LogModuleManager: Shutting down and abandoning module GameplayTasksEditor (151)
[2017.06.12-19.56.27:806][421]LogModuleManager: Shutting down and abandoning module BehaviorTreeEditor (149)
[2017.06.12-19.56.27:806][421]LogModuleManager: Shutting down and abandoning module FunctionalTesting (147)
[2017.06.12-19.56.27:806][421]LogModuleManager: Shutting down and abandoning module CollisionAnalyzer (145)
[2017.06.12-19.56.27:806][421]LogModuleManager: Shutting down and abandoning module UMG (143)
[2017.06.12-19.56.27:806][421]LogModuleManager: Shutting down and abandoning module UMGEditor (142)
[2017.06.12-19.56.27:806][421]LogModuleManager: Shutting down and abandoning module Sequencer (141)
[2017.06.12-19.56.27:807][421]LogModuleManager: Shutting down and abandoning module AssetTools (139)
[2017.06.12-19.56.27:807][421]LogModuleManager: Shutting down and abandoning module MessageLog (138)
[2017.06.12-19.56.27:807][421]LogModuleManager: Shutting down and abandoning module WorkspaceMenuStructure (137)
[2017.06.12-19.56.27:807][421]LogModuleManager: Shutting down and abandoning module SlateReflector (131)
[2017.06.12-19.56.27:807][421]LogModuleManager: Shutting down and abandoning module Slate (129)
[2017.06.12-19.56.27:807][421]LogModuleManager: Shutting down and abandoning module EditorStyle (127)
[2017.06.12-19.56.27:823][421]LogModuleManager: Shutting down and abandoning module Messaging (125)
[2017.06.12-19.56.27:823][421]LogModuleManager: Shutting down and abandoning module SourceCodeAccess (123)
[2017.06.12-19.56.27:823][421]LogModuleManager: Shutting down and abandoning module HeadMountedDisplay (121)
[2017.06.12-19.56.27:823][421]LogModuleManager: Shutting down and abandoning module XAudio2 (119)
[2017.06.12-19.56.27:823][421]LogModuleManager: Shutting down and abandoning module Networking (117)
[2017.06.12-19.56.27:823][421]LogModuleManager: Shutting down and abandoning module Core (115)
[2017.06.12-19.56.27:823][421]LogModuleManager: Shutting down and abandoning module KismetCompiler (113)
[2017.06.12-19.56.27:823][421]LogModuleManager: Shutting down and abandoning module PhysXFormats (111)
[2017.06.12-19.56.27:823][421]LogModuleManager: Shutting down and abandoning module MeshUtilities (109)
[2017.06.12-19.56.27:823][421]LogModuleManager: Shutting down and abandoning module SimplygonSwarm (108)
[2017.06.12-19.56.27:823][421]LogModuleManager: Shutting down and abandoning module SimplygonMeshReduction (106)
[2017.06.12-19.56.27:823][421]LogModuleManager: Shutting down and abandoning module QuadricMeshReduction (104)
[2017.06.12-19.56.27:823][421]LogModuleManager: Shutting down and abandoning module PropertyEditor (102)
[2017.06.12-19.56.27:823][421]LogModuleManager: Shutting down and abandoning module AssetRegistry (99)
[2017.06.12-19.56.27:824][421]LogModuleManager: Shutting down and abandoning module DerivedDataCache (97)
[2017.06.12-19.56.27:863][421]LogDerivedDataCache: Shutdown
[2017.06.12-19.56.27:863][421]LogModuleManager: Shutting down and abandoning module TargetPlatform (95)
[2017.06.12-19.56.27:863][421]LogModuleManager: Shutting down and abandoning module VulkanShaderFormat (94)
[2017.06.12-19.56.27:864][421]LogModuleManager: Shutting down and abandoning module ShaderFormatOpenGL (92)
[2017.06.12-19.56.27:864][421]LogModuleManager: Shutting down and abandoning module ShaderFormatD3D (90)
[2017.06.12-19.56.27:864][421]LogModuleManager: Shutting down and abandoning module MetalShaderFormat (88)
[2017.06.12-19.56.27:864][421]LogModuleManager: Shutting down and abandoning module TextureFormatUncompressed (86)
[2017.06.12-19.56.27:864][421]LogModuleManager: Shutting down and abandoning module TextureFormatPVR (84)
[2017.06.12-19.56.27:864][421]LogModuleManager: Shutting down and abandoning module TextureFormatDXT (82)
[2017.06.12-19.56.27:864][421]LogModuleManager: Shutting down and abandoning module TextureFormatIntelISPCTexComp (80)
[2017.06.12-19.56.27:864][421]LogModuleManager: Shutting down and abandoning module TextureFormatASTC (78)
[2017.06.12-19.56.27:864][421]LogModuleManager: Shutting down and abandoning module ImageWrapper (77)
[2017.06.12-19.56.27:864][421]LogModuleManager: Shutting down and abandoning module TextureFormatAndroid (74)
[2017.06.12-19.56.27:864][421]LogModuleManager: Shutting down and abandoning module AudioFormatOpus (72)
[2017.06.12-19.56.27:864][421]LogModuleManager: Shutting down and abandoning module AudioFormatOgg (70)
[2017.06.12-19.56.27:864][421]LogModuleManager: Shutting down and abandoning module AudioFormatADPCM (68)
[2017.06.12-19.56.27:864][421]LogModuleManager: Shutting down and abandoning module WindowsTargetPlatform (66)
[2017.06.12-19.56.27:864][421]LogModuleManager: Shutting down and abandoning module WindowsServerTargetPlatform (64)
[2017.06.12-19.56.27:864][421]LogModuleManager: Shutting down and abandoning module WindowsNoEditorTargetPlatform (62)
[2017.06.12-19.56.27:864][421]LogModuleManager: Shutting down and abandoning module WindowsClientTargetPlatform (60)
[2017.06.12-19.56.27:864][421]LogModuleManager: Shutting down and abandoning module InputCore (57)
[2017.06.12-19.56.27:864][421]LogModuleManager: Shutting down and abandoning module Settings (55)
[2017.06.12-19.56.27:864][421]LogModuleManager: Shutting down and abandoning module OculusRift (53)
[2017.06.12-19.56.27:865][421]LogModuleManager: Shutting down and abandoning module GearVR (51)
[2017.06.12-19.56.27:865][421]LogModuleManager: Shutting down and abandoning module ExampleDeviceProfileSelector (49)
[2017.06.12-19.56.27:865][421]LogModuleManager: Shutting down and abandoning module OnlineBlueprintSupport (47)
[2017.06.12-19.56.27:865][421]LogModuleManager: Shutting down and abandoning module OnlineSubsystem (43)
[2017.06.12-19.56.27:865][421]LogOnline:Display: OSS: FOnlineSubsystemNull::Shutdown()
[2017.06.12-19.56.27:865][421]LogOnline:Display: Unloading online subsystem: NULL
[2017.06.12-19.56.27:866][421]LogModuleManager: Shutting down and abandoning module XMPP (37)
[2017.06.12-19.56.27:866][421]LogModuleManager: Shutting down and abandoning module HTTP (35)
[2017.06.12-19.56.27:870][421]LogModuleManager: Shutting down and abandoning module SSL (34)
[2017.06.12-19.56.27:875][421]LogModuleManager: Shutting down and abandoning module AudioEditor (30)
[2017.06.12-19.56.27:875][421]LogModuleManager: Shutting down and abandoning module TextureCompressor (28)
[2017.06.12-19.56.27:875][421]LogModuleManager: Shutting down and abandoning module ShaderCore (26)
[2017.06.12-19.56.27:875][421]LogModuleManager: Shutting down and abandoning module Landscape (24)
[2017.06.12-19.56.27:875][421]LogModuleManager: Shutting down and abandoning module SlateRHIRenderer (22)
[2017.06.12-19.56.27:876][421]LogModuleManager: Shutting down and abandoning module OpenGLDrv (20)
[2017.06.12-19.56.27:876][421]LogModuleManager: Shutting down and abandoning module D3D11RHI (18)
[2017.06.12-19.56.27:876][421]LogModuleManager: Shutting down and abandoning module AnimGraphRuntime (16)
[2017.06.12-19.56.27:876][421]LogModuleManager: Shutting down and abandoning module Renderer (14)
[2017.06.12-19.56.27:876][421]LogModuleManager: Shutting down and abandoning module Engine (12)
[2017.06.12-19.56.27:876][421]LogModuleManager: Shutting down and abandoning module CoreUObject (10)
[2017.06.12-19.56.27:876][421]LogModuleManager: Shutting down and abandoning module NetworkFile (8)
[2017.06.12-19.56.27:876][421]LogModuleManager: Shutting down and abandoning module StreamingFile (6)
[2017.06.12-19.56.27:876][421]LogModuleManager: Shutting down and abandoning module SandboxFile (4)
[2017.06.12-19.56.27:877][421]LogModuleManager: Shutting down and abandoning module PakFile (2)
[2017.06.12-19.56.27:880][421]LogExit: Exiting.
[2017.06.12-19.56.27:886][421]Log file closed, 06/12/17 14:56:27
