Log file open, 06/10/17 17:20:12
LogInit:Display: Running engine for game: SteamProject
LogPlatformFile: Not using cached read wrapper
LogInit:Display: RandInit(-1867503082) SRandInit(-1867503082).
LogTaskGraph: Started task graph with 5 named threads and 8 total threads with 1 sets of task threads.
LogStats: Stats thread started at 0.297955
LogInit: Using libcurl 7.47.1
LogInit:  - built for x86_64-pc-win32
LogInit:  - supports SSL with OpenSSL/1.0.2g
LogInit:  - supports HTTP deflate (compression) using libz 1.2.8
LogInit:  - other features:
LogInit:      CURL_VERSION_SSL
LogInit:      CURL_VERSION_LIBZ
LogInit:      CURL_VERSION_IPV6
LogInit:      CURL_VERSION_ASYNCHDNS
LogInit:      CURL_VERSION_LARGEFILE
LogInit:      CURL_VERSION_IDN
LogInit:  CurlRequestOptions (configurable via config and command line):
LogInit:  - bVerifyPeer = false  - Libcurl will NOT verify peer certificate
LogInit:  - bUseHttpProxy = false  - Libcurl will NOT use HTTP proxy
LogInit:  - bDontReuseConnections = false  - Libcurl will reuse connections
LogInit:  - CertBundlePath = nullptr  - Libcurl will use whatever was configured at build time.
LogModuleManager:Warning: No filename provided for module OnlineSubsystemSteam
LogModuleManager:Warning: ModuleManager: Unable to load module 'OnlineSubsystemSteam' because the file 'C:/Program Files/Epic Games/UE_4.15/Engine/Binaries/Win64/' was not found.
LogInit: WinSock: version 1.1 (2.2), MaxSocks=32767, MaxUdp=65467
LogInit: Build: ++UE4+Release-4.15-CL-3348071
LogInit: Engine Version: 4.15.1-3348071+++UE4+Release-4.15
LogInit: Compatible Engine Version: 4.15.0-3299760+++UE4+Release-4.15
LogInit: Net CL: 3299760
LogDevObjectVersion: Number of dev versions registered: 14
LogDevObjectVersion:   Dev-Blueprints (B0D832E4-1F89-4F0D-ACCF-7EB736FD4AA2): 8
LogDevObjectVersion:   Dev-Build (E1C64328-A22C-4D53-A36C-8E866417BD8C): 0
LogDevObjectVersion:   Dev-Core (375EC13C-06E4-48FB-B500-84F0262A717E): 2
LogDevObjectVersion:   Dev-Editor (E4B068ED-F494-42E9-A231-DA0B2E46BB41): 14
LogDevObjectVersion:   Dev-Framework (CFFC743F-43B0-4480-9391-14DF171D2073): 22
LogDevObjectVersion:   Dev-Mobile (B02B49B5-BB20-44E9-A304-32B752E40360): 0
LogDevObjectVersion:   Dev-Networking (A4E4105C-59A1-49B5-A7C5-40C4547EDFEE): 0
LogDevObjectVersion:   Dev-Online (39C831C9-5AE6-47DC-9A44-9C173E1C8E7C): 0
LogDevObjectVersion:   Dev-Physics (78F01B33-EBEA-4F98-B9B4-84EACCB95AA2): 0
LogDevObjectVersion:   Dev-Platform (6631380F-2D4D-43E0-8009-CF276956A95A): 0
LogDevObjectVersion:   Dev-Rendering (12F88B9F-8875-4AFC-A67C-D90C383ABD29): 12
LogDevObjectVersion:   Dev-Sequencer (7B5AE74C-D270-4C10-A958-57980B212A5A): 3
LogDevObjectVersion:   Dev-VR (D7296918-1DD6-4BDD-9DE2-64A83CC13884): 0
LogDevObjectVersion:   Dev-LoadTimes (C2A15278-BFE7-4AFE-6C17-90FF531DF755): 1
LogInit: Compiled (64-bit): Mar 15 2017 16:52:47
LogInit: Compiled with Visual C++: 19.00.23026.00
LogInit: Build Configuration: Development
LogInit: Branch Name: ++UE4+Release-4.15
LogInit: Command line:  /Temp/Autosaves/Game/Maps/UEDPCMainMenu -game -PIEVIACONSOLE -ResX=1280 -ResY=720  -Multiprocess -messaging -SessionName="Play in Standalone Game" -windowed 
LogInit: Base directory: C:/Program Files/Epic Games/UE_4.15/Engine/Binaries/Win64/
LogInit: Installed Engine Build: 1
LogInit: Presizing for max 8388607 objects, including 0 objects not considered by GC, pre-allocating 0 bytes for permanent pool.
LogInit: Object subsystem initialized
[2017.06.10-22.20.16:409][  0]LogInit: Selected Device Profile: [Windows]
[2017.06.10-22.20.16:409][  0]LogInit: Applying CVar settings loaded from the selected device profile: [Windows]
[2017.06.10-22.20.16:425][  0]LogInit: Computer: LENOVO-PC
[2017.06.10-22.20.16:425][  0]LogInit: User: DanielaFe7
[2017.06.10-22.20.16:425][  0]LogInit: CPU Page size=65536, Cores=4
[2017.06.10-22.20.16:425][  0]LogInit: High frequency timer resolution =2.435776 MHz
[2017.06.10-22.20.16:426][  0]LogMemory: Memory total: Physical=11.9GB (12GB approx)
[2017.06.10-22.20.16:426][  0]LogMemory: Platform Memory Stats for Windows
[2017.06.10-22.20.16:426][  0]LogMemory: Process Physical Memory: 264.26 MB used, 264.26 MB peak
[2017.06.10-22.20.16:426][  0]LogMemory: Process Virtual Memory: 262.95 MB used, 262.95 MB peak
[2017.06.10-22.20.16:426][  0]LogMemory: Physical Memory: 5496.69 MB used,  6703.58 MB free, 12200.27 MB total
[2017.06.10-22.20.16:426][  0]LogMemory: Virtual Memory: 632.87 MB used,  6703.58 MB free, 134217728.00 MB total
[2017.06.10-22.20.16:806][  0]LogTextLocalizationManager: No specific translations for ('es-MX') exist, so ('es') translations will be used.
[2017.06.10-22.20.17:713][  0]LogD3D11RHI: D3D11 adapters:
[2017.06.10-22.20.17:808][  0]LogD3D11RHI:    0. 'NVIDIA GeForce GTX 860M' (Feature Level 11_0)
[2017.06.10-22.20.17:808][  0]LogD3D11RHI:       2018/0/6100 MB DedicatedVideo/DedicatedSystem/SharedSystem, Outputs:1, VendorId:0x10de
[2017.06.10-22.20.17:829][  0]LogD3D11RHI:    1. 'Intel(R) HD Graphics 4600' (Feature Level 11_0)
[2017.06.10-22.20.17:829][  0]LogD3D11RHI:       112/0/2048 MB DedicatedVideo/DedicatedSystem/SharedSystem, Outputs:0, VendorId:0x8086
[2017.06.10-22.20.17:836][  0]LogD3D11RHI:    2. 'Microsoft Basic Render Driver' (Feature Level 11_0)
[2017.06.10-22.20.17:836][  0]LogD3D11RHI:       0/0/6100 MB DedicatedVideo/DedicatedSystem/SharedSystem, Outputs:0, VendorId:0x1414
[2017.06.10-22.20.17:836][  0]LogD3D11RHI: Chosen D3D11 Adapter: 0
[2017.06.10-22.20.17:852][  0]LogD3D11RHI: Creating new Direct3DDevice
[2017.06.10-22.20.17:852][  0]LogD3D11RHI:     GPU DeviceId: 0x1392 (for the marketing name, search the web for "GPU Device Id")
[2017.06.10-22.20.17:852][  0]LogWindows: EnumDisplayDevices:
[2017.06.10-22.20.17:853][  0]LogWindows:    0. 'Intel(R) HD Graphics 4600' (P:1 D:1)
[2017.06.10-22.20.17:854][  0]LogWindows:    1. 'Intel(R) HD Graphics 4600' (P:0 D:0)
[2017.06.10-22.20.17:856][  0]LogWindows:    2. 'Intel(R) HD Graphics 4600' (P:0 D:0)
[2017.06.10-22.20.17:856][  0]LogWindows: DebugString: PrimaryIsNotTheChoosenAdapter PrimaryIsNotTheChoosenAdapter PrimaryIsNotTheChoosenAdapter FoundDriverCount:0 
[2017.06.10-22.20.17:856][  0]LogD3D11RHI:     Adapter Name: NVIDIA GeForce GTX 860M
[2017.06.10-22.20.17:856][  0]LogD3D11RHI:   Driver Version: Unknown (internal:Unknown, unified:Unknown)
[2017.06.10-22.20.17:856][  0]LogD3D11RHI:      Driver Date: Unknown
[2017.06.10-22.20.17:857][  0]LogRHI: Texture pool is 1361 MB (70% of 1945 MB)
[2017.06.10-22.20.17:911][  0]LogD3D11RHI: Async texture creation enabled
[2017.06.10-22.20.17:935][  0]LogD3D11RHI: GPU Timing Frequency: 1000.000000 (Debug: 2 1)
[2017.06.10-22.20.17:939][  0]LogShaderCompilers: Guid format shader working directory is -20 characters bigger than the processId version (../../../../../../Users/DanielaFe7/Desktop/SteamProjectOF/SteamProject/Intermediate/Shaders/WorkingDirectory/12040/).
[2017.06.10-22.20.17:939][  0]LogShaderCompilers: Cleaned the shader compiler working directory 'C:/Users/DanielaFe7/AppData/Local/Temp/UnrealShaderWorkingDir/4CC5F3B54DD8428370ED09B296ACC4EE/'.
[2017.06.10-22.20.17:939][  0]LogShaderCompilers:Display: Using Local Shader Compiler.
[2017.06.10-22.20.22:743][  0]LogTemp:Display: Loaded TP WindowsClientTargetPlatform
[2017.06.10-22.20.23:022][  0]LogTemp:Display: Loaded TP WindowsNoEditorTargetPlatform
[2017.06.10-22.20.23:310][  0]LogTemp:Display: Loaded TP WindowsServerTargetPlatform
[2017.06.10-22.20.23:547][  0]LogTemp:Display: Loaded TP WindowsTargetPlatform
[2017.06.10-22.20.23:548][  0]LogTargetPlatformManager:Display: Building Assets For Windows
[2017.06.10-22.20.25:989][  0]LogDerivedDataCache:Display: Max Cache Size: 512 MB
[2017.06.10-22.20.26:175][  0]LogDerivedDataCache: Loaded boot cache 0.19s 50MB C:/Users/DanielaFe7/AppData/Local/UnrealEngine/4.15/DerivedDataCache/Boot.ddc.
[2017.06.10-22.20.26:175][  0]LogDerivedDataCache:Display: Loaded Boot cache: C:/Users/DanielaFe7/AppData/Local/UnrealEngine/4.15/DerivedDataCache/Boot.ddc
[2017.06.10-22.20.26:176][  0]LogDerivedDataCache: FDerivedDataBackendGraph:  Pak pak cache file ../../../../../../Users/DanielaFe7/Desktop/SteamProjectOF/SteamProject/DerivedDataCache/DDC.ddp not found, will not use a pak cache.
[2017.06.10-22.20.26:176][  0]LogDerivedDataCache: Unable to find inner node Pak for hierarchical cache Hierarchy.
[2017.06.10-22.20.26:176][  0]LogDerivedDataCache: FDerivedDataBackendGraph:  CompressedPak pak cache file ../../../../../../Users/DanielaFe7/Desktop/SteamProjectOF/SteamProject/DerivedDataCache/Compressed.ddp not found, will not use a pak cache.
[2017.06.10-22.20.26:176][  0]LogDerivedDataCache: Unable to find inner node CompressedPak for hierarchical cache Hierarchy.
[2017.06.10-22.20.26:262][  0]LogDerivedDataCache:Display: Pak cache opened for reading ../../../Engine/DerivedDataCache/Compressed.ddp.
[2017.06.10-22.20.26:277][  0]LogDerivedDataCache: Using Local data cache path C:/Users/DanielaFe7/AppData/Local/UnrealEngine/Common/DerivedDataCache: Writable
[2017.06.10-22.20.26:313][  0]LogSlate: Using Freetype 2.6.0
[2017.06.10-22.20.26:316][  0]LogSlate: SlateFontCache - WITH_FREETYPE: 1, WITH_HARFBUZZ: 1
[2017.06.10-22.20.26:316][  0]LogSlate: SlateFontCache - WITH_FREETYPE: 1, WITH_HARFBUZZ: 1
[2017.06.10-22.20.27:575][  0]LogAssetRegistry: FAssetRegistry took 0.0004 seconds to start up
[2017.06.10-22.20.27:597][  0]LogPackageLocalizationCache: Processed 3 localized package path(s) for 2 prioritized culture(s) in 0.022316 seconds
[2017.06.10-22.20.27:680][  0]LogInit: Selected Device Profile: [Windows]
[2017.06.10-22.20.27:689][  0]LogContentStreaming: Texture pool size is 1000.00 MB
[2017.06.10-22.20.28:794][  0]LogMeshUtilities: Using QuadricMeshReduction for automatic static mesh reduction
[2017.06.10-22.20.29:036][  0]LogSimplygon: Simplygon DLL not present - disabling.
[2017.06.10-22.20.29:332][  0]LogMeshUtilities: Using SimplygonSwarm for distributed automatic mesh merging
[2017.06.10-22.20.29:332][  0]LogMeshUtilities: No automatic skeletal mesh reduction module available
[2017.06.10-22.20.29:332][  0]LogMeshUtilities: No automatic mesh merging module available
[2017.06.10-22.20.31:545][  0]LogNetVersion: GetLocalNetworkVersion: CL: 3299760, ProjectName: steamproject, ProjectVersion: , EngineNetworkVersion: 2, GameNetworkVersion: 0, NetworkChecksum: 3119142434
[2017.06.10-22.20.36:002][  0]LogMoviePlayer: Initializing movie player
[2017.06.10-22.20.36:145][  0]LogWindowsTextInputMethodSystem:Display: IME system now deactivated.
[2017.06.10-22.20.37:519][  0]LogTcpMessaging: Initializing TcpMessaging bridge
[2017.06.10-22.20.37:690][  0]LogUdpMessaging: Initializing bridge on interface 0.0.0.0:0 to multicast group 230.0.0.1:6666.
[2017.06.10-22.20.39:179][  0]SourceControl: Información El control de código fuente está desactivado
[2017.06.10-22.20.39:179][  0]SourceControl: Información El control de código fuente está desactivado
[2017.06.10-22.20.39:476][  0]SourceControl: Información El control de código fuente está desactivado
[2017.06.10-22.20.43:186][  0]LogUObjectArray: 34408 objects as part of root set at end of initial load.
[2017.06.10-22.20.43:186][  0]LogUObjectAllocator: 7639320 out of 0 bytes used by permanent object pool.
[2017.06.10-22.20.43:186][  0]LogUObjectArray: CloseDisregardForGC: 0/0 objects in disregard for GC pool
[2017.06.10-22.20.43:645][  0]LogEngine: Initializing Engine...
[2017.06.10-22.20.43:647][  0]LogHMD: Failed to initialize OpenVR with code 110
[2017.06.10-22.20.44:055][  0]LogInit: XAudio2 using 'Altavoces (Realtek High Definition Audio)' : 2 channels at 48 kHz using 32 bits per sample (channel mask 0x3)
[2017.06.10-22.20.44:118][  0]LogInit: FAudioDevice initialized.
[2017.06.10-22.20.44:148][  0]LogInit: Texture streaming: Enabled
[2017.06.10-22.20.44:201][  0]LogMaterial: Uniform references updated for custom material expression Custom.
[2017.06.10-22.20.47:293][  0]LogInit:Display: Game Engine Initialized.
[2017.06.10-22.20.48:252][  0]LogInit:Display: Starting Game.
[2017.06.10-22.20.48:252][  0]LogNet: Browse: /Temp/Autosaves/Game/Maps/UEDPCMainMenu?Name=Player
[2017.06.10-22.20.48:252][  0]LogLoad: LoadMap: /Temp/Autosaves/Game/Maps/UEDPCMainMenu?Name=Player
[2017.06.10-22.20.48:361][  0]LogMemory: Platform Memory Stats for Windows
[2017.06.10-22.20.48:361][  0]LogMemory: Process Physical Memory: 650.91 MB used, 663.06 MB peak
[2017.06.10-22.20.48:361][  0]LogMemory: Process Virtual Memory: 730.08 MB used, 730.09 MB peak
[2017.06.10-22.20.48:361][  0]LogMemory: Physical Memory: 5824.91 MB used,  6375.36 MB free, 12200.27 MB total
[2017.06.10-22.20.48:361][  0]LogMemory: Virtual Memory: 1287.51 MB used,  6375.36 MB free, 134217728.00 MB total
[2017.06.10-22.20.48:361][  0]LogMemory: 
[2017.06.10-22.20.48:361][  0]Allocator Stats for TBB: (not implemented)
[2017.06.10-22.20.49:120][  0]LogAIModule: Creating AISystem for world MainMenu
[2017.06.10-22.20.49:586][  0]LogLoad: Game class is 'ThirdPersonGameMode_C'
[2017.06.10-22.20.49:591][  0]LogWorld: Bringing World /Temp/Autosaves/Game/Maps/UEDPCMainMenu.MainMenu up for play (max tick rate 0) at 2017.06.10-17.20.49
[2017.06.10-22.20.49:592][  0]LogWorld: Bringing up level for play took: 0.002020
[2017.06.10-22.20.49:697][  0]LogGameMode:Display: Match State Changed from EnteringMap to WaitingToStart
[2017.06.10-22.20.49:697][  0]LogGameState: Match State Changed from EnteringMap to WaitingToStart
[2017.06.10-22.20.49:697][  0]LogGameMode:Display: Match State Changed from WaitingToStart to InProgress
[2017.06.10-22.20.49:714][  0]LogGameState: Match State Changed from WaitingToStart to InProgress
[2017.06.10-22.20.49:714][  0]LogLoad: Took 1.461967 seconds to LoadMap(/Temp/Autosaves/Game/Maps/UEDPCMainMenu)
[2017.06.10-22.20.50:592][  0]LogRenderer: Reallocating scene render targets to support 1280x720 NumSamples 1 (Frame:2).
[2017.06.10-22.20.50:592][  0]LogLoad: (Engine Initialization) Total time: 42.85 seconds
[2017.06.10-22.20.50:592][  0]LogLoad: (Engine Initialization) Total Blueprint compile time: 1.14 seconds
[2017.06.10-22.20.50:592][  0]LogExternalProfiler: Found external profiler: VSPerf
[2017.06.10-22.20.50:592][  0]LogExternalProfiler: Using external profiler: VSPerf
[2017.06.10-22.20.50:611][  0]LogOcInput: OculusInput pre-init called
[2017.06.10-22.55.31:590][360]LogWindowsTextInputMethodSystem:Display: IME system now deactivated.
[2017.06.10-22.55.31:598][360]LogEngine: All Windows Closed
[2017.06.10-22.55.31:598][360]LogWindows: FPlatformMisc::RequestExit(0)
[2017.06.10-22.55.31:599][361]LogMoviePlayer: Shutting down movie player
[2017.06.10-22.55.32:615][361]LogExit: Preparing to exit.
