Log file open, 06/10/17 13:21:19
LogInit:Display: Running engine for game: SteamProject
LogPlatformFile: Not using cached read wrapper
LogInit:Display: RandInit(867049283) SRandInit(867049283).
LogTaskGraph: Started task graph with 5 named threads and 8 total threads with 1 sets of task threads.
LogStats: Stats thread started at 0.269147
LogInit: Using libcurl 7.47.1
LogInit:  - built for x86_64-pc-win32
LogInit:  - supports SSL with OpenSSL/1.0.2g
LogInit:  - supports HTTP deflate (compression) using libz 1.2.8
LogInit:  - other features:
LogInit:      CURL_VERSION_SSL
LogInit:      CURL_VERSION_LIBZ
LogInit:      CURL_VERSION_IPV6
LogInit:      CURL_VERSION_ASYNCHDNS
LogInit:      CURL_VERSION_LARGEFILE
LogInit:      CURL_VERSION_IDN
LogInit:  CurlRequestOptions (configurable via config and command line):
LogInit:  - bVerifyPeer = false  - Libcurl will NOT verify peer certificate
LogInit:  - bUseHttpProxy = false  - Libcurl will NOT use HTTP proxy
LogInit:  - bDontReuseConnections = false  - Libcurl will reuse connections
LogInit:  - CertBundlePath = nullptr  - Libcurl will use whatever was configured at build time.
LogModuleManager:Warning: No filename provided for module OnlineSubsystemSteam
LogModuleManager:Warning: ModuleManager: Unable to load module 'OnlineSubsystemSteam' because the file 'C:/Program Files/Epic Games/UE_4.15/Engine/Binaries/Win64/' was not found.
LogInit: WinSock: version 1.1 (2.2), MaxSocks=32767, MaxUdp=65467
LogInit: Build: ++UE4+Release-4.15-CL-3348071
LogInit: Engine Version: 4.15.1-3348071+++UE4+Release-4.15
LogInit: Compatible Engine Version: 4.15.0-3299760+++UE4+Release-4.15
LogInit: Net CL: 3299760
LogDevObjectVersion: Number of dev versions registered: 14
LogDevObjectVersion:   Dev-Blueprints (B0D832E4-1F89-4F0D-ACCF-7EB736FD4AA2): 8
LogDevObjectVersion:   Dev-Build (E1C64328-A22C-4D53-A36C-8E866417BD8C): 0
LogDevObjectVersion:   Dev-Core (375EC13C-06E4-48FB-B500-84F0262A717E): 2
LogDevObjectVersion:   Dev-Editor (E4B068ED-F494-42E9-A231-DA0B2E46BB41): 14
LogDevObjectVersion:   Dev-Framework (CFFC743F-43B0-4480-9391-14DF171D2073): 22
LogDevObjectVersion:   Dev-Mobile (B02B49B5-BB20-44E9-A304-32B752E40360): 0
LogDevObjectVersion:   Dev-Networking (A4E4105C-59A1-49B5-A7C5-40C4547EDFEE): 0
LogDevObjectVersion:   Dev-Online (39C831C9-5AE6-47DC-9A44-9C173E1C8E7C): 0
LogDevObjectVersion:   Dev-Physics (78F01B33-EBEA-4F98-B9B4-84EACCB95AA2): 0
LogDevObjectVersion:   Dev-Platform (6631380F-2D4D-43E0-8009-CF276956A95A): 0
LogDevObjectVersion:   Dev-Rendering (12F88B9F-8875-4AFC-A67C-D90C383ABD29): 12
LogDevObjectVersion:   Dev-Sequencer (7B5AE74C-D270-4C10-A958-57980B212A5A): 3
LogDevObjectVersion:   Dev-VR (D7296918-1DD6-4BDD-9DE2-64A83CC13884): 0
LogDevObjectVersion:   Dev-LoadTimes (C2A15278-BFE7-4AFE-6C17-90FF531DF755): 1
LogInit: Compiled (64-bit): Mar 15 2017 16:52:47
LogInit: Compiled with Visual C++: 19.00.23026.00
LogInit: Build Configuration: Development
LogInit: Branch Name: ++UE4+Release-4.15
LogInit: Command line:  /Temp/Autosaves/Game/Maps/UEDPCMainMenu -game -PIEVIACONSOLE -ResX=1280 -ResY=720  -Multiprocess -messaging -SessionName="Play in Standalone Game" -windowed 
LogInit: Base directory: C:/Program Files/Epic Games/UE_4.15/Engine/Binaries/Win64/
LogInit: Installed Engine Build: 1
LogInit: Presizing for max 8388607 objects, including 0 objects not considered by GC, pre-allocating 0 bytes for permanent pool.
LogInit: Object subsystem initialized
[2017.06.10-18.21.23:135][  0]LogInit: Selected Device Profile: [Windows]
[2017.06.10-18.21.23:135][  0]LogInit: Applying CVar settings loaded from the selected device profile: [Windows]
[2017.06.10-18.21.23:152][  0]LogInit: Computer: LENOVO-PC
[2017.06.10-18.21.23:152][  0]LogInit: User: DanielaFe7
[2017.06.10-18.21.23:152][  0]LogInit: CPU Page size=65536, Cores=4
[2017.06.10-18.21.23:152][  0]LogInit: High frequency timer resolution =2.435778 MHz
[2017.06.10-18.21.23:152][  0]LogMemory: Memory total: Physical=11.9GB (12GB approx)
[2017.06.10-18.21.23:152][  0]LogMemory: Platform Memory Stats for Windows
[2017.06.10-18.21.23:152][  0]LogMemory: Process Physical Memory: 264.27 MB used, 264.27 MB peak
[2017.06.10-18.21.23:152][  0]LogMemory: Process Virtual Memory: 262.94 MB used, 262.94 MB peak
[2017.06.10-18.21.23:152][  0]LogMemory: Physical Memory: 6712.55 MB used,  5487.73 MB free, 12200.27 MB total
[2017.06.10-18.21.23:153][  0]LogMemory: Virtual Memory: 632.87 MB used,  5487.73 MB free, 134217728.00 MB total
[2017.06.10-18.21.23:550][  0]LogTextLocalizationManager: No specific translations for ('es-MX') exist, so ('es') translations will be used.
[2017.06.10-18.21.24:493][  0]LogD3D11RHI: D3D11 adapters:
[2017.06.10-18.21.24:597][  0]LogD3D11RHI:    0. 'NVIDIA GeForce GTX 860M' (Feature Level 11_0)
[2017.06.10-18.21.24:597][  0]LogD3D11RHI:       2018/0/6100 MB DedicatedVideo/DedicatedSystem/SharedSystem, Outputs:1, VendorId:0x10de
[2017.06.10-18.21.24:619][  0]LogD3D11RHI:    1. 'Intel(R) HD Graphics 4600' (Feature Level 11_0)
[2017.06.10-18.21.24:619][  0]LogD3D11RHI:       112/0/2048 MB DedicatedVideo/DedicatedSystem/SharedSystem, Outputs:0, VendorId:0x8086
[2017.06.10-18.21.24:625][  0]LogD3D11RHI:    2. 'Microsoft Basic Render Driver' (Feature Level 11_0)
[2017.06.10-18.21.24:625][  0]LogD3D11RHI:       0/0/6100 MB DedicatedVideo/DedicatedSystem/SharedSystem, Outputs:0, VendorId:0x1414
[2017.06.10-18.21.24:625][  0]LogD3D11RHI: Chosen D3D11 Adapter: 0
[2017.06.10-18.21.24:642][  0]LogD3D11RHI: Creating new Direct3DDevice
[2017.06.10-18.21.24:643][  0]LogD3D11RHI:     GPU DeviceId: 0x1392 (for the marketing name, search the web for "GPU Device Id")
[2017.06.10-18.21.24:643][  0]LogWindows: EnumDisplayDevices:
[2017.06.10-18.21.24:643][  0]LogWindows:    0. 'Intel(R) HD Graphics 4600' (P:1 D:1)
[2017.06.10-18.21.24:644][  0]LogWindows:    1. 'Intel(R) HD Graphics 4600' (P:0 D:0)
[2017.06.10-18.21.24:645][  0]LogWindows:    2. 'Intel(R) HD Graphics 4600' (P:0 D:0)
[2017.06.10-18.21.24:646][  0]LogWindows: DebugString: PrimaryIsNotTheChoosenAdapter PrimaryIsNotTheChoosenAdapter PrimaryIsNotTheChoosenAdapter FoundDriverCount:0 
[2017.06.10-18.21.24:646][  0]LogD3D11RHI:     Adapter Name: NVIDIA GeForce GTX 860M
[2017.06.10-18.21.24:646][  0]LogD3D11RHI:   Driver Version: Unknown (internal:Unknown, unified:Unknown)
[2017.06.10-18.21.24:646][  0]LogD3D11RHI:      Driver Date: Unknown
[2017.06.10-18.21.24:646][  0]LogRHI: Texture pool is 1361 MB (70% of 1945 MB)
[2017.06.10-18.21.24:704][  0]LogD3D11RHI: Async texture creation enabled
[2017.06.10-18.21.24:729][  0]LogD3D11RHI: GPU Timing Frequency: 1000.000000 (Debug: 2 1)
[2017.06.10-18.21.24:733][  0]LogShaderCompilers: Guid format shader working directory is -19 characters bigger than the processId version (../../../../../../Users/DanielaFe7/Desktop/SteamProjectOF/SteamProject/Intermediate/Shaders/WorkingDirectory/5276/).
[2017.06.10-18.21.24:734][  0]LogShaderCompilers: Cleaned the shader compiler working directory 'C:/Users/DanielaFe7/AppData/Local/Temp/UnrealShaderWorkingDir/2E247801406161623D11778FB5405C05/'.
[2017.06.10-18.21.24:734][  0]LogShaderCompilers:Display: Using Local Shader Compiler.
[2017.06.10-18.21.30:295][  0]LogTemp:Display: Loaded TP WindowsClientTargetPlatform
[2017.06.10-18.21.30:636][  0]LogTemp:Display: Loaded TP WindowsNoEditorTargetPlatform
[2017.06.10-18.21.30:973][  0]LogTemp:Display: Loaded TP WindowsServerTargetPlatform
[2017.06.10-18.21.31:284][  0]LogTemp:Display: Loaded TP WindowsTargetPlatform
[2017.06.10-18.21.31:284][  0]LogTargetPlatformManager:Display: Building Assets For Windows
[2017.06.10-18.21.34:006][  0]LogDerivedDataCache:Display: Max Cache Size: 512 MB
[2017.06.10-18.21.34:198][  0]LogDerivedDataCache: Loaded boot cache 0.19s 51MB C:/Users/DanielaFe7/AppData/Local/UnrealEngine/4.15/DerivedDataCache/Boot.ddc.
[2017.06.10-18.21.34:198][  0]LogDerivedDataCache:Display: Loaded Boot cache: C:/Users/DanielaFe7/AppData/Local/UnrealEngine/4.15/DerivedDataCache/Boot.ddc
[2017.06.10-18.21.34:198][  0]LogDerivedDataCache: FDerivedDataBackendGraph:  Pak pak cache file ../../../../../../Users/DanielaFe7/Desktop/SteamProjectOF/SteamProject/DerivedDataCache/DDC.ddp not found, will not use a pak cache.
[2017.06.10-18.21.34:198][  0]LogDerivedDataCache: Unable to find inner node Pak for hierarchical cache Hierarchy.
[2017.06.10-18.21.34:198][  0]LogDerivedDataCache: FDerivedDataBackendGraph:  CompressedPak pak cache file ../../../../../../Users/DanielaFe7/Desktop/SteamProjectOF/SteamProject/DerivedDataCache/Compressed.ddp not found, will not use a pak cache.
[2017.06.10-18.21.34:198][  0]LogDerivedDataCache: Unable to find inner node CompressedPak for hierarchical cache Hierarchy.
[2017.06.10-18.21.34:281][  0]LogDerivedDataCache:Display: Pak cache opened for reading ../../../Engine/DerivedDataCache/Compressed.ddp.
[2017.06.10-18.21.34:296][  0]LogDerivedDataCache: Using Local data cache path C:/Users/DanielaFe7/AppData/Local/UnrealEngine/Common/DerivedDataCache: Writable
[2017.06.10-18.21.34:334][  0]LogSlate: Using Freetype 2.6.0
[2017.06.10-18.21.34:337][  0]LogSlate: SlateFontCache - WITH_FREETYPE: 1, WITH_HARFBUZZ: 1
[2017.06.10-18.21.34:337][  0]LogSlate: SlateFontCache - WITH_FREETYPE: 1, WITH_HARFBUZZ: 1
[2017.06.10-18.21.35:651][  0]LogAssetRegistry: FAssetRegistry took 0.0003 seconds to start up
[2017.06.10-18.21.35:675][  0]LogPackageLocalizationCache: Processed 3 localized package path(s) for 2 prioritized culture(s) in 0.023787 seconds
[2017.06.10-18.21.35:749][  0]LogInit: Selected Device Profile: [Windows]
[2017.06.10-18.21.35:756][  0]LogContentStreaming: Texture pool size is 1000.00 MB
[2017.06.10-18.21.36:768][  0]LogMeshUtilities: Using QuadricMeshReduction for automatic static mesh reduction
[2017.06.10-18.21.37:022][  0]LogSimplygon: Simplygon DLL not present - disabling.
[2017.06.10-18.21.37:312][  0]LogMeshUtilities: Using SimplygonSwarm for distributed automatic mesh merging
[2017.06.10-18.21.37:312][  0]LogMeshUtilities: No automatic skeletal mesh reduction module available
[2017.06.10-18.21.37:312][  0]LogMeshUtilities: No automatic mesh merging module available
[2017.06.10-18.21.39:626][  0]LogNetVersion: GetLocalNetworkVersion: CL: 3299760, ProjectName: steamproject, ProjectVersion: , EngineNetworkVersion: 2, GameNetworkVersion: 0, NetworkChecksum: 3119142434
[2017.06.10-18.21.45:898][  0]LogMoviePlayer: Initializing movie player
[2017.06.10-18.21.47:614][  0]LogTcpMessaging: Initializing TcpMessaging bridge
[2017.06.10-18.21.47:796][  0]LogUdpMessaging: Initializing bridge on interface 0.0.0.0:0 to multicast group 230.0.0.1:6666.
[2017.06.10-18.21.49:416][  0]SourceControl: Información El control de código fuente está desactivado
[2017.06.10-18.21.49:416][  0]SourceControl: Información El control de código fuente está desactivado
[2017.06.10-18.21.49:752][  0]SourceControl: Información El control de código fuente está desactivado
[2017.06.10-18.21.54:420][  0]LogUObjectArray: 34408 objects as part of root set at end of initial load.
[2017.06.10-18.21.54:420][  0]LogUObjectAllocator: 7639320 out of 0 bytes used by permanent object pool.
[2017.06.10-18.21.54:420][  0]LogUObjectArray: CloseDisregardForGC: 0/0 objects in disregard for GC pool
[2017.06.10-18.21.55:165][  0]LogEngine: Initializing Engine...
[2017.06.10-18.21.55:168][  0]LogHMD: Failed to initialize OpenVR with code 110
[2017.06.10-18.21.55:650][  0]LogInit: XAudio2 using 'Altavoces (Realtek High Definition Audio)' : 2 channels at 48 kHz using 32 bits per sample (channel mask 0x3)
[2017.06.10-18.21.55:730][  0]LogInit: FAudioDevice initialized.
[2017.06.10-18.21.55:770][  0]LogInit: Texture streaming: Enabled
[2017.06.10-18.21.55:838][  0]LogMaterial: Uniform references updated for custom material expression Custom.
[2017.06.10-18.21.59:803][  0]LogInit:Display: Game Engine Initialized.
[2017.06.10-18.22.01:196][  0]LogInit:Display: Starting Game.
[2017.06.10-18.22.01:197][  0]LogNet: Browse: /Temp/Autosaves/Game/Maps/UEDPCMainMenu?Name=Player
[2017.06.10-18.22.01:197][  0]LogLoad: LoadMap: /Temp/Autosaves/Game/Maps/UEDPCMainMenu?Name=Player
[2017.06.10-18.22.01:338][  0]LogMemory: Platform Memory Stats for Windows
[2017.06.10-18.22.01:338][  0]LogMemory: Process Physical Memory: 650.64 MB used, 663.02 MB peak
[2017.06.10-18.22.01:338][  0]LogMemory: Process Virtual Memory: 729.36 MB used, 729.38 MB peak
[2017.06.10-18.22.01:338][  0]LogMemory: Physical Memory: 6739.10 MB used,  5461.17 MB free, 12200.27 MB total
[2017.06.10-18.22.01:338][  0]LogMemory: Virtual Memory: 1287.50 MB used,  5461.17 MB free, 134217728.00 MB total
[2017.06.10-18.22.01:338][  0]LogMemory: 
[2017.06.10-18.22.01:338][  0]Allocator Stats for TBB: (not implemented)
[2017.06.10-18.22.02:295][  0]LogAIModule: Creating AISystem for world MainMenu
[2017.06.10-18.22.02:935][  0]LogLoad: Game class is 'ThirdPersonGameMode_C'
[2017.06.10-18.22.02:941][  0]LogWorld: Bringing World /Temp/Autosaves/Game/Maps/UEDPCMainMenu.MainMenu up for play (max tick rate 0) at 2017.06.10-13.22.02
[2017.06.10-18.22.02:941][  0]LogWorld: Bringing up level for play took: 0.002240
[2017.06.10-18.22.03:147][  0]LogGameMode:Display: Match State Changed from EnteringMap to WaitingToStart
[2017.06.10-18.22.03:147][  0]LogGameState: Match State Changed from EnteringMap to WaitingToStart
[2017.06.10-18.22.03:147][  0]LogGameMode:Display: Match State Changed from WaitingToStart to InProgress
[2017.06.10-18.22.03:163][  0]LogGameState: Match State Changed from WaitingToStart to InProgress
[2017.06.10-18.22.03:163][  0]LogLoad: Took 1.966359 seconds to LoadMap(/Temp/Autosaves/Game/Maps/UEDPCMainMenu)
[2017.06.10-18.22.04:305][  0]LogRenderer: Reallocating scene render targets to support 1280x720 NumSamples 1 (Frame:2).
[2017.06.10-18.22.04:305][  0]LogLoad: (Engine Initialization) Total time: 51.08 seconds
[2017.06.10-18.22.04:305][  0]LogLoad: (Engine Initialization) Total Blueprint compile time: 1.14 seconds
[2017.06.10-18.22.04:305][  0]LogExternalProfiler: Found external profiler: VSPerf
[2017.06.10-18.22.04:305][  0]LogExternalProfiler: Using external profiler: VSPerf
[2017.06.10-18.22.04:328][  0]LogOcInput: OculusInput pre-init called
[2017.06.10-18.22.35:692][928]LogSlate: Took 0.000835 seconds to synchronously load lazily loaded font '../../../Engine/Content/Slate/Fonts/Roboto-Regular.ttf' (155K)
[2017.06.10-18.22.38:174][ 82]LogNetVersion: GetLocalNetworkVersion: CL: 3299760, ProjectName: steamproject, ProjectVersion: 1.0.0.0, EngineNetworkVersion: 2, GameNetworkVersion: 0, NetworkChecksum: 1176949133
[2017.06.10-18.22.38:182][ 82]LogInit: WinSock: I am Lenovo-PC (192.168.56.1:0)
[2017.06.10-18.22.39:301][ 82]LogPackageName: SearchForPackageOnDisk took   0.592s to resolve Lobby.umap.
[2017.06.10-18.22.39:302][ 82]LogGameMode:Display: Match State Changed from InProgress to LeavingMap
[2017.06.10-18.22.39:302][ 82]LogGameState: Match State Changed from InProgress to LeavingMap
[2017.06.10-18.22.39:862][ 82]LogPackageName: SearchForPackageOnDisk took   0.558s to resolve Lobby.umap.
[2017.06.10-18.22.39:862][ 82]LogNet: Browse: /Game/Maps/Lobby?listen
[2017.06.10-18.22.39:862][ 82]LogLoad: LoadMap: /Game/Maps/Lobby?listen
[2017.06.10-18.22.39:939][ 82]LogMemory: Platform Memory Stats for Windows
[2017.06.10-18.22.39:939][ 82]LogMemory: Process Physical Memory: 676.17 MB used, 721.09 MB peak
[2017.06.10-18.22.39:939][ 82]LogMemory: Process Virtual Memory: 873.55 MB used, 982.11 MB peak
[2017.06.10-18.22.39:939][ 82]LogMemory: Physical Memory: 6606.37 MB used,  5593.91 MB free, 12200.27 MB total
[2017.06.10-18.22.39:939][ 82]LogMemory: Virtual Memory: 1503.77 MB used,  5593.91 MB free, 134217728.00 MB total
[2017.06.10-18.22.39:939][ 82]LogMemory: 
[2017.06.10-18.22.39:939][ 82]Allocator Stats for TBB: (not implemented)
[2017.06.10-18.22.41:702][ 82]LogBlueprint:Warning: [Compiler LobbyPC] Aviso  Set Input Mode Game And UI (Deprecated)  está obsoleto; Use the new version of Set Input Mode Game And UI instead
[2017.06.10-18.22.41:745][ 82]LogBlueprint:Warning: [Compiler LobbyPC] Aviso [0088.52] Compile of LobbyPC successful, but with 1 Warning(s) [in 99 ms] (/Game/Blueprints/Lobby/LobbyPC.LobbyPC)
[2017.06.10-18.22.41:750][ 82]LogBlueprint:Warning: [Compiler LobbyPC] Aviso [0088.52] Compile of LobbyPC successful, but with 2 Warning(s) [in 5 ms] (/Game/Blueprints/Lobby/LobbyPC.LobbyPC)
[2017.06.10-18.22.41:750][ 82]LogBlueprint:Warning: [Compiler LobbyPC] Aviso [0088.52] Compile of LobbyPC successful, but with 3 Warning(s) [in 0 ms] (/Game/Blueprints/Lobby/LobbyPC.LobbyPC)
[2017.06.10-18.22.42:263][ 82]LogBlueprint:Warning: [Compiler LobbyPC] Aviso  Set Input Mode Game And UI (Deprecated)  está obsoleto; Use the new version of Set Input Mode Game And UI instead
[2017.06.10-18.22.42:306][ 82]LogBlueprint:Warning: [Compiler LobbyPC] Aviso [0089.08] Compile of LobbyPC successful, but with 1 Warning(s) [in 93 ms] (/Game/Blueprints/Lobby/LobbyPC.LobbyPC)
[2017.06.10-18.22.42:306][ 82]LogBlueprint:Warning: [Compiler LobbyPC] Aviso [0089.08] Compile of LobbyPC successful, but with 2 Warning(s) [in 0 ms] (/Game/Blueprints/Lobby/LobbyPC.LobbyPC)
[2017.06.10-18.22.42:316][ 82]LogBlueprint:Warning: [Compiler LobbyPC] Aviso [0089.09] Compile of LobbyPC successful, but with 3 Warning(s) [in 9 ms] (/Game/Blueprints/Lobby/LobbyPC.LobbyPC)
[2017.06.10-18.22.43:449][ 82]LogAIModule: Creating AISystem for world Lobby
[2017.06.10-18.22.43:449][ 82]LogLoad: Game class is 'LobbyGM_C'
[2017.06.10-18.22.43:451][ 82]LogInit: WinSock: Socket queue 131072 / 131072
[2017.06.10-18.22.43:452][ 82]PacketHandlerLog: Loaded PacketHandler component: Engine.EngineHandlerComponentFactory (StatelessConnectHandlerComponent)
[2017.06.10-18.22.43:452][ 82]LogNet: GameNetDriver IpNetDriver_0 IpNetDriver listening on port 7777
[2017.06.10-18.22.43:456][ 82]LogActorComponent: RegisterComponentWithWorld: (/Game/Maps/Lobby.Lobby:PersistentLevel.WorldSettings_1.StaticMeshComponent0) Trying to register component with IsPendingKill() == true. Aborting.
[2017.06.10-18.22.43:461][ 82]LogWorld: Bringing World /Game/Maps/Lobby.Lobby up for play (max tick rate 0) at 2017.06.10-13.22.43
[2017.06.10-18.22.43:462][ 82]LogWorld: Bringing up level for play took: 0.005676
[2017.06.10-18.22.43:504][ 82]LogGameMode:Display: Match State Changed from EnteringMap to WaitingToStart
[2017.06.10-18.22.43:504][ 82]LogGameState: Match State Changed from EnteringMap to WaitingToStart
[2017.06.10-18.22.43:504][ 82]LogGameMode:Display: Match State Changed from WaitingToStart to InProgress
[2017.06.10-18.22.43:505][ 82]LogGameState: Match State Changed from WaitingToStart to InProgress
[2017.06.10-18.22.43:506][ 82]LogLoad: Took 3.644275 seconds to LoadMap(/Game/Maps/Lobby)
[2017.06.10-18.22.43:674][ 83]LogNet: UNetDriver::TickDispatch: Very long time between ticks. DeltaTime: 5.50, Realtime: 0.17. IpNetDriver_0
[2017.06.10-18.23.04:229][322]PIE:Warning: Aviso This widget does not support focus.  If this is a UserWidget, you should set bIsFocusable to true.
[2017.06.10-18.23.10:959][739]LogGameMode:Display: Match State Changed from InProgress to LeavingMap
[2017.06.10-18.23.10:959][739]LogGameState: Match State Changed from InProgress to LeavingMap
[2017.06.10-18.23.10:963][739]LogGameMode: ProcessServerTravel: /Game/Maps/Arena01
[2017.06.10-18.23.10:963][739]LogWorld: SeamlessTravel to: /Game/Maps/Arena01
[2017.06.10-18.23.11:113][740]LogAIModule: Creating AISystem for world TravelMap
[2017.06.10-18.23.11:117][740]LogStats:     SeamlessTravel FlushLevelStreaming  -  0.004 s
[2017.06.10-18.23.11:118][740]LogWorld: Bringing World /Game/Maps/TravelMap.TravelMap up for play (max tick rate 0) at 2017.06.10-13.23.11
[2017.06.10-18.23.11:119][740]LogWorld: Bringing up level for play took: 0.001133
[2017.06.10-18.23.11:119][740]LogWorld: Sending NotifyLoadedWorld for LP: LocalPlayer_0 PC: LobbyPC_C_0
[2017.06.10-18.23.11:119][740]LogNet:Verbose: NotifyLoadedWorld Begin
[2017.06.10-18.23.11:119][740]LogNet:VeryVerbose: GetFunctionCallspace Server calling Server function: ServerNotifyLoadedWorld Local
[2017.06.10-18.23.11:119][740]LogNet:Verbose: NotifyLoadedWorld End
[2017.06.10-18.23.11:119][740]LogWorld: StartLoadingDestination to: /Game/Maps/Arena01
[2017.06.10-18.23.12:323][752]LogAIModule: Creating AISystem for world Arena01
[2017.06.10-18.23.12:324][752]LogLoad: Game class is 'GameplayGM_C'
[2017.06.10-18.23.12:328][752]LogStats:     SeamlessTravel FlushLevelStreaming  -  0.003 s
[2017.06.10-18.23.12:334][752]LogWorld: Bringing World /Game/Maps/Arena01.Arena01 up for play (max tick rate 0) at 2017.06.10-13.23.12
[2017.06.10-18.23.12:334][752]LogWorld: Bringing up level for play took: 0.006496
[2017.06.10-18.23.12:334][752]LogWorld: Sending NotifyLoadedWorld for LP: LocalPlayer_0 PC: LobbyPC_C_0
[2017.06.10-18.23.12:334][752]LogNet:Verbose: NotifyLoadedWorld Begin
[2017.06.10-18.23.12:335][752]LogNet:VeryVerbose: GetFunctionCallspace Server calling Server function: ServerNotifyLoadedWorld Local
[2017.06.10-18.23.12:335][752]LogNet:Verbose: NotifyLoadedWorld End
[2017.06.10-18.23.12:335][752]LogWorld: ----SeamlessTravel finished in 1.37 seconds ------
[2017.06.10-18.23.12:335][752]LogGameMode: >> GameMode::HandleSeamlessTravelPlayer: LobbyPC_C_0 
[2017.06.10-18.23.12:336][752]LogGameMode: << GameMode::HandleSeamlessTravelPlayer: GameplayPC_C_0
[2017.06.10-18.23.12:336][752]LogGameMode:Display: Match State Changed from EnteringMap to WaitingToStart
[2017.06.10-18.23.12:337][752]LogGameState: Match State Changed from EnteringMap to WaitingToStart
[2017.06.10-18.23.12:337][752]LogGameMode:Display: Match State Changed from WaitingToStart to InProgress
[2017.06.10-18.23.12:346][752]LogGameState: Match State Changed from WaitingToStart to InProgress
[2017.06.10-18.23.45:142][766]LogWindowsTextInputMethodSystem:Display: IME system now deactivated.
[2017.06.10-18.23.45:153][766]LogOnline:Warning: OSS: No game present to leave for session (Game)
[2017.06.10-18.23.45:153][766]LogEngine: All Windows Closed
[2017.06.10-18.23.45:153][766]LogWindows: FPlatformMisc::RequestExit(0)
[2017.06.10-18.23.45:154][767]LogMoviePlayer: Shutting down movie player
[2017.06.10-18.23.45:234][767]LogNet: World NetDriver shutdown IpNetDriver_0 [GameNetDriver]
[2017.06.10-18.23.45:234][767]LogNet: DestroyNamedNetDriver IpNetDriver_0 [GameNetDriver]
[2017.06.10-18.23.45:234][767]LogExit: GameNetDriver IpNetDriver_0 shut down
[2017.06.10-18.23.45:240][767]LogExit: Preparing to exit.
[2017.06.10-18.23.46:099][767]LogExit: Game engine shut down
[2017.06.10-18.23.46:286][767]LogObj: Freed 0b from 0 cluster array pools.
[2017.06.10-18.23.46:287][767]LogExit: Object subsystem successfully closed.
[2017.06.10-18.23.46:323][767]LogD3D11RHI: Shutdown
[2017.06.10-18.23.46:323][767]LogD3D11RHI: CleanupD3DDevice
[2017.06.10-18.23.46:512][767]LogD3D11RHI: ~FD3D11DynamicRHI
[2017.06.10-18.23.46:606][767]LogModuleManager: Shutting down and abandoning module SequenceRecorderSections (267)
[2017.06.10-18.23.46:606][767]LogModuleManager: Shutting down and abandoning module SequenceRecorder (265)
[2017.06.10-18.23.46:606][767]LogModuleManager: Shutting down and abandoning module AutomationController (263)
[2017.06.10-18.23.46:606][767]LogModuleManager: Shutting down and abandoning module AutomationWorker (261)
[2017.06.10-18.23.46:606][767]LogModuleManager: Shutting down and abandoning module Voice (259)
[2017.06.10-18.23.46:606][767]LogModuleManager: Shutting down and abandoning module AIModule (257)
[2017.06.10-18.23.46:607][767]LogModuleManager: Shutting down and abandoning module GameplayDebugger (256)
[2017.06.10-18.23.46:607][767]LogModuleManager: Shutting down and abandoning module AITestSuite (254)
[2017.06.10-18.23.46:607][767]LogModuleManager: Shutting down and abandoning module WmfMediaFactory (251)
[2017.06.10-18.23.46:607][767]LogModuleManager: Shutting down and abandoning module MfMediaFactory (249)
[2017.06.10-18.23.46:607][767]LogModuleManager: Shutting down and abandoning module AvfMediaFactory (247)
[2017.06.10-18.23.46:607][767]LogModuleManager: Shutting down and abandoning module AndroidMediaFactory (245)
[2017.06.10-18.23.46:607][767]LogModuleManager: Shutting down and abandoning module Media (244)
[2017.06.10-18.23.46:607][767]LogModuleManager: Shutting down and abandoning module CharacterAI (241)
[2017.06.10-18.23.46:607][767]LogModuleManager: Shutting down and abandoning module SessionServices (239)
[2017.06.10-18.23.46:607][767]LogModuleManager: Shutting down and abandoning module MovieSceneCapture (237)
[2017.06.10-18.23.46:607][767]LogModuleManager: Shutting down and abandoning module GeometryCache (235)
[2017.06.10-18.23.46:607][767]LogModuleManager: Shutting down and abandoning module GeometryCacheEd (234)
[2017.06.10-18.23.46:607][767]LogModuleManager: Shutting down and abandoning module Niagara (231)
[2017.06.10-18.23.46:607][767]LogModuleManager: Shutting down and abandoning module StreamingPauseRendering (229)
[2017.06.10-18.23.46:607][767]LogModuleManager: Shutting down and abandoning module PortalServices (227)
[2017.06.10-18.23.46:607][767]LogModuleManager: Shutting down and abandoning module PortalRpc (225)
[2017.06.10-18.23.46:607][767]LogModuleManager: Shutting down and abandoning module MessagingRpc (223)
[2017.06.10-18.23.46:607][767]LogModuleManager: Shutting down and abandoning module ProfilerService (221)
[2017.06.10-18.23.46:725][767]LogModuleManager: Shutting down and abandoning module TaskGraph (219)
[2017.06.10-18.23.46:725][767]LogModuleManager: Shutting down and abandoning module SteamVRController (217)
[2017.06.10-18.23.46:725][767]LogModuleManager: Shutting down and abandoning module SteamVR (215)
[2017.06.10-18.23.46:725][767]LogModuleManager: Shutting down and abandoning module ProceduralMeshComponent (213)
[2017.06.10-18.23.46:725][767]LogModuleManager: Shutting down and abandoning module OculusLibrary (211)
[2017.06.10-18.23.46:726][767]LogModuleManager: Shutting down and abandoning module OculusInput (209)
[2017.06.10-18.23.46:726][767]LogModuleManager: Shutting down and abandoning module MobilePatchingUtils (207)
[2017.06.10-18.23.46:726][767]LogModuleManager: Shutting down and abandoning module CustomMeshComponent (205)
[2017.06.10-18.23.46:726][767]LogModuleManager: Shutting down and abandoning module CableComponent (203)
[2017.06.10-18.23.46:726][767]LogModuleManager: Shutting down and abandoning module ArchVisCharacter (201)
[2017.06.10-18.23.46:726][767]LogModuleManager: Shutting down and abandoning module HTML5Networking (199)
[2017.06.10-18.23.46:726][767]LogModuleManager: Shutting down and abandoning module VisualStudioSourceCodeAccess (197)
[2017.06.10-18.23.46:726][767]LogModuleManager: Shutting down and abandoning module DesktopPlatform (196)
[2017.06.10-18.23.46:726][767]LogModuleManager: Shutting down and abandoning module HotReload (194)
[2017.06.10-18.23.46:726][767]LogModuleManager: Shutting down and abandoning module DirectoryWatcher (193)
[2017.06.10-18.23.46:726][767]LogModuleManager: Shutting down and abandoning module UObjectPlugin (189)
[2017.06.10-18.23.46:726][767]LogModuleManager: Shutting down and abandoning module SubversionSourceControl (187)
[2017.06.10-18.23.46:726][767]LogModuleManager: Shutting down and abandoning module PerforceSourceControl (185)
[2017.06.10-18.23.46:726][767]LogModuleManager: Shutting down and abandoning module SourceControl (184)
[2017.06.10-18.23.46:726][767]LogModuleManager: Shutting down and abandoning module PhysXVehiclesEditor (181)
[2017.06.10-18.23.46:726][767]LogModuleManager: Shutting down and abandoning module PhysXVehicles (179)
[2017.06.10-18.23.46:726][767]LogModuleManager: Shutting down and abandoning module LocationServicesBPLibrary (177)
[2017.06.10-18.23.46:726][767]LogModuleManager: Shutting down and abandoning module UdpMessaging (175)
[2017.06.10-18.23.46:827][767]LogModuleManager: Shutting down and abandoning module TcpMessaging (173)
[2017.06.10-18.23.46:928][767]LogModuleManager: Shutting down and abandoning module GameplayTagsEditor (171)
[2017.06.10-18.23.46:928][767]LogModuleManager: Shutting down and abandoning module FacialAnimation (169)
[2017.06.10-18.23.46:928][767]LogModuleManager: Shutting down and abandoning module LightPropagationVolumeRuntime (167)
[2017.06.10-18.23.46:928][767]LogModuleManager: Shutting down and abandoning module Paper2D (165)
[2017.06.10-18.23.46:928][767]LogModuleManager: Shutting down and abandoning module WindowsMoviePlayer (163)
[2017.06.10-18.23.46:928][767]LogModuleManager: Shutting down and abandoning module WmfMedia (161)
[2017.06.10-18.23.46:928][767]LogModuleManager: Shutting down and abandoning module MfMedia (159)
[2017.06.10-18.23.46:928][767]LogModuleManager: Shutting down and abandoning module MediaAssets (157)
[2017.06.10-18.23.46:928][767]LogModuleManager: Shutting down and abandoning module GameLiveStreaming (155)
[2017.06.10-18.23.46:929][767]LogModuleManager: Shutting down and abandoning module VREditor (153)
[2017.06.10-18.23.46:929][767]LogModuleManager: Shutting down and abandoning module GameplayTasksEditor (151)
[2017.06.10-18.23.46:929][767]LogModuleManager: Shutting down and abandoning module BehaviorTreeEditor (149)
[2017.06.10-18.23.46:929][767]LogModuleManager: Shutting down and abandoning module FunctionalTesting (147)
[2017.06.10-18.23.46:929][767]LogModuleManager: Shutting down and abandoning module CollisionAnalyzer (145)
[2017.06.10-18.23.46:929][767]LogModuleManager: Shutting down and abandoning module UMG (143)
[2017.06.10-18.23.46:929][767]LogModuleManager: Shutting down and abandoning module UMGEditor (142)
[2017.06.10-18.23.46:929][767]LogModuleManager: Shutting down and abandoning module Sequencer (141)
[2017.06.10-18.23.46:929][767]LogModuleManager: Shutting down and abandoning module AssetTools (139)
[2017.06.10-18.23.46:929][767]LogModuleManager: Shutting down and abandoning module MessageLog (138)
[2017.06.10-18.23.46:929][767]LogModuleManager: Shutting down and abandoning module WorkspaceMenuStructure (137)
[2017.06.10-18.23.46:929][767]LogModuleManager: Shutting down and abandoning module SlateReflector (131)
[2017.06.10-18.23.46:929][767]LogModuleManager: Shutting down and abandoning module Slate (129)
[2017.06.10-18.23.46:929][767]LogModuleManager: Shutting down and abandoning module EditorStyle (127)
[2017.06.10-18.23.46:941][767]LogModuleManager: Shutting down and abandoning module Messaging (125)
[2017.06.10-18.23.46:941][767]LogModuleManager: Shutting down and abandoning module SourceCodeAccess (123)
[2017.06.10-18.23.46:941][767]LogModuleManager: Shutting down and abandoning module HeadMountedDisplay (121)
[2017.06.10-18.23.46:941][767]LogModuleManager: Shutting down and abandoning module XAudio2 (119)
[2017.06.10-18.23.46:941][767]LogModuleManager: Shutting down and abandoning module Networking (117)
[2017.06.10-18.23.46:941][767]LogModuleManager: Shutting down and abandoning module Core (115)
[2017.06.10-18.23.46:941][767]LogModuleManager: Shutting down and abandoning module KismetCompiler (113)
[2017.06.10-18.23.46:941][767]LogModuleManager: Shutting down and abandoning module PhysXFormats (111)
[2017.06.10-18.23.46:941][767]LogModuleManager: Shutting down and abandoning module MeshUtilities (109)
[2017.06.10-18.23.46:941][767]LogModuleManager: Shutting down and abandoning module SimplygonSwarm (108)
[2017.06.10-18.23.46:941][767]LogModuleManager: Shutting down and abandoning module SimplygonMeshReduction (106)
[2017.06.10-18.23.46:941][767]LogModuleManager: Shutting down and abandoning module QuadricMeshReduction (104)
[2017.06.10-18.23.46:941][767]LogModuleManager: Shutting down and abandoning module PropertyEditor (102)
[2017.06.10-18.23.46:941][767]LogModuleManager: Shutting down and abandoning module AssetRegistry (99)
[2017.06.10-18.23.46:942][767]LogModuleManager: Shutting down and abandoning module DerivedDataCache (97)
[2017.06.10-18.23.46:978][767]LogDerivedDataCache: Shutdown
[2017.06.10-18.23.46:978][767]LogModuleManager: Shutting down and abandoning module TargetPlatform (95)
[2017.06.10-18.23.46:978][767]LogModuleManager: Shutting down and abandoning module VulkanShaderFormat (94)
[2017.06.10-18.23.46:978][767]LogModuleManager: Shutting down and abandoning module ShaderFormatOpenGL (92)
[2017.06.10-18.23.46:978][767]LogModuleManager: Shutting down and abandoning module ShaderFormatD3D (90)
[2017.06.10-18.23.46:978][767]LogModuleManager: Shutting down and abandoning module MetalShaderFormat (88)
[2017.06.10-18.23.46:978][767]LogModuleManager: Shutting down and abandoning module TextureFormatUncompressed (86)
[2017.06.10-18.23.46:978][767]LogModuleManager: Shutting down and abandoning module TextureFormatPVR (84)
[2017.06.10-18.23.46:978][767]LogModuleManager: Shutting down and abandoning module TextureFormatDXT (82)
[2017.06.10-18.23.46:978][767]LogModuleManager: Shutting down and abandoning module TextureFormatIntelISPCTexComp (80)
[2017.06.10-18.23.46:979][767]LogModuleManager: Shutting down and abandoning module TextureFormatASTC (78)
[2017.06.10-18.23.46:979][767]LogModuleManager: Shutting down and abandoning module ImageWrapper (77)
[2017.06.10-18.23.46:979][767]LogModuleManager: Shutting down and abandoning module TextureFormatAndroid (74)
[2017.06.10-18.23.46:979][767]LogModuleManager: Shutting down and abandoning module AudioFormatOpus (72)
[2017.06.10-18.23.46:979][767]LogModuleManager: Shutting down and abandoning module AudioFormatOgg (70)
[2017.06.10-18.23.46:979][767]LogModuleManager: Shutting down and abandoning module AudioFormatADPCM (68)
[2017.06.10-18.23.46:979][767]LogModuleManager: Shutting down and abandoning module WindowsTargetPlatform (66)
[2017.06.10-18.23.46:979][767]LogModuleManager: Shutting down and abandoning module WindowsServerTargetPlatform (64)
[2017.06.10-18.23.46:979][767]LogModuleManager: Shutting down and abandoning module WindowsNoEditorTargetPlatform (62)
[2017.06.10-18.23.46:979][767]LogModuleManager: Shutting down and abandoning module WindowsClientTargetPlatform (60)
[2017.06.10-18.23.46:979][767]LogModuleManager: Shutting down and abandoning module InputCore (57)
[2017.06.10-18.23.46:979][767]LogModuleManager: Shutting down and abandoning module Settings (55)
[2017.06.10-18.23.46:979][767]LogModuleManager: Shutting down and abandoning module OculusRift (53)
[2017.06.10-18.23.46:979][767]LogModuleManager: Shutting down and abandoning module GearVR (51)
[2017.06.10-18.23.46:979][767]LogModuleManager: Shutting down and abandoning module ExampleDeviceProfileSelector (49)
[2017.06.10-18.23.46:979][767]LogModuleManager: Shutting down and abandoning module OnlineBlueprintSupport (47)
[2017.06.10-18.23.46:979][767]LogModuleManager: Shutting down and abandoning module OnlineSubsystem (43)
[2017.06.10-18.23.46:979][767]LogOnline:Display: OSS: FOnlineSubsystemNull::Shutdown()
[2017.06.10-18.23.46:980][767]LogOnline:Display: Unloading online subsystem: NULL
[2017.06.10-18.23.46:980][767]LogModuleManager: Shutting down and abandoning module XMPP (37)
[2017.06.10-18.23.46:980][767]LogModuleManager: Shutting down and abandoning module HTTP (35)
[2017.06.10-18.23.47:012][767]LogModuleManager: Shutting down and abandoning module SSL (34)
[2017.06.10-18.23.47:016][767]LogModuleManager: Shutting down and abandoning module AudioEditor (30)
[2017.06.10-18.23.47:017][767]LogModuleManager: Shutting down and abandoning module TextureCompressor (28)
[2017.06.10-18.23.47:017][767]LogModuleManager: Shutting down and abandoning module ShaderCore (26)
[2017.06.10-18.23.47:017][767]LogModuleManager: Shutting down and abandoning module Landscape (24)
[2017.06.10-18.23.47:017][767]LogModuleManager: Shutting down and abandoning module SlateRHIRenderer (22)
[2017.06.10-18.23.47:019][767]LogModuleManager: Shutting down and abandoning module OpenGLDrv (20)
[2017.06.10-18.23.47:019][767]LogModuleManager: Shutting down and abandoning module D3D11RHI (18)
[2017.06.10-18.23.47:019][767]LogModuleManager: Shutting down and abandoning module AnimGraphRuntime (16)
[2017.06.10-18.23.47:019][767]LogModuleManager: Shutting down and abandoning module Renderer (14)
[2017.06.10-18.23.47:019][767]LogModuleManager: Shutting down and abandoning module Engine (12)
[2017.06.10-18.23.47:019][767]LogModuleManager: Shutting down and abandoning module CoreUObject (10)
[2017.06.10-18.23.47:019][767]LogModuleManager: Shutting down and abandoning module NetworkFile (8)
[2017.06.10-18.23.47:019][767]LogModuleManager: Shutting down and abandoning module StreamingFile (6)
[2017.06.10-18.23.47:019][767]LogModuleManager: Shutting down and abandoning module SandboxFile (4)
[2017.06.10-18.23.47:019][767]LogModuleManager: Shutting down and abandoning module PakFile (2)
[2017.06.10-18.23.47:024][767]LogExit: Exiting.
[2017.06.10-18.23.47:030][767]Log file closed, 06/10/17 13:23:47
