Log file open, 06/10/17 11:57:03
LogInit:Display: Running engine for game: SteamProject
LogPlatformFile: Not using cached read wrapper
LogInit:Display: RandInit(1365639277) SRandInit(1365639277).
LogTaskGraph: Started task graph with 5 named threads and 8 total threads with 1 sets of task threads.
LogStats: Stats thread started at 0.837417
LogInit: Using libcurl 7.47.1
LogInit:  - built for x86_64-pc-win32
LogInit:  - supports SSL with OpenSSL/1.0.2g
LogInit:  - supports HTTP deflate (compression) using libz 1.2.8
LogInit:  - other features:
LogInit:      CURL_VERSION_SSL
LogInit:      CURL_VERSION_LIBZ
LogInit:      CURL_VERSION_IPV6
LogInit:      CURL_VERSION_ASYNCHDNS
LogInit:      CURL_VERSION_LARGEFILE
LogInit:      CURL_VERSION_IDN
LogInit:  CurlRequestOptions (configurable via config and command line):
LogInit:  - bVerifyPeer = false  - Libcurl will NOT verify peer certificate
LogInit:  - bUseHttpProxy = false  - Libcurl will NOT use HTTP proxy
LogInit:  - bDontReuseConnections = false  - Libcurl will reuse connections
LogInit:  - CertBundlePath = nullptr  - Libcurl will use whatever was configured at build time.
LogModuleManager:Warning: No filename provided for module OnlineSubsystemSteam
LogModuleManager:Warning: ModuleManager: Unable to load module 'OnlineSubsystemSteam' because the file 'C:/Program Files/Epic Games/UE_4.15/Engine/Binaries/Win64/' was not found.
LogInit: WinSock: version 1.1 (2.2), MaxSocks=32767, MaxUdp=65467
LogInit: Build: ++UE4+Release-4.15-CL-3348071
LogInit: Engine Version: 4.15.1-3348071+++UE4+Release-4.15
LogInit: Compatible Engine Version: 4.15.0-3299760+++UE4+Release-4.15
LogInit: Net CL: 3299760
LogDevObjectVersion: Number of dev versions registered: 14
LogDevObjectVersion:   Dev-Blueprints (B0D832E4-1F89-4F0D-ACCF-7EB736FD4AA2): 8
LogDevObjectVersion:   Dev-Build (E1C64328-A22C-4D53-A36C-8E866417BD8C): 0
LogDevObjectVersion:   Dev-Core (375EC13C-06E4-48FB-B500-84F0262A717E): 2
LogDevObjectVersion:   Dev-Editor (E4B068ED-F494-42E9-A231-DA0B2E46BB41): 14
LogDevObjectVersion:   Dev-Framework (CFFC743F-43B0-4480-9391-14DF171D2073): 22
LogDevObjectVersion:   Dev-Mobile (B02B49B5-BB20-44E9-A304-32B752E40360): 0
LogDevObjectVersion:   Dev-Networking (A4E4105C-59A1-49B5-A7C5-40C4547EDFEE): 0
LogDevObjectVersion:   Dev-Online (39C831C9-5AE6-47DC-9A44-9C173E1C8E7C): 0
LogDevObjectVersion:   Dev-Physics (78F01B33-EBEA-4F98-B9B4-84EACCB95AA2): 0
LogDevObjectVersion:   Dev-Platform (6631380F-2D4D-43E0-8009-CF276956A95A): 0
LogDevObjectVersion:   Dev-Rendering (12F88B9F-8875-4AFC-A67C-D90C383ABD29): 12
LogDevObjectVersion:   Dev-Sequencer (7B5AE74C-D270-4C10-A958-57980B212A5A): 3
LogDevObjectVersion:   Dev-VR (D7296918-1DD6-4BDD-9DE2-64A83CC13884): 0
LogDevObjectVersion:   Dev-LoadTimes (C2A15278-BFE7-4AFE-6C17-90FF531DF755): 1
LogInit: Compiled (64-bit): Mar 15 2017 16:52:47
LogInit: Compiled with Visual C++: 19.00.23026.00
LogInit: Build Configuration: Development
LogInit: Branch Name: ++UE4+Release-4.15
LogInit: Command line:  
LogInit: Base directory: C:/Program Files/Epic Games/UE_4.15/Engine/Binaries/Win64/
LogInit: Installed Engine Build: 1
LogInit: Presizing for max 8388607 objects, including 0 objects not considered by GC, pre-allocating 0 bytes for permanent pool.
LogInit: Object subsystem initialized
[2017.06.10-16.57.14:455][  0]LogInit: Selected Device Profile: [Windows]
[2017.06.10-16.57.14:456][  0]LogInit: Applying CVar settings loaded from the selected device profile: [Windows]
[2017.06.10-16.57.15:064][  0]LogInit: Computer: LENOVO-PC
[2017.06.10-16.57.15:064][  0]LogInit: User: DanielaFe7
[2017.06.10-16.57.15:064][  0]LogInit: CPU Page size=65536, Cores=4
[2017.06.10-16.57.15:064][  0]LogInit: High frequency timer resolution =2.435778 MHz
[2017.06.10-16.57.15:143][  0]LogMemory: Memory total: Physical=11.9GB (12GB approx)
[2017.06.10-16.57.15:143][  0]LogMemory: Platform Memory Stats for Windows
[2017.06.10-16.57.15:143][  0]LogMemory: Process Physical Memory: 264.80 MB used, 264.80 MB peak
[2017.06.10-16.57.15:143][  0]LogMemory: Process Virtual Memory: 262.88 MB used, 262.88 MB peak
[2017.06.10-16.57.15:143][  0]LogMemory: Physical Memory: 3949.66 MB used,  8250.62 MB free, 12200.27 MB total
[2017.06.10-16.57.15:143][  0]LogMemory: Virtual Memory: 632.87 MB used,  8250.62 MB free, 134217728.00 MB total
[2017.06.10-16.57.27:121][  0]LogInit: Overriding culture en with editor configuration.
[2017.06.10-16.57.42:421][  0]LogD3D11RHI: D3D11 adapters:
[2017.06.10-16.57.49:929][  0]LogD3D11RHI:    0. 'NVIDIA GeForce GTX 860M' (Feature Level 11_0)
[2017.06.10-16.57.49:929][  0]LogD3D11RHI:       2018/0/6100 MB DedicatedVideo/DedicatedSystem/SharedSystem, Outputs:1, VendorId:0x10de
[2017.06.10-16.57.49:948][  0]LogD3D11RHI:    1. 'Intel(R) HD Graphics 4600' (Feature Level 11_0)
[2017.06.10-16.57.49:948][  0]LogD3D11RHI:       112/0/2048 MB DedicatedVideo/DedicatedSystem/SharedSystem, Outputs:0, VendorId:0x8086
[2017.06.10-16.57.49:953][  0]LogD3D11RHI:    2. 'Microsoft Basic Render Driver' (Feature Level 11_0)
[2017.06.10-16.57.49:953][  0]LogD3D11RHI:       0/0/6100 MB DedicatedVideo/DedicatedSystem/SharedSystem, Outputs:0, VendorId:0x1414
[2017.06.10-16.57.49:953][  0]LogD3D11RHI: Chosen D3D11 Adapter: 0
[2017.06.10-16.57.49:971][  0]LogD3D11RHI: Creating new Direct3DDevice
[2017.06.10-16.57.49:971][  0]LogD3D11RHI:     GPU DeviceId: 0x1392 (for the marketing name, search the web for "GPU Device Id")
[2017.06.10-16.57.49:971][  0]LogWindows: EnumDisplayDevices:
[2017.06.10-16.57.49:972][  0]LogWindows:    0. 'Intel(R) HD Graphics 4600' (P:1 D:1)
[2017.06.10-16.57.49:973][  0]LogWindows:    1. 'Intel(R) HD Graphics 4600' (P:0 D:0)
[2017.06.10-16.57.49:974][  0]LogWindows:    2. 'Intel(R) HD Graphics 4600' (P:0 D:0)
[2017.06.10-16.57.49:975][  0]LogWindows: DebugString: PrimaryIsNotTheChoosenAdapter PrimaryIsNotTheChoosenAdapter PrimaryIsNotTheChoosenAdapter FoundDriverCount:0 
[2017.06.10-16.57.49:975][  0]LogD3D11RHI:     Adapter Name: NVIDIA GeForce GTX 860M
[2017.06.10-16.57.49:975][  0]LogD3D11RHI:   Driver Version: Unknown (internal:Unknown, unified:Unknown)
[2017.06.10-16.57.49:975][  0]LogD3D11RHI:      Driver Date: Unknown
[2017.06.10-16.57.49:975][  0]LogRHI: Texture pool is 1361 MB (70% of 1945 MB)
[2017.06.10-16.57.50:192][  0]LogD3D11RHI: Async texture creation enabled
[2017.06.10-16.57.52:068][  0]LogD3D11RHI: GPU Timing Frequency: 1000.000000 (Debug: 2 6)
[2017.06.10-16.57.52:653][  0]LogShaderCompilers: Guid format shader working directory is -19 characters bigger than the processId version (../../../../../../Users/DanielaFe7/Desktop/SteamProjectOF/SteamProject/Intermediate/Shaders/WorkingDirectory/9552/).
[2017.06.10-16.57.52:654][  0]LogShaderCompilers: Cleaned the shader compiler working directory 'C:/Users/DanielaFe7/AppData/Local/Temp/UnrealShaderWorkingDir/ED5D164A4D7DA25691366B9B41791CC5/'.
[2017.06.10-16.57.52:709][  0]LogShaderCompilers:Display: Using Local Shader Compiler.
[2017.06.10-16.58.15:327][  0]LogTemp:Display: Loaded TP AllDesktopTargetPlatform
[2017.06.10-16.58.15:673][  0]LogTemp:Display: Loaded TP MacClientTargetPlatform
[2017.06.10-16.58.16:009][  0]LogTemp:Display: Loaded TP MacNoEditorTargetPlatform
[2017.06.10-16.58.16:373][  0]LogTemp:Display: Loaded TP MacServerTargetPlatform
[2017.06.10-16.58.16:767][  0]LogTemp:Display: Loaded TP MacTargetPlatform
[2017.06.10-16.58.17:118][  0]LogTemp:Display: Loaded TP WindowsClientTargetPlatform
[2017.06.10-16.58.17:453][  0]LogTemp:Display: Loaded TP WindowsNoEditorTargetPlatform
[2017.06.10-16.58.17:801][  0]LogTemp:Display: Loaded TP WindowsServerTargetPlatform
[2017.06.10-16.58.18:306][  0]LogTemp:Display: Loaded TP WindowsTargetPlatform
[2017.06.10-16.58.18:882][  0]LogTemp:Display: Loaded TP AndroidTargetPlatform
[2017.06.10-16.58.19:670][  0]LogTemp:Display: Loaded TP Android_ASTCTargetPlatform
[2017.06.10-16.58.20:534][  0]LogTemp:Display: Loaded TP Android_ATCTargetPlatform
[2017.06.10-16.58.21:025][  0]LogTemp:Display: Loaded TP Android_DXTTargetPlatform
[2017.06.10-16.58.21:477][  0]LogTemp:Display: Loaded TP Android_ETC1TargetPlatform
[2017.06.10-16.58.21:936][  0]LogTemp:Display: Loaded TP Android_ETC2TargetPlatform
[2017.06.10-16.58.22:729][  0]LogTemp:Display: Loaded TP Android_MultiTargetPlatform
[2017.06.10-16.58.22:729][  0]LogTemp:Display: Loaded TP Android_PVRTCTargetPlatform
[2017.06.10-16.58.23:020][  0]LogTemp:Display: Loaded TP HTML5TargetPlatform
[2017.06.10-16.58.23:753][  0]LogTemp:Display: Loaded TP IOSTargetPlatform
[2017.06.10-16.58.24:112][  0]LogTemp:Display: Loaded TP TVOSTargetPlatform
[2017.06.10-16.58.25:069][  0]LogTemp:Display: Loaded TP LinuxClientTargetPlatform
[2017.06.10-16.58.26:247][  0]LogTemp:Display: Loaded TP LinuxNoEditorTargetPlatform
[2017.06.10-16.58.26:675][  0]LogTemp:Display: Loaded TP LinuxServerTargetPlatform
[2017.06.10-16.58.27:206][  0]LogTemp:Display: Loaded TP LinuxTargetPlatform
[2017.06.10-16.58.27:206][  0]LogTargetPlatformManager:Display: Building Assets For Windows
[2017.06.10-16.58.37:438][  0]LogDerivedDataCache:Display: Max Cache Size: 512 MB
[2017.06.10-16.58.43:335][  0]LogDerivedDataCache: Loaded boot cache 5.90s 51MB C:/Users/DanielaFe7/AppData/Local/UnrealEngine/4.15/DerivedDataCache/Boot.ddc.
[2017.06.10-16.58.43:335][  0]LogDerivedDataCache:Display: Loaded Boot cache: C:/Users/DanielaFe7/AppData/Local/UnrealEngine/4.15/DerivedDataCache/Boot.ddc
[2017.06.10-16.58.43:335][  0]LogDerivedDataCache: FDerivedDataBackendGraph:  Pak pak cache file ../../../../../../Users/DanielaFe7/Desktop/SteamProjectOF/SteamProject/DerivedDataCache/DDC.ddp not found, will not use a pak cache.
[2017.06.10-16.58.43:335][  0]LogDerivedDataCache: Unable to find inner node Pak for hierarchical cache Hierarchy.
[2017.06.10-16.58.43:336][  0]LogDerivedDataCache: FDerivedDataBackendGraph:  CompressedPak pak cache file ../../../../../../Users/DanielaFe7/Desktop/SteamProjectOF/SteamProject/DerivedDataCache/Compressed.ddp not found, will not use a pak cache.
[2017.06.10-16.58.43:336][  0]LogDerivedDataCache: Unable to find inner node CompressedPak for hierarchical cache Hierarchy.
[2017.06.10-16.58.43:878][  0]LogDerivedDataCache:Display: Pak cache opened for reading ../../../Engine/DerivedDataCache/Compressed.ddp.
[2017.06.10-16.58.43:935][  0]LogDerivedDataCache: Using Local data cache path C:/Users/DanielaFe7/AppData/Local/UnrealEngine/Common/DerivedDataCache: Writable
[2017.06.10-16.58.44:768][  0]LogSlate: Using Freetype 2.6.0
[2017.06.10-16.58.45:003][  0]LogSlate: SlateFontCache - WITH_FREETYPE: 1, WITH_HARFBUZZ: 1
[2017.06.10-16.58.45:003][  0]LogSlate: SlateFontCache - WITH_FREETYPE: 1, WITH_HARFBUZZ: 1
[2017.06.10-16.59.33:606][  0]LogInit: Selected Device Profile: [Windows]
[2017.06.10-16.59.34:376][  0]LogContentStreaming: Texture pool size is 0.00 MB
[2017.06.10-16.59.38:881][  0]LogMeshUtilities: Using QuadricMeshReduction for automatic static mesh reduction
[2017.06.10-16.59.39:373][  0]LogSimplygon: Simplygon DLL not present - disabling.
[2017.06.10-16.59.39:888][  0]LogMeshUtilities: Using SimplygonSwarm for distributed automatic mesh merging
[2017.06.10-16.59.39:888][  0]LogMeshUtilities: No automatic skeletal mesh reduction module available
[2017.06.10-16.59.39:888][  0]LogMeshUtilities: No automatic mesh merging module available
[2017.06.10-17.00.07:629][  0]LogNetVersion: GetLocalNetworkVersion: CL: 3299760, ProjectName: steamproject, ProjectVersion: , EngineNetworkVersion: 2, GameNetworkVersion: 0, NetworkChecksum: 3119142434
[2017.06.10-17.00.08:357][  0]LogAssetRegistry: FAssetRegistry took 0.0242 seconds to start up
[2017.06.10-17.00.08:989][  0]LogPackageLocalizationCache: Processed 3 localized package path(s) for 1 prioritized culture(s) in 0.331171 seconds
[2017.06.10-17.00.09:083][  0]LogUObjectArray: 32493 objects as part of root set at end of initial load.
[2017.06.10-17.00.09:083][  0]LogUObjectAllocator: 7077032 out of 0 bytes used by permanent object pool.
[2017.06.10-17.00.09:083][  0]LogUObjectArray: CloseDisregardForGC: 0/0 objects in disregard for GC pool
[2017.06.10-17.01.37:624][  0]LogTcpMessaging: Initializing TcpMessaging bridge
[2017.06.10-17.01.38:169][  0]LogUdpMessaging: Initializing bridge on interface 0.0.0.0:0 to multicast group 230.0.0.1:6666.
[2017.06.10-17.01.48:095][  0]LogMaterial: Uniform references updated for custom material expression Custom.
[2017.06.10-17.01.53:560][  0]SourceControl: Info Source control is disabled
[2017.06.10-17.01.53:607][  0]SourceControl: Info Source control is disabled
[2017.06.10-17.01.54:686][  0]SourceControl: Info Source control is disabled
[2017.06.10-17.01.55:472][  0]SourceControl: Info Source control is disabled
[2017.06.10-17.02.15:925][  0]LogEngine: Initializing Engine...
[2017.06.10-17.02.16:000][  0]LogHMD: Failed to initialize OpenVR with code 110
[2017.06.10-17.02.21:356][  0]LogAIModule: Creating AISystem for world Untitled
[2017.06.10-17.02.22:279][  0]LogInit: XAudio2 using 'Altavoces (Realtek High Definition Audio)' : 2 channels at 48 kHz using 32 bits per sample (channel mask 0x3)
[2017.06.10-17.02.22:339][  0]LogInit: FAudioDevice initialized.
[2017.06.10-17.02.22:431][  0]LogDerivedDataCache: Saved boot cache 0.09s 51MB C:/Users/DanielaFe7/AppData/Local/UnrealEngine/4.15/DerivedDataCache/Boot.ddc.
[2017.06.10-17.02.22:441][  0]LogInit: Texture streaming: Enabled
[2017.06.10-17.02.25:254][  0]LogEngineSessionManager: EngineSessionManager initialized
[2017.06.10-17.02.31:514][  0]LogInit: Transaction tracking system initialized
[2017.06.10-17.02.36:235][  0]BlueprintLog: New page: Editor Load
[2017.06.10-17.02.55:013][  0]LocalizationService: Info Localization service is disabled
[2017.06.10-17.03.09:187][  0]LogConsoleResponse:Display: 
[2017.06.10-17.03.21:117][  0]LogFileCache: Scanning file cache for directory 'C:/Users/DanielaFe7/Desktop/SteamProjectOF/SteamProject/Content/' took 0.06s
[2017.06.10-17.03.21:117][  0]LogCook:Display: Max memory allowance for cook 16384mb min free memory 0mb
[2017.06.10-17.03.21:226][  0]LogCook:Display: Mobile HDR setting 1
[2017.06.10-17.03.38:328][  0]SourceControl: Info Source control is disabled
[2017.06.10-17.03.38:741][  0]Cmd: MAP LOAD FILE="../../../../../../Users/DanielaFe7/Desktop/SteamProjectOF/SteamProject/Content/Maps/MainMenu.umap" TEMPLATE=0 SHOWPROGRESS=1 FEATURELEVEL=3
[2017.06.10-17.03.39:151][  0]LightingResults: New page: Lighting Build
[2017.06.10-17.03.39:898][  0]MapCheck: New page: Map Check
[2017.06.10-17.03.39:898][  0]LightingResults: New page: Lighting Build
[2017.06.10-17.03.50:892][  0]LogAIModule: Creating AISystem for world MainMenu
[2017.06.10-17.03.51:198][  0]LogEditorServer: Finished looking for orphan Actors (0.000 secs)
[2017.06.10-17.03.51:434][  0]Cmd: MAP CHECKDEP NOCLEARLOG
[2017.06.10-17.03.51:826][  0]MapCheck: Info Map check complete: 0 Error(s), 0 Warning(s), took 391.726ms to complete.
[2017.06.10-17.03.51:826][  0]LogFileHelpers: Loading map 'MainMenu' took 13.350
[2017.06.10-17.04.02:291][  0]LogCollectionManager: Loaded 0 collections in 0.019766 seconds
[2017.06.10-17.04.04:007][  0]LogFileCache: Scanning file cache for directory 'C:/Users/DanielaFe7/Desktop/SteamProjectOF/SteamProject/Saved/Collections/' took 0.01s
[2017.06.10-17.04.04:007][  0]LogFileCache: Scanning file cache for directory 'C:/Users/DanielaFe7/Desktop/SteamProjectOF/SteamProject/Content/Developers/DanielaFe7/Collections/' took 0.01s
[2017.06.10-17.04.04:007][  0]LogFileCache: Scanning file cache for directory 'C:/Users/DanielaFe7/Desktop/SteamProjectOF/SteamProject/Content/Collections/' took 0.01s
[2017.06.10-17.04.04:007][  0]LogCollectionManager: Rebuilt the GUID cache for 0 collections in 0.000018 seconds
[2017.06.10-17.04.04:082][  0]LogContentBrowser: Native class hierarchy populated in 0.0388 seconds. Added 2245 classes and 453 folders.
[2017.06.10-17.04.04:209][  0]LogStats: UGameplayTagsManager::ConstructGameplayTagTree: Construct from data asset -  0.000 s
[2017.06.10-17.04.04:209][  0]LogStats: UGameplayTagsManager::ConstructGameplayTagTree: GameplayTagTreeChangedEvent.Broadcast -  0.000 s
[2017.06.10-17.04.04:670][  0]LogContentBrowser: Native class hierarchy updated for 'WidgetCarousel' in 0.0023 seconds. Added 0 classes and 0 folders.
[2017.06.10-17.04.16:920][  0]LogContentBrowser: Native class hierarchy updated for 'AddContentDialog' in 0.0034 seconds. Added 0 classes and 0 folders.
[2017.06.10-17.04.18:420][  0]LogContentBrowser: Native class hierarchy updated for 'SceneOutliner' in 0.0023 seconds. Added 1 classes and 2 folders.
[2017.06.10-17.04.27:528][  0]LogCrashTracker: Crashtracker disabled due to settings.
[2017.06.10-17.04.27:885][  0]LogUObjectGlobals:Warning: Failed to find object 'Class None.'
[2017.06.10-17.04.28:644][  0]LogContentBrowser: Native class hierarchy updated for 'HierarchicalLODOutliner' in 0.0036 seconds. Added 1 classes and 2 folders.
[2017.06.10-17.04.28:645][  0]LogLoad: (Engine Initialization) Total time: 481.15 seconds
[2017.06.10-17.04.28:645][  0]LogLoad: (Engine Initialization) Total Blueprint compile time: 4.72 seconds
[2017.06.10-17.04.28:645][  0]LogExternalProfiler: Found external profiler: VSPerf
[2017.06.10-17.04.28:645][  0]LogExternalProfiler: Using external profiler: VSPerf
[2017.06.10-17.04.28:987][  0]LogOcInput: OculusInput pre-init called
[2017.06.10-17.04.29:375][  0]LogContentStreaming: Texture pool size now 400 MB
[2017.06.10-17.04.29:769][  0]LogSlate: Took 0.191901 seconds to synchronously load lazily loaded font '../../../Engine/Content/Slate/Fonts/Roboto-Regular.ttf' (155K)
[2017.06.10-17.04.29:933][  0]LogSlate: Took 0.150123 seconds to synchronously load lazily loaded font '../../../Engine/Content/Slate/Fonts/Roboto-Bold.ttf' (160K)
[2017.06.10-17.04.30:393][  0]LogSlate: Took 0.259891 seconds to synchronously load lazily loaded font '../../../Engine/Content/Editor/Slate/Fonts/FontAwesome.ttf' (139K)
[2017.06.10-17.04.35:640][  0]LogRenderer: Reallocating scene render targets to support 868x428 NumSamples 1 (Frame:2).
[2017.06.10-17.04.38:901][  2]LogSlate: Took 0.128387 seconds to synchronously load lazily loaded font '../../../Engine/Content/Slate/Fonts/Roboto-Light.ttf' (159K)
[2017.06.10-17.04.41:660][ 11]LogAssetRegistry: Asset discovery search completed in 273.3269 seconds
[2017.06.10-17.04.41:661][ 11]LogCollectionManager: Rebuilt the object cache for 0 collections in 0.000085 seconds (found 0 objects)
[2017.06.10-17.04.41:661][ 11]LogCollectionManager: Fixed up redirectors for 0 collections in 0.000188 seconds (updated 0 objects)
[2017.06.10-17.12.19:806][296]LogSlate: Took 0.000760 seconds to synchronously load lazily loaded font '../../../Engine/Content/Slate/Fonts/Roboto-Light.ttf' (159K)
[2017.06.10-17.12.20:846][296]LogSlate: Took 0.000738 seconds to synchronously load lazily loaded font '../../../Engine/Content/Slate/Fonts/Roboto-Regular.ttf' (155K)
[2017.06.10-17.12.28:402][296]LogAIModule: Creating AISystem for world Advanced_Lighting
[2017.06.10-17.12.28:404][296]LogActorComponent: RegisterComponentWithWorld: (/Game/StarterContent/Maps/Advanced_Lighting.Advanced_Lighting:PersistentLevel.WorldSettings_1.StaticMeshComponent0) Trying to register component with IsPendingKill() == true. Aborting.
[2017.06.10-17.12.29:178][296]Cmd: MAP LOAD FILE="../../../../../../Users/DanielaFe7/Desktop/SteamProjectOF/SteamProject/Content/StarterContent/Maps/Advanced_Lighting.umap" TEMPLATE=0 SHOWPROGRESS=1 FEATURELEVEL=3
[2017.06.10-17.12.29:179][296]LightingResults: New page: Lighting Build
[2017.06.10-17.12.29:184][296]LoadErrors: New page: Loading map: Advanced_Lighting.umap
[2017.06.10-17.12.29:186][296]MapCheck: New page: Map Check
[2017.06.10-17.12.29:186][296]LightingResults: New page: Lighting Build
[2017.06.10-17.12.29:659][296]LogEditorServer: Finished looking for orphan Actors (0.000 secs)
[2017.06.10-17.12.29:758][296]Cmd: MAP CHECKDEP NOCLEARLOG
[2017.06.10-17.12.30:129][296]MapCheck: Info Map check complete: 0 Error(s), 0 Warning(s), took 371.111ms to complete.
[2017.06.10-17.12.30:131][296]LogFileHelpers: Loading map 'Advanced_Lighting' took 0.956
[2017.06.10-17.12.59:139][840]LogBlueprint:Warning: [Compiler LobbyPC] Warning  Set Input Mode Game And UI (Deprecated)  is deprecated; Use the new version of Set Input Mode Game And UI instead
[2017.06.10-17.12.59:192][840]LogBlueprint:Warning: [Compiler LobbyPC] Warning [0991.69] Compile of LobbyPC successful, but with 1 Warning(s) [in 183 ms] (/Game/Blueprints/Lobby/LobbyPC.LobbyPC)
[2017.06.10-17.12.59:204][840]LogBlueprint:Warning: [Compiler LobbyPC] Warning [0991.71] Compile of LobbyPC successful, but with 2 Warning(s) [in 11 ms] (/Game/Blueprints/Lobby/LobbyPC.LobbyPC)
[2017.06.10-17.12.59:204][840]LogBlueprint:Warning: [Compiler LobbyPC] Warning [0991.71] Compile of LobbyPC successful, but with 3 Warning(s) [in 0 ms] (/Game/Blueprints/Lobby/LobbyPC.LobbyPC)
[2017.06.10-17.12.59:896][840]LogBlueprint:Warning: [Compiler LobbyPC] Warning  Set Input Mode Game And UI (Deprecated)  is deprecated; Use the new version of Set Input Mode Game And UI instead
[2017.06.10-17.12.59:961][840]LogBlueprint:Warning: [Compiler LobbyPC] Warning [0992.46] Compile of LobbyPC successful, but with 1 Warning(s) [in 221 ms] (/Game/Blueprints/Lobby/LobbyPC.LobbyPC)
[2017.06.10-17.12.59:961][840]LogBlueprint:Warning: [Compiler LobbyPC] Warning [0992.46] Compile of LobbyPC successful, but with 2 Warning(s) [in 0 ms] (/Game/Blueprints/Lobby/LobbyPC.LobbyPC)
[2017.06.10-17.12.59:974][840]LogBlueprint:Warning: [Compiler LobbyPC] Warning [0992.48] Compile of LobbyPC successful, but with 3 Warning(s) [in 12 ms] (/Game/Blueprints/Lobby/LobbyPC.LobbyPC)
[2017.06.10-17.13.26:512][840]LogAIModule: Creating AISystem for world Arena01
[2017.06.10-17.13.26:513][840]LogActorComponent: RegisterComponentWithWorld: (/Game/Maps/Arena01.Arena01:PersistentLevel.WorldInfo_0.StaticMeshComponent0) Trying to register component with IsPendingKill() == true. Aborting.
[2017.06.10-17.13.26:787][840]Cmd: MAP LOAD FILE="../../../../../../Users/DanielaFe7/Desktop/SteamProjectOF/SteamProject/Content/Maps/Arena01.umap" TEMPLATE=0 SHOWPROGRESS=1 FEATURELEVEL=3
[2017.06.10-17.13.26:787][840]LightingResults: New page: Lighting Build
[2017.06.10-17.13.26:793][840]LoadErrors: New page: Loading map: Arena01.umap
[2017.06.10-17.13.26:795][840]MapCheck: New page: Map Check
[2017.06.10-17.13.26:795][840]LightingResults: New page: Lighting Build
[2017.06.10-17.13.27:252][840]LogEditorServer: Finished looking for orphan Actors (0.000 secs)
[2017.06.10-17.13.27:348][840]Cmd: MAP CHECKDEP NOCLEARLOG
[2017.06.10-17.13.27:878][840]MapCheck: Info Map check complete: 0 Error(s), 0 Warning(s), took 529.563ms to complete.
[2017.06.10-17.13.27:880][840]LogFileHelpers: Loading map 'Arena01' took 1.096
[2017.06.10-17.14.09:196][398]LogActorFactory: Actor Factory created Shape_Plane
[2017.06.10-17.14.09:345][398]LogActorFactory: Actor Factory created Shape_Plane
[2017.06.10-17.14.43:884][895]Cmd: SELECT NONE
[2017.06.10-17.14.59:147][344]Cmd: TRANSACTION UNDO
[2017.06.10-17.14.59:147][344]LogEditorTransaction: Undo Select None
[2017.06.10-17.14.59:309][344]LogSlate: Took 0.001073 seconds to synchronously load lazily loaded font '../../../Engine/Content/Slate/Fonts/Roboto-Light.ttf' (159K)
[2017.06.10-17.15.18:174][115]Cmd: TRANSACTION UNDO
[2017.06.10-17.15.18:174][115]LogEditorTransaction: Undo Rotate Actors
[2017.06.10-17.15.19:489][159]Cmd: TRANSACTION UNDO
[2017.06.10-17.15.19:489][159]LogEditorTransaction: Undo Rotate Actors
[2017.06.10-17.15.19:920][175]Cmd: TRANSACTION UNDO
[2017.06.10-17.15.19:920][175]LogEditorTransaction: Undo Create Actors
[2017.06.10-17.15.22:033][254]LogActorFactory: Actor Factory created Shape_Plane
[2017.06.10-17.15.25:822][398]LogActorFactory: Actor Factory created Shape_Plane
[2017.06.10-17.16.44:872][148]Cmd: TRANSACTION UNDO
[2017.06.10-17.16.44:872][148]LogEditorTransaction: Undo Rotate Actors
[2017.06.10-17.16.49:778][347]LogEditorViewport: Clicking on Actor (LMB): StaticMeshActor (Floor)
[2017.06.10-17.16.52:205][447]Cmd: TRANSACTION UNDO
[2017.06.10-17.16.52:205][447]LogEditorTransaction: Undo Clicking on Actors
[2017.06.10-17.16.54:163][517]LogEditorViewport: Clicking on Actor (LMB): StaticMeshActor (Floor)
[2017.06.10-17.16.55:845][581]Cmd: TRANSACTION UNDO
[2017.06.10-17.16.55:845][581]LogEditorTransaction: Undo Clicking on Actors
[2017.06.10-17.16.57:286][631]LogEditorViewport: Clicking on Actor (LMB): StaticMeshActor (Floor)
[2017.06.10-17.16.58:776][689]Cmd: TRANSACTION UNDO
[2017.06.10-17.16.58:776][689]LogEditorTransaction: Undo Clicking on Actors
[2017.06.10-17.17.10:463][178]LogEditorViewport: Clicking on Actor (LMB): StaticMeshActor (Floor)
[2017.06.10-17.17.13:241][293]Cmd: TRANSACTION UNDO
[2017.06.10-17.17.13:242][293]LogEditorTransaction: Undo Clicking on Actors
[2017.06.10-17.17.15:158][363]LogEditorViewport: Clicking on Actor (LMB): StaticMeshActor (Floor)
[2017.06.10-17.17.20:184][576]LogEditorViewport: Clicking on Actor (LMB): StaticMeshActor (Floor)
[2017.06.10-17.17.21:744][644]LogEditorViewport: Clicking on Actor (LMB): StaticMeshActor (Floor)
[2017.06.10-17.17.23:506][719]LogEditorViewport: Clicking on Actor (LMB): StaticMeshActor (Floor)
[2017.06.10-17.17.51:935][838]LogEditorViewport: Clicking on Actor (LMB): StaticMeshActor (Floor)
[2017.06.10-17.17.52:438][857]LogEditorViewport: Clicking on Actor (LMB): TextRenderActor (TemplateLabel)
[2017.06.10-17.17.59:243][106]LogEditorViewport: Clicking on Actor (LMB): StaticMeshActor (Floor)
[2017.06.10-17.17.59:746][118]Cmd: TRANSACTION UNDO
[2017.06.10-17.17.59:746][118]LogEditorTransaction: Undo Clicking on Actors
[2017.06.10-17.18.00:114][125]Cmd: TRANSACTION UNDO
[2017.06.10-17.18.00:114][125]LogEditorTransaction: Undo Clicking on Actors
[2017.06.10-17.18.00:484][132]Cmd: TRANSACTION UNDO
[2017.06.10-17.18.00:484][132]LogEditorTransaction: Undo Clicking on Actors
[2017.06.10-17.18.00:782][144]Cmd: TRANSACTION UNDO
[2017.06.10-17.18.00:782][144]LogEditorTransaction: Undo Clicking on Actors
[2017.06.10-17.18.01:098][156]Cmd: TRANSACTION UNDO
[2017.06.10-17.18.01:098][156]LogEditorTransaction: Undo Clicking on Actors
[2017.06.10-17.18.01:412][168]Cmd: TRANSACTION UNDO
[2017.06.10-17.18.01:412][168]LogEditorTransaction: Undo Clicking on Actors
[2017.06.10-17.18.01:645][176]Cmd: TRANSACTION UNDO
[2017.06.10-17.18.01:646][176]LogEditorTransaction: Undo Clicking on Actors
[2017.06.10-17.18.01:893][179]Cmd: TRANSACTION UNDO
[2017.06.10-17.18.01:893][179]LogEditorTransaction: Undo Rotate Actors
[2017.06.10-17.18.02:846][218]Cmd: TRANSACTION UNDO
[2017.06.10-17.18.02:846][218]LogEditorTransaction: Undo Rotate Actors
[2017.06.10-17.18.03:190][231]Cmd: TRANSACTION UNDO
[2017.06.10-17.18.03:190][231]LogEditorTransaction: Undo Create Actors
[2017.06.10-17.18.06:106][352]LogActorFactory: Actor Factory created Shape_Plane
[2017.06.10-17.18.08:302][443]LogActorFactory: Actor Factory created Shape_Plane
[2017.06.10-17.18.26:605][199]LogEditorViewport: Clicking on Actor (LMB): StaticMeshActor (Floor)
[2017.06.10-17.18.29:238][307]Cmd: TRANSACTION UNDO
[2017.06.10-17.18.29:238][307]LogEditorTransaction: Undo Clicking on Actors
[2017.06.10-17.18.41:916][824]LogEditorViewport: Clicking on Actor (LMB): StaticMeshActor (Floor)
[2017.06.10-17.18.49:603][140]Cmd: TRANSACTION UNDO
[2017.06.10-17.18.49:603][140]LogEditorTransaction: Undo Move Actors
[2017.06.10-17.18.50:211][159]Cmd: TRANSACTION UNDO
[2017.06.10-17.18.50:211][159]LogEditorTransaction: Undo Clicking on Actors
[2017.06.10-17.18.50:580][167]Cmd: TRANSACTION UNDO
[2017.06.10-17.18.50:580][167]LogEditorTransaction: Undo Rotate Actors
[2017.06.10-17.18.51:025][184]Cmd: TRANSACTION UNDO
[2017.06.10-17.18.51:025][184]LogEditorTransaction: Undo Rotate Actors
[2017.06.10-17.18.51:491][202]Cmd: TRANSACTION UNDO
[2017.06.10-17.18.51:491][202]LogEditorTransaction: Undo Create Actors
[2017.06.10-17.19.28:175][653]LogActorFactory: Actor Factory created Shape_Plane
[2017.06.10-17.19.30:602][748]LogActorFactory: Actor Factory created Shape_Plane
[2017.06.10-17.19.36:380][985]LogEditorViewport: Clicking on Actor (LMB): StaticMeshActor (Floor)
[2017.06.10-17.19.38:886][ 84]LogEditorViewport: Clicking on Actor (LMB): StaticMeshActor (Floor)
[2017.06.10-17.19.39:628][116]Cmd: TRANSACTION UNDO
[2017.06.10-17.19.39:628][116]LogEditorTransaction: Undo Clicking on Actors
[2017.06.10-17.19.40:858][162]Cmd: TRANSACTION UNDO
[2017.06.10-17.19.40:858][162]LogEditorTransaction: Undo Clicking on Actors
[2017.06.10-17.20.26:531][ 82]LogEditorViewport: Clicking on Actor (LMB): StaticMeshActor (Floor)
[2017.06.10-17.20.30:255][230]LogEditorViewport: Clicking on Actor (LMB): StaticMeshActor (Floor)
[2017.06.10-17.20.34:178][393]LogEditorViewport: Clicking on Actor (LMB): StaticMeshActor (Shape_Plane)
[2017.06.10-17.21.13:451][483]Cmd: TRANSACTION UNDO
[2017.06.10-17.21.13:451][483]LogEditorTransaction: Undo Scale Actors
[2017.06.10-17.21.13:877][493]Cmd: TRANSACTION UNDO
[2017.06.10-17.21.13:877][493]LogEditorTransaction: Undo Scale Actors
[2017.06.10-17.21.14:488][515]Cmd: TRANSACTION UNDO
[2017.06.10-17.21.14:489][515]LogEditorTransaction: Undo Clicking on Actors
[2017.06.10-17.21.19:782][718]LogEditorViewport: Clicking on Actor (LMB): StaticMeshActor (Shape_Plane)
[2017.06.10-17.21.47:193][867]LogEditorViewport: Clicking on Actor (LMB): StaticMeshActor (Floor)
[2017.06.10-17.21.50:430][995]LogEditorViewport: Clicking on Actor (LMB): PlayerStart (NetworkPlayerStart3)
[2017.06.10-17.21.52:142][ 62]LogNavigationPoint: PostEditMove Clear paths rebuilt
[2017.06.10-17.21.53:226][107]LogEditorViewport: Clicking on Actor (LMB): StaticMeshActor (Shape_Plane)
[2017.06.10-17.22.05:345][603]LogEditorViewport: Clicking on Actor (LMB): StaticMeshActor (Floor)
[2017.06.10-17.22.21:288][728]LogAIModule: Creating AISystem for world StarterMap
[2017.06.10-17.22.21:289][728]LogActorComponent: RegisterComponentWithWorld: (/Game/StarterContent/Maps/StarterMap.StarterMap:PersistentLevel.WorldSettings_1.StaticMeshComponent0) Trying to register component with IsPendingKill() == true. Aborting.
[2017.06.10-17.22.24:690][728]Cmd: OBJ SAVEPACKAGE PACKAGE="/Game/Maps/Arena01" FILE="../../../../../../Users/DanielaFe7/Desktop/SteamProjectOF/SteamProject/Content/Maps/Arena01.umap" SILENT=true AUTOSAVING=false KEEPDIRTY=false
[2017.06.10-17.22.26:433][728]LogSavePackage: Save=1309.95ms
[2017.06.10-17.22.26:433][728]LogSavePackage: Moving '../../../../../../Users/DanielaFe7/Desktop/SteamProjectOF/SteamProject/Saved/Arena0118F97B2549DA08F36F84A1A83453AB5B.tmp' to '../../../../../../Users/DanielaFe7/Desktop/SteamProjectOF/SteamProject/Content/Maps/Arena01.umap'
[2017.06.10-17.22.26:521][728]LogSavePackage:Display: Finished SavePackage ../../../../../../Users/DanielaFe7/Desktop/SteamProjectOF/SteamProject/Content/Maps/Arena01.umap
[2017.06.10-17.22.26:929][728]LogFileHelpers: Saving map 'Arena01' took 3.023
[2017.06.10-17.22.26:931][728]Cmd: MAP LOAD FILE="../../../../../../Users/DanielaFe7/Desktop/SteamProjectOF/SteamProject/Content/StarterContent/Maps/StarterMap.umap" TEMPLATE=0 SHOWPROGRESS=1 FEATURELEVEL=3
[2017.06.10-17.22.26:932][728]LightingResults: New page: Lighting Build
[2017.06.10-17.22.26:938][728]LoadErrors: New page: Loading map: StarterMap.umap
[2017.06.10-17.22.26:941][728]MapCheck: New page: Map Check
[2017.06.10-17.22.26:941][728]LightingResults: New page: Lighting Build
[2017.06.10-17.22.27:495][728]LogEditorServer: Finished looking for orphan Actors (0.000 secs)
[2017.06.10-17.22.27:605][728]Cmd: MAP CHECKDEP NOCLEARLOG
[2017.06.10-17.22.28:484][728]MapCheck: Info Map check complete: 0 Error(s), 0 Warning(s), took 878.092ms to complete.
[2017.06.10-17.22.28:486][728]LogFileHelpers: Loading map 'StarterMap' took 1.557
[2017.06.10-17.22.42:412][151]LogAIModule: Creating AISystem for world MainMenu
[2017.06.10-17.22.42:501][151]Cmd: MAP LOAD FILE="../../../../../../Users/DanielaFe7/Desktop/SteamProjectOF/SteamProject/Content/Maps/MainMenu.umap" TEMPLATE=0 SHOWPROGRESS=1 FEATURELEVEL=3
[2017.06.10-17.22.42:501][151]LightingResults: New page: Lighting Build
[2017.06.10-17.22.42:509][151]LoadErrors: New page: Loading map: MainMenu.umap
[2017.06.10-17.22.42:517][151]MapCheck: New page: Map Check
[2017.06.10-17.22.42:518][151]LightingResults: New page: Lighting Build
[2017.06.10-17.22.42:865][151]LogEditorServer: Finished looking for orphan Actors (0.000 secs)
[2017.06.10-17.22.42:966][151]Cmd: MAP CHECKDEP NOCLEARLOG
[2017.06.10-17.22.43:749][151]MapCheck: Info Map check complete: 0 Error(s), 0 Warning(s), took 783.023ms to complete.
[2017.06.10-17.22.43:752][151]LogFileHelpers: Loading map 'MainMenu' took 1.255
[2017.06.10-17.22.47:009][296]LogTemp: Repeting last play command: Standalone Game
[2017.06.10-17.22.48:869][296]LogSavePackage: Save=254.38ms
[2017.06.10-17.22.48:869][296]LogSavePackage: Moving '../../../../../../Users/DanielaFe7/Desktop/SteamProjectOF/SteamProject/Saved/UEDPCMainMenu7CFD7D2D4C429ABE9235A8BC9387704A.tmp' to '../../../../../../Users/DanielaFe7/Desktop/SteamProjectOF/SteamProject/Saved/Autosaves/Game/Maps/UEDPCMainMenu.umap'
[2017.06.10-17.22.48:877][296]LogSavePackage:Display: Finished SavePackage ../../../../../../Users/DanielaFe7/Desktop/SteamProjectOF/SteamProject/Saved/Autosaves/Game/Maps/UEDPCMainMenu.umap
[2017.06.10-17.22.48:892][296]LogEditorTransaction: Undo Spawn Play From Here Start
[2017.06.10-17.39.33:932][935]LogFactory: FactoryCreateFile: FileMediaSource with AvfFileMediaSourceFactory (0 0 C:\Users\DanielaFe7\Downloads\EL MAGO MERLIN- Cuentos Infantiles en español (720p_30fps_H264-192kbit_AAC).mp4)
[2017.06.10-17.40.16:070][493]LogFileHelpers: Editor autosave (incl. sublevels) for '/Game/Maps/MainMenu' took 0.042
[2017.06.10-17.40.16:079][493]OBJ SavePackage: Generating thumbnails for [0] asset(s) in package [/Game/StarterContent/Cinematicas/EL_MAGO_MERLIN-_Cuentos_Infantiles_en_español__720p_30fps_H264-192kbit_AAC_] ([1] browsable assets)...
[2017.06.10-17.40.16:079][493]OBJ SavePackage: Finished generating thumbnails for package [/Game/StarterContent/Cinematicas/EL_MAGO_MERLIN-_Cuentos_Infantiles_en_español__720p_30fps_H264-192kbit_AAC_]
[2017.06.10-17.40.16:093][493]LogSavePackage: Save=6.66ms
[2017.06.10-17.40.16:093][493]LogSavePackage: Moving '../../../../../../Users/DanielaFe7/Desktop/SteamProjectOF/SteamProject/Saved/EL_MAGO_MERLIN-_Cuentos_Infantiles_en_español__720p_30fps_H264-192kbit_AAC__Auto159DEBA0B44A78FEE3C0B5F917AA6526B.tmp' to '../../../../../../Users/DanielaFe7/Desktop/SteamProjectOF/SteamProject/Saved/Autosaves/Game/StarterContent/Cinematicas/EL_MAGO_MERLIN-_Cuentos_Infantiles_en_español__720p_30fps_H264-192kbit_AAC__Auto1.uasset'
[2017.06.10-17.40.16:100][493]LogSavePackage:Display: Finished SavePackage ../../../../../../Users/DanielaFe7/Desktop/SteamProjectOF/SteamProject/Saved/Autosaves/Game/StarterContent/Cinematicas/EL_MAGO_MERLIN-_Cuentos_Infantiles_en_español__720p_30fps_H264-192kbit_AAC__Auto1.uasset
[2017.06.10-17.40.16:101][493]LogFileHelpers: Auto-saving content packages took 0.028
[2017.06.10-17.47.19:875][ 45]LogFactory: FactoryCreateFile: FileMediaSource with AvfFileMediaSourceFactory (0 0 C:\Users\DanielaFe7\Desktop\EL MAGO MERLIN.mp4)
[2017.06.10-17.48.44:839][ 85]LogMaterial: Missing cached shader map for material Material_0, compiling. 
[2017.06.10-17.48.44:854][ 85]LogTemp:Display: Added material ShaderMap 0x0000018F8FED1280 with Material 0x0000018FC7D20100 to ShaderMapsBeingCompiled
[2017.06.10-17.48.44:931][ 85]LogTemp:Display: Kicking off shader compilation for Material_0, GameThreadShaderMap 0x0000018F8FED1280
[2017.06.10-17.48.45:222][ 85]LogContentBrowser:Verbose: The majority of assets in the view are of type: FileMediaSource
[2017.06.10-17.48.50:176][250]LogTemp:Display: Finished compile of shader map 0x0000018F8FED1280
[2017.06.10-17.48.50:176][250]LogTemp:Display: Shader map Material_0 complete, GameThreadShaderMap 0x0000018F8FED1280, marking material Material_0 as finished
[2017.06.10-17.48.50:176][250]LogTemp:Display: Marking material as finished 0x0000018FC7D20100
[2017.06.10-17.49.43:751][185]LogAIModule: Creating AISystem for world Arena01
[2017.06.10-17.49.46:026][185]LogSavePackage: Save=6.60ms
[2017.06.10-17.49.46:026][185]LogSavePackage: Moving '../../../../../../Users/DanielaFe7/Desktop/SteamProjectOF/SteamProject/Saved/CinematicaIB9DCA65E4BCBFED33463AC99EC27D54B.tmp' to '../../../../../../Users/DanielaFe7/Desktop/SteamProjectOF/SteamProject/Content/StarterContent/Cinematicas/CinematicaI.uasset'
[2017.06.10-17.49.46:040][185]LogSavePackage:Display: Finished SavePackage ../../../../../../Users/DanielaFe7/Desktop/SteamProjectOF/SteamProject/Content/StarterContent/Cinematicas/CinematicaI.uasset
[2017.06.10-17.49.46:127][185]LogSavePackage: Save=31.15ms
[2017.06.10-17.49.46:127][185]LogSavePackage: Moving '../../../../../../Users/DanielaFe7/Desktop/SteamProjectOF/SteamProject/Saved/CinematicaI_SoundAA57286B45D4ABBD148014A94B917E2A.tmp' to '../../../../../../Users/DanielaFe7/Desktop/SteamProjectOF/SteamProject/Content/StarterContent/Cinematicas/CinematicaI_Sound.uasset'
[2017.06.10-17.49.46:140][185]LogSavePackage:Display: Finished SavePackage ../../../../../../Users/DanielaFe7/Desktop/SteamProjectOF/SteamProject/Content/StarterContent/Cinematicas/CinematicaI_Sound.uasset
[2017.06.10-17.49.46:154][185]LogSavePackage: Save=5.88ms
[2017.06.10-17.49.46:154][185]LogSavePackage: Moving '../../../../../../Users/DanielaFe7/Desktop/SteamProjectOF/SteamProject/Saved/CinematicaI_Video29E52C3A4329E215F402E1974C11D6E4.tmp' to '../../../../../../Users/DanielaFe7/Desktop/SteamProjectOF/SteamProject/Content/StarterContent/Cinematicas/CinematicaI_Video.uasset'
[2017.06.10-17.49.46:166][185]LogSavePackage:Display: Finished SavePackage ../../../../../../Users/DanielaFe7/Desktop/SteamProjectOF/SteamProject/Content/StarterContent/Cinematicas/CinematicaI_Video.uasset
[2017.06.10-17.49.46:176][185]LogSavePackage: Save=4.62ms
[2017.06.10-17.49.46:176][185]LogSavePackage: Moving '../../../../../../Users/DanielaFe7/Desktop/SteamProjectOF/SteamProject/Saved/EL_MAGO_MERLIN32A30ED94A56263CB9F28282ED49B231.tmp' to '../../../../../../Users/DanielaFe7/Desktop/SteamProjectOF/SteamProject/Content/StarterContent/Cinematicas/EL_MAGO_MERLIN.uasset'
[2017.06.10-17.49.46:195][185]LogSavePackage:Display: Finished SavePackage ../../../../../../Users/DanielaFe7/Desktop/SteamProjectOF/SteamProject/Content/StarterContent/Cinematicas/EL_MAGO_MERLIN.uasset
[2017.06.10-17.49.46:199][185]Cmd: MAP LOAD FILE="../../../../../../Users/DanielaFe7/Desktop/SteamProjectOF/SteamProject/Content/Maps/Arena01.umap" TEMPLATE=0 SHOWPROGRESS=1 FEATURELEVEL=3
[2017.06.10-17.49.46:200][185]LightingResults: New page: Lighting Build
[2017.06.10-17.49.46:206][185]LoadErrors: New page: Loading map: Arena01.umap
[2017.06.10-17.49.46:208][185]MapCheck: New page: Map Check
[2017.06.10-17.49.46:208][185]LightingResults: New page: Lighting Build
[2017.06.10-17.49.46:610][185]LogEditorServer: Finished looking for orphan Actors (0.000 secs)
[2017.06.10-17.49.46:700][185]Cmd: MAP CHECKDEP NOCLEARLOG
[2017.06.10-17.49.47:592][185]MapCheck: Info Map check complete: 0 Error(s), 0 Warning(s), took 892.239ms to complete.
[2017.06.10-17.49.47:595][185]LogFileHelpers: Loading map 'Arena01' took 1.400
[2017.06.10-17.49.58:317][582]LogMaterial: Missing cached shader map for material CinematicaI_Video_Mat, compiling. 
[2017.06.10-17.49.58:320][582]LogTemp:Display: Added material ShaderMap 0x0000018F9CE47580 with Material 0x0000018F8D502380 to ShaderMapsBeingCompiled
[2017.06.10-17.49.58:421][582]LogTemp:Display: Kicking off shader compilation for CinematicaI_Video_Mat, GameThreadShaderMap 0x0000018F9CE47580
[2017.06.10-17.50.06:398][857]LogTemp:Display: Finished compile of shader map 0x0000018F9CE47580
[2017.06.10-17.50.06:398][857]LogTemp:Display: Shader map CinematicaI_Video_Mat complete, GameThreadShaderMap 0x0000018F9CE47580, marking material CinematicaI_Video_Mat as finished
[2017.06.10-17.50.06:398][857]LogTemp:Display: Marking material as finished 0x0000018F8D502380
[2017.06.10-17.50.47:263][250]LogEditorViewport: Clicking on Actor (LMB): StaticMeshActor (Shape_Plane)
[2017.06.10-17.50.56:296][449]LogContentBrowser: Native class hierarchy updated for 'BlueprintGraph' in 0.0055 seconds. Added 112 classes and 0 folders.
[2017.06.10-17.51.00:547][449]LogSlate: Took 0.026730 seconds to synchronously load lazily loaded font '../../../Engine/Content/Editor/Slate/Fonts/Roboto-BoldCondensed.ttf' (158K)
[2017.06.10-17.52.16:097][  8]LogSlate: Took 0.061249 seconds to synchronously load lazily loaded font '../../../Engine/Content/Editor/Slate/Fonts/Roboto-BoldCondensedItalic.ttf' (160K)
[2017.06.10-17.53.00:522][541]BlueprintLog: New page: Compile Arena01
[2017.06.10-17.54.49:536][332]LogSlate: Took 0.059793 seconds to synchronously load lazily loaded font '../../../Engine/Content/Editor/Slate/Fonts/Roboto-Italic.ttf' (157K)
[2017.06.10-17.55.28:605][743]BlueprintLog: New page: Compile Arena01
[2017.06.10-17.55.37:645][ 79]LogTemp: Repeting last play command: Standalone Game
[2017.06.10-17.55.43:277][ 79]LogSavePackage: Save=79.90ms
[2017.06.10-17.55.43:277][ 79]LogSavePackage: Moving '../../../../../../Users/DanielaFe7/Desktop/SteamProjectOF/SteamProject/Saved/CinematicaI_Video_Mat7084166245040A811BFFCC8B8D5CECC3.tmp' to '../../../../../../Users/DanielaFe7/Desktop/SteamProjectOF/SteamProject/Content/StarterContent/Cinematicas/CinematicaI_Video_Mat.uasset'
[2017.06.10-17.55.43:291][ 79]LogSavePackage:Display: Finished SavePackage ../../../../../../Users/DanielaFe7/Desktop/SteamProjectOF/SteamProject/Content/StarterContent/Cinematicas/CinematicaI_Video_Mat.uasset
[2017.06.10-17.55.44:721][ 79]LogSavePackage: Save=1153.79ms
[2017.06.10-17.55.44:722][ 79]LogSavePackage: Moving '../../../../../../Users/DanielaFe7/Desktop/SteamProjectOF/SteamProject/Saved/UEDPCArena01B1A23AFB40BBDEC6E0D2A896DAE7C9D0.tmp' to '../../../../../../Users/DanielaFe7/Desktop/SteamProjectOF/SteamProject/Saved/Autosaves/Game/Maps/UEDPCArena01.umap'
[2017.06.10-17.55.44:734][ 79]LogSavePackage:Display: Finished SavePackage ../../../../../../Users/DanielaFe7/Desktop/SteamProjectOF/SteamProject/Saved/Autosaves/Game/Maps/UEDPCArena01.umap
[2017.06.10-17.55.44:757][ 79]LogEditorTransaction: Undo Spawn Play From Here Start
[2017.06.10-17.57.42:447][935]LogTemp: Repeting last play command: Standalone Game
[2017.06.10-17.57.44:728][935]LogSavePackage: Save=1107.49ms
[2017.06.10-17.57.44:728][935]LogSavePackage: Moving '../../../../../../Users/DanielaFe7/Desktop/SteamProjectOF/SteamProject/Saved/UEDPCArena012810148A433D35C7A68FF59AF20DB791.tmp' to '../../../../../../Users/DanielaFe7/Desktop/SteamProjectOF/SteamProject/Saved/Autosaves/Game/Maps/UEDPCArena01.umap'
[2017.06.10-17.57.44:743][935]LogSavePackage:Display: Finished SavePackage ../../../../../../Users/DanielaFe7/Desktop/SteamProjectOF/SteamProject/Saved/Autosaves/Game/Maps/UEDPCArena01.umap
[2017.06.10-17.57.44:770][935]LogEditorTransaction: Undo Spawn Play From Here Start
[2017.06.10-17.59.45:709][293]LogSavePackage: Save=1434.97ms
[2017.06.10-17.59.45:709][293]LogSavePackage: Moving '../../../../../../Users/DanielaFe7/Desktop/SteamProjectOF/SteamProject/Saved/Arena01_Auto26F8613F4407F73696F577AB6AEB3A665.tmp' to '../../../../../../Users/DanielaFe7/Desktop/SteamProjectOF/SteamProject/Saved/Autosaves/Game/Maps/Arena01_Auto2.umap'
[2017.06.10-17.59.45:721][293]LogSavePackage:Display: Finished SavePackage ../../../../../../Users/DanielaFe7/Desktop/SteamProjectOF/SteamProject/Saved/Autosaves/Game/Maps/Arena01_Auto2.umap
[2017.06.10-17.59.45:728][293]LogFileHelpers: Editor autosave (incl. sublevels) for '/Game/Maps/Arena01' took 1.702
[2017.06.10-17.59.45:728][293]LogFileHelpers: Editor autosave (incl. sublevels) for all levels took 1.702
[2017.06.10-18.02.50:457][ 55]LogEditorViewport: Clicking on Actor (LMB): StaticMeshActor (Shape_Plane)
[2017.06.10-18.03.47:703][569]BlueprintLog: New page: Compile Arena01
[2017.06.10-18.03.51:794][687]LogTemp: Repeting last play command: Standalone Game
[2017.06.10-18.03.54:212][687]LogSavePackage: Save=1138.63ms
[2017.06.10-18.03.54:212][687]LogSavePackage: Moving '../../../../../../Users/DanielaFe7/Desktop/SteamProjectOF/SteamProject/Saved/UEDPCArena016D9C17404E2CB1216FA127888E762492.tmp' to '../../../../../../Users/DanielaFe7/Desktop/SteamProjectOF/SteamProject/Saved/Autosaves/Game/Maps/UEDPCArena01.umap'
[2017.06.10-18.03.54:225][687]LogSavePackage:Display: Finished SavePackage ../../../../../../Users/DanielaFe7/Desktop/SteamProjectOF/SteamProject/Saved/Autosaves/Game/Maps/UEDPCArena01.umap
[2017.06.10-18.03.54:242][687]LogEditorTransaction: Undo Spawn Play From Here Start
[2017.06.10-18.07.51:187][397]LogEditorViewport: Clicking on Actor (LMB): StaticMeshActor (Floor)
[2017.06.10-18.07.51:463][397]LogEditorViewport: Clicking on Component (LMB): StaticMeshComponent (StaticMeshComponent0)
[2017.06.10-18.09.47:774][992]LogSavePackage: Save=1131.58ms
[2017.06.10-18.09.47:774][992]LogSavePackage: Moving '../../../../../../Users/DanielaFe7/Desktop/SteamProjectOF/SteamProject/Saved/Arena01_Auto352EB0907480875BFF4BFE7AD63EBCAB9.tmp' to '../../../../../../Users/DanielaFe7/Desktop/SteamProjectOF/SteamProject/Saved/Autosaves/Game/Maps/Arena01_Auto3.umap'
[2017.06.10-18.09.47:782][992]LogSavePackage:Display: Finished SavePackage ../../../../../../Users/DanielaFe7/Desktop/SteamProjectOF/SteamProject/Saved/Autosaves/Game/Maps/Arena01_Auto3.umap
[2017.06.10-18.09.47:792][992]LogFileHelpers: Editor autosave (incl. sublevels) for '/Game/Maps/Arena01' took 1.387
[2017.06.10-18.09.47:792][992]LogFileHelpers: Editor autosave (incl. sublevels) for all levels took 1.387
[2017.06.10-18.09.48:866][ 39]LogEditorViewport: Clicking on Actor (LMB): StaticMeshActor (Shape_Plane)
[2017.06.10-18.10.51:203][802]LogEditorViewport: Clicking on Actor (LMB): StaticMeshActor (LeftArm_StaticMesh)
[2017.06.10-18.12.20:490][601]BlueprintLog: New page: Compile Arena01
[2017.06.10-18.12.25:596][796]LogTemp: Repeting last play command: Standalone Game
[2017.06.10-18.12.27:758][796]LogSavePackage: Save=1095.87ms
[2017.06.10-18.12.27:758][796]LogSavePackage: Moving '../../../../../../Users/DanielaFe7/Desktop/SteamProjectOF/SteamProject/Saved/UEDPCArena01CAC8243B4DE9736E5190D6AAB503DFFC.tmp' to '../../../../../../Users/DanielaFe7/Desktop/SteamProjectOF/SteamProject/Saved/Autosaves/Game/Maps/UEDPCArena01.umap'
[2017.06.10-18.12.27:806][796]LogSavePackage:Display: Finished SavePackage ../../../../../../Users/DanielaFe7/Desktop/SteamProjectOF/SteamProject/Saved/Autosaves/Game/Maps/UEDPCArena01.umap
[2017.06.10-18.12.27:833][796]LogEditorTransaction: Undo Spawn Play From Here Start
[2017.06.10-18.14.28:808][929]LogAIModule: Creating AISystem for world MainMenu
[2017.06.10-18.14.30:782][929]Cmd: OBJ SAVEPACKAGE PACKAGE="/Game/Maps/Arena01" FILE="../../../../../../Users/DanielaFe7/Desktop/SteamProjectOF/SteamProject/Content/Maps/Arena01.umap" SILENT=true AUTOSAVING=false KEEPDIRTY=false
[2017.06.10-18.14.32:090][929]LogSavePackage: Save=1131.14ms
[2017.06.10-18.14.32:091][929]LogSavePackage: Moving '../../../../../../Users/DanielaFe7/Desktop/SteamProjectOF/SteamProject/Saved/Arena016AD039894074702F408FA58C33AF0F5C.tmp' to '../../../../../../Users/DanielaFe7/Desktop/SteamProjectOF/SteamProject/Content/Maps/Arena01.umap'
[2017.06.10-18.14.32:108][929]LogSavePackage:Display: Finished SavePackage ../../../../../../Users/DanielaFe7/Desktop/SteamProjectOF/SteamProject/Content/Maps/Arena01.umap
[2017.06.10-18.14.32:252][929]LogFileHelpers: Saving map 'Arena01' took 2.225
[2017.06.10-18.14.32:256][929]Cmd: MAP LOAD FILE="../../../../../../Users/DanielaFe7/Desktop/SteamProjectOF/SteamProject/Content/Maps/MainMenu.umap" TEMPLATE=0 SHOWPROGRESS=1 FEATURELEVEL=3
[2017.06.10-18.14.32:257][929]LightingResults: New page: Lighting Build
[2017.06.10-18.14.32:263][929]LoadErrors: New page: Loading map: MainMenu.umap
[2017.06.10-18.14.32:267][929]MapCheck: New page: Map Check
[2017.06.10-18.14.32:267][929]LightingResults: New page: Lighting Build
[2017.06.10-18.14.32:638][929]LogEditorServer: Finished looking for orphan Actors (0.000 secs)
[2017.06.10-18.14.32:728][929]Cmd: MAP CHECKDEP NOCLEARLOG
[2017.06.10-18.14.33:465][929]MapCheck: Info Map check complete: 0 Error(s), 0 Warning(s), took 736.174ms to complete.
[2017.06.10-18.14.33:467][929]LogFileHelpers: Loading map 'MainMenu' took 1.215
[2017.06.10-18.14.38:387][176]LogTemp: Repeting last play command: Standalone Game
[2017.06.10-18.14.39:956][176]LogSavePackage: Save=470.83ms
[2017.06.10-18.14.39:956][176]LogSavePackage: Moving '../../../../../../Users/DanielaFe7/Desktop/SteamProjectOF/SteamProject/Saved/UEDPCMainMenu87044EB141FD94046D1AFEA086E06070.tmp' to '../../../../../../Users/DanielaFe7/Desktop/SteamProjectOF/SteamProject/Saved/Autosaves/Game/Maps/UEDPCMainMenu.umap'
[2017.06.10-18.14.39:964][176]LogSavePackage:Display: Finished SavePackage ../../../../../../Users/DanielaFe7/Desktop/SteamProjectOF/SteamProject/Saved/Autosaves/Game/Maps/UEDPCMainMenu.umap
[2017.06.10-18.14.39:980][176]LogEditorTransaction: Undo Spawn Play From Here Start
[2017.06.10-18.17.38:434][491]LogAIModule: Creating AISystem for world Arena01
[2017.06.10-18.17.38:575][491]Cmd: MAP LOAD FILE="../../../../../../Users/DanielaFe7/Desktop/SteamProjectOF/SteamProject/Content/Maps/Arena01.umap" TEMPLATE=0 SHOWPROGRESS=1 FEATURELEVEL=3
[2017.06.10-18.17.38:575][491]LightingResults: New page: Lighting Build
[2017.06.10-18.17.38:581][491]LoadErrors: New page: Loading map: Arena01.umap
[2017.06.10-18.17.38:583][491]MapCheck: New page: Map Check
[2017.06.10-18.17.38:583][491]LightingResults: New page: Lighting Build
[2017.06.10-18.17.39:107][491]LogEditorServer: Finished looking for orphan Actors (0.000 secs)
[2017.06.10-18.17.39:267][491]Cmd: MAP CHECKDEP NOCLEARLOG
[2017.06.10-18.17.40:340][491]MapCheck: Info Map check complete: 0 Error(s), 0 Warning(s), took 1,071.882ms to complete.
[2017.06.10-18.17.40:346][491]LogFileHelpers: Loading map 'Arena01' took 1.776
[2017.06.10-18.17.47:246][795]LogEditorViewport: Clicking on Actor (LMB): StaticMeshActor (Floor)
[2017.06.10-18.18.04:653][603]LogEditorViewport: Clicking on Actor (LMB): StaticMeshActor (Floor)
[2017.06.10-18.18.09:100][789]LogEditorViewport: Clicking on Actor (LMB): StaticMeshActor (Shape_Plane)
[2017.06.10-18.18.16:686][140]LogEditorViewport: Clicking on Actor (LMB): StaticMeshActor (Floor)
[2017.06.10-18.18.18:017][195]LogEditorViewport: Clicking on Actor (LMB): StaticMeshActor (RightArm_StaticMesh)
[2017.06.10-18.20.33:203][858]LogAIModule: Creating AISystem for world MainMenu
[2017.06.10-18.20.35:185][858]Cmd: OBJ SAVEPACKAGE PACKAGE="/Game/Maps/Arena01" FILE="../../../../../../Users/DanielaFe7/Desktop/SteamProjectOF/SteamProject/Content/Maps/Arena01.umap" SILENT=true AUTOSAVING=false KEEPDIRTY=false
[2017.06.10-18.20.36:745][858]LogSavePackage: Save=1351.80ms
[2017.06.10-18.20.36:745][858]LogSavePackage: Moving '../../../../../../Users/DanielaFe7/Desktop/SteamProjectOF/SteamProject/Saved/Arena013B9B72174DD7661AB938CCA3290E30EF.tmp' to '../../../../../../Users/DanielaFe7/Desktop/SteamProjectOF/SteamProject/Content/Maps/Arena01.umap'
[2017.06.10-18.20.36:838][858]LogSavePackage:Display: Finished SavePackage ../../../../../../Users/DanielaFe7/Desktop/SteamProjectOF/SteamProject/Content/Maps/Arena01.umap
[2017.06.10-18.20.36:975][858]LogFileHelpers: Saving map 'Arena01' took 2.555
[2017.06.10-18.20.36:977][858]Cmd: MAP LOAD FILE="../../../../../../Users/DanielaFe7/Desktop/SteamProjectOF/SteamProject/Content/Maps/MainMenu.umap" TEMPLATE=0 SHOWPROGRESS=1 FEATURELEVEL=3
[2017.06.10-18.20.36:978][858]LightingResults: New page: Lighting Build
[2017.06.10-18.20.36:984][858]LoadErrors: New page: Loading map: MainMenu.umap
[2017.06.10-18.20.36:988][858]MapCheck: New page: Map Check
[2017.06.10-18.20.36:988][858]LightingResults: New page: Lighting Build
[2017.06.10-18.20.37:303][858]LogEditorServer: Finished looking for orphan Actors (0.000 secs)
[2017.06.10-18.20.37:386][858]Cmd: MAP CHECKDEP NOCLEARLOG
[2017.06.10-18.20.38:121][858]MapCheck: Info Map check complete: 0 Error(s), 0 Warning(s), took 734.725ms to complete.
[2017.06.10-18.20.38:123][858]LogFileHelpers: Loading map 'MainMenu' took 1.149
[2017.06.10-18.21.11:493][657]LogTemp: Repeting last play command: Standalone Game
[2017.06.10-18.21.12:924][657]LogSavePackage: Save=378.65ms
[2017.06.10-18.21.12:924][657]LogSavePackage: Moving '../../../../../../Users/DanielaFe7/Desktop/SteamProjectOF/SteamProject/Saved/UEDPCMainMenu7C3665EE41733E19468727AAD1475768.tmp' to '../../../../../../Users/DanielaFe7/Desktop/SteamProjectOF/SteamProject/Saved/Autosaves/Game/Maps/UEDPCMainMenu.umap'
[2017.06.10-18.21.12:931][657]LogSavePackage:Display: Finished SavePackage ../../../../../../Users/DanielaFe7/Desktop/SteamProjectOF/SteamProject/Saved/Autosaves/Game/Maps/UEDPCMainMenu.umap
[2017.06.10-18.21.12:947][657]LogEditorTransaction: Undo Spawn Play From Here Start
[2017.06.10-18.23.46:585][ 63]LogAIModule: Creating AISystem for world Arena01
[2017.06.10-18.23.46:689][ 63]Cmd: MAP LOAD FILE="../../../../../../Users/DanielaFe7/Desktop/SteamProjectOF/SteamProject/Content/Maps/Arena01.umap" TEMPLATE=0 SHOWPROGRESS=1 FEATURELEVEL=3
[2017.06.10-18.23.46:689][ 63]LightingResults: New page: Lighting Build
[2017.06.10-18.23.46:695][ 63]LoadErrors: New page: Loading map: Arena01.umap
[2017.06.10-18.23.46:697][ 63]MapCheck: New page: Map Check
[2017.06.10-18.23.46:697][ 63]LightingResults: New page: Lighting Build
[2017.06.10-18.23.47:138][ 63]LogEditorServer: Finished looking for orphan Actors (0.000 secs)
[2017.06.10-18.23.47:274][ 63]Cmd: MAP CHECKDEP NOCLEARLOG
[2017.06.10-18.23.48:083][ 63]MapCheck: Info Map check complete: 0 Error(s), 0 Warning(s), took 809.202ms to complete.
[2017.06.10-18.23.48:086][ 63]LogFileHelpers: Loading map 'Arena01' took 1.400
[2017.06.10-18.24.13:165][279]LogTemp: Repeting last play command: Standalone Game
[2017.06.10-18.24.15:791][279]LogEditorTransaction: Undo Spawn Play From Here Start
[2017.06.10-18.24.19:180][428]LogAIModule: Creating AISystem for world MainMenu
[2017.06.10-18.24.21:196][428]Cmd: OBJ SAVEPACKAGE PACKAGE="/Game/Maps/Arena01" FILE="../../../../../../Users/DanielaFe7/Desktop/SteamProjectOF/SteamProject/Content/Maps/Arena01.umap" SILENT=true AUTOSAVING=false KEEPDIRTY=false
[2017.06.10-18.24.22:465][428]LogSavePackage: Save=1119.74ms
[2017.06.10-18.24.22:465][428]LogSavePackage: Moving '../../../../../../Users/DanielaFe7/Desktop/SteamProjectOF/SteamProject/Saved/Arena01FDBB2E954352DA11550040B8B853435E.tmp' to '../../../../../../Users/DanielaFe7/Desktop/SteamProjectOF/SteamProject/Content/Maps/Arena01.umap'
[2017.06.10-18.24.22:480][428]LogSavePackage:Display: Finished SavePackage ../../../../../../Users/DanielaFe7/Desktop/SteamProjectOF/SteamProject/Content/Maps/Arena01.umap
[2017.06.10-18.24.22:566][428]LogFileHelpers: Saving map 'Arena01' took 2.113
[2017.06.10-18.24.22:569][428]Cmd: MAP LOAD FILE="../../../../../../Users/DanielaFe7/Desktop/SteamProjectOF/SteamProject/Content/Maps/MainMenu.umap" TEMPLATE=0 SHOWPROGRESS=1 FEATURELEVEL=3
[2017.06.10-18.24.22:569][428]LightingResults: New page: Lighting Build
[2017.06.10-18.24.22:575][428]LoadErrors: New page: Loading map: MainMenu.umap
[2017.06.10-18.24.22:579][428]MapCheck: New page: Map Check
[2017.06.10-18.24.22:579][428]LightingResults: New page: Lighting Build
[2017.06.10-18.24.22:909][428]LogEditorServer: Finished looking for orphan Actors (0.000 secs)
[2017.06.10-18.24.23:020][428]Cmd: MAP CHECKDEP NOCLEARLOG
[2017.06.10-18.24.23:759][428]MapCheck: Info Map check complete: 0 Error(s), 0 Warning(s), took 738.579ms to complete.
[2017.06.10-18.24.23:761][428]LogFileHelpers: Loading map 'MainMenu' took 1.195
[2017.06.10-18.24.25:981][539]LogTemp: Repeting last play command: Standalone Game
[2017.06.10-18.24.27:383][539]LogSavePackage: Save=366.19ms
[2017.06.10-18.24.27:383][539]LogSavePackage: Moving '../../../../../../Users/DanielaFe7/Desktop/SteamProjectOF/SteamProject/Saved/UEDPCMainMenuC2F1AF204033661589DB3F908568A4AD.tmp' to '../../../../../../Users/DanielaFe7/Desktop/SteamProjectOF/SteamProject/Saved/Autosaves/Game/Maps/UEDPCMainMenu.umap'
[2017.06.10-18.24.27:391][539]LogSavePackage:Display: Finished SavePackage ../../../../../../Users/DanielaFe7/Desktop/SteamProjectOF/SteamProject/Saved/Autosaves/Game/Maps/UEDPCMainMenu.umap
[2017.06.10-18.24.27:407][539]LogEditorTransaction: Undo Spawn Play From Here Start
[2017.06.10-18.26.50:757][489]Cmd: QUIT_EDITOR
[2017.06.10-18.26.51:243][489]LogWindowsTextInputMethodSystem:Display: IME system now deactivated.
[2017.06.10-18.26.51:404][489]LogExit: Preparing to exit.
[2017.06.10-18.26.52:334][489]LogDirectoryWatcher: A directory notification for 'C:/Users/DanielaFe7/Desktop/SteamProjectOF/SteamProject/Content/' was aborted.
[2017.06.10-18.26.53:028][489]LogExit: Editor shut down
[2017.06.10-18.26.53:033][489]LogExit: Transaction tracking system shut down
